2025-10-06 14:01:14.729 [info] [main] Log level: Info
2025-10-06 14:01:14.730 [info] [main] Validating found git in: "git"
2025-10-06 14:01:14.730 [info] [main] Using git "2.51.0" from "git"
2025-10-06 14:01:14.730 [info] [Model][doInitialScan] Initial repository scan started
2025-10-06 14:01:14.730 [info] > git rev-parse --show-toplevel [6ms]
2025-10-06 14:01:14.730 [info] fatal: not a git repository (or any of the parent directories): .git
2025-10-06 14:01:14.730 [info] > git rev-parse --show-toplevel [1ms]
2025-10-06 14:01:14.730 [info] > git rev-parse --path-format=relative --show-toplevel [1ms]
2025-10-06 14:01:14.730 [info] [Model][doInitialScan] Initial repository scan completed - repositories (0), closed repositories (0), parent repositories (1), unsafe repositories (0)
2025-10-06 14:01:14.807 [info] > git rev-parse --show-toplevel [1ms]
2025-10-06 14:01:14.807 [info] fatal: not a git repository (or any of the parent directories): .git
2025-10-06 14:01:14.902 [info] > git rev-parse --show-toplevel [1ms]
2025-10-06 14:01:14.902 [info] fatal: not a git repository (or any of the parent directories): .git
2025-10-06 14:01:14.950 [info] > git rev-parse --show-toplevel [1ms]
2025-10-06 14:01:14.950 [info] fatal: not a git repository (or any of the parent directories): .git
2025-10-06 14:01:16.671 [info] > git rev-parse --show-toplevel [1ms]
2025-10-06 14:01:16.671 [info] fatal: not a git repository (or any of the parent directories): .git
2025-10-06 14:01:27.728 [info] > git rev-parse --show-toplevel [1ms]
2025-10-06 14:01:27.732 [info] > git rev-parse --path-format=relative --show-toplevel [1ms]
2025-10-06 14:01:36.454 [info] > git rev-parse --show-toplevel [1ms]
2025-10-06 14:01:36.457 [info] > git rev-parse --path-format=relative --show-toplevel [0ms]
2025-10-06 14:01:39.623 [info] > git rev-parse --show-toplevel [1ms]
2025-10-06 14:01:39.626 [info] > git rev-parse --path-format=relative --show-toplevel [1ms]
2025-10-06 14:01:41.122 [info] > git rev-parse --show-toplevel [1ms]
2025-10-06 14:01:41.125 [info] > git rev-parse --path-format=relative --show-toplevel [1ms]
2025-10-06 14:01:42.166 [info] > git rev-parse --show-toplevel [1ms]
2025-10-06 14:01:42.170 [info] > git rev-parse --path-format=relative --show-toplevel [1ms]
2025-10-06 14:01:43.197 [info] > git rev-parse --show-toplevel [1ms]
2025-10-06 14:01:43.200 [info] > git rev-parse --path-format=relative --show-toplevel [1ms]
2025-10-06 14:01:45.503 [info] > git rev-parse --show-toplevel [1ms]
2025-10-06 14:01:45.507 [info] > git rev-parse --path-format=relative --show-toplevel [1ms]
