2025-10-08 19:16:02.198 [info] Reading sessions from keychain...
2025-10-08 19:16:02.198 [info] Getting sessions for all scopes...
2025-10-08 19:16:02.198 [info] Got stored sessions!
2025-10-08 19:16:02.198 [info] Got 1 verified sessions.
2025-10-08 19:16:02.198 [info] Got 1 sessions for ...
2025-10-08 19:16:02.198 [info] Getting sessions for all scopes...
2025-10-08 19:16:02.198 [info] Got 1 sessions for ...
2025-10-08 19:16:02.198 [info] Getting sessions for all scopes...
2025-10-08 19:16:02.198 [info] Got 1 sessions for ...
2025-10-08 19:16:02.198 [info] Getting sessions for all scopes...
2025-10-08 19:16:02.198 [info] Got 1 sessions for ...
2025-10-08 19:16:02.198 [info] Getting sessions for all scopes...
2025-10-08 19:16:02.198 [info] Got 1 sessions for ...
2025-10-08 19:16:02.198 [info] Getting sessions for all scopes...
2025-10-08 19:16:02.198 [info] Got 1 sessions for ...
2025-10-08 19:16:02.198 [info] Getting sessions for all scopes...
2025-10-08 19:16:02.198 [info] Got 1 sessions for ...
2025-10-08 19:16:02.198 [info] Getting sessions for all scopes...
2025-10-08 19:16:02.198 [info] Got 1 sessions for ...
2025-10-08 19:16:02.198 [info] Getting sessions for all scopes...
2025-10-08 19:16:02.198 [info] Got 1 sessions for ...
2025-10-08 19:16:02.198 [info] Getting sessions for all scopes...
2025-10-08 19:16:02.198 [info] Got 1 sessions for ...
2025-10-08 19:16:02.198 [info] Getting sessions for all scopes...
2025-10-08 19:16:02.198 [info] Got 1 sessions for ...
2025-10-08 19:16:02.198 [info] Getting sessions for all scopes...
2025-10-08 19:16:02.198 [info] Got 1 sessions for ...
2025-10-08 19:16:02.198 [info] Getting sessions for all scopes...
2025-10-08 19:16:02.198 [info] Got 1 sessions for ...
2025-10-08 19:16:02.198 [info] Getting sessions for all scopes...
2025-10-08 19:16:02.198 [info] Got 1 sessions for ...
2025-10-08 19:16:02.198 [info] Getting sessions for all scopes...
2025-10-08 19:16:02.198 [info] Got 1 sessions for ...
2025-10-08 19:16:02.198 [info] Getting sessions for all scopes...
2025-10-08 19:16:02.198 [info] Got 1 sessions for ...
2025-10-08 19:16:02.198 [info] Getting sessions for all scopes...
2025-10-08 19:16:02.198 [info] Got 1 sessions for ...
2025-10-08 19:16:02.198 [info] Getting sessions for all scopes...
2025-10-08 19:16:02.198 [info] Got 1 sessions for ...
2025-10-08 19:16:02.198 [info] Getting sessions for read:user,repo,user:email,workflow...
2025-10-08 19:16:02.198 [info] Got 0 sessions for read:user,repo,user:email,workflow...
2025-10-08 19:16:02.208 [info] Getting sessions for user:email...
2025-10-08 19:16:02.208 [info] Got 1 sessions for user:email...
2025-10-08 19:16:02.208 [info] Getting sessions for read:user,repo,user:email,workflow...
2025-10-08 19:16:02.208 [info] Got 0 sessions for read:user,repo,user:email,workflow...
2025-10-08 19:16:03.728 [info] Getting sessions for all scopes...
2025-10-08 19:16:03.728 [info] Got 1 sessions for ...
2025-10-08 19:16:03.728 [info] Getting sessions for all scopes...
2025-10-08 19:16:03.728 [info] Got 1 sessions for ...
2025-10-08 19:16:03.728 [info] Getting sessions for all scopes...
2025-10-08 19:16:03.728 [info] Got 1 sessions for ...
2025-10-08 19:16:03.916 [info] Getting sessions for all scopes...
2025-10-08 19:16:03.916 [info] Got 1 sessions for ...
2025-10-08 19:16:04.156 [info] Getting sessions for all scopes...
2025-10-08 19:16:04.156 [info] Got 1 sessions for ...
2025-10-08 19:16:04.162 [info] Getting sessions for all scopes...
2025-10-08 19:16:04.162 [info] Got 1 sessions for ...
2025-10-08 19:16:04.162 [info] Getting sessions for read:user,repo,user:email,workflow...
2025-10-08 19:16:04.162 [info] Got 0 sessions for read:user,repo,user:email,workflow...
2025-10-08 19:16:04.174 [info] Getting sessions for read:user,repo,user:email,workflow...
2025-10-08 19:16:04.174 [info] Got 0 sessions for read:user,repo,user:email,workflow...
2025-10-08 19:16:04.175 [info] Getting sessions for read:user...
2025-10-08 19:16:04.175 [info] Got 0 sessions for read:user...
2025-10-08 19:16:04.175 [info] Getting sessions for user:email...
2025-10-08 19:16:04.175 [info] Got 1 sessions for user:email...
2025-10-08 19:16:04.177 [info] Getting sessions for user:email...
2025-10-08 19:16:04.177 [info] Got 1 sessions for user:email...
2025-10-08 19:16:04.178 [info] Getting sessions for all scopes...
2025-10-08 19:16:04.178 [info] Got 1 sessions for ...
2025-10-08 19:16:04.180 [info] Getting sessions for read:user,repo,user:email,workflow...
2025-10-08 19:16:04.180 [info] Got 0 sessions for read:user,repo,user:email,workflow...
2025-10-08 19:16:04.181 [info] Getting sessions for user:email...
2025-10-08 19:16:04.181 [info] Got 1 sessions for user:email...
2025-10-08 19:16:04.271 [info] Getting sessions for read:user,repo,user:email,workflow...
2025-10-08 19:16:04.271 [info] Got 0 sessions for read:user,repo,user:email,workflow...
2025-10-08 19:16:04.436 [info] fetching: Electron fetch failed with status: 429 
2025-10-08 19:16:04.747 [info] Getting sessions for all scopes...
2025-10-08 19:16:04.747 [info] Got 1 sessions for ...
2025-10-08 19:16:04.748 [info] Getting sessions for all scopes...
2025-10-08 19:16:04.748 [info] Got 1 sessions for ...
2025-10-08 19:16:04.758 [info] Getting sessions for read:user,repo,user:email,workflow...
2025-10-08 19:16:04.758 [info] Got 0 sessions for read:user,repo,user:email,workflow...
2025-10-08 19:16:04.758 [info] Getting sessions for user:email...
2025-10-08 19:16:04.758 [info] Got 1 sessions for user:email...
2025-10-08 19:16:04.759 [info] Getting sessions for read:user,repo,user:email,workflow...
2025-10-08 19:16:04.759 [info] Got 0 sessions for read:user,repo,user:email,workflow...
2025-10-08 19:16:04.759 [info] Getting sessions for all scopes...
2025-10-08 19:16:04.759 [info] Got 1 sessions for ...
2025-10-08 19:16:04.760 [info] Getting sessions for read:user,repo,user:email,workflow...
2025-10-08 19:16:04.760 [info] Got 0 sessions for read:user,repo,user:email,workflow...
2025-10-08 19:16:04.760 [info] Getting sessions for user:email...
2025-10-08 19:16:04.761 [info] Got 1 sessions for user:email...
2025-10-08 19:16:04.777 [info] Getting sessions for all scopes...
2025-10-08 19:16:04.777 [info] Got 1 sessions for ...
2025-10-08 19:16:04.777 [info] Getting sessions for all scopes...
2025-10-08 19:16:04.777 [info] Got 1 sessions for ...
2025-10-08 19:16:04.785 [info] Getting sessions for read:user,repo,user:email,workflow...
2025-10-08 19:16:04.785 [info] Got 0 sessions for read:user,repo,user:email,workflow...
2025-10-08 19:16:04.786 [info] Getting sessions for user:email...
2025-10-08 19:16:04.786 [info] Got 1 sessions for user:email...
2025-10-08 19:16:04.786 [info] Getting sessions for read:user,repo,user:email,workflow...
2025-10-08 19:16:04.786 [info] Got 0 sessions for read:user,repo,user:email,workflow...
2025-10-08 19:16:04.788 [info] Getting sessions for all scopes...
2025-10-08 19:16:04.788 [info] Got 1 sessions for ...
2025-10-08 19:16:04.788 [info] Getting sessions for read:user,repo,user:email,workflow...
2025-10-08 19:16:04.788 [info] Got 0 sessions for read:user,repo,user:email,workflow...
2025-10-08 19:16:04.788 [info] Getting sessions for user:email...
2025-10-08 19:16:04.789 [info] Got 1 sessions for user:email...
2025-10-08 19:16:04.917 [info] Getting sessions for all scopes...
2025-10-08 19:16:04.917 [info] Got 1 sessions for ...
2025-10-08 19:16:04.917 [info] Getting sessions for all scopes...
2025-10-08 19:16:04.917 [info] Got 1 sessions for ...
2025-10-08 19:16:04.919 [info] Getting sessions for read:user,repo,user:email,workflow...
2025-10-08 19:16:04.919 [info] Got 0 sessions for read:user,repo,user:email,workflow...
2025-10-08 19:16:04.919 [info] Getting sessions for user:email...
2025-10-08 19:16:04.919 [info] Got 1 sessions for user:email...
2025-10-08 19:16:04.919 [info] Getting sessions for read:user,repo,user:email,workflow...
2025-10-08 19:16:04.919 [info] Got 0 sessions for read:user,repo,user:email,workflow...
2025-10-08 19:16:04.922 [info] Getting sessions for all scopes...
2025-10-08 19:16:04.922 [info] Got 1 sessions for ...
2025-10-08 19:16:04.923 [info] Getting sessions for all scopes...
2025-10-08 19:16:04.923 [info] Got 1 sessions for ...
2025-10-08 19:16:04.923 [info] Getting sessions for all scopes...
2025-10-08 19:16:04.923 [info] Got 1 sessions for ...
2025-10-08 19:16:04.924 [info] Getting sessions for read:user,repo,user:email,workflow...
2025-10-08 19:16:04.924 [info] Got 0 sessions for read:user,repo,user:email,workflow...
2025-10-08 19:16:04.924 [info] Getting sessions for user:email...
2025-10-08 19:16:04.924 [info] Got 1 sessions for user:email...
2025-10-08 19:16:05.136 [info] fetching: Node fetch failed with status: 429 Too Many Requests
2025-10-08 19:16:05.777 [info] Getting sessions for all scopes...
2025-10-08 19:16:05.777 [info] Got 1 sessions for ...
2025-10-08 19:16:05.778 [info] Getting sessions for read:user,repo,user:email,workflow...
2025-10-08 19:16:05.778 [info] Got 0 sessions for read:user,repo,user:email,workflow...
2025-10-08 19:16:05.779 [info] Getting sessions for user:email...
2025-10-08 19:16:05.779 [info] Got 1 sessions for user:email...
2025-10-08 19:16:05.779 [info] Getting sessions for all scopes...
2025-10-08 19:16:05.779 [info] Got 1 sessions for ...
2025-10-08 19:16:05.780 [info] Getting sessions for read:user,repo,user:email,workflow...
2025-10-08 19:16:05.780 [info] Got 0 sessions for read:user,repo,user:email,workflow...
2025-10-08 19:16:05.780 [info] Getting sessions for user:email...
2025-10-08 19:16:05.780 [info] Got 1 sessions for user:email...
2025-10-08 19:16:05.827 [info] fetching: Node http/s failed with status: 429 Too Many Requests
2025-10-08 19:16:06.386 [info] Getting sessions for all scopes...
2025-10-08 19:16:06.386 [info] Got 1 sessions for ...
2025-10-08 19:16:11.733 [info] Getting sessions for all scopes...
2025-10-08 19:16:11.733 [info] Got 1 sessions for ...
2025-10-08 19:16:11.734 [info] Getting sessions for read:user,repo,user:email,workflow...
2025-10-08 19:16:11.734 [info] Got 0 sessions for read:user,repo,user:email,workflow...
2025-10-08 19:16:11.734 [info] Getting sessions for user:email...
2025-10-08 19:16:11.734 [info] Got 1 sessions for user:email...
2025-10-08 19:16:12.764 [info] Getting sessions for all scopes...
2025-10-08 19:16:12.764 [info] Got 1 sessions for ...
2025-10-08 19:16:12.765 [info] Getting sessions for read:user,repo,user:email,workflow...
2025-10-08 19:16:12.765 [info] Got 0 sessions for read:user,repo,user:email,workflow...
2025-10-08 19:16:12.765 [info] Getting sessions for user:email...
2025-10-08 19:16:12.765 [info] Got 1 sessions for user:email...
2025-10-08 19:16:13.684 [info] Getting sessions for all scopes...
2025-10-08 19:16:13.684 [info] Got 1 sessions for ...
2025-10-08 19:16:13.685 [info] Getting sessions for read:user,repo,user:email,workflow...
2025-10-08 19:16:13.685 [info] Got 0 sessions for read:user,repo,user:email,workflow...
2025-10-08 19:16:13.686 [info] Getting sessions for user:email...
2025-10-08 19:16:13.686 [info] Got 1 sessions for user:email...
