2025-10-06 14:28:39.369 [info] [main] Log level: Info
2025-10-06 14:28:39.369 [info] [main] Validating found git in: "git"
2025-10-06 14:28:39.369 [info] [main] Using git "2.51.0" from "git"
2025-10-06 14:28:39.369 [info] [Model][doInitialScan] Initial repository scan started
2025-10-06 14:28:39.369 [info] > git rev-parse --show-toplevel [7ms]
2025-10-06 14:28:39.369 [info] fatal: not a git repository (or any of the parent directories): .git
2025-10-06 14:28:39.369 [info] > git rev-parse --show-toplevel [1ms]
2025-10-06 14:28:39.369 [info] > git rev-parse --path-format=relative --show-toplevel [2ms]
2025-10-06 14:28:39.369 [info] [Model][doInitialScan] Initial repository scan completed - repositories (0), closed repositories (0), parent repositories (1), unsafe repositories (0)
2025-10-06 14:28:39.369 [info] > git rev-parse --show-toplevel [1ms]
2025-10-06 14:28:39.369 [info] fatal: not a git repository (or any of the parent directories): .git
2025-10-06 14:28:40.977 [info] > git rev-parse --show-toplevel [1ms]
2025-10-06 14:28:40.977 [info] fatal: not a git repository (or any of the parent directories): .git
2025-10-06 14:29:45.385 [info] > git rev-parse --show-toplevel [1ms]
2025-10-06 14:29:45.388 [info] > git rev-parse --path-format=relative --show-toplevel [1ms]
2025-10-06 14:37:54.492 [info] > git rev-parse --show-toplevel [1ms]
2025-10-06 14:37:54.496 [info] > git rev-parse --path-format=relative --show-toplevel [1ms]
2025-10-06 14:37:56.532 [info] > git rev-parse --show-toplevel [1ms]
2025-10-06 14:37:56.536 [info] > git rev-parse --path-format=relative --show-toplevel [1ms]
2025-10-06 14:37:57.052 [info] > git rev-parse --show-toplevel [1ms]
2025-10-06 14:37:57.056 [info] > git rev-parse --path-format=relative --show-toplevel [1ms]
2025-10-06 14:38:00.339 [info] > git rev-parse --show-toplevel [1ms]
2025-10-06 14:38:00.343 [info] > git rev-parse --path-format=relative --show-toplevel [1ms]
2025-10-06 14:38:02.020 [info] > git rev-parse --show-toplevel [1ms]
2025-10-06 14:38:02.024 [info] > git rev-parse --path-format=relative --show-toplevel [1ms]
2025-10-06 14:38:06.547 [info] > git rev-parse --show-toplevel [2ms]
2025-10-06 14:38:06.550 [info] > git rev-parse --path-format=relative --show-toplevel [1ms]
2025-10-06 14:38:15.099 [info] > git rev-parse --show-toplevel [1ms]
2025-10-06 14:38:15.102 [info] > git rev-parse --path-format=relative --show-toplevel [0ms]
2025-10-06 14:38:19.573 [info] > git rev-parse --show-toplevel [1ms]
2025-10-06 14:38:19.577 [info] > git rev-parse --path-format=relative --show-toplevel [1ms]
2025-10-06 14:38:19.898 [info] > git rev-parse --show-toplevel [1ms]
2025-10-06 14:38:19.901 [info] > git rev-parse --path-format=relative --show-toplevel [1ms]
2025-10-06 14:38:26.211 [info] > git rev-parse --show-toplevel [3ms]
2025-10-06 14:38:26.215 [info] > git rev-parse --path-format=relative --show-toplevel [1ms]
2025-10-06 14:38:41.468 [info] > git rev-parse --show-toplevel [1ms]
2025-10-06 14:38:41.472 [info] > git rev-parse --path-format=relative --show-toplevel [1ms]
2025-10-06 14:42:05.489 [info] > git rev-parse --show-toplevel [1ms]
2025-10-06 14:42:05.493 [info] > git rev-parse --path-format=relative --show-toplevel [1ms]
2025-10-06 14:42:29.072 [info] > git rev-parse --show-toplevel [1ms]
2025-10-06 14:42:29.076 [info] > git rev-parse --path-format=relative --show-toplevel [1ms]
2025-10-06 14:42:36.334 [info] > git rev-parse --show-toplevel [2ms]
2025-10-06 14:42:36.337 [info] > git rev-parse --path-format=relative --show-toplevel [1ms]
2025-10-06 14:42:49.003 [info] > git rev-parse --show-toplevel [1ms]
2025-10-06 14:42:49.007 [info] > git rev-parse --path-format=relative --show-toplevel [1ms]
2025-10-06 14:43:10.958 [info] > git rev-parse --show-toplevel [1ms]
2025-10-06 14:43:10.962 [info] > git rev-parse --path-format=relative --show-toplevel [1ms]
2025-10-06 14:43:11.566 [info] > git rev-parse --show-toplevel [1ms]
2025-10-06 14:43:11.569 [info] > git rev-parse --path-format=relative --show-toplevel [1ms]
2025-10-06 14:43:13.519 [info] > git rev-parse --show-toplevel [1ms]
2025-10-06 14:43:13.523 [info] > git rev-parse --path-format=relative --show-toplevel [1ms]
2025-10-06 14:43:24.094 [info] > git rev-parse --show-toplevel [1ms]
2025-10-06 14:43:24.098 [info] > git rev-parse --path-format=relative --show-toplevel [1ms]
2025-10-06 14:43:29.793 [info] > git rev-parse --show-toplevel [1ms]
2025-10-06 14:43:29.797 [info] > git rev-parse --path-format=relative --show-toplevel [1ms]
2025-10-06 14:43:41.351 [info] > git rev-parse --show-toplevel [1ms]
2025-10-06 14:43:41.355 [info] > git rev-parse --path-format=relative --show-toplevel [1ms]
2025-10-06 14:43:50.539 [info] > git rev-parse --show-toplevel [1ms]
2025-10-06 14:43:50.542 [info] > git rev-parse --path-format=relative --show-toplevel [1ms]
2025-10-06 14:44:02.238 [info] > git rev-parse --show-toplevel [1ms]
2025-10-06 14:44:02.242 [info] > git rev-parse --path-format=relative --show-toplevel [1ms]
