2025-10-08 08:30:05.049 [info] [main] Log level: Info
2025-10-08 08:30:05.049 [info] [main] Validating found git in: "git"
2025-10-08 08:30:05.049 [info] [main] Using git "2.51.0" from "git"
2025-10-08 08:30:05.049 [info] [Model][doInitialScan] Initial repository scan started
2025-10-08 08:30:05.049 [info] [Model][doInitialScan] Initial repository scan completed - repositories (0), closed repositories (0), parent repositories (0), unsafe repositories (0)
2025-10-08 08:30:15.727 [info] [main] Log level: Info
2025-10-08 08:30:15.727 [info] [main] Validating found git in: "git"
2025-10-08 08:30:15.727 [info] [main] Using git "2.51.0" from "git"
2025-10-08 08:30:15.727 [info] [Model][doInitialScan] Initial repository scan started
2025-10-08 08:30:15.727 [info] > git rev-parse --show-toplevel [3ms]
2025-10-08 08:30:15.732 [info] > git rev-parse --git-dir --git-common-dir --show-superproject-working-tree [2ms]
2025-10-08 08:30:15.739 [info] [Model][openRepository] Opened repository (path): /home/blueflowers/Matuprland
2025-10-08 08:30:15.739 [info] [Model][openRepository] Opened repository (real path): /home/blueflowers/Matuprland
2025-10-08 08:30:15.739 [info] [Model][openRepository] Opened repository (kind): repository
2025-10-08 08:30:15.746 [info] > git config --get commit.template [1ms]
2025-10-08 08:30:15.751 [info] > git for-each-ref --format=%(refname)%00%(upstream:short)%00%(objectname)%00%(upstream:track)%00%(upstream:remotename)%00%(upstream:remoteref) refs/heads/main refs/remotes/main [2ms]
2025-10-08 08:30:15.754 [warning] [Git][revParse] Unable to read file: ENOENT: no such file or directory, open '/home/blueflowers/Matuprland/.git/refs/remotes/origin/main'
2025-10-08 08:30:15.755 [info] > git rev-parse refs/remotes/origin/main [1ms]
2025-10-08 08:30:15.763 [info] > git for-each-ref --sort -committerdate --format %(refname)%00%(objectname)%00%(*objectname) [1ms]
2025-10-08 08:30:15.769 [info] > git rev-parse --show-toplevel [1ms]
2025-10-08 08:30:15.773 [info] > git rev-parse --show-toplevel [1ms]
2025-10-08 08:30:15.776 [info] > git status -z -uall [18ms]
2025-10-08 08:30:15.789 [info] > git rev-parse --show-toplevel [14ms]
2025-10-08 08:30:15.792 [info] > git for-each-ref --format=%(refname)%00%(upstream:short)%00%(objectname)%00%(upstream:track)%00%(upstream:remotename)%00%(upstream:remoteref) refs/heads/main refs/remotes/main [4ms]
2025-10-08 08:30:15.796 [info] > git rev-parse --show-toplevel [4ms]
2025-10-08 08:30:15.802 [info] > git config --get --local branch.main.vscode-merge-base [7ms]
2025-10-08 08:30:15.802 [warning] [Git][config] git config failed: Failed to execute git
2025-10-08 08:30:15.805 [info] > git rev-parse --show-toplevel [7ms]
2025-10-08 08:30:15.808 [info] > git reflog main --grep-reflog=branch: Created from *. [3ms]
2025-10-08 08:30:15.811 [info] > git rev-parse --show-toplevel [3ms]
2025-10-08 08:30:15.814 [info] > git symbolic-ref --short refs/remotes/origin/HEAD [3ms]
2025-10-08 08:30:15.817 [info] > git rev-parse --show-toplevel [3ms]
2025-10-08 08:30:15.820 [info] > git for-each-ref --format=%(refname)%00%(upstream:short)%00%(objectname)%00%(upstream:track)%00%(upstream:remotename)%00%(upstream:remoteref) refs/heads/origin/main refs/remotes/origin/main [3ms]
2025-10-08 08:30:15.823 [info] > git rev-parse --show-toplevel [3ms]
2025-10-08 08:30:15.831 [info] > git config --add --local branch.main.vscode-merge-base origin/main [8ms]
2025-10-08 08:30:15.835 [info] > git rev-parse --show-toplevel [4ms]
2025-10-08 08:30:15.838 [info] > git config --get commit.template [4ms]
2025-10-08 08:30:15.841 [info] > git rev-parse --show-toplevel [3ms]
2025-10-08 08:30:15.844 [info] > git for-each-ref --format=%(refname)%00%(upstream:short)%00%(objectname)%00%(upstream:track)%00%(upstream:remotename)%00%(upstream:remoteref) refs/heads/main refs/remotes/main [4ms]
2025-10-08 08:30:15.846 [warning] [Git][revParse] Unable to read file: ENOENT: no such file or directory, open '/home/blueflowers/Matuprland/.git/refs/remotes/origin/main'
2025-10-08 08:30:15.847 [info] > git rev-parse --show-toplevel [3ms]
2025-10-08 08:30:15.850 [info] > git rev-parse refs/remotes/origin/main [4ms]
2025-10-08 08:30:15.856 [info] > git rev-parse --show-toplevel [7ms]
2025-10-08 08:30:15.859 [info] > git for-each-ref --sort -committerdate --format %(refname)%00%(objectname)%00%(*objectname) [4ms]
2025-10-08 08:30:15.859 [info] > git rev-parse --show-toplevel [0ms]
2025-10-08 08:30:15.887 [info] > git status -z -uall [35ms]
2025-10-08 08:30:15.896 [info] > git rev-parse --show-toplevel [34ms]
2025-10-08 08:30:17.015 [info] > git merge-base refs/heads/main refs/remotes/origin/main [1119ms]
2025-10-08 08:30:17.019 [info] > git merge-base refs/heads/main refs/remotes/origin/main [1127ms]
2025-10-08 08:30:17.033 [info] > git check-ignore -v -z --stdin [5ms]
2025-10-08 08:30:17.034 [info] > git diff --name-status -z --diff-filter=ADMR 0377d0666460445b96a88e60fa23bc3bccbc34bb...refs/remotes/origin/main [12ms]
2025-10-08 08:30:17.034 [info] > git diff --name-status -z --diff-filter=ADMR 0377d0666460445b96a88e60fa23bc3bccbc34bb...refs/remotes/origin/main [15ms]
2025-10-08 08:30:17.034 [info] > git rev-parse --show-toplevel [19ms]
2025-10-08 08:30:17.085 [info] > git rev-parse --show-toplevel [28ms]
2025-10-08 08:30:17.190 [info] > git rev-parse --show-toplevel [8ms]
2025-10-08 08:30:17.392 [info] > git rev-parse --show-toplevel [26ms]
2025-10-08 08:30:17.435 [info] > git rev-parse --show-toplevel [31ms]
2025-10-08 08:30:17.435 [info] > git config --get commit.template [35ms]
2025-10-08 08:30:17.487 [info] > git rev-parse --show-toplevel [30ms]
2025-10-08 08:30:17.494 [info] > git for-each-ref --format=%(refname)%00%(upstream:short)%00%(objectname)%00%(upstream:track)%00%(upstream:remotename)%00%(upstream:remoteref) refs/heads/main refs/remotes/main [7ms]
2025-10-08 08:30:17.500 [warning] [Git][revParse] Unable to read file: ENOENT: no such file or directory, open '/home/blueflowers/Matuprland/.git/refs/remotes/origin/main'
2025-10-08 08:30:17.500 [info] > git rev-parse --show-toplevel [6ms]
2025-10-08 08:30:17.506 [info] > git rev-parse refs/remotes/origin/main [6ms]
2025-10-08 08:30:17.517 [info] > git rev-parse --show-toplevel [12ms]
2025-10-08 08:30:17.523 [info] > git for-each-ref --sort -committerdate --format %(refname)%00%(objectname)%00%(*objectname) [7ms]
2025-10-08 08:30:17.525 [info] > git status -z -uall [15ms]
2025-10-08 08:30:17.525 [info] > git rev-parse --show-toplevel [3ms]
2025-10-08 08:30:17.533 [info] > git rev-parse --show-toplevel [2ms]
2025-10-08 08:30:17.541 [info] > git rev-parse --show-toplevel [1ms]
2025-10-08 08:30:17.542 [info] [Model][doInitialScan] Initial repository scan completed - repositories (1), closed repositories (0), parent repositories (0), unsafe repositories (0)
2025-10-08 08:30:17.801 [info] > git config --get commit.template [6ms]
2025-10-08 08:30:17.808 [info] > git for-each-ref --format=%(refname)%00%(upstream:short)%00%(objectname)%00%(upstream:track)%00%(upstream:remotename)%00%(upstream:remoteref) refs/heads/main refs/remotes/main [1ms]
2025-10-08 08:30:17.813 [warning] [Git][revParse] Unable to read file: ENOENT: no such file or directory, open '/home/blueflowers/Matuprland/.git/refs/remotes/origin/main'
2025-10-08 08:30:17.815 [info] > git rev-parse refs/remotes/origin/main [2ms]
2025-10-08 08:30:17.833 [info] > git for-each-ref --sort -committerdate --format %(refname)%00%(objectname)%00%(*objectname) [8ms]
2025-10-08 08:30:17.835 [info] > git status -z -uall [15ms]
2025-10-08 08:30:18.043 [info] > git config --get commit.template [1ms]
2025-10-08 08:30:18.050 [info] > git for-each-ref --format=%(refname)%00%(upstream:short)%00%(objectname)%00%(upstream:track)%00%(upstream:remotename)%00%(upstream:remoteref) refs/heads/main refs/remotes/main [1ms]
2025-10-08 08:30:18.056 [warning] [Git][revParse] Unable to read file: ENOENT: no such file or directory, open '/home/blueflowers/Matuprland/.git/refs/remotes/origin/main'
2025-10-08 08:30:18.057 [info] > git rev-parse refs/remotes/origin/main [1ms]
2025-10-08 08:30:18.070 [info] > git for-each-ref --sort -committerdate --format %(refname)%00%(objectname)%00%(*objectname) [2ms]
2025-10-08 08:30:18.080 [info] > git status -z -uall [18ms]
2025-10-08 08:30:18.675 [info] > git check-ignore -v -z --stdin [1ms]
2025-10-08 08:31:23.903 [info] > git check-ignore -v -z --stdin [1ms]
2025-10-08 08:31:25.020 [info] > git check-ignore -v -z --stdin [1ms]
2025-10-08 08:33:44.671 [info] > git show --textconv :matugen/config.toml [7ms]
2025-10-08 08:33:44.672 [info] > git ls-files --stage -- matugen/config.toml [1ms]
2025-10-08 08:33:44.679 [info] > git cat-file -s 045fd4f19ff36de5d8d91bded863bdef911ebb2e [1ms]
2025-10-08 08:34:30.585 [info] > git show --textconv :matugen/templates/matugen-rofi.rasi [8ms]
2025-10-08 08:34:30.585 [info] > git ls-files --stage -- matugen/templates/matugen-rofi.rasi [1ms]
2025-10-08 08:34:30.591 [info] > git cat-file -s ccc10550317256f108ab3c57de21528f13adefd2 [1ms]
2025-10-08 08:34:35.323 [info] > git show --textconv :matugen/config.toml [6ms]
2025-10-08 08:34:35.323 [info] > git ls-files --stage -- matugen/config.toml [1ms]
2025-10-08 08:34:35.330 [info] > git cat-file -s 045fd4f19ff36de5d8d91bded863bdef911ebb2e [1ms]
2025-10-08 08:34:36.704 [info] > git check-ignore -v -z --stdin [1ms]
2025-10-08 08:36:08.897 [info] > git check-ignore -v -z --stdin [1ms]
2025-10-08 08:36:11.761 [info] > git check-ignore -v -z --stdin [1ms]
2025-10-08 08:36:14.388 [info] > git show --textconv :rofi/launchers/launcher.sh [7ms]
2025-10-08 08:36:14.388 [info] > git ls-files --stage -- rofi/launchers/launcher.sh [1ms]
2025-10-08 08:36:14.394 [info] > git cat-file -s 0d77ed72a3c99d96b5967cebd1af185d28321a5f [1ms]
2025-10-08 08:36:20.021 [info] > git show --textconv :rofi/launchers/launcher-style-changer.sh [6ms]
2025-10-08 08:36:20.022 [info] > git ls-files --stage -- rofi/launchers/launcher-style-changer.sh [1ms]
2025-10-08 08:36:20.027 [info] > git cat-file -s ab8dfd21d37e226736b38a38661b2f01eea8440c [1ms]
2025-10-08 08:36:22.065 [info] > git show --textconv :rofi/launchers/sidelauncher.sh [6ms]
2025-10-08 08:36:22.066 [info] > git ls-files --stage -- rofi/launchers/sidelauncher.sh [1ms]
2025-10-08 08:36:22.072 [info] > git cat-file -s 618b6a1122de88c46e2b154a902395cfcfa322ca [1ms]
2025-10-08 08:36:23.159 [info] > git check-ignore -v -z --stdin [1ms]
2025-10-08 08:36:27.615 [info] > git check-ignore -v -z --stdin [1ms]
2025-10-08 08:36:28.782 [info] > git check-ignore -v -z --stdin [1ms]
2025-10-08 08:36:29.361 [info] > git show --textconv :rofi/launchers/sidelaunchers/shared/colors.rasi [7ms]
2025-10-08 08:36:29.361 [info] > git ls-files --stage -- rofi/launchers/sidelaunchers/shared/colors.rasi [1ms]
2025-10-08 08:36:29.367 [info] > git cat-file -s 47fd436f745046edc0d8a5b3db55a113f986aab8 [1ms]
2025-10-08 08:36:31.981 [info] > git show --textconv :rofi/launchers/sidelaunchers/style-1.rasi [7ms]
2025-10-08 08:36:31.982 [info] > git ls-files --stage -- rofi/launchers/sidelaunchers/style-1.rasi [2ms]
2025-10-08 08:36:31.988 [info] > git cat-file -s cd19e4b8c0f59c346e31937faea1f088c4e80686 [1ms]
2025-10-08 08:36:44.598 [info] > git check-ignore -v -z --stdin [2ms]
2025-10-08 08:36:46.186 [info] > git check-ignore -v -z --stdin [0ms]
2025-10-08 08:36:48.286 [info] > git check-ignore -v -z --stdin [1ms]
2025-10-08 08:36:51.304 [info] > git check-ignore -v -z --stdin [1ms]
2025-10-08 08:36:52.312 [info] > git show --textconv :rofi/applets/emojiSelector.rasi [5ms]
2025-10-08 08:36:52.313 [info] > git ls-files --stage -- rofi/applets/emojiSelector.rasi [1ms]
2025-10-08 08:36:52.318 [info] > git cat-file -s 3d46d4cc3f394d072049b4cfa4a93bcf4b862d65 [0ms]
2025-10-08 08:36:52.676 [info] > git show --textconv :rofi/applets/cliphist.rasi [6ms]
2025-10-08 08:36:52.677 [info] > git ls-files --stage -- rofi/applets/cliphist.rasi [1ms]
2025-10-08 08:36:52.683 [info] > git cat-file -s a5b6c8244aa9461a1d1ccf587016edbf0fcb134b [1ms]
2025-10-08 08:36:53.879 [info] > git show --textconv :rofi/applets/rofiSelect.rasi [7ms]
2025-10-08 08:36:53.880 [info] > git ls-files --stage -- rofi/applets/rofiSelect.rasi [1ms]
2025-10-08 08:36:53.885 [info] > git cat-file -s 9d0636a82b53a620639a33ba32ba1c339e200841 [1ms]
2025-10-08 08:36:55.207 [info] > git show --textconv :rofi/applets/wallSelect.rasi [6ms]
2025-10-08 08:36:55.207 [info] > git ls-files --stage -- rofi/applets/wallSelect.rasi [1ms]
2025-10-08 08:36:55.213 [info] > git cat-file -s a6c46c23eb80bfb95a0f2ee5521aa4c90ad913ac [1ms]
2025-10-08 08:36:59.899 [info] > git check-ignore -v -z --stdin [1ms]
2025-10-08 08:37:05.948 [info] > git check-ignore -v -z --stdin [0ms]
2025-10-08 08:37:07.389 [info] > git check-ignore -v -z --stdin [1ms]
2025-10-08 08:37:16.947 [info] > git show --textconv :matugen/templates/matugen-rofi.rasi [7ms]
2025-10-08 08:37:16.947 [info] > git ls-files --stage -- matugen/templates/matugen-rofi.rasi [1ms]
2025-10-08 08:37:16.953 [info] > git cat-file -s ccc10550317256f108ab3c57de21528f13adefd2 [1ms]
2025-10-08 08:37:20.228 [info] > git show --textconv :matugen/config.toml [9ms]
2025-10-08 08:37:20.229 [info] > git ls-files --stage -- matugen/config.toml [1ms]
2025-10-08 08:37:20.238 [info] > git cat-file -s 045fd4f19ff36de5d8d91bded863bdef911ebb2e [1ms]
2025-10-08 08:37:59.100 [info] > git blame --root --incremental 0377d0666460445b96a88e60fa23bc3bccbc34bb -- matugen/config.toml [3ms]
2025-10-08 08:42:00.750 [info] > git check-ignore -v -z --stdin [1ms]
2025-10-08 08:53:08.447 [info] > git check-ignore -v -z --stdin [1ms]
2025-10-08 08:53:10.204 [info] > git check-ignore -v -z --stdin [1ms]
2025-10-08 08:53:10.816 [info] > git check-ignore -v -z --stdin [1ms]
2025-10-08 08:53:23.854 [info] > git check-ignore -v -z --stdin [2ms]
2025-10-08 08:53:35.367 [info] > git check-ignore -v -z --stdin [1ms]
2025-10-08 08:53:40.971 [info] > git check-ignore -v -z --stdin [1ms]
2025-10-08 08:53:43.116 [info] > git show --textconv :waybar/config.jsonc [6ms]
2025-10-08 08:53:43.117 [info] > git ls-files --stage -- waybar/config.jsonc [1ms]
2025-10-08 08:53:43.124 [info] > git cat-file -s 176abee502efc30dc90ecc9709c229664b2f92e2 [1ms]
2025-10-08 08:55:48.905 [info] > git check-ignore -v -z --stdin [1ms]
2025-10-08 08:55:51.306 [info] > git show --textconv :waybar/themes/minimal/config.jsonc [6ms]
2025-10-08 08:55:51.307 [info] > git ls-files --stage -- waybar/themes/minimal/config.jsonc [1ms]
2025-10-08 08:55:51.313 [info] > git cat-file -s 49ecfd32fb069cb2212c4eb9ba0492b8bdb4fdfa [1ms]
2025-10-08 08:55:54.712 [info] > git show --textconv :waybar/themes/minimal/style.css [7ms]
2025-10-08 08:55:54.713 [info] > git ls-files --stage -- waybar/themes/minimal/style.css [2ms]
2025-10-08 08:55:54.728 [info] > git cat-file -s af33923ea8a12f947f62f368d188bee5c3d972dd [9ms]
2025-10-08 08:56:17.395 [info] > git blame --root --incremental 0377d0666460445b96a88e60fa23bc3bccbc34bb -- waybar/themes/minimal/style.css [2ms]
2025-10-08 08:56:18.456 [info] > git check-ignore -v -z --stdin [1ms]
2025-10-08 08:57:15.487 [info] > git show --textconv :waybar/themes/animated-waybar/launch_animation.css [6ms]
2025-10-08 08:57:15.488 [info] > git ls-files --stage -- waybar/themes/animated-waybar/launch_animation.css [1ms]
2025-10-08 08:57:15.493 [info] > git cat-file -s d7112c7ece7277d07cfcb32a521975e37a022ecd [1ms]
2025-10-08 08:57:17.223 [info] > git show --textconv :waybar/themes/animated-waybar/style.css [7ms]
2025-10-08 08:57:17.224 [info] > git ls-files --stage -- waybar/themes/animated-waybar/style.css [1ms]
2025-10-08 08:57:17.230 [info] > git cat-file -s e6e31c3c2f1a80b7e3aea361d65a9c6c916e07c2 [1ms]
2025-10-08 08:57:25.978 [info] > git show --textconv :waybar/themes/animated-waybar/config.jsonc [6ms]
2025-10-08 08:57:25.979 [info] > git ls-files --stage -- waybar/themes/animated-waybar/config.jsonc [1ms]
2025-10-08 08:57:25.985 [info] > git cat-file -s c1ccb119307c4a8c4d65b425eb7fc8b3dec2cb5f [1ms]
2025-10-08 09:01:17.945 [info] > git show --textconv :waybar/themes/animated-waybar/launch_animation.css [6ms]
2025-10-08 09:01:17.946 [info] > git ls-files --stage -- waybar/themes/animated-waybar/launch_animation.css [1ms]
2025-10-08 09:01:17.951 [info] > git cat-file -s d7112c7ece7277d07cfcb32a521975e37a022ecd [1ms]
2025-10-08 09:01:20.086 [info] > git check-ignore -v -z --stdin [1ms]
2025-10-08 09:01:21.084 [info] > git show --textconv :waybar/themes/animated-waybar/style.css [7ms]
2025-10-08 09:01:21.085 [info] > git ls-files --stage -- waybar/themes/animated-waybar/style.css [1ms]
2025-10-08 09:01:21.092 [info] > git cat-file -s e6e31c3c2f1a80b7e3aea361d65a9c6c916e07c2 [1ms]
2025-10-08 09:03:57.866 [info] > git check-ignore -v -z --stdin [1ms]
2025-10-08 09:09:14.026 [info] > git check-ignore -v -z --stdin [1ms]
2025-10-08 09:09:15.888 [info] > git check-ignore -v -z --stdin [1ms]
2025-10-08 09:11:26.626 [info] > git check-ignore -v -z --stdin [0ms]
2025-10-08 09:11:29.162 [info] > git show --textconv :waybar/config.jsonc [7ms]
2025-10-08 09:11:29.162 [info] > git ls-files --stage -- waybar/config.jsonc [1ms]
2025-10-08 09:11:29.169 [info] > git cat-file -s 176abee502efc30dc90ecc9709c229664b2f92e2 [1ms]
2025-10-08 09:12:01.193 [info] > git show --textconv :waybar/themes/darkminimal/style.css [6ms]
2025-10-08 09:12:01.194 [info] > git ls-files --stage -- waybar/themes/darkminimal/style.css [1ms]
2025-10-08 09:12:01.200 [info] > git cat-file -s f15aca2d8b203172208c43b821a166fd488338b8 [1ms]
2025-10-08 09:12:03.222 [info] > git check-ignore -v -z --stdin [1ms]
2025-10-08 09:12:12.202 [info] > git show --textconv :waybar/themes/darkminimaljp/style.css [6ms]
2025-10-08 09:12:12.202 [info] > git ls-files --stage -- waybar/themes/darkminimaljp/style.css [1ms]
2025-10-08 09:12:12.208 [info] > git cat-file -s f15aca2d8b203172208c43b821a166fd488338b8 [1ms]
2025-10-08 09:17:48.412 [info] > git show --textconv :waybar/themes/animated-waybar/style.css [6ms]
2025-10-08 09:17:48.413 [info] > git ls-files --stage -- waybar/themes/animated-waybar/style.css [1ms]
2025-10-08 09:17:48.418 [info] > git cat-file -s e6e31c3c2f1a80b7e3aea361d65a9c6c916e07c2 [1ms]
2025-10-08 09:26:59.442 [info] > git check-ignore -v -z --stdin [1ms]
2025-10-08 09:27:00.319 [info] > git check-ignore -v -z --stdin [1ms]
2025-10-08 09:27:00.825 [info] > git show --textconv :rofi/launchers/styles/style-1.rasi [6ms]
2025-10-08 09:27:00.826 [info] > git ls-files --stage -- rofi/launchers/styles/style-1.rasi [1ms]
2025-10-08 09:27:00.832 [info] > git cat-file -s 688126970e3d06c1cb8f5da72d31ac7ef484aeed [1ms]
2025-10-08 09:28:23.518 [info] > git show --textconv :matugen/config.toml [6ms]
2025-10-08 09:28:23.518 [info] > git ls-files --stage -- matugen/config.toml [1ms]
2025-10-08 09:28:23.525 [info] > git cat-file -s 045fd4f19ff36de5d8d91bded863bdef911ebb2e [1ms]
2025-10-08 09:33:16.113 [info] > git check-ignore -v -z --stdin [1ms]
2025-10-08 09:33:17.896 [info] > git check-ignore -v -z --stdin [1ms]
2025-10-08 09:33:19.400 [info] > git check-ignore -v -z --stdin [1ms]
2025-10-08 09:33:23.830 [info] > git show --textconv :hypr/hyprlock/status.sh [6ms]
2025-10-08 09:33:23.831 [info] > git ls-files --stage -- hypr/hyprlock/status.sh [1ms]
2025-10-08 09:33:23.837 [info] > git cat-file -s dd80633739bd96272c3d0ae40f7bd5527196b8c3 [0ms]
2025-10-08 09:33:26.153 [info] > git show --textconv :hypr/hyprlock/check-capslock.sh [6ms]
2025-10-08 09:33:26.154 [info] > git ls-files --stage -- hypr/hyprlock/check-capslock.sh [1ms]
2025-10-08 09:33:26.160 [info] > git cat-file -s ca56178a2b890d321828539d415464cb005419bf [1ms]
2025-10-08 09:33:27.329 [info] > git show --textconv :hypr/hyprlock/status.sh [6ms]
2025-10-08 09:33:27.330 [info] > git ls-files --stage -- hypr/hyprlock/status.sh [1ms]
2025-10-08 09:33:27.336 [info] > git cat-file -s dd80633739bd96272c3d0ae40f7bd5527196b8c3 [1ms]
2025-10-08 09:33:27.764 [info] > git show --textconv :hypr/hyprlock/check-capslock.sh [6ms]
2025-10-08 09:33:27.765 [info] > git ls-files --stage -- hypr/hyprlock/check-capslock.sh [1ms]
2025-10-08 09:33:27.772 [info] > git cat-file -s ca56178a2b890d321828539d415464cb005419bf [1ms]
2025-10-08 09:33:29.676 [info] > git show --textconv :hypr/hyprlock/matugen/matugen-hyprlock.conf [7ms]
2025-10-08 09:33:29.676 [info] > git ls-files --stage -- hypr/hyprlock/matugen/matugen-hyprlock.conf [1ms]
2025-10-08 09:33:29.682 [info] > git cat-file -s ce1030a2fe7e02b15c92e8976166f636633bd435 [1ms]
2025-10-08 09:33:39.422 [info] > git show --textconv :hypr/hyprlock.conf [6ms]
2025-10-08 09:33:39.423 [info] > git ls-files --stage -- hypr/hyprlock.conf [1ms]
2025-10-08 09:33:39.429 [info] > git cat-file -s 3a341cbae334a326e6d5884f3683c1496568729d [1ms]
2025-10-08 09:33:50.110 [info] > git blame --root --incremental 0377d0666460445b96a88e60fa23bc3bccbc34bb -- hypr/hyprlock.conf [2ms]
