2025-10-05 20:10:32.738 [info] Reading sessions from keychain...
2025-10-05 20:10:32.738 [info] Getting sessions for all scopes...
2025-10-05 20:10:32.738 [info] Got 0 sessions for ...
2025-10-05 20:10:32.738 [info] Getting sessions for all scopes...
2025-10-05 20:10:32.738 [info] Got 0 sessions for ...
2025-10-05 20:10:32.738 [info] Getting sessions for all scopes...
2025-10-05 20:10:32.738 [info] Got 0 sessions for ...
2025-10-05 20:10:32.738 [info] Getting sessions for all scopes...
2025-10-05 20:10:32.738 [info] Got 0 sessions for ...
2025-10-05 20:10:32.738 [info] Getting sessions for all scopes...
2025-10-05 20:10:32.738 [info] Got 0 sessions for ...
2025-10-05 20:10:32.738 [info] Getting sessions for all scopes...
2025-10-05 20:10:32.738 [info] Got 0 sessions for ...
2025-10-05 20:10:32.738 [info] Getting sessions for all scopes...
2025-10-05 20:10:32.738 [info] Got 0 sessions for ...
2025-10-05 20:10:32.738 [info] Getting sessions for all scopes...
2025-10-05 20:10:32.738 [info] Got 0 sessions for ...
2025-10-05 20:10:32.738 [info] Getting sessions for all scopes...
2025-10-05 20:10:32.738 [info] Got 0 sessions for ...
2025-10-05 20:10:32.766 [info] Getting sessions for all scopes...
2025-10-05 20:10:32.766 [info] Got 0 sessions for ...
2025-10-05 20:10:32.766 [info] Getting sessions for all scopes...
2025-10-05 20:10:32.766 [info] Got 0 sessions for ...
2025-10-05 20:10:32.767 [info] Getting sessions for all scopes...
2025-10-05 20:10:32.767 [info] Got 0 sessions for ...
2025-10-05 20:10:32.767 [info] Getting sessions for all scopes...
2025-10-05 20:10:32.767 [info] Got 0 sessions for ...
2025-10-05 20:10:32.767 [info] Getting sessions for all scopes...
2025-10-05 20:10:32.767 [info] Got 0 sessions for ...
2025-10-05 20:10:32.767 [info] Getting sessions for all scopes...
2025-10-05 20:10:32.767 [info] Got 0 sessions for ...
2025-10-05 20:10:32.841 [info] Getting sessions for all scopes...
2025-10-05 20:10:32.841 [info] Got 0 sessions for ...
2025-10-05 20:10:34.729 [info] Getting sessions for all scopes...
2025-10-05 20:10:34.729 [info] Got 0 sessions for ...
2025-10-05 20:10:34.729 [info] Getting sessions for all scopes...
2025-10-05 20:10:34.729 [info] Got 0 sessions for ...
2025-10-05 20:10:34.731 [info] Getting sessions for all scopes...
2025-10-05 20:10:34.731 [info] Got 0 sessions for ...
2025-10-05 20:10:47.941 [info] Reading sessions from keychain...
2025-10-05 20:10:47.941 [info] Getting sessions for all scopes...
2025-10-05 20:10:47.941 [info] Got 0 sessions for ...
2025-10-05 20:10:47.941 [info] Getting sessions for all scopes...
2025-10-05 20:10:47.941 [info] Got 0 sessions for ...
2025-10-05 20:10:47.941 [info] Getting sessions for all scopes...
2025-10-05 20:10:47.941 [info] Got 0 sessions for ...
2025-10-05 20:10:47.969 [info] Getting sessions for all scopes...
2025-10-05 20:10:47.970 [info] Got 0 sessions for ...
2025-10-05 20:10:47.970 [info] Getting sessions for all scopes...
2025-10-05 20:10:47.970 [info] Got 0 sessions for ...
2025-10-05 20:10:47.970 [info] Getting sessions for all scopes...
2025-10-05 20:10:47.970 [info] Got 0 sessions for ...
2025-10-05 20:10:47.970 [info] Getting sessions for all scopes...
2025-10-05 20:10:47.970 [info] Got 0 sessions for ...
2025-10-05 20:10:47.970 [info] Getting sessions for all scopes...
2025-10-05 20:10:47.970 [info] Got 0 sessions for ...
2025-10-05 20:10:47.974 [info] Getting sessions for all scopes...
2025-10-05 20:10:47.974 [info] Got 0 sessions for ...
2025-10-05 20:10:47.981 [info] Getting sessions for all scopes...
2025-10-05 20:10:47.982 [info] Got 0 sessions for ...
2025-10-05 20:10:47.982 [info] Getting sessions for all scopes...
2025-10-05 20:10:47.982 [info] Got 0 sessions for ...
2025-10-05 20:10:47.982 [info] Getting sessions for all scopes...
2025-10-05 20:10:47.982 [info] Got 0 sessions for ...
2025-10-05 20:10:47.982 [info] Getting sessions for all scopes...
2025-10-05 20:10:47.982 [info] Got 0 sessions for ...
2025-10-05 20:10:47.982 [info] Getting sessions for all scopes...
2025-10-05 20:10:47.982 [info] Got 0 sessions for ...
2025-10-05 20:10:48.019 [info] Getting sessions for all scopes...
2025-10-05 20:10:48.019 [info] Got 0 sessions for ...
2025-10-05 20:10:49.935 [info] Getting sessions for all scopes...
2025-10-05 20:10:49.935 [info] Got 0 sessions for ...
2025-10-05 20:10:49.935 [info] Getting sessions for all scopes...
2025-10-05 20:10:49.935 [info] Got 0 sessions for ...
2025-10-05 20:10:49.937 [info] Getting sessions for all scopes...
2025-10-05 20:10:49.937 [info] Got 0 sessions for ...
2025-10-05 20:10:50.593 [info] Getting sessions for read:user,repo,user:email,workflow...
2025-10-05 20:10:50.593 [info] Got 0 sessions for read:user,repo,user:email,workflow...
