2025-10-08 19:16:02.215 [info] [main] Log level: Info
2025-10-08 19:16:02.215 [info] [main] Validating found git in: "git"
2025-10-08 19:16:02.215 [info] [main] Using git "2.51.0" from "git"
2025-10-08 19:16:02.215 [info] [Model][doInitialScan] Initial repository scan started
2025-10-08 19:16:02.215 [info] > git rev-parse --show-toplevel [25ms]
2025-10-08 19:16:02.221 [info] > git rev-parse --git-dir --git-common-dir --show-superproject-working-tree [9ms]
2025-10-08 19:16:02.229 [info] [Model][openRepository] Opened repository (path): /home/blueflowers/dotfiles
2025-10-08 19:16:02.229 [info] [Model][openRepository] Opened repository (real path): /home/blueflowers/dotfiles
2025-10-08 19:16:02.229 [info] [Model][openRepository] Opened repository (kind): repository
2025-10-08 19:16:02.240 [info] > git rev-parse --show-toplevel [2ms]
2025-10-08 19:16:02.241 [info] > git config --get commit.template [6ms]
2025-10-08 19:16:02.250 [info] > git rev-parse --show-toplevel [6ms]
2025-10-08 19:16:02.252 [info] [Model][doInitialScan] Initial repository scan completed - repositories (1), closed repositories (0), parent repositories (0), unsafe repositories (0)
2025-10-08 19:16:02.275 [info] > git for-each-ref --format=%(refname)%00%(upstream:short)%00%(objectname)%00%(upstream:track)%00%(upstream:remotename)%00%(upstream:remoteref) refs/heads/main refs/remotes/main [26ms]
2025-10-08 19:16:02.288 [info] > git for-each-ref --sort -committerdate --format %(refname)%00%(objectname)%00%(*objectname) [2ms]
2025-10-08 19:16:03.609 [info] > git status -z -uall [1328ms]
2025-10-08 19:16:03.735 [info] > git check-ignore -v -z --stdin [16ms]
2025-10-08 19:16:03.735 [info] > git for-each-ref --format=%(refname)%00%(upstream:short)%00%(objectname)%00%(upstream:track)%00%(upstream:remotename)%00%(upstream:remoteref) refs/heads/main refs/remotes/main [95ms]
2025-10-08 19:16:03.797 [info] > git config --get --local branch.main.vscode-merge-base [56ms]
2025-10-08 19:16:03.797 [warning] [Git][config] git config failed: Failed to execute git
2025-10-08 19:16:03.803 [info] > git config --get commit.template [69ms]
2025-10-08 19:16:03.910 [info] > git for-each-ref --format=%(refname)%00%(upstream:short)%00%(objectname)%00%(upstream:track)%00%(upstream:remotename)%00%(upstream:remoteref) refs/heads/main refs/remotes/main [100ms]
2025-10-08 19:16:03.910 [info] > git reflog main --grep-reflog=branch: Created from *. [107ms]
2025-10-08 19:16:04.148 [info] > git symbolic-ref --short refs/remotes/origin/HEAD [233ms]
2025-10-08 19:16:04.148 [info] fatal: ref refs/remotes/origin/HEAD is not a symbolic ref
2025-10-08 19:16:04.148 [warning] [Repository][getDefaultBranch] Failed to get default branch details: Failed to execute git.
2025-10-08 19:16:04.157 [info] > git merge-base refs/heads/main refs/remotes/origin/main [3ms]
2025-10-08 19:16:04.174 [info] > git for-each-ref --sort -committerdate --format %(refname)%00%(objectname)%00%(*objectname) [1ms]
2025-10-08 19:16:04.174 [info] > git diff --name-status -z --diff-filter=ADMR 048a0cad37ff388cd1fcd0e90a4140bcbc6812fc...refs/remotes/origin/main [13ms]
2025-10-08 19:16:04.258 [info] > git status -z -uall [91ms]
2025-10-08 19:16:04.656 [info] > git config --get commit.template [6ms]
2025-10-08 19:16:04.672 [info] > git for-each-ref --format=%(refname)%00%(upstream:short)%00%(objectname)%00%(upstream:track)%00%(upstream:remotename)%00%(upstream:remoteref) refs/heads/main refs/remotes/main [7ms]
2025-10-08 19:16:04.685 [info] > git for-each-ref --sort -committerdate --format %(refname)%00%(objectname)%00%(*objectname) [1ms]
2025-10-08 19:16:04.729 [info] > git status -z -uall [51ms]
2025-10-08 19:16:08.478 [info] > git config --get commit.template [6ms]
2025-10-08 19:16:08.478 [info] > git for-each-ref --format=%(refname)%00%(upstream:short)%00%(objectname)%00%(upstream:track)%00%(upstream:remotename)%00%(upstream:remoteref) refs/heads/main refs/remotes/main [1ms]
2025-10-08 19:16:08.490 [info] > git for-each-ref --sort -committerdate --format %(refname)%00%(objectname)%00%(*objectname) [1ms]
2025-10-08 19:16:08.518 [info] > git status -z -uall [35ms]
2025-10-08 19:16:10.936 [info] > git check-ignore -v -z --stdin [2ms]
2025-10-08 19:17:16.012 [info] > git config --get commit.template [8ms]
2025-10-08 19:17:16.013 [info] > git for-each-ref --format=%(refname)%00%(upstream:short)%00%(objectname)%00%(upstream:track)%00%(upstream:remotename)%00%(upstream:remoteref) refs/heads/main refs/remotes/main [2ms]
2025-10-08 19:17:16.027 [info] > git for-each-ref --sort -committerdate --format %(refname)%00%(objectname)%00%(*objectname) [1ms]
2025-10-08 19:17:16.056 [info] > git status -z -uall [37ms]
2025-10-08 19:18:23.674 [info] > git config --get commit.template [7ms]
2025-10-08 19:18:23.675 [info] > git for-each-ref --format=%(refname)%00%(upstream:short)%00%(objectname)%00%(upstream:track)%00%(upstream:remotename)%00%(upstream:remoteref) refs/heads/main refs/remotes/main [2ms]
2025-10-08 19:18:23.689 [info] > git for-each-ref --sort -committerdate --format %(refname)%00%(objectname)%00%(*objectname) [1ms]
2025-10-08 19:18:23.722 [info] > git status -z -uall [40ms]
2025-10-08 19:18:28.746 [info] > git config --get commit.template [6ms]
2025-10-08 19:18:28.746 [info] > git for-each-ref --format=%(refname)%00%(upstream:short)%00%(objectname)%00%(upstream:track)%00%(upstream:remotename)%00%(upstream:remoteref) refs/heads/main refs/remotes/main [1ms]
2025-10-08 19:18:28.757 [info] > git for-each-ref --sort -committerdate --format %(refname)%00%(objectname)%00%(*objectname) [1ms]
2025-10-08 19:18:28.785 [info] > git status -z -uall [34ms]
2025-10-08 19:18:33.806 [info] > git config --get commit.template [6ms]
2025-10-08 19:18:33.806 [info] > git for-each-ref --format=%(refname)%00%(upstream:short)%00%(objectname)%00%(upstream:track)%00%(upstream:remotename)%00%(upstream:remoteref) refs/heads/main refs/remotes/main [1ms]
2025-10-08 19:18:33.817 [info] > git for-each-ref --sort -committerdate --format %(refname)%00%(objectname)%00%(*objectname) [1ms]
2025-10-08 19:18:33.847 [info] > git status -z -uall [36ms]
2025-10-08 19:18:38.867 [info] > git config --get commit.template [6ms]
2025-10-08 19:18:38.868 [info] > git for-each-ref --format=%(refname)%00%(upstream:short)%00%(objectname)%00%(upstream:track)%00%(upstream:remotename)%00%(upstream:remoteref) refs/heads/main refs/remotes/main [1ms]
2025-10-08 19:18:38.879 [info] > git for-each-ref --sort -committerdate --format %(refname)%00%(objectname)%00%(*objectname) [1ms]
2025-10-08 19:18:38.908 [info] > git status -z -uall [36ms]
2025-10-08 19:18:39.794 [info] > git check-ignore -v -z --stdin [1ms]
2025-10-08 19:18:41.681 [info] > git show --textconv :.config/hypr/hyprland.conf [7ms]
2025-10-08 19:18:41.682 [info] > git ls-files --stage -- .config/hypr/hyprland.conf [1ms]
2025-10-08 19:18:41.688 [info] > git cat-file -s 52ff7a3caccff6a0be591afa2071a7014dc308e7 [1ms]
2025-10-08 19:18:43.929 [info] > git config --get commit.template [6ms]
2025-10-08 19:18:43.930 [info] > git for-each-ref --format=%(refname)%00%(upstream:short)%00%(objectname)%00%(upstream:track)%00%(upstream:remotename)%00%(upstream:remoteref) refs/heads/main refs/remotes/main [1ms]
2025-10-08 19:18:43.941 [info] > git for-each-ref --sort -committerdate --format %(refname)%00%(objectname)%00%(*objectname) [1ms]
2025-10-08 19:18:43.970 [info] > git status -z -uall [35ms]
2025-10-08 19:18:48.991 [info] > git config --get commit.template [6ms]
2025-10-08 19:18:48.992 [info] > git for-each-ref --format=%(refname)%00%(upstream:short)%00%(objectname)%00%(upstream:track)%00%(upstream:remotename)%00%(upstream:remoteref) refs/heads/main refs/remotes/main [1ms]
2025-10-08 19:18:49.004 [info] > git for-each-ref --sort -committerdate --format %(refname)%00%(objectname)%00%(*objectname) [1ms]
2025-10-08 19:18:49.033 [info] > git status -z -uall [36ms]
2025-10-08 19:18:54.055 [info] > git config --get commit.template [6ms]
2025-10-08 19:18:54.056 [info] > git for-each-ref --format=%(refname)%00%(upstream:short)%00%(objectname)%00%(upstream:track)%00%(upstream:remotename)%00%(upstream:remoteref) refs/heads/main refs/remotes/main [1ms]
2025-10-08 19:18:54.068 [info] > git for-each-ref --sort -committerdate --format %(refname)%00%(objectname)%00%(*objectname) [1ms]
2025-10-08 19:18:54.097 [info] > git status -z -uall [36ms]
2025-10-08 19:18:59.119 [info] > git config --get commit.template [6ms]
2025-10-08 19:18:59.120 [info] > git for-each-ref --format=%(refname)%00%(upstream:short)%00%(objectname)%00%(upstream:track)%00%(upstream:remotename)%00%(upstream:remoteref) refs/heads/main refs/remotes/main [2ms]
2025-10-08 19:18:59.131 [info] > git for-each-ref --sort -committerdate --format %(refname)%00%(objectname)%00%(*objectname) [1ms]
2025-10-08 19:18:59.161 [info] > git status -z -uall [36ms]
2025-10-08 19:19:03.750 [info] > git check-ignore -v -z --stdin [1ms]
2025-10-08 19:19:04.181 [info] > git config --get commit.template [5ms]
2025-10-08 19:19:04.182 [info] > git for-each-ref --format=%(refname)%00%(upstream:short)%00%(objectname)%00%(upstream:track)%00%(upstream:remotename)%00%(upstream:remoteref) refs/heads/main refs/remotes/main [1ms]
2025-10-08 19:19:04.193 [info] > git for-each-ref --sort -committerdate --format %(refname)%00%(objectname)%00%(*objectname) [1ms]
2025-10-08 19:19:04.224 [info] > git status -z -uall [37ms]
2025-10-08 19:19:04.892 [info] > git check-ignore -v -z --stdin [2ms]
2025-10-08 19:19:05.811 [info] > git check-ignore -v -z --stdin [1ms]
2025-10-08 19:19:09.243 [info] > git config --get commit.template [5ms]
2025-10-08 19:19:09.244 [info] > git for-each-ref --format=%(refname)%00%(upstream:short)%00%(objectname)%00%(upstream:track)%00%(upstream:remotename)%00%(upstream:remoteref) refs/heads/main refs/remotes/main [1ms]
2025-10-08 19:19:09.255 [info] > git for-each-ref --sort -committerdate --format %(refname)%00%(objectname)%00%(*objectname) [1ms]
2025-10-08 19:19:09.285 [info] > git status -z -uall [36ms]
2025-10-08 19:19:09.586 [info] > git check-ignore -v -z --stdin [1ms]
2025-10-08 19:19:14.306 [info] > git config --get commit.template [6ms]
2025-10-08 19:19:14.306 [info] > git for-each-ref --format=%(refname)%00%(upstream:short)%00%(objectname)%00%(upstream:track)%00%(upstream:remotename)%00%(upstream:remoteref) refs/heads/main refs/remotes/main [1ms]
2025-10-08 19:19:14.317 [info] > git for-each-ref --sort -committerdate --format %(refname)%00%(objectname)%00%(*objectname) [1ms]
2025-10-08 19:19:14.347 [info] > git status -z -uall [36ms]
2025-10-08 19:19:15.192 [info] > git show --textconv :.config/hypr/UserConfigs/Startup_Apps.conf [7ms]
2025-10-08 19:19:15.192 [info] > git ls-files --stage -- .config/hypr/UserConfigs/Startup_Apps.conf [2ms]
2025-10-08 19:19:15.198 [info] > git cat-file -s 30e122a4b04071f24d1aadca8754e72e664dcb32 [1ms]
2025-10-08 19:19:19.369 [info] > git config --get commit.template [5ms]
2025-10-08 19:19:19.369 [info] > git for-each-ref --format=%(refname)%00%(upstream:short)%00%(objectname)%00%(upstream:track)%00%(upstream:remotename)%00%(upstream:remoteref) refs/heads/main refs/remotes/main [1ms]
2025-10-08 19:19:19.380 [info] > git for-each-ref --sort -committerdate --format %(refname)%00%(objectname)%00%(*objectname) [1ms]
2025-10-08 19:19:19.411 [info] > git status -z -uall [37ms]
2025-10-08 19:19:24.432 [info] > git config --get commit.template [5ms]
2025-10-08 19:19:24.433 [info] > git for-each-ref --format=%(refname)%00%(upstream:short)%00%(objectname)%00%(upstream:track)%00%(upstream:remotename)%00%(upstream:remoteref) refs/heads/main refs/remotes/main [1ms]
2025-10-08 19:19:24.445 [info] > git for-each-ref --sort -committerdate --format %(refname)%00%(objectname)%00%(*objectname) [1ms]
2025-10-08 19:19:24.474 [info] > git status -z -uall [36ms]
2025-10-08 19:19:29.497 [info] > git config --get commit.template [6ms]
2025-10-08 19:19:29.498 [info] > git for-each-ref --format=%(refname)%00%(upstream:short)%00%(objectname)%00%(upstream:track)%00%(upstream:remotename)%00%(upstream:remoteref) refs/heads/main refs/remotes/main [1ms]
2025-10-08 19:19:29.509 [info] > git for-each-ref --sort -committerdate --format %(refname)%00%(objectname)%00%(*objectname) [1ms]
2025-10-08 19:19:29.537 [info] > git status -z -uall [35ms]
2025-10-08 19:19:34.558 [info] > git config --get commit.template [6ms]
2025-10-08 19:19:34.559 [info] > git for-each-ref --format=%(refname)%00%(upstream:short)%00%(objectname)%00%(upstream:track)%00%(upstream:remotename)%00%(upstream:remoteref) refs/heads/main refs/remotes/main [1ms]
2025-10-08 19:19:34.571 [info] > git for-each-ref --sort -committerdate --format %(refname)%00%(objectname)%00%(*objectname) [1ms]
2025-10-08 19:19:34.599 [info] > git status -z -uall [35ms]
2025-10-08 19:19:37.650 [info] > git show --textconv :.config/hypr/UserConfigs/UserSettings.conf [7ms]
2025-10-08 19:19:37.650 [info] > git ls-files --stage -- .config/hypr/UserConfigs/UserSettings.conf [1ms]
2025-10-08 19:19:37.656 [info] > git cat-file -s d28def525cd765918d4896d504a6950de363140c [1ms]
2025-10-08 19:19:37.945 [info] > git show --textconv :.config/hypr/UserConfigs/UserKeybinds.conf [7ms]
2025-10-08 19:19:37.945 [info] > git ls-files --stage -- .config/hypr/UserConfigs/UserKeybinds.conf [1ms]
2025-10-08 19:19:37.952 [info] > git cat-file -s ce66f1ddad3119b59792e01e81c45522b0fcd464 [1ms]
2025-10-08 19:19:39.620 [info] > git config --get commit.template [6ms]
2025-10-08 19:19:39.621 [info] > git for-each-ref --format=%(refname)%00%(upstream:short)%00%(objectname)%00%(upstream:track)%00%(upstream:remotename)%00%(upstream:remoteref) refs/heads/main refs/remotes/main [1ms]
2025-10-08 19:19:39.632 [info] > git for-each-ref --sort -committerdate --format %(refname)%00%(objectname)%00%(*objectname) [1ms]
2025-10-08 19:19:39.660 [info] > git status -z -uall [34ms]
2025-10-08 19:19:44.683 [info] > git config --get commit.template [6ms]
2025-10-08 19:19:44.683 [info] > git for-each-ref --format=%(refname)%00%(upstream:short)%00%(objectname)%00%(upstream:track)%00%(upstream:remotename)%00%(upstream:remoteref) refs/heads/main refs/remotes/main [1ms]
2025-10-08 19:19:44.694 [info] > git for-each-ref --sort -committerdate --format %(refname)%00%(objectname)%00%(*objectname) [1ms]
2025-10-08 19:19:44.723 [info] > git status -z -uall [35ms]
2025-10-08 19:19:49.747 [info] > git config --get commit.template [6ms]
2025-10-08 19:19:49.748 [info] > git for-each-ref --format=%(refname)%00%(upstream:short)%00%(objectname)%00%(upstream:track)%00%(upstream:remotename)%00%(upstream:remoteref) refs/heads/main refs/remotes/main [1ms]
2025-10-08 19:19:49.759 [info] > git for-each-ref --sort -committerdate --format %(refname)%00%(objectname)%00%(*objectname) [1ms]
2025-10-08 19:19:49.789 [info] > git status -z -uall [36ms]
2025-10-08 19:19:54.812 [info] > git config --get commit.template [6ms]
2025-10-08 19:19:54.813 [info] > git for-each-ref --format=%(refname)%00%(upstream:short)%00%(objectname)%00%(upstream:track)%00%(upstream:remotename)%00%(upstream:remoteref) refs/heads/main refs/remotes/main [1ms]
2025-10-08 19:19:54.824 [info] > git for-each-ref --sort -committerdate --format %(refname)%00%(objectname)%00%(*objectname) [1ms]
2025-10-08 19:19:54.854 [info] > git status -z -uall [36ms]
2025-10-08 19:19:59.876 [info] > git config --get commit.template [5ms]
2025-10-08 19:19:59.877 [info] > git for-each-ref --format=%(refname)%00%(upstream:short)%00%(objectname)%00%(upstream:track)%00%(upstream:remotename)%00%(upstream:remoteref) refs/heads/main refs/remotes/main [1ms]
2025-10-08 19:19:59.888 [info] > git for-each-ref --sort -committerdate --format %(refname)%00%(objectname)%00%(*objectname) [1ms]
2025-10-08 19:19:59.918 [info] > git status -z -uall [36ms]
2025-10-08 19:20:04.939 [info] > git config --get commit.template [6ms]
2025-10-08 19:20:04.940 [info] > git for-each-ref --format=%(refname)%00%(upstream:short)%00%(objectname)%00%(upstream:track)%00%(upstream:remotename)%00%(upstream:remoteref) refs/heads/main refs/remotes/main [1ms]
2025-10-08 19:20:04.951 [info] > git for-each-ref --sort -committerdate --format %(refname)%00%(objectname)%00%(*objectname) [1ms]
2025-10-08 19:20:04.981 [info] > git status -z -uall [36ms]
2025-10-08 19:20:10.004 [info] > git config --get commit.template [5ms]
2025-10-08 19:20:10.005 [info] > git for-each-ref --format=%(refname)%00%(upstream:short)%00%(objectname)%00%(upstream:track)%00%(upstream:remotename)%00%(upstream:remoteref) refs/heads/main refs/remotes/main [1ms]
2025-10-08 19:20:10.016 [info] > git for-each-ref --sort -committerdate --format %(refname)%00%(objectname)%00%(*objectname) [1ms]
2025-10-08 19:20:10.045 [info] > git status -z -uall [35ms]
2025-10-08 19:20:15.068 [info] > git config --get commit.template [5ms]
2025-10-08 19:20:15.069 [info] > git for-each-ref --format=%(refname)%00%(upstream:short)%00%(objectname)%00%(upstream:track)%00%(upstream:remotename)%00%(upstream:remoteref) refs/heads/main refs/remotes/main [1ms]
2025-10-08 19:20:15.080 [info] > git for-each-ref --sort -committerdate --format %(refname)%00%(objectname)%00%(*objectname) [1ms]
2025-10-08 19:20:15.109 [info] > git status -z -uall [35ms]
2025-10-08 19:20:20.129 [info] > git config --get commit.template [6ms]
2025-10-08 19:20:20.130 [info] > git for-each-ref --format=%(refname)%00%(upstream:short)%00%(objectname)%00%(upstream:track)%00%(upstream:remotename)%00%(upstream:remoteref) refs/heads/main refs/remotes/main [1ms]
2025-10-08 19:20:20.140 [info] > git for-each-ref --sort -committerdate --format %(refname)%00%(objectname)%00%(*objectname) [0ms]
2025-10-08 19:20:20.170 [info] > git status -z -uall [35ms]
2025-10-08 19:20:39.522 [info] > git config --get commit.template [6ms]
2025-10-08 19:20:39.523 [info] > git for-each-ref --format=%(refname)%00%(upstream:short)%00%(objectname)%00%(upstream:track)%00%(upstream:remotename)%00%(upstream:remoteref) refs/heads/main refs/remotes/main [1ms]
2025-10-08 19:20:39.547 [info] > git for-each-ref --sort -committerdate --format %(refname)%00%(objectname)%00%(*objectname) [1ms]
2025-10-08 19:20:39.574 [info] > git status -z -uall [39ms]
2025-10-08 19:20:41.097 [info] > git blame --root --incremental 29863c4ae1e2cc756655fdd4fdd489371acb724b -- .config/hypr/UserConfigs/UserKeybinds.conf [48ms]
2025-10-08 19:20:44.597 [info] > git config --get commit.template [7ms]
2025-10-08 19:20:44.598 [info] > git for-each-ref --format=%(refname)%00%(upstream:short)%00%(objectname)%00%(upstream:track)%00%(upstream:remotename)%00%(upstream:remoteref) refs/heads/main refs/remotes/main [2ms]
2025-10-08 19:20:44.610 [info] > git for-each-ref --sort -committerdate --format %(refname)%00%(objectname)%00%(*objectname) [1ms]
2025-10-08 19:20:44.639 [info] > git status -z -uall [36ms]
2025-10-08 19:20:49.942 [info] > git config --get commit.template [7ms]
2025-10-08 19:20:49.943 [info] > git for-each-ref --format=%(refname)%00%(upstream:short)%00%(objectname)%00%(upstream:track)%00%(upstream:remotename)%00%(upstream:remoteref) refs/heads/main refs/remotes/main [2ms]
2025-10-08 19:20:49.955 [info] > git for-each-ref --sort -committerdate --format %(refname)%00%(objectname)%00%(*objectname) [1ms]
2025-10-08 19:20:49.987 [info] > git status -z -uall [39ms]
2025-10-08 19:20:55.007 [info] > git config --get commit.template [6ms]
2025-10-08 19:20:55.008 [info] > git for-each-ref --format=%(refname)%00%(upstream:short)%00%(objectname)%00%(upstream:track)%00%(upstream:remotename)%00%(upstream:remoteref) refs/heads/main refs/remotes/main [1ms]
2025-10-08 19:20:55.020 [info] > git for-each-ref --sort -committerdate --format %(refname)%00%(objectname)%00%(*objectname) [1ms]
2025-10-08 19:20:55.050 [info] > git status -z -uall [37ms]
2025-10-08 19:21:00.069 [info] > git config --get commit.template [6ms]
2025-10-08 19:21:00.070 [info] > git for-each-ref --format=%(refname)%00%(upstream:short)%00%(objectname)%00%(upstream:track)%00%(upstream:remotename)%00%(upstream:remoteref) refs/heads/main refs/remotes/main [1ms]
2025-10-08 19:21:00.082 [info] > git for-each-ref --sort -committerdate --format %(refname)%00%(objectname)%00%(*objectname) [1ms]
2025-10-08 19:21:00.111 [info] > git status -z -uall [36ms]
2025-10-08 19:21:05.129 [info] > git config --get commit.template [6ms]
2025-10-08 19:21:05.130 [info] > git for-each-ref --format=%(refname)%00%(upstream:short)%00%(objectname)%00%(upstream:track)%00%(upstream:remotename)%00%(upstream:remoteref) refs/heads/main refs/remotes/main [1ms]
2025-10-08 19:21:05.141 [info] > git for-each-ref --sort -committerdate --format %(refname)%00%(objectname)%00%(*objectname) [1ms]
2025-10-08 19:21:05.171 [info] > git status -z -uall [36ms]
2025-10-08 19:21:10.190 [info] > git config --get commit.template [6ms]
2025-10-08 19:21:10.191 [info] > git for-each-ref --format=%(refname)%00%(upstream:short)%00%(objectname)%00%(upstream:track)%00%(upstream:remotename)%00%(upstream:remoteref) refs/heads/main refs/remotes/main [1ms]
2025-10-08 19:21:10.202 [info] > git for-each-ref --sort -committerdate --format %(refname)%00%(objectname)%00%(*objectname) [1ms]
2025-10-08 19:21:10.232 [info] > git status -z -uall [36ms]
2025-10-08 19:21:15.256 [info] > git config --get commit.template [6ms]
2025-10-08 19:21:15.257 [info] > git for-each-ref --format=%(refname)%00%(upstream:short)%00%(objectname)%00%(upstream:track)%00%(upstream:remotename)%00%(upstream:remoteref) refs/heads/main refs/remotes/main [1ms]
2025-10-08 19:21:15.270 [info] > git for-each-ref --sort -committerdate --format %(refname)%00%(objectname)%00%(*objectname) [1ms]
2025-10-08 19:21:15.299 [info] > git status -z -uall [36ms]
2025-10-08 19:21:20.322 [info] > git config --get commit.template [6ms]
2025-10-08 19:21:20.323 [info] > git for-each-ref --format=%(refname)%00%(upstream:short)%00%(objectname)%00%(upstream:track)%00%(upstream:remotename)%00%(upstream:remoteref) refs/heads/main refs/remotes/main [2ms]
2025-10-08 19:21:20.334 [info] > git for-each-ref --sort -committerdate --format %(refname)%00%(objectname)%00%(*objectname) [1ms]
2025-10-08 19:21:20.362 [info] > git status -z -uall [34ms]
2025-10-08 19:21:25.382 [info] > git config --get commit.template [6ms]
2025-10-08 19:21:25.383 [info] > git for-each-ref --format=%(refname)%00%(upstream:short)%00%(objectname)%00%(upstream:track)%00%(upstream:remotename)%00%(upstream:remoteref) refs/heads/main refs/remotes/main [1ms]
2025-10-08 19:21:25.394 [info] > git for-each-ref --sort -committerdate --format %(refname)%00%(objectname)%00%(*objectname) [1ms]
2025-10-08 19:21:25.423 [info] > git status -z -uall [35ms]
2025-10-08 19:21:30.444 [info] > git config --get commit.template [6ms]
2025-10-08 19:21:30.444 [info] > git for-each-ref --format=%(refname)%00%(upstream:short)%00%(objectname)%00%(upstream:track)%00%(upstream:remotename)%00%(upstream:remoteref) refs/heads/main refs/remotes/main [1ms]
2025-10-08 19:21:30.456 [info] > git for-each-ref --sort -committerdate --format %(refname)%00%(objectname)%00%(*objectname) [1ms]
2025-10-08 19:21:30.484 [info] > git status -z -uall [34ms]
2025-10-08 19:21:35.505 [info] > git config --get commit.template [5ms]
2025-10-08 19:21:35.506 [info] > git for-each-ref --format=%(refname)%00%(upstream:short)%00%(objectname)%00%(upstream:track)%00%(upstream:remotename)%00%(upstream:remoteref) refs/heads/main refs/remotes/main [1ms]
2025-10-08 19:21:35.517 [info] > git for-each-ref --sort -committerdate --format %(refname)%00%(objectname)%00%(*objectname) [1ms]
2025-10-08 19:21:35.545 [info] > git status -z -uall [34ms]
2025-10-08 19:21:40.564 [info] > git config --get commit.template [6ms]
2025-10-08 19:21:40.565 [info] > git for-each-ref --format=%(refname)%00%(upstream:short)%00%(objectname)%00%(upstream:track)%00%(upstream:remotename)%00%(upstream:remoteref) refs/heads/main refs/remotes/main [1ms]
2025-10-08 19:21:40.577 [info] > git for-each-ref --sort -committerdate --format %(refname)%00%(objectname)%00%(*objectname) [1ms]
2025-10-08 19:21:40.606 [info] > git status -z -uall [36ms]
2025-10-08 19:21:45.627 [info] > git config --get commit.template [6ms]
2025-10-08 19:21:45.628 [info] > git for-each-ref --format=%(refname)%00%(upstream:short)%00%(objectname)%00%(upstream:track)%00%(upstream:remotename)%00%(upstream:remoteref) refs/heads/main refs/remotes/main [1ms]
2025-10-08 19:21:45.639 [info] > git for-each-ref --sort -committerdate --format %(refname)%00%(objectname)%00%(*objectname) [1ms]
2025-10-08 19:21:45.668 [info] > git status -z -uall [35ms]
2025-10-08 19:21:50.689 [info] > git config --get commit.template [5ms]
2025-10-08 19:21:50.690 [info] > git for-each-ref --format=%(refname)%00%(upstream:short)%00%(objectname)%00%(upstream:track)%00%(upstream:remotename)%00%(upstream:remoteref) refs/heads/main refs/remotes/main [1ms]
2025-10-08 19:21:50.702 [info] > git for-each-ref --sort -committerdate --format %(refname)%00%(objectname)%00%(*objectname) [1ms]
2025-10-08 19:21:50.733 [info] > git status -z -uall [38ms]
2025-10-08 19:21:55.755 [info] > git config --get commit.template [6ms]
2025-10-08 19:21:55.756 [info] > git for-each-ref --format=%(refname)%00%(upstream:short)%00%(objectname)%00%(upstream:track)%00%(upstream:remotename)%00%(upstream:remoteref) refs/heads/main refs/remotes/main [2ms]
2025-10-08 19:21:55.767 [info] > git for-each-ref --sort -committerdate --format %(refname)%00%(objectname)%00%(*objectname) [1ms]
2025-10-08 19:21:55.796 [info] > git status -z -uall [35ms]
2025-10-08 19:22:00.818 [info] > git config --get commit.template [6ms]
2025-10-08 19:22:00.819 [info] > git for-each-ref --format=%(refname)%00%(upstream:short)%00%(objectname)%00%(upstream:track)%00%(upstream:remotename)%00%(upstream:remoteref) refs/heads/main refs/remotes/main [2ms]
2025-10-08 19:22:00.830 [info] > git for-each-ref --sort -committerdate --format %(refname)%00%(objectname)%00%(*objectname) [1ms]
2025-10-08 19:22:00.860 [info] > git status -z -uall [36ms]
2025-10-08 19:22:05.879 [info] > git config --get commit.template [6ms]
2025-10-08 19:22:05.880 [info] > git for-each-ref --format=%(refname)%00%(upstream:short)%00%(objectname)%00%(upstream:track)%00%(upstream:remotename)%00%(upstream:remoteref) refs/heads/main refs/remotes/main [1ms]
2025-10-08 19:22:05.892 [info] > git for-each-ref --sort -committerdate --format %(refname)%00%(objectname)%00%(*objectname) [1ms]
2025-10-08 19:22:05.920 [info] > git status -z -uall [36ms]
2025-10-08 19:22:31.039 [info] > git config --get commit.template [6ms]
2025-10-08 19:22:31.040 [info] > git for-each-ref --format=%(refname)%00%(upstream:short)%00%(objectname)%00%(upstream:track)%00%(upstream:remotename)%00%(upstream:remoteref) refs/heads/main refs/remotes/main [1ms]
2025-10-08 19:22:31.052 [info] > git for-each-ref --sort -committerdate --format %(refname)%00%(objectname)%00%(*objectname) [1ms]
2025-10-08 19:22:31.083 [info] > git status -z -uall [38ms]
2025-10-08 19:22:39.359 [info] > git config --get commit.template [8ms]
2025-10-08 19:22:39.360 [info] > git for-each-ref --format=%(refname)%00%(upstream:short)%00%(objectname)%00%(upstream:track)%00%(upstream:remotename)%00%(upstream:remoteref) refs/heads/main refs/remotes/main [2ms]
2025-10-08 19:22:39.374 [info] > git for-each-ref --sort -committerdate --format %(refname)%00%(objectname)%00%(*objectname) [1ms]
2025-10-08 19:22:39.406 [info] > git status -z -uall [40ms]
2025-10-08 19:22:44.426 [info] > git config --get commit.template [6ms]
2025-10-08 19:22:44.431 [info] > git for-each-ref --format=%(refname)%00%(upstream:short)%00%(objectname)%00%(upstream:track)%00%(upstream:remotename)%00%(upstream:remoteref) refs/heads/main refs/remotes/main [5ms]
2025-10-08 19:22:44.444 [info] > git for-each-ref --sort -committerdate --format %(refname)%00%(objectname)%00%(*objectname) [2ms]
