2025-10-06 16:38:54.644 [info] [main] Log level: Info
2025-10-06 16:38:54.644 [info] [main] Validating found git in: "git"
2025-10-06 16:38:54.644 [info] [main] Using git "2.51.0" from "git"
2025-10-06 16:38:54.644 [info] [Model][doInitialScan] Initial repository scan started
2025-10-06 16:38:54.644 [info] > git rev-parse --show-toplevel [6ms]
2025-10-06 16:38:54.644 [info] > git rev-parse --git-dir --git-common-dir --show-superproject-working-tree [8ms]
2025-10-06 16:38:54.644 [info] [Model][openRepository] Opened repository (path): /home/blueflowers/dotfiles
2025-10-06 16:38:54.644 [info] [Model][openRepository] Opened repository (real path): /home/blueflowers/dotfiles
2025-10-06 16:38:54.644 [info] [Model][openRepository] Opened repository (kind): repository
2025-10-06 16:38:54.644 [info] > git config --get commit.template [3ms]
2025-10-06 16:38:54.644 [info] > git rev-parse --show-toplevel [2ms]
2025-10-06 16:38:54.644 [info] > git for-each-ref --format=%(refname)%00%(upstream:short)%00%(objectname)%00%(upstream:track)%00%(upstream:remotename)%00%(upstream:remoteref) refs/heads/main refs/remotes/main [3ms]
2025-10-06 16:38:54.644 [info] > git rev-parse --show-toplevel [2ms]
2025-10-06 16:38:54.644 [info] [Model][doInitialScan] Initial repository scan completed - repositories (1), closed repositories (0), parent repositories (0), unsafe repositories (0)
2025-10-06 16:38:54.645 [info] > git for-each-ref --sort -committerdate --format %(refname)%00%(objectname)%00%(*objectname) [20ms]
2025-10-06 16:38:54.666 [info] > git status -z -uall [44ms]
2025-10-06 16:38:54.704 [info] > git for-each-ref --format=%(refname)%00%(upstream:short)%00%(objectname)%00%(upstream:track)%00%(upstream:remotename)%00%(upstream:remoteref) refs/heads/main refs/remotes/main [19ms]
2025-10-06 16:38:54.738 [info] > git config --get --local branch.main.vscode-merge-base [31ms]
2025-10-06 16:38:54.739 [warning] [Git][config] git config failed: Failed to execute git
2025-10-06 16:38:54.742 [info] > git config --get commit.template [39ms]
2025-10-06 16:38:54.747 [info] > git reflog main --grep-reflog=branch: Created from *. [5ms]
2025-10-06 16:38:54.750 [info] > git for-each-ref --format=%(refname)%00%(upstream:short)%00%(objectname)%00%(upstream:track)%00%(upstream:remotename)%00%(upstream:remoteref) refs/heads/main refs/remotes/main [4ms]
2025-10-06 16:38:54.751 [info] > git symbolic-ref --short refs/remotes/origin/HEAD [1ms]
2025-10-06 16:38:54.751 [info] fatal: ref refs/remotes/origin/HEAD is not a symbolic ref
2025-10-06 16:38:54.751 [warning] [Repository][getDefaultBranch] Failed to get default branch details: Failed to execute git.
2025-10-06 16:38:54.760 [info] > git merge-base refs/heads/main refs/remotes/origin/main [6ms]
2025-10-06 16:38:54.763 [info] > git for-each-ref --sort -committerdate --format %(refname)%00%(objectname)%00%(*objectname) [4ms]
2025-10-06 16:38:54.768 [info] > git diff --name-status -z --diff-filter=ADMR 048a0cad37ff388cd1fcd0e90a4140bcbc6812fc...refs/remotes/origin/main [5ms]
2025-10-06 16:38:54.792 [info] > git status -z -uall [35ms]
2025-10-06 16:38:55.133 [info] > git show --textconv :.config/hypr/UserConfigs/UserKeybinds.conf [4ms]
2025-10-06 16:38:55.133 [info] > git ls-files --stage -- .config/hypr/UserConfigs/UserKeybinds.conf [1ms]
2025-10-06 16:38:55.137 [info] > git cat-file -s 54708da297ad4b1e21b71550403bebabf00c1a4a [1ms]
2025-10-06 16:38:55.157 [info] > git check-ignore -v -z --stdin [2ms]
2025-10-06 16:38:55.159 [info] > git blame --root --incremental 048a0cad37ff388cd1fcd0e90a4140bcbc6812fc -- .config/hypr/UserConfigs/UserKeybinds.conf [7ms]
2025-10-06 16:38:57.758 [info] > git check-ignore -v -z --stdin [1ms]
2025-10-06 16:38:58.568 [info] > git config --get commit.template [3ms]
2025-10-06 16:38:58.569 [info] > git for-each-ref --format=%(refname)%00%(upstream:short)%00%(objectname)%00%(upstream:track)%00%(upstream:remotename)%00%(upstream:remoteref) refs/heads/main refs/remotes/main [1ms]
2025-10-06 16:38:58.575 [info] > git for-each-ref --sort -committerdate --format %(refname)%00%(objectname)%00%(*objectname) [1ms]
2025-10-06 16:38:58.603 [info] > git status -z -uall [32ms]
2025-10-06 16:38:58.932 [info] > git show --textconv :.config/hypr/hyprland.conf [3ms]
2025-10-06 16:38:58.933 [info] > git ls-files --stage -- .config/hypr/hyprland.conf [1ms]
2025-10-06 16:38:58.936 [info] > git cat-file -s 71f243e72b7bf7a85ad477c79e79158f10810c12 [1ms]
2025-10-06 16:39:03.614 [info] > git config --get commit.template [3ms]
2025-10-06 16:39:03.615 [info] > git for-each-ref --format=%(refname)%00%(upstream:short)%00%(objectname)%00%(upstream:track)%00%(upstream:remotename)%00%(upstream:remoteref) refs/heads/main refs/remotes/main [1ms]
2025-10-06 16:39:03.621 [info] > git for-each-ref --sort -committerdate --format %(refname)%00%(objectname)%00%(*objectname) [1ms]
2025-10-06 16:39:03.651 [info] > git status -z -uall [34ms]
2025-10-06 16:39:08.664 [info] > git config --get commit.template [3ms]
2025-10-06 16:39:08.665 [info] > git for-each-ref --format=%(refname)%00%(upstream:short)%00%(objectname)%00%(upstream:track)%00%(upstream:remotename)%00%(upstream:remoteref) refs/heads/main refs/remotes/main [2ms]
2025-10-06 16:39:08.671 [info] > git for-each-ref --sort -committerdate --format %(refname)%00%(objectname)%00%(*objectname) [1ms]
2025-10-06 16:39:08.700 [info] > git status -z -uall [33ms]
2025-10-06 16:39:13.714 [info] > git config --get commit.template [3ms]
2025-10-06 16:39:13.715 [info] > git for-each-ref --format=%(refname)%00%(upstream:short)%00%(objectname)%00%(upstream:track)%00%(upstream:remotename)%00%(upstream:remoteref) refs/heads/main refs/remotes/main [1ms]
2025-10-06 16:39:13.721 [info] > git for-each-ref --sort -committerdate --format %(refname)%00%(objectname)%00%(*objectname) [1ms]
2025-10-06 16:39:13.750 [info] > git status -z -uall [33ms]
2025-10-06 16:39:20.123 [info] > git config --get commit.template [4ms]
2025-10-06 16:39:20.124 [info] > git for-each-ref --format=%(refname)%00%(upstream:short)%00%(objectname)%00%(upstream:track)%00%(upstream:remotename)%00%(upstream:remoteref) refs/heads/main refs/remotes/main [1ms]
2025-10-06 16:39:20.131 [info] > git for-each-ref --sort -committerdate --format %(refname)%00%(objectname)%00%(*objectname) [1ms]
2025-10-06 16:39:20.165 [info] > git status -z -uall [38ms]
2025-10-06 16:39:25.176 [info] > git config --get commit.template [2ms]
2025-10-06 16:39:25.177 [info] > git for-each-ref --format=%(refname)%00%(upstream:short)%00%(objectname)%00%(upstream:track)%00%(upstream:remotename)%00%(upstream:remoteref) refs/heads/main refs/remotes/main [1ms]
2025-10-06 16:39:25.184 [info] > git for-each-ref --sort -committerdate --format %(refname)%00%(objectname)%00%(*objectname) [1ms]
2025-10-06 16:39:25.211 [info] > git status -z -uall [31ms]
2025-10-06 16:39:30.225 [info] > git config --get commit.template [3ms]
2025-10-06 16:39:30.225 [info] > git for-each-ref --format=%(refname)%00%(upstream:short)%00%(objectname)%00%(upstream:track)%00%(upstream:remotename)%00%(upstream:remoteref) refs/heads/main refs/remotes/main [1ms]
2025-10-06 16:39:30.232 [info] > git for-each-ref --sort -committerdate --format %(refname)%00%(objectname)%00%(*objectname) [1ms]
2025-10-06 16:39:30.260 [info] > git status -z -uall [32ms]
2025-10-06 16:39:34.747 [info] > git blame --root --incremental 048a0cad37ff388cd1fcd0e90a4140bcbc6812fc -- .config/hypr/hyprland.conf [6ms]
2025-10-06 16:39:35.270 [info] > git config --get commit.template [3ms]
2025-10-06 16:39:35.271 [info] > git for-each-ref --format=%(refname)%00%(upstream:short)%00%(objectname)%00%(upstream:track)%00%(upstream:remotename)%00%(upstream:remoteref) refs/heads/main refs/remotes/main [1ms]
2025-10-06 16:39:35.277 [info] > git for-each-ref --sort -committerdate --format %(refname)%00%(objectname)%00%(*objectname) [1ms]
2025-10-06 16:39:35.305 [info] > git status -z -uall [32ms]
2025-10-06 16:39:40.315 [info] > git config --get commit.template [3ms]
2025-10-06 16:39:40.316 [info] > git for-each-ref --format=%(refname)%00%(upstream:short)%00%(objectname)%00%(upstream:track)%00%(upstream:remotename)%00%(upstream:remoteref) refs/heads/main refs/remotes/main [1ms]
2025-10-06 16:39:40.322 [info] > git for-each-ref --sort -committerdate --format %(refname)%00%(objectname)%00%(*objectname) [1ms]
2025-10-06 16:39:40.351 [info] > git status -z -uall [32ms]
2025-10-06 16:39:45.361 [info] > git config --get commit.template [3ms]
2025-10-06 16:39:45.362 [info] > git for-each-ref --format=%(refname)%00%(upstream:short)%00%(objectname)%00%(upstream:track)%00%(upstream:remotename)%00%(upstream:remoteref) refs/heads/main refs/remotes/main [1ms]
2025-10-06 16:39:45.368 [info] > git for-each-ref --sort -committerdate --format %(refname)%00%(objectname)%00%(*objectname) [1ms]
2025-10-06 16:39:45.397 [info] > git status -z -uall [32ms]
2025-10-06 16:39:50.810 [info] > git config --get commit.template [4ms]
2025-10-06 16:39:50.811 [info] > git for-each-ref --format=%(refname)%00%(upstream:short)%00%(objectname)%00%(upstream:track)%00%(upstream:remotename)%00%(upstream:remoteref) refs/heads/main refs/remotes/main [2ms]
2025-10-06 16:39:50.817 [info] > git for-each-ref --sort -committerdate --format %(refname)%00%(objectname)%00%(*objectname) [1ms]
2025-10-06 16:39:50.845 [info] > git status -z -uall [32ms]
2025-10-06 16:39:58.890 [info] > git config --get commit.template [4ms]
2025-10-06 16:39:58.891 [info] > git for-each-ref --format=%(refname)%00%(upstream:short)%00%(objectname)%00%(upstream:track)%00%(upstream:remotename)%00%(upstream:remoteref) refs/heads/main refs/remotes/main [1ms]
2025-10-06 16:39:58.897 [info] > git for-each-ref --sort -committerdate --format %(refname)%00%(objectname)%00%(*objectname) [1ms]
2025-10-06 16:39:58.927 [info] > git status -z -uall [33ms]
2025-10-06 16:40:03.938 [info] > git config --get commit.template [3ms]
2025-10-06 16:40:03.939 [info] > git for-each-ref --format=%(refname)%00%(upstream:short)%00%(objectname)%00%(upstream:track)%00%(upstream:remotename)%00%(upstream:remoteref) refs/heads/main refs/remotes/main [1ms]
2025-10-06 16:40:03.946 [info] > git for-each-ref --sort -committerdate --format %(refname)%00%(objectname)%00%(*objectname) [1ms]
2025-10-06 16:40:03.974 [info] > git status -z -uall [32ms]
2025-10-06 16:40:10.841 [info] > git config --get commit.template [5ms]
2025-10-06 16:40:10.842 [info] > git for-each-ref --format=%(refname)%00%(upstream:short)%00%(objectname)%00%(upstream:track)%00%(upstream:remotename)%00%(upstream:remoteref) refs/heads/main refs/remotes/main [1ms]
2025-10-06 16:40:10.850 [info] > git for-each-ref --sort -committerdate --format %(refname)%00%(objectname)%00%(*objectname) [1ms]
2025-10-06 16:40:10.882 [info] > git status -z -uall [36ms]
2025-10-06 16:40:24.609 [info] > git config --get commit.template [4ms]
2025-10-06 16:40:24.609 [info] > git for-each-ref --format=%(refname)%00%(upstream:short)%00%(objectname)%00%(upstream:track)%00%(upstream:remotename)%00%(upstream:remoteref) refs/heads/main refs/remotes/main [1ms]
2025-10-06 16:40:24.617 [info] > git for-each-ref --sort -committerdate --format %(refname)%00%(objectname)%00%(*objectname) [1ms]
2025-10-06 16:40:24.650 [info] > git status -z -uall [37ms]
2025-10-06 16:40:33.097 [info] > git config --get commit.template [3ms]
2025-10-06 16:40:33.098 [info] > git for-each-ref --format=%(refname)%00%(upstream:short)%00%(objectname)%00%(upstream:track)%00%(upstream:remotename)%00%(upstream:remoteref) refs/heads/main refs/remotes/main [1ms]
2025-10-06 16:40:33.105 [info] > git for-each-ref --sort -committerdate --format %(refname)%00%(objectname)%00%(*objectname) [1ms]
2025-10-06 16:40:33.137 [info] > git status -z -uall [36ms]
2025-10-06 16:40:36.381 [info] > git check-ignore -v -z --stdin [2ms]
2025-10-06 16:40:36.417 [info] > git log --format=%H%n%aN%n%aE%n%at%n%ct%n%P%n%D%n%B -z --shortstat --diff-merges=first-parent -n50 --skip=0 --topo-order --decorate=full --stdin [629ms]
2025-10-06 16:40:38.147 [info] > git config --get commit.template [3ms]
2025-10-06 16:40:38.148 [info] > git for-each-ref --format=%(refname)%00%(upstream:short)%00%(objectname)%00%(upstream:track)%00%(upstream:remotename)%00%(upstream:remoteref) refs/heads/main refs/remotes/main [1ms]
2025-10-06 16:40:38.154 [info] > git for-each-ref --sort -committerdate --format %(refname)%00%(objectname)%00%(*objectname) [1ms]
2025-10-06 16:40:38.184 [info] > git status -z -uall [33ms]
2025-10-06 16:40:39.718 [info] > git check-ignore -v -z --stdin [2ms]
2025-10-06 16:40:43.196 [info] > git config --get commit.template [3ms]
2025-10-06 16:40:43.197 [info] > git for-each-ref --format=%(refname)%00%(upstream:short)%00%(objectname)%00%(upstream:track)%00%(upstream:remotename)%00%(upstream:remoteref) refs/heads/main refs/remotes/main [1ms]
2025-10-06 16:40:43.204 [info] > git for-each-ref --sort -committerdate --format %(refname)%00%(objectname)%00%(*objectname) [2ms]
2025-10-06 16:40:43.233 [info] > git status -z -uall [33ms]
2025-10-06 16:40:45.790 [info] > git check-ignore -v -z --stdin [1ms]
2025-10-06 16:40:48.686 [info] > git config --get commit.template [4ms]
2025-10-06 16:40:48.687 [info] > git for-each-ref --format=%(refname)%00%(upstream:short)%00%(objectname)%00%(upstream:track)%00%(upstream:remotename)%00%(upstream:remoteref) refs/heads/main refs/remotes/main [2ms]
2025-10-06 16:40:48.693 [info] > git for-each-ref --sort -committerdate --format %(refname)%00%(objectname)%00%(*objectname) [1ms]
2025-10-06 16:40:48.722 [info] > git status -z -uall [33ms]
2025-10-06 16:40:51.427 [info] > git check-ignore -v -z --stdin [1ms]
2025-10-06 16:40:53.731 [info] > git config --get commit.template [3ms]
2025-10-06 16:40:53.732 [info] > git for-each-ref --format=%(refname)%00%(upstream:short)%00%(objectname)%00%(upstream:track)%00%(upstream:remotename)%00%(upstream:remoteref) refs/heads/main refs/remotes/main [1ms]
2025-10-06 16:40:53.738 [info] > git for-each-ref --sort -committerdate --format %(refname)%00%(objectname)%00%(*objectname) [1ms]
2025-10-06 16:40:53.767 [info] > git status -z -uall [32ms]
2025-10-06 16:40:54.417 [info] > git check-ignore -v -z --stdin [2ms]
2025-10-06 16:40:58.615 [info] > git check-ignore -v -z --stdin [2ms]
2025-10-06 16:40:58.777 [info] > git config --get commit.template [3ms]
2025-10-06 16:40:58.778 [info] > git for-each-ref --format=%(refname)%00%(upstream:short)%00%(objectname)%00%(upstream:track)%00%(upstream:remotename)%00%(upstream:remoteref) refs/heads/main refs/remotes/main [1ms]
2025-10-06 16:40:58.785 [info] > git for-each-ref --sort -committerdate --format %(refname)%00%(objectname)%00%(*objectname) [1ms]
2025-10-06 16:40:58.816 [info] > git status -z -uall [35ms]
2025-10-06 16:40:59.238 [info] > git check-ignore -v -z --stdin [1ms]
2025-10-06 16:41:03.827 [info] > git config --get commit.template [3ms]
2025-10-06 16:41:03.828 [info] > git for-each-ref --format=%(refname)%00%(upstream:short)%00%(objectname)%00%(upstream:track)%00%(upstream:remotename)%00%(upstream:remoteref) refs/heads/main refs/remotes/main [2ms]
2025-10-06 16:41:03.834 [info] > git for-each-ref --sort -committerdate --format %(refname)%00%(objectname)%00%(*objectname) [1ms]
2025-10-06 16:41:03.862 [info] > git status -z -uall [31ms]
