2025-10-08 09:36:47.826 [info] Reading sessions from keychain...
2025-10-08 09:36:47.826 [info] Got stored sessions!
2025-10-08 09:36:47.826 [info] Got 1 verified sessions.
2025-10-08 09:36:47.826 [info] Getting sessions for all scopes...
2025-10-08 09:36:47.826 [info] Got 1 sessions for ...
2025-10-08 09:36:47.826 [info] Getting sessions for all scopes...
2025-10-08 09:36:47.826 [info] Got 1 sessions for ...
2025-10-08 09:36:47.826 [info] Getting sessions for all scopes...
2025-10-08 09:36:47.826 [info] Got 1 sessions for ...
2025-10-08 09:36:47.826 [info] Getting sessions for all scopes...
2025-10-08 09:36:47.826 [info] Got 1 sessions for ...
2025-10-08 09:36:47.826 [info] Getting sessions for all scopes...
2025-10-08 09:36:47.826 [info] Got 1 sessions for ...
2025-10-08 09:36:47.826 [info] Getting sessions for all scopes...
2025-10-08 09:36:47.826 [info] Got 1 sessions for ...
2025-10-08 09:36:47.826 [info] Getting sessions for all scopes...
2025-10-08 09:36:47.826 [info] Got 1 sessions for ...
2025-10-08 09:36:47.826 [info] Getting sessions for all scopes...
2025-10-08 09:36:47.826 [info] Got 1 sessions for ...
2025-10-08 09:36:47.826 [info] Getting sessions for all scopes...
2025-10-08 09:36:47.826 [info] Got 1 sessions for ...
2025-10-08 09:36:47.826 [info] Getting sessions for all scopes...
2025-10-08 09:36:47.826 [info] Got 1 sessions for ...
2025-10-08 09:36:47.826 [info] Getting sessions for all scopes...
2025-10-08 09:36:47.826 [info] Got 1 sessions for ...
2025-10-08 09:36:47.826 [info] Getting sessions for all scopes...
2025-10-08 09:36:47.826 [info] Got 1 sessions for ...
2025-10-08 09:36:47.826 [info] Getting sessions for all scopes...
2025-10-08 09:36:47.826 [info] Got 1 sessions for ...
2025-10-08 09:36:47.936 [info] Getting sessions for all scopes...
2025-10-08 09:36:47.936 [info] Got 1 sessions for ...
2025-10-08 09:36:50.029 [info] Getting sessions for all scopes...
2025-10-08 09:36:50.029 [info] Got 1 sessions for ...
2025-10-08 09:36:50.070 [info] Getting sessions for all scopes...
2025-10-08 09:36:50.070 [info] Got 1 sessions for ...
2025-10-08 09:36:50.070 [info] Getting sessions for all scopes...
2025-10-08 09:36:50.070 [info] Got 1 sessions for ...
2025-10-08 09:36:50.071 [info] Getting sessions for all scopes...
2025-10-08 09:36:50.071 [info] Got 1 sessions for ...
2025-10-08 09:36:50.133 [info] Getting sessions for all scopes...
2025-10-08 09:36:50.133 [info] Got 1 sessions for ...
2025-10-08 09:36:50.133 [info] Getting sessions for all scopes...
2025-10-08 09:36:50.133 [info] Got 1 sessions for ...
2025-10-08 09:36:50.613 [info] Getting sessions for read:user,repo,user:email,workflow...
2025-10-08 09:36:50.613 [info] Got 0 sessions for read:user,repo,user:email,workflow...
2025-10-08 09:36:50.619 [info] Getting sessions for all scopes...
2025-10-08 09:36:50.619 [info] Got 1 sessions for ...
2025-10-08 09:36:50.636 [info] Getting sessions for all scopes...
2025-10-08 09:36:50.636 [info] Got 1 sessions for ...
2025-10-08 09:36:50.636 [info] Getting sessions for read:user,repo,user:email,workflow...
2025-10-08 09:36:50.636 [info] Got 0 sessions for read:user,repo,user:email,workflow...
2025-10-08 09:36:50.640 [info] Getting sessions for user:email...
2025-10-08 09:36:50.640 [info] Got 1 sessions for user:email...
2025-10-08 09:36:50.640 [info] Getting sessions for read:user,repo,user:email,workflow...
2025-10-08 09:36:50.640 [info] Got 0 sessions for read:user,repo,user:email,workflow...
2025-10-08 09:36:50.647 [info] Getting sessions for read:user...
2025-10-08 09:36:50.647 [info] Got 0 sessions for read:user...
2025-10-08 09:36:50.650 [info] Getting sessions for all scopes...
2025-10-08 09:36:50.650 [info] Got 1 sessions for ...
2025-10-08 09:36:50.660 [info] Getting sessions for user:email...
2025-10-08 09:36:50.660 [info] Got 1 sessions for user:email...
2025-10-08 09:36:50.668 [info] Getting sessions for all scopes...
2025-10-08 09:36:50.668 [info] Got 1 sessions for ...
2025-10-08 09:36:50.800 [info] fetching: Electron fetch failed with status: 429 
2025-10-08 09:36:50.829 [info] Getting sessions for read:user,repo,user:email,workflow...
2025-10-08 09:36:50.829 [info] Got 0 sessions for read:user,repo,user:email,workflow...
2025-10-08 09:36:50.832 [info] Getting sessions for read:user,repo,user:email,workflow...
2025-10-08 09:36:50.832 [info] Got 0 sessions for read:user,repo,user:email,workflow...
2025-10-08 09:36:50.834 [info] Getting sessions for user:email...
2025-10-08 09:36:50.834 [info] Got 1 sessions for user:email...
2025-10-08 09:36:50.835 [info] Getting sessions for all scopes...
2025-10-08 09:36:50.835 [info] Got 1 sessions for ...
2025-10-08 09:36:50.836 [info] Getting sessions for read:user,repo,user:email,workflow...
2025-10-08 09:36:50.836 [info] Got 0 sessions for read:user,repo,user:email,workflow...
2025-10-08 09:36:50.836 [info] Getting sessions for user:email...
2025-10-08 09:36:50.836 [info] Got 1 sessions for user:email...
2025-10-08 09:36:50.875 [info] Getting sessions for all scopes...
2025-10-08 09:36:50.875 [info] Got 1 sessions for ...
2025-10-08 09:36:50.875 [info] Getting sessions for read:user,repo,user:email,workflow...
2025-10-08 09:36:50.875 [info] Got 0 sessions for read:user,repo,user:email,workflow...
2025-10-08 09:36:50.876 [info] Getting sessions for user:email...
2025-10-08 09:36:50.876 [info] Got 1 sessions for user:email...
2025-10-08 09:36:51.242 [info] Getting sessions for all scopes...
2025-10-08 09:36:51.242 [info] Got 1 sessions for ...
2025-10-08 09:36:51.243 [info] Getting sessions for read:user,repo,user:email,workflow...
2025-10-08 09:36:51.243 [info] Got 0 sessions for read:user,repo,user:email,workflow...
2025-10-08 09:36:51.244 [info] Getting sessions for user:email...
2025-10-08 09:36:51.244 [info] Got 1 sessions for user:email...
2025-10-08 09:36:51.262 [info] Getting sessions for all scopes...
2025-10-08 09:36:51.262 [info] Got 1 sessions for ...
2025-10-08 09:36:51.273 [info] Getting sessions for all scopes...
2025-10-08 09:36:51.273 [info] Got 1 sessions for ...
2025-10-08 09:36:51.273 [info] Getting sessions for read:user,repo,user:email,workflow...
2025-10-08 09:36:51.273 [info] Got 0 sessions for read:user,repo,user:email,workflow...
2025-10-08 09:36:51.279 [info] Getting sessions for user:email...
2025-10-08 09:36:51.279 [info] Got 1 sessions for user:email...
2025-10-08 09:36:51.279 [info] Getting sessions for read:user,repo,user:email,workflow...
2025-10-08 09:36:51.279 [info] Got 0 sessions for read:user,repo,user:email,workflow...
2025-10-08 09:36:51.280 [info] Getting sessions for all scopes...
2025-10-08 09:36:51.280 [info] Got 1 sessions for ...
2025-10-08 09:36:51.281 [info] Getting sessions for read:user,repo,user:email,workflow...
2025-10-08 09:36:51.281 [info] Got 0 sessions for read:user,repo,user:email,workflow...
2025-10-08 09:36:51.281 [info] Getting sessions for user:email...
2025-10-08 09:36:51.281 [info] Got 1 sessions for user:email...
2025-10-08 09:36:51.323 [info] Getting sessions for all scopes...
2025-10-08 09:36:51.323 [info] Got 1 sessions for ...
2025-10-08 09:36:51.323 [info] Getting sessions for all scopes...
2025-10-08 09:36:51.323 [info] Got 1 sessions for ...
2025-10-08 09:36:51.326 [info] Getting sessions for read:user,repo,user:email,workflow...
2025-10-08 09:36:51.326 [info] Got 0 sessions for read:user,repo,user:email,workflow...
2025-10-08 09:36:51.326 [info] Getting sessions for user:email...
2025-10-08 09:36:51.326 [info] Got 1 sessions for user:email...
2025-10-08 09:36:51.326 [info] Getting sessions for read:user,repo,user:email,workflow...
2025-10-08 09:36:51.326 [info] Got 0 sessions for read:user,repo,user:email,workflow...
2025-10-08 09:36:51.330 [info] Getting sessions for all scopes...
2025-10-08 09:36:51.330 [info] Got 1 sessions for ...
2025-10-08 09:36:51.332 [info] Getting sessions for all scopes...
2025-10-08 09:36:51.332 [info] Got 1 sessions for ...
2025-10-08 09:36:51.332 [info] Getting sessions for all scopes...
2025-10-08 09:36:51.332 [info] Got 1 sessions for ...
2025-10-08 09:36:51.334 [info] Getting sessions for read:user,repo,user:email,workflow...
2025-10-08 09:36:51.334 [info] Got 0 sessions for read:user,repo,user:email,workflow...
2025-10-08 09:36:51.334 [info] Getting sessions for user:email...
2025-10-08 09:36:51.334 [info] Got 1 sessions for user:email...
2025-10-08 09:36:51.483 [info] fetching: Node fetch failed with status: 429 Too Many Requests
2025-10-08 09:36:52.142 [info] Getting sessions for all scopes...
2025-10-08 09:36:52.142 [info] Got 1 sessions for ...
2025-10-08 09:36:52.142 [info] Getting sessions for read:user,repo,user:email,workflow...
2025-10-08 09:36:52.142 [info] Got 0 sessions for read:user,repo,user:email,workflow...
2025-10-08 09:36:52.143 [info] Getting sessions for user:email...
2025-10-08 09:36:52.143 [info] Got 1 sessions for user:email...
2025-10-08 09:36:52.144 [info] Getting sessions for all scopes...
2025-10-08 09:36:52.144 [info] Got 1 sessions for ...
2025-10-08 09:36:52.144 [info] Getting sessions for read:user,repo,user:email,workflow...
2025-10-08 09:36:52.144 [info] Got 0 sessions for read:user,repo,user:email,workflow...
2025-10-08 09:36:52.145 [info] Getting sessions for user:email...
2025-10-08 09:36:52.145 [info] Got 1 sessions for user:email...
2025-10-08 09:36:52.164 [info] fetching: Node http/s failed with status: 429 Too Many Requests
2025-10-08 09:36:52.716 [info] Getting sessions for all scopes...
2025-10-08 09:36:52.716 [info] Got 1 sessions for ...
2025-10-08 10:30:43.965 [info] Getting sessions for read:user,repo,user:email,workflow...
2025-10-08 10:30:43.966 [info] Got 0 sessions for read:user,repo,user:email,workflow...
2025-10-08 10:30:43.966 [info] Getting sessions for all scopes...
2025-10-08 10:30:43.966 [info] Got 1 sessions for ...
2025-10-08 10:30:43.966 [info] Getting sessions for read:user...
2025-10-08 10:30:43.966 [info] Got 0 sessions for read:user...
2025-10-08 10:30:43.966 [info] Getting sessions for read:user,repo,user:email,workflow...
2025-10-08 10:30:43.966 [info] Got 0 sessions for read:user,repo,user:email,workflow...
2025-10-08 10:30:43.967 [info] Getting sessions for user:email...
2025-10-08 10:30:43.967 [info] Got 1 sessions for user:email...
2025-10-08 10:30:43.967 [info] Getting sessions for user:email...
2025-10-08 10:30:43.967 [info] Got 1 sessions for user:email...
2025-10-08 10:30:44.513 [info] Getting sessions for all scopes...
2025-10-08 10:30:44.513 [info] Got 1 sessions for ...
2025-10-08 10:30:44.514 [info] Getting sessions for all scopes...
2025-10-08 10:30:44.514 [info] Got 1 sessions for ...
2025-10-08 10:30:44.515 [info] Getting sessions for read:user,repo,user:email,workflow...
2025-10-08 10:30:44.515 [info] Got 0 sessions for read:user,repo,user:email,workflow...
2025-10-08 10:30:44.516 [info] Getting sessions for user:email...
2025-10-08 10:30:44.516 [info] Got 1 sessions for user:email...
2025-10-08 10:30:44.516 [info] Getting sessions for read:user,repo,user:email,workflow...
2025-10-08 10:30:44.516 [info] Got 0 sessions for read:user,repo,user:email,workflow...
2025-10-08 10:30:44.516 [info] Getting sessions for all scopes...
2025-10-08 10:30:44.516 [info] Got 1 sessions for ...
2025-10-08 10:30:44.517 [info] Getting sessions for read:user,repo,user:email,workflow...
2025-10-08 10:30:44.517 [info] Got 0 sessions for read:user,repo,user:email,workflow...
2025-10-08 10:30:44.517 [info] Getting sessions for user:email...
2025-10-08 10:30:44.517 [info] Got 1 sessions for user:email...
2025-10-08 10:30:44.519 [info] Getting sessions for all scopes...
2025-10-08 10:30:44.519 [info] Got 1 sessions for ...
2025-10-08 10:30:44.519 [info] Getting sessions for all scopes...
2025-10-08 10:30:44.519 [info] Got 1 sessions for ...
2025-10-08 10:30:44.519 [info] Getting sessions for read:user,repo,user:email,workflow...
2025-10-08 10:30:44.519 [info] Got 0 sessions for read:user,repo,user:email,workflow...
2025-10-08 10:30:44.520 [info] Getting sessions for user:email...
2025-10-08 10:30:44.520 [info] Got 1 sessions for user:email...
2025-10-08 10:30:44.520 [info] Getting sessions for read:user,repo,user:email,workflow...
2025-10-08 10:30:44.520 [info] Got 0 sessions for read:user,repo,user:email,workflow...
2025-10-08 10:30:44.522 [info] Getting sessions for all scopes...
2025-10-08 10:30:44.522 [info] Got 1 sessions for ...
2025-10-08 10:30:44.523 [info] Getting sessions for read:user,repo,user:email,workflow...
2025-10-08 10:30:44.523 [info] Got 0 sessions for read:user,repo,user:email,workflow...
2025-10-08 10:30:44.523 [info] Getting sessions for user:email...
2025-10-08 10:30:44.523 [info] Got 1 sessions for user:email...
2025-10-08 10:52:39.137 [info] Getting sessions for all scopes...
2025-10-08 10:52:39.137 [info] Got 1 sessions for ...
2025-10-08 10:52:39.142 [info] Getting sessions for read:user,repo,user:email,workflow...
2025-10-08 10:52:39.142 [info] Got 0 sessions for read:user,repo,user:email,workflow...
2025-10-08 10:52:39.143 [info] Getting sessions for user:email...
2025-10-08 10:52:39.143 [info] Got 1 sessions for user:email...
2025-10-08 10:52:39.707 [info] Getting sessions for all scopes...
2025-10-08 10:52:39.707 [info] Got 1 sessions for ...
2025-10-08 10:52:39.707 [info] Getting sessions for all scopes...
2025-10-08 10:52:39.707 [info] Got 1 sessions for ...
2025-10-08 10:52:39.709 [info] Getting sessions for read:user,repo,user:email,workflow...
2025-10-08 10:52:39.709 [info] Got 0 sessions for read:user,repo,user:email,workflow...
2025-10-08 10:52:39.710 [info] Getting sessions for user:email...
2025-10-08 10:52:39.710 [info] Got 1 sessions for user:email...
2025-10-08 10:52:39.710 [info] Getting sessions for read:user,repo,user:email,workflow...
2025-10-08 10:52:39.710 [info] Got 0 sessions for read:user,repo,user:email,workflow...
2025-10-08 10:52:39.711 [info] Getting sessions for all scopes...
2025-10-08 10:52:39.711 [info] Got 1 sessions for ...
2025-10-08 10:52:39.712 [info] Getting sessions for read:user,repo,user:email,workflow...
2025-10-08 10:52:39.712 [info] Got 0 sessions for read:user,repo,user:email,workflow...
2025-10-08 10:52:39.712 [info] Getting sessions for user:email...
2025-10-08 10:52:39.712 [info] Got 1 sessions for user:email...
2025-10-08 10:52:39.714 [info] Getting sessions for all scopes...
2025-10-08 10:52:39.714 [info] Got 1 sessions for ...
2025-10-08 10:52:39.714 [info] Getting sessions for all scopes...
2025-10-08 10:52:39.714 [info] Got 1 sessions for ...
2025-10-08 10:52:39.715 [info] Getting sessions for read:user,repo,user:email,workflow...
2025-10-08 10:52:39.715 [info] Got 0 sessions for read:user,repo,user:email,workflow...
2025-10-08 10:52:39.715 [info] Getting sessions for user:email...
2025-10-08 10:52:39.715 [info] Got 1 sessions for user:email...
2025-10-08 10:52:39.715 [info] Getting sessions for read:user,repo,user:email,workflow...
2025-10-08 10:52:39.715 [info] Got 0 sessions for read:user,repo,user:email,workflow...
2025-10-08 10:52:39.718 [info] Getting sessions for all scopes...
2025-10-08 10:52:39.718 [info] Got 1 sessions for ...
2025-10-08 10:52:39.719 [info] Getting sessions for read:user,repo,user:email,workflow...
2025-10-08 10:52:39.719 [info] Got 0 sessions for read:user,repo,user:email,workflow...
2025-10-08 10:52:39.719 [info] Getting sessions for user:email...
2025-10-08 10:52:39.719 [info] Got 1 sessions for user:email...
2025-10-08 10:55:57.484 [info] Getting sessions for read:user,repo,user:email,workflow...
2025-10-08 10:55:57.484 [info] Got 0 sessions for read:user,repo,user:email,workflow...
2025-10-08 10:55:57.485 [info] Getting sessions for read:user...
2025-10-08 10:55:57.485 [info] Got 0 sessions for read:user...
2025-10-08 10:55:57.485 [info] Getting sessions for user:email...
2025-10-08 10:55:57.485 [info] Got 1 sessions for user:email...
2025-10-08 11:14:26.670 [info] Getting sessions for all scopes...
2025-10-08 11:14:26.670 [info] Got 1 sessions for ...
2025-10-08 11:14:26.671 [info] Getting sessions for read:user,repo,user:email,workflow...
2025-10-08 11:14:26.671 [info] Got 0 sessions for read:user,repo,user:email,workflow...
2025-10-08 11:14:26.671 [info] Getting sessions for user:email...
2025-10-08 11:14:26.671 [info] Got 1 sessions for user:email...
2025-10-08 11:14:27.488 [info] Getting sessions for all scopes...
2025-10-08 11:14:27.488 [info] Got 1 sessions for ...
2025-10-08 11:14:27.488 [info] Getting sessions for all scopes...
2025-10-08 11:14:27.488 [info] Got 1 sessions for ...
2025-10-08 11:14:27.489 [info] Getting sessions for read:user,repo,user:email,workflow...
2025-10-08 11:14:27.489 [info] Got 0 sessions for read:user,repo,user:email,workflow...
2025-10-08 11:14:27.489 [info] Getting sessions for user:email...
2025-10-08 11:14:27.489 [info] Got 1 sessions for user:email...
2025-10-08 11:14:27.489 [info] Getting sessions for read:user,repo,user:email,workflow...
2025-10-08 11:14:27.489 [info] Got 0 sessions for read:user,repo,user:email,workflow...
2025-10-08 11:14:27.490 [info] Getting sessions for all scopes...
2025-10-08 11:14:27.490 [info] Got 1 sessions for ...
2025-10-08 11:14:27.491 [info] Getting sessions for read:user,repo,user:email,workflow...
2025-10-08 11:14:27.491 [info] Got 0 sessions for read:user,repo,user:email,workflow...
2025-10-08 11:14:27.491 [info] Getting sessions for user:email...
2025-10-08 11:14:27.491 [info] Got 1 sessions for user:email...
2025-10-08 11:14:27.492 [info] Getting sessions for all scopes...
2025-10-08 11:14:27.492 [info] Got 1 sessions for ...
2025-10-08 11:14:27.492 [info] Getting sessions for all scopes...
2025-10-08 11:14:27.492 [info] Got 1 sessions for ...
2025-10-08 11:14:27.493 [info] Getting sessions for read:user,repo,user:email,workflow...
2025-10-08 11:14:27.493 [info] Got 0 sessions for read:user,repo,user:email,workflow...
2025-10-08 11:14:27.493 [info] Getting sessions for user:email...
2025-10-08 11:14:27.493 [info] Got 1 sessions for user:email...
2025-10-08 11:14:27.494 [info] Getting sessions for read:user,repo,user:email,workflow...
2025-10-08 11:14:27.494 [info] Got 0 sessions for read:user,repo,user:email,workflow...
2025-10-08 11:14:27.509 [info] Getting sessions for all scopes...
2025-10-08 11:14:27.509 [info] Got 1 sessions for ...
2025-10-08 11:14:27.510 [info] Getting sessions for read:user,repo,user:email,workflow...
2025-10-08 11:14:27.510 [info] Got 0 sessions for read:user,repo,user:email,workflow...
2025-10-08 11:14:27.511 [info] Getting sessions for user:email...
2025-10-08 11:14:27.511 [info] Got 1 sessions for user:email...
2025-10-08 11:21:10.727 [info] Getting sessions for read:user,repo,user:email,workflow...
2025-10-08 11:21:10.727 [info] Got 0 sessions for read:user,repo,user:email,workflow...
2025-10-08 11:21:10.732 [info] Getting sessions for read:user...
2025-10-08 11:21:10.732 [info] Got 0 sessions for read:user...
2025-10-08 11:21:10.735 [info] Getting sessions for user:email...
2025-10-08 11:21:10.735 [info] Got 1 sessions for user:email...
2025-10-08 11:32:06.979 [info] Getting sessions for all scopes...
2025-10-08 11:32:06.979 [info] Got 1 sessions for ...
2025-10-08 11:32:07.017 [info] Getting sessions for read:user,repo,user:email,workflow...
2025-10-08 11:32:07.017 [info] Got 0 sessions for read:user,repo,user:email,workflow...
2025-10-08 11:32:07.037 [info] Getting sessions for user:email...
2025-10-08 11:32:07.037 [info] Got 1 sessions for user:email...
2025-10-08 11:32:38.915 [info] Getting sessions for all scopes...
2025-10-08 11:32:38.915 [info] Got 1 sessions for ...
2025-10-08 11:32:38.915 [info] Getting sessions for read:user,repo,user:email,workflow...
2025-10-08 11:32:38.915 [info] Got 0 sessions for read:user,repo,user:email,workflow...
2025-10-08 11:32:38.916 [info] Getting sessions for user:email...
2025-10-08 11:32:38.916 [info] Got 1 sessions for user:email...
2025-10-08 11:32:40.051 [info] Getting sessions for all scopes...
2025-10-08 11:32:40.051 [info] Got 1 sessions for ...
2025-10-08 11:32:40.051 [info] Getting sessions for read:user,repo,user:email,workflow...
2025-10-08 11:32:40.052 [info] Got 0 sessions for read:user,repo,user:email,workflow...
2025-10-08 11:32:40.052 [info] Getting sessions for user:email...
2025-10-08 11:32:40.052 [info] Got 1 sessions for user:email...
2025-10-08 11:32:40.694 [info] Getting sessions for all scopes...
2025-10-08 11:32:40.694 [info] Got 1 sessions for ...
2025-10-08 11:32:40.695 [info] Getting sessions for read:user,repo,user:email,workflow...
2025-10-08 11:32:40.695 [info] Got 0 sessions for read:user,repo,user:email,workflow...
2025-10-08 11:32:40.695 [info] Getting sessions for user:email...
2025-10-08 11:32:40.695 [info] Got 1 sessions for user:email...
2025-10-08 11:32:41.489 [info] Getting sessions for all scopes...
2025-10-08 11:32:41.489 [info] Got 1 sessions for ...
2025-10-08 11:32:41.490 [info] Getting sessions for read:user,repo,user:email,workflow...
2025-10-08 11:32:41.490 [info] Got 0 sessions for read:user,repo,user:email,workflow...
2025-10-08 11:32:41.491 [info] Getting sessions for user:email...
2025-10-08 11:32:41.491 [info] Got 1 sessions for user:email...
2025-10-08 11:32:42.956 [info] Getting sessions for all scopes...
2025-10-08 11:32:42.956 [info] Got 1 sessions for ...
2025-10-08 11:32:42.968 [info] Getting sessions for read:user,repo,user:email,workflow...
2025-10-08 11:32:42.968 [info] Got 0 sessions for read:user,repo,user:email,workflow...
2025-10-08 11:32:42.969 [info] Getting sessions for user:email...
2025-10-08 11:32:42.969 [info] Got 1 sessions for user:email...
2025-10-08 11:32:44.740 [info] Getting sessions for all scopes...
2025-10-08 11:32:44.740 [info] Got 1 sessions for ...
2025-10-08 11:32:44.740 [info] Getting sessions for read:user,repo,user:email,workflow...
2025-10-08 11:32:44.740 [info] Got 0 sessions for read:user,repo,user:email,workflow...
2025-10-08 11:32:44.741 [info] Getting sessions for user:email...
2025-10-08 11:32:44.741 [info] Got 1 sessions for user:email...
2025-10-08 11:32:58.385 [info] Getting sessions for all scopes...
2025-10-08 11:32:58.385 [info] Got 1 sessions for ...
2025-10-08 11:32:58.388 [info] Getting sessions for read:user,repo,user:email,workflow...
2025-10-08 11:32:58.388 [info] Got 0 sessions for read:user,repo,user:email,workflow...
2025-10-08 11:32:58.388 [info] Getting sessions for user:email...
2025-10-08 11:32:58.388 [info] Got 1 sessions for user:email...
2025-10-08 11:32:59.918 [info] Getting sessions for all scopes...
2025-10-08 11:32:59.918 [info] Got 1 sessions for ...
2025-10-08 11:32:59.919 [info] Getting sessions for read:user,repo,user:email,workflow...
2025-10-08 11:32:59.919 [info] Got 0 sessions for read:user,repo,user:email,workflow...
2025-10-08 11:32:59.919 [info] Getting sessions for user:email...
2025-10-08 11:32:59.919 [info] Got 1 sessions for user:email...
2025-10-08 11:33:21.572 [info] Getting sessions for all scopes...
2025-10-08 11:33:21.572 [info] Got 1 sessions for ...
2025-10-08 11:33:21.573 [info] Getting sessions for read:user,repo,user:email,workflow...
2025-10-08 11:33:21.573 [info] Got 0 sessions for read:user,repo,user:email,workflow...
2025-10-08 11:33:21.574 [info] Getting sessions for user:email...
2025-10-08 11:33:21.574 [info] Got 1 sessions for user:email...
2025-10-08 11:33:30.485 [info] Getting sessions for all scopes...
2025-10-08 11:33:30.485 [info] Got 1 sessions for ...
2025-10-08 11:33:30.485 [info] Getting sessions for read:user,repo,user:email,workflow...
2025-10-08 11:33:30.485 [info] Got 0 sessions for read:user,repo,user:email,workflow...
2025-10-08 11:33:30.486 [info] Getting sessions for user:email...
2025-10-08 11:33:30.486 [info] Got 1 sessions for user:email...
2025-10-08 11:33:36.985 [info] Getting sessions for all scopes...
2025-10-08 11:33:36.985 [info] Got 1 sessions for ...
2025-10-08 11:33:36.986 [info] Getting sessions for read:user,repo,user:email,workflow...
2025-10-08 11:33:36.986 [info] Got 0 sessions for read:user,repo,user:email,workflow...
2025-10-08 11:33:36.987 [info] Getting sessions for user:email...
2025-10-08 11:33:36.987 [info] Got 1 sessions for user:email...
2025-10-08 11:33:44.449 [info] Getting sessions for all scopes...
2025-10-08 11:33:44.449 [info] Got 1 sessions for ...
2025-10-08 11:33:44.450 [info] Getting sessions for read:user,repo,user:email,workflow...
2025-10-08 11:33:44.450 [info] Got 0 sessions for read:user,repo,user:email,workflow...
2025-10-08 11:33:44.451 [info] Getting sessions for user:email...
2025-10-08 11:33:44.451 [info] Got 1 sessions for user:email...
2025-10-08 11:33:50.390 [info] Getting sessions for all scopes...
2025-10-08 11:33:50.390 [info] Got 1 sessions for ...
2025-10-08 11:33:50.391 [info] Getting sessions for read:user,repo,user:email,workflow...
2025-10-08 11:33:50.391 [info] Got 0 sessions for read:user,repo,user:email,workflow...
2025-10-08 11:33:50.391 [info] Getting sessions for user:email...
2025-10-08 11:33:50.391 [info] Got 1 sessions for user:email...
2025-10-08 11:33:55.925 [info] Getting sessions for all scopes...
2025-10-08 11:33:55.925 [info] Got 1 sessions for ...
2025-10-08 11:33:55.926 [info] Getting sessions for read:user,repo,user:email,workflow...
2025-10-08 11:33:55.926 [info] Got 0 sessions for read:user,repo,user:email,workflow...
2025-10-08 11:33:55.926 [info] Getting sessions for user:email...
2025-10-08 11:33:55.926 [info] Got 1 sessions for user:email...
2025-10-08 11:34:01.626 [info] Getting sessions for all scopes...
2025-10-08 11:34:01.626 [info] Got 1 sessions for ...
2025-10-08 11:34:01.626 [info] Getting sessions for read:user,repo,user:email,workflow...
2025-10-08 11:34:01.626 [info] Got 0 sessions for read:user,repo,user:email,workflow...
2025-10-08 11:34:01.627 [info] Getting sessions for user:email...
2025-10-08 11:34:01.627 [info] Got 1 sessions for user:email...
2025-10-08 11:34:07.284 [info] Getting sessions for all scopes...
2025-10-08 11:34:07.284 [info] Got 1 sessions for ...
2025-10-08 11:34:07.285 [info] Getting sessions for read:user,repo,user:email,workflow...
2025-10-08 11:34:07.285 [info] Got 0 sessions for read:user,repo,user:email,workflow...
2025-10-08 11:34:07.285 [info] Getting sessions for user:email...
2025-10-08 11:34:07.285 [info] Got 1 sessions for user:email...
2025-10-08 11:34:13.133 [info] Getting sessions for all scopes...
2025-10-08 11:34:13.133 [info] Got 1 sessions for ...
2025-10-08 11:34:13.133 [info] Getting sessions for read:user,repo,user:email,workflow...
2025-10-08 11:34:13.133 [info] Got 0 sessions for read:user,repo,user:email,workflow...
2025-10-08 11:34:13.134 [info] Getting sessions for user:email...
2025-10-08 11:34:13.134 [info] Got 1 sessions for user:email...
2025-10-08 11:34:18.735 [info] Getting sessions for all scopes...
2025-10-08 11:34:18.735 [info] Got 1 sessions for ...
2025-10-08 11:34:18.736 [info] Getting sessions for read:user,repo,user:email,workflow...
2025-10-08 11:34:18.736 [info] Got 0 sessions for read:user,repo,user:email,workflow...
2025-10-08 11:34:18.737 [info] Getting sessions for user:email...
2025-10-08 11:34:18.737 [info] Got 1 sessions for user:email...
2025-10-08 11:34:24.503 [info] Getting sessions for all scopes...
2025-10-08 11:34:24.503 [info] Got 1 sessions for ...
2025-10-08 11:34:24.503 [info] Getting sessions for read:user,repo,user:email,workflow...
2025-10-08 11:34:24.503 [info] Got 0 sessions for read:user,repo,user:email,workflow...
2025-10-08 11:34:24.504 [info] Getting sessions for user:email...
2025-10-08 11:34:24.504 [info] Got 1 sessions for user:email...
2025-10-08 11:34:30.119 [info] Getting sessions for all scopes...
2025-10-08 11:34:30.119 [info] Got 1 sessions for ...
2025-10-08 11:34:30.120 [info] Getting sessions for read:user,repo,user:email,workflow...
2025-10-08 11:34:30.120 [info] Got 0 sessions for read:user,repo,user:email,workflow...
2025-10-08 11:34:30.120 [info] Getting sessions for user:email...
2025-10-08 11:34:30.120 [info] Got 1 sessions for user:email...
2025-10-08 11:34:36.189 [info] Getting sessions for all scopes...
2025-10-08 11:34:36.189 [info] Got 1 sessions for ...
2025-10-08 11:34:36.190 [info] Getting sessions for read:user,repo,user:email,workflow...
2025-10-08 11:34:36.190 [info] Got 0 sessions for read:user,repo,user:email,workflow...
2025-10-08 11:34:36.190 [info] Getting sessions for user:email...
2025-10-08 11:34:36.190 [info] Got 1 sessions for user:email...
2025-10-08 11:34:42.105 [info] Getting sessions for all scopes...
2025-10-08 11:34:42.105 [info] Got 1 sessions for ...
2025-10-08 11:34:42.112 [info] Getting sessions for read:user,repo,user:email,workflow...
2025-10-08 11:34:42.112 [info] Got 0 sessions for read:user,repo,user:email,workflow...
2025-10-08 11:34:42.112 [info] Getting sessions for user:email...
2025-10-08 11:34:42.112 [info] Got 1 sessions for user:email...
2025-10-08 11:34:50.296 [info] Getting sessions for all scopes...
2025-10-08 11:34:50.296 [info] Got 1 sessions for ...
2025-10-08 11:34:50.297 [info] Getting sessions for read:user,repo,user:email,workflow...
2025-10-08 11:34:50.297 [info] Got 0 sessions for read:user,repo,user:email,workflow...
2025-10-08 11:34:50.297 [info] Getting sessions for user:email...
2025-10-08 11:34:50.297 [info] Got 1 sessions for user:email...
2025-10-08 11:34:56.132 [info] Getting sessions for all scopes...
2025-10-08 11:34:56.132 [info] Got 1 sessions for ...
2025-10-08 11:34:56.133 [info] Getting sessions for read:user,repo,user:email,workflow...
2025-10-08 11:34:56.133 [info] Got 0 sessions for read:user,repo,user:email,workflow...
2025-10-08 11:34:56.133 [info] Getting sessions for user:email...
2025-10-08 11:34:56.133 [info] Got 1 sessions for user:email...
2025-10-08 11:35:04.358 [info] Getting sessions for all scopes...
2025-10-08 11:35:04.358 [info] Got 1 sessions for ...
2025-10-08 11:35:04.359 [info] Getting sessions for read:user,repo,user:email,workflow...
2025-10-08 11:35:04.359 [info] Got 0 sessions for read:user,repo,user:email,workflow...
2025-10-08 11:35:04.359 [info] Getting sessions for user:email...
2025-10-08 11:35:04.359 [info] Got 1 sessions for user:email...
2025-10-08 11:35:12.194 [info] Getting sessions for all scopes...
2025-10-08 11:35:12.194 [info] Got 1 sessions for ...
2025-10-08 11:35:12.195 [info] Getting sessions for read:user,repo,user:email,workflow...
2025-10-08 11:35:12.195 [info] Got 0 sessions for read:user,repo,user:email,workflow...
2025-10-08 11:35:12.201 [info] Getting sessions for user:email...
2025-10-08 11:35:12.201 [info] Got 1 sessions for user:email...
2025-10-08 11:35:19.280 [info] Getting sessions for all scopes...
2025-10-08 11:35:19.280 [info] Got 1 sessions for ...
2025-10-08 11:35:19.281 [info] Getting sessions for read:user,repo,user:email,workflow...
2025-10-08 11:35:19.281 [info] Got 0 sessions for read:user,repo,user:email,workflow...
2025-10-08 11:35:19.281 [info] Getting sessions for user:email...
2025-10-08 11:35:19.281 [info] Got 1 sessions for user:email...
2025-10-08 11:36:31.230 [info] Getting sessions for all scopes...
2025-10-08 11:36:31.230 [info] Got 1 sessions for ...
2025-10-08 11:36:31.231 [info] Getting sessions for read:user,repo,user:email,workflow...
2025-10-08 11:36:31.231 [info] Got 0 sessions for read:user,repo,user:email,workflow...
2025-10-08 11:36:31.231 [info] Getting sessions for user:email...
2025-10-08 11:36:31.231 [info] Got 1 sessions for user:email...
2025-10-08 11:36:31.232 [info] Getting sessions for all scopes...
2025-10-08 11:36:31.232 [info] Got 1 sessions for ...
2025-10-08 11:36:31.233 [info] Getting sessions for read:user,repo,user:email,workflow...
2025-10-08 11:36:31.233 [info] Got 0 sessions for read:user,repo,user:email,workflow...
2025-10-08 11:36:31.234 [info] Getting sessions for user:email...
2025-10-08 11:36:31.234 [info] Got 1 sessions for user:email...
2025-10-08 11:36:32.402 [info] Getting sessions for all scopes...
2025-10-08 11:36:32.402 [info] Got 1 sessions for ...
2025-10-08 11:36:32.402 [info] Getting sessions for all scopes...
2025-10-08 11:36:32.402 [info] Got 1 sessions for ...
2025-10-08 11:36:32.403 [info] Getting sessions for read:user,repo,user:email,workflow...
2025-10-08 11:36:32.403 [info] Got 0 sessions for read:user,repo,user:email,workflow...
2025-10-08 11:36:32.403 [info] Getting sessions for user:email...
2025-10-08 11:36:32.403 [info] Got 1 sessions for user:email...
2025-10-08 11:36:32.403 [info] Getting sessions for read:user,repo,user:email,workflow...
2025-10-08 11:36:32.403 [info] Got 0 sessions for read:user,repo,user:email,workflow...
2025-10-08 11:36:32.404 [info] Getting sessions for all scopes...
2025-10-08 11:36:32.404 [info] Got 1 sessions for ...
2025-10-08 11:36:32.405 [info] Getting sessions for read:user,repo,user:email,workflow...
2025-10-08 11:36:32.405 [info] Got 0 sessions for read:user,repo,user:email,workflow...
2025-10-08 11:36:32.405 [info] Getting sessions for user:email...
2025-10-08 11:36:32.405 [info] Got 1 sessions for user:email...
2025-10-08 11:36:32.407 [info] Getting sessions for all scopes...
2025-10-08 11:36:32.407 [info] Got 1 sessions for ...
2025-10-08 11:36:32.407 [info] Getting sessions for all scopes...
2025-10-08 11:36:32.407 [info] Got 1 sessions for ...
2025-10-08 11:36:32.407 [info] Getting sessions for read:user,repo,user:email,workflow...
2025-10-08 11:36:32.407 [info] Got 0 sessions for read:user,repo,user:email,workflow...
2025-10-08 11:36:32.408 [info] Getting sessions for user:email...
2025-10-08 11:36:32.408 [info] Got 1 sessions for user:email...
2025-10-08 11:36:32.408 [info] Getting sessions for read:user,repo,user:email,workflow...
2025-10-08 11:36:32.408 [info] Got 0 sessions for read:user,repo,user:email,workflow...
2025-10-08 11:36:32.409 [info] Getting sessions for all scopes...
2025-10-08 11:36:32.409 [info] Got 1 sessions for ...
2025-10-08 11:36:32.410 [info] Getting sessions for read:user,repo,user:email,workflow...
2025-10-08 11:36:32.410 [info] Got 0 sessions for read:user,repo,user:email,workflow...
2025-10-08 11:36:32.410 [info] Getting sessions for user:email...
2025-10-08 11:36:32.410 [info] Got 1 sessions for user:email...
2025-10-08 11:36:36.530 [info] Getting sessions for all scopes...
2025-10-08 11:36:36.530 [info] Got 1 sessions for ...
2025-10-08 11:36:36.531 [info] Getting sessions for read:user,repo,user:email,workflow...
2025-10-08 11:36:36.531 [info] Got 0 sessions for read:user,repo,user:email,workflow...
2025-10-08 11:36:36.532 [info] Getting sessions for user:email...
2025-10-08 11:36:36.532 [info] Got 1 sessions for user:email...
2025-10-08 11:36:39.330 [info] Getting sessions for all scopes...
2025-10-08 11:36:39.330 [info] Got 1 sessions for ...
2025-10-08 11:36:39.330 [info] Getting sessions for read:user,repo,user:email,workflow...
2025-10-08 11:36:39.330 [info] Got 0 sessions for read:user,repo,user:email,workflow...
2025-10-08 11:36:39.331 [info] Getting sessions for user:email...
2025-10-08 11:36:39.331 [info] Got 1 sessions for user:email...
2025-10-08 11:36:42.775 [info] Getting sessions for all scopes...
2025-10-08 11:36:42.775 [info] Got 1 sessions for ...
2025-10-08 11:36:42.775 [info] Getting sessions for read:user,repo,user:email,workflow...
2025-10-08 11:36:42.775 [info] Got 0 sessions for read:user,repo,user:email,workflow...
2025-10-08 11:36:42.776 [info] Getting sessions for user:email...
2025-10-08 11:36:42.776 [info] Got 1 sessions for user:email...
2025-10-08 11:36:46.393 [info] Getting sessions for all scopes...
2025-10-08 11:36:46.393 [info] Got 1 sessions for ...
2025-10-08 11:36:46.394 [info] Getting sessions for read:user,repo,user:email,workflow...
2025-10-08 11:36:46.394 [info] Got 0 sessions for read:user,repo,user:email,workflow...
2025-10-08 11:36:46.395 [info] Getting sessions for user:email...
2025-10-08 11:36:46.395 [info] Got 1 sessions for user:email...
2025-10-08 11:37:16.273 [info] Getting sessions for all scopes...
2025-10-08 11:37:16.273 [info] Got 1 sessions for ...
2025-10-08 11:37:16.275 [info] Getting sessions for read:user,repo,user:email,workflow...
2025-10-08 11:37:16.275 [info] Got 0 sessions for read:user,repo,user:email,workflow...
2025-10-08 11:37:16.275 [info] Getting sessions for user:email...
2025-10-08 11:37:16.275 [info] Got 1 sessions for user:email...
2025-10-08 11:37:19.436 [info] Getting sessions for all scopes...
2025-10-08 11:37:19.436 [info] Got 1 sessions for ...
2025-10-08 11:37:19.445 [info] Getting sessions for all scopes...
2025-10-08 11:37:19.445 [info] Got 1 sessions for ...
2025-10-08 11:37:25.665 [info] Getting sessions for all scopes...
2025-10-08 11:37:25.665 [info] Got 1 sessions for ...
2025-10-08 11:37:25.666 [info] Getting sessions for read:user,repo,user:email,workflow...
2025-10-08 11:37:25.666 [info] Got 0 sessions for read:user,repo,user:email,workflow...
2025-10-08 11:37:25.666 [info] Getting sessions for user:email...
2025-10-08 11:37:25.666 [info] Got 1 sessions for user:email...
2025-10-08 11:37:35.957 [info] Getting sessions for all scopes...
2025-10-08 11:37:35.957 [info] Got 1 sessions for ...
2025-10-08 11:37:35.958 [info] Getting sessions for read:user,repo,user:email,workflow...
2025-10-08 11:37:35.958 [info] Got 0 sessions for read:user,repo,user:email,workflow...
2025-10-08 11:37:35.958 [info] Getting sessions for user:email...
2025-10-08 11:37:35.958 [info] Got 1 sessions for user:email...
2025-10-08 11:37:42.045 [info] Getting sessions for all scopes...
2025-10-08 11:37:42.045 [info] Got 1 sessions for ...
2025-10-08 11:37:42.046 [info] Getting sessions for read:user,repo,user:email,workflow...
2025-10-08 11:37:42.046 [info] Got 0 sessions for read:user,repo,user:email,workflow...
2025-10-08 11:37:42.046 [info] Getting sessions for user:email...
2025-10-08 11:37:42.046 [info] Got 1 sessions for user:email...
2025-10-08 11:37:48.479 [info] Getting sessions for all scopes...
2025-10-08 11:37:48.479 [info] Got 1 sessions for ...
2025-10-08 11:37:48.479 [info] Getting sessions for read:user,repo,user:email,workflow...
2025-10-08 11:37:48.479 [info] Got 0 sessions for read:user,repo,user:email,workflow...
2025-10-08 11:37:48.480 [info] Getting sessions for user:email...
2025-10-08 11:37:48.480 [info] Got 1 sessions for user:email...
2025-10-08 11:37:54.933 [info] Getting sessions for all scopes...
2025-10-08 11:37:54.933 [info] Got 1 sessions for ...
2025-10-08 11:37:54.934 [info] Getting sessions for read:user,repo,user:email,workflow...
2025-10-08 11:37:54.934 [info] Got 0 sessions for read:user,repo,user:email,workflow...
2025-10-08 11:37:54.935 [info] Getting sessions for user:email...
2025-10-08 11:37:54.935 [info] Got 1 sessions for user:email...
2025-10-08 11:38:03.226 [info] Getting sessions for all scopes...
2025-10-08 11:38:03.226 [info] Got 1 sessions for ...
2025-10-08 11:38:03.226 [info] Getting sessions for read:user,repo,user:email,workflow...
2025-10-08 11:38:03.226 [info] Got 0 sessions for read:user,repo,user:email,workflow...
2025-10-08 11:38:03.227 [info] Getting sessions for user:email...
2025-10-08 11:38:03.227 [info] Got 1 sessions for user:email...
2025-10-08 11:55:44.339 [info] Getting sessions for read:user,repo,user:email,workflow...
2025-10-08 11:55:44.340 [info] Got 0 sessions for read:user,repo,user:email,workflow...
2025-10-08 11:55:44.340 [info] Getting sessions for read:user...
2025-10-08 11:55:44.341 [info] Got 0 sessions for read:user...
2025-10-08 11:55:44.341 [info] Getting sessions for user:email...
2025-10-08 11:55:44.341 [info] Got 1 sessions for user:email...
2025-10-08 11:57:33.680 [info] Getting sessions for all scopes...
2025-10-08 11:57:33.680 [info] Got 1 sessions for ...
2025-10-08 11:57:33.681 [info] Getting sessions for read:user,repo,user:email,workflow...
2025-10-08 11:57:33.681 [info] Got 0 sessions for read:user,repo,user:email,workflow...
2025-10-08 11:57:33.682 [info] Getting sessions for user:email...
2025-10-08 11:57:33.682 [info] Got 1 sessions for user:email...
2025-10-08 11:57:34.205 [info] Getting sessions for all scopes...
2025-10-08 11:57:34.205 [info] Got 1 sessions for ...
2025-10-08 11:57:34.205 [info] Getting sessions for all scopes...
2025-10-08 11:57:34.205 [info] Got 1 sessions for ...
2025-10-08 11:57:34.207 [info] Getting sessions for read:user,repo,user:email,workflow...
2025-10-08 11:57:34.207 [info] Got 0 sessions for read:user,repo,user:email,workflow...
2025-10-08 11:57:34.207 [info] Getting sessions for user:email...
2025-10-08 11:57:34.207 [info] Got 1 sessions for user:email...
2025-10-08 11:57:34.207 [info] Getting sessions for read:user,repo,user:email,workflow...
2025-10-08 11:57:34.207 [info] Got 0 sessions for read:user,repo,user:email,workflow...
2025-10-08 11:57:34.208 [info] Getting sessions for all scopes...
2025-10-08 11:57:34.208 [info] Got 1 sessions for ...
2025-10-08 11:57:34.208 [info] Getting sessions for read:user,repo,user:email,workflow...
2025-10-08 11:57:34.208 [info] Got 0 sessions for read:user,repo,user:email,workflow...
2025-10-08 11:57:34.209 [info] Getting sessions for user:email...
2025-10-08 11:57:34.209 [info] Got 1 sessions for user:email...
2025-10-08 11:57:34.210 [info] Getting sessions for all scopes...
2025-10-08 11:57:34.210 [info] Got 1 sessions for ...
2025-10-08 11:57:34.210 [info] Getting sessions for all scopes...
2025-10-08 11:57:34.210 [info] Got 1 sessions for ...
2025-10-08 11:57:34.211 [info] Getting sessions for read:user,repo,user:email,workflow...
2025-10-08 11:57:34.211 [info] Got 0 sessions for read:user,repo,user:email,workflow...
2025-10-08 11:57:34.211 [info] Getting sessions for user:email...
2025-10-08 11:57:34.211 [info] Got 1 sessions for user:email...
2025-10-08 11:57:34.211 [info] Getting sessions for read:user,repo,user:email,workflow...
2025-10-08 11:57:34.211 [info] Got 0 sessions for read:user,repo,user:email,workflow...
2025-10-08 11:57:34.213 [info] Getting sessions for all scopes...
2025-10-08 11:57:34.213 [info] Got 1 sessions for ...
2025-10-08 11:57:34.214 [info] Getting sessions for read:user,repo,user:email,workflow...
2025-10-08 11:57:34.214 [info] Got 0 sessions for read:user,repo,user:email,workflow...
2025-10-08 11:57:34.214 [info] Getting sessions for user:email...
2025-10-08 11:57:34.214 [info] Got 1 sessions for user:email...
2025-10-08 11:59:08.583 [info] Getting sessions for all scopes...
2025-10-08 11:59:08.583 [info] Got 1 sessions for ...
2025-10-08 11:59:08.588 [info] Getting sessions for read:user,repo,user:email,workflow...
2025-10-08 11:59:08.588 [info] Got 0 sessions for read:user,repo,user:email,workflow...
2025-10-08 11:59:08.589 [info] Getting sessions for user:email...
2025-10-08 11:59:08.589 [info] Got 1 sessions for user:email...
2025-10-08 11:59:09.974 [info] Getting sessions for all scopes...
2025-10-08 11:59:09.974 [info] Got 1 sessions for ...
2025-10-08 11:59:09.974 [info] Getting sessions for read:user,repo,user:email,workflow...
2025-10-08 11:59:09.974 [info] Got 0 sessions for read:user,repo,user:email,workflow...
2025-10-08 11:59:09.975 [info] Getting sessions for user:email...
2025-10-08 11:59:09.975 [info] Got 1 sessions for user:email...
2025-10-08 11:59:15.514 [info] Getting sessions for all scopes...
2025-10-08 11:59:15.515 [info] Got 1 sessions for ...
2025-10-08 11:59:15.515 [info] Getting sessions for read:user,repo,user:email,workflow...
2025-10-08 11:59:15.515 [info] Got 0 sessions for read:user,repo,user:email,workflow...
2025-10-08 11:59:15.516 [info] Getting sessions for user:email...
2025-10-08 11:59:15.516 [info] Got 1 sessions for user:email...
2025-10-08 11:59:20.324 [info] Getting sessions for all scopes...
2025-10-08 11:59:20.324 [info] Got 1 sessions for ...
2025-10-08 11:59:20.325 [info] Getting sessions for read:user,repo,user:email,workflow...
2025-10-08 11:59:20.325 [info] Got 0 sessions for read:user,repo,user:email,workflow...
2025-10-08 11:59:20.325 [info] Getting sessions for user:email...
2025-10-08 11:59:20.325 [info] Got 1 sessions for user:email...
2025-10-08 11:59:23.699 [info] Getting sessions for all scopes...
2025-10-08 11:59:23.700 [info] Got 1 sessions for ...
2025-10-08 11:59:23.700 [info] Getting sessions for read:user,repo,user:email,workflow...
2025-10-08 11:59:23.700 [info] Got 0 sessions for read:user,repo,user:email,workflow...
2025-10-08 11:59:23.701 [info] Getting sessions for user:email...
2025-10-08 11:59:23.701 [info] Got 1 sessions for user:email...
2025-10-08 11:59:32.665 [info] Getting sessions for all scopes...
2025-10-08 11:59:32.665 [info] Got 1 sessions for ...
2025-10-08 11:59:32.666 [info] Getting sessions for read:user,repo,user:email,workflow...
2025-10-08 11:59:32.666 [info] Got 0 sessions for read:user,repo,user:email,workflow...
2025-10-08 11:59:32.666 [info] Getting sessions for user:email...
2025-10-08 11:59:32.666 [info] Got 1 sessions for user:email...
2025-10-08 11:59:40.762 [info] Getting sessions for all scopes...
2025-10-08 11:59:40.762 [info] Got 1 sessions for ...
2025-10-08 11:59:40.763 [info] Getting sessions for read:user,repo,user:email,workflow...
2025-10-08 11:59:40.763 [info] Got 0 sessions for read:user,repo,user:email,workflow...
2025-10-08 11:59:40.764 [info] Getting sessions for user:email...
2025-10-08 11:59:40.764 [info] Got 1 sessions for user:email...
2025-10-08 11:59:48.327 [info] Getting sessions for all scopes...
2025-10-08 11:59:48.327 [info] Got 1 sessions for ...
2025-10-08 11:59:48.328 [info] Getting sessions for read:user,repo,user:email,workflow...
2025-10-08 11:59:48.328 [info] Got 0 sessions for read:user,repo,user:email,workflow...
2025-10-08 11:59:48.328 [info] Getting sessions for user:email...
2025-10-08 11:59:48.328 [info] Got 1 sessions for user:email...
2025-10-08 11:59:56.430 [info] Getting sessions for all scopes...
2025-10-08 11:59:56.430 [info] Got 1 sessions for ...
2025-10-08 11:59:56.430 [info] Getting sessions for read:user,repo,user:email,workflow...
2025-10-08 11:59:56.430 [info] Got 0 sessions for read:user,repo,user:email,workflow...
2025-10-08 11:59:56.431 [info] Getting sessions for user:email...
2025-10-08 11:59:56.431 [info] Got 1 sessions for user:email...
2025-10-08 12:00:05.278 [info] Getting sessions for all scopes...
2025-10-08 12:00:05.278 [info] Got 1 sessions for ...
2025-10-08 12:00:05.286 [info] Getting sessions for read:user,repo,user:email,workflow...
2025-10-08 12:00:05.286 [info] Got 0 sessions for read:user,repo,user:email,workflow...
2025-10-08 12:00:05.287 [info] Getting sessions for user:email...
2025-10-08 12:00:05.287 [info] Got 1 sessions for user:email...
2025-10-08 12:00:15.277 [info] Getting sessions for all scopes...
2025-10-08 12:00:15.277 [info] Got 1 sessions for ...
2025-10-08 12:00:15.278 [info] Getting sessions for read:user,repo,user:email,workflow...
2025-10-08 12:00:15.278 [info] Got 0 sessions for read:user,repo,user:email,workflow...
2025-10-08 12:00:15.278 [info] Getting sessions for user:email...
2025-10-08 12:00:15.278 [info] Got 1 sessions for user:email...
2025-10-08 12:00:23.146 [info] Getting sessions for all scopes...
2025-10-08 12:00:23.146 [info] Got 1 sessions for ...
2025-10-08 12:00:23.147 [info] Getting sessions for read:user,repo,user:email,workflow...
2025-10-08 12:00:23.147 [info] Got 0 sessions for read:user,repo,user:email,workflow...
2025-10-08 12:00:23.147 [info] Getting sessions for user:email...
2025-10-08 12:00:23.147 [info] Got 1 sessions for user:email...
2025-10-08 12:00:32.269 [info] Getting sessions for all scopes...
2025-10-08 12:00:32.269 [info] Got 1 sessions for ...
2025-10-08 12:00:32.269 [info] Getting sessions for read:user,repo,user:email,workflow...
2025-10-08 12:00:32.269 [info] Got 0 sessions for read:user,repo,user:email,workflow...
2025-10-08 12:00:32.270 [info] Getting sessions for user:email...
2025-10-08 12:00:32.270 [info] Got 1 sessions for user:email...
2025-10-08 12:03:44.138 [info] Getting sessions for all scopes...
2025-10-08 12:03:44.138 [info] Got 1 sessions for ...
2025-10-08 12:03:44.138 [info] Getting sessions for read:user,repo,user:email,workflow...
2025-10-08 12:03:44.138 [info] Got 0 sessions for read:user,repo,user:email,workflow...
2025-10-08 12:03:44.139 [info] Getting sessions for user:email...
2025-10-08 12:03:44.139 [info] Got 1 sessions for user:email...
2025-10-08 12:03:50.926 [info] Getting sessions for all scopes...
2025-10-08 12:03:50.926 [info] Got 1 sessions for ...
2025-10-08 12:03:50.927 [info] Getting sessions for read:user,repo,user:email,workflow...
2025-10-08 12:03:50.927 [info] Got 0 sessions for read:user,repo,user:email,workflow...
2025-10-08 12:03:50.927 [info] Getting sessions for user:email...
2025-10-08 12:03:50.927 [info] Got 1 sessions for user:email...
2025-10-08 12:03:54.860 [info] Getting sessions for all scopes...
2025-10-08 12:03:54.860 [info] Got 1 sessions for ...
2025-10-08 12:03:54.861 [info] Getting sessions for read:user,repo,user:email,workflow...
2025-10-08 12:03:54.861 [info] Got 0 sessions for read:user,repo,user:email,workflow...
2025-10-08 12:03:54.862 [info] Getting sessions for user:email...
2025-10-08 12:03:54.862 [info] Got 1 sessions for user:email...
2025-10-08 12:04:03.818 [info] Getting sessions for all scopes...
2025-10-08 12:04:03.818 [info] Got 1 sessions for ...
2025-10-08 12:04:03.819 [info] Getting sessions for read:user,repo,user:email,workflow...
2025-10-08 12:04:03.819 [info] Got 0 sessions for read:user,repo,user:email,workflow...
2025-10-08 12:04:03.819 [info] Getting sessions for user:email...
2025-10-08 12:04:03.819 [info] Got 1 sessions for user:email...
2025-10-08 12:04:12.851 [info] Getting sessions for all scopes...
2025-10-08 12:04:12.851 [info] Got 1 sessions for ...
2025-10-08 12:04:12.851 [info] Getting sessions for read:user,repo,user:email,workflow...
2025-10-08 12:04:12.851 [info] Got 0 sessions for read:user,repo,user:email,workflow...
2025-10-08 12:04:12.852 [info] Getting sessions for user:email...
2025-10-08 12:04:12.852 [info] Got 1 sessions for user:email...
2025-10-08 12:04:20.229 [info] Getting sessions for all scopes...
2025-10-08 12:04:20.229 [info] Got 1 sessions for ...
2025-10-08 12:04:20.230 [info] Getting sessions for read:user,repo,user:email,workflow...
2025-10-08 12:04:20.230 [info] Got 0 sessions for read:user,repo,user:email,workflow...
2025-10-08 12:04:20.230 [info] Getting sessions for user:email...
2025-10-08 12:04:20.230 [info] Got 1 sessions for user:email...
2025-10-08 12:04:28.106 [info] Getting sessions for all scopes...
2025-10-08 12:04:28.106 [info] Got 1 sessions for ...
2025-10-08 12:04:28.106 [info] Getting sessions for read:user,repo,user:email,workflow...
2025-10-08 12:04:28.106 [info] Got 0 sessions for read:user,repo,user:email,workflow...
2025-10-08 12:04:28.107 [info] Getting sessions for user:email...
2025-10-08 12:04:28.107 [info] Got 1 sessions for user:email...
2025-10-08 12:04:36.699 [info] Getting sessions for all scopes...
2025-10-08 12:04:36.699 [info] Got 1 sessions for ...
2025-10-08 12:04:36.700 [info] Getting sessions for read:user,repo,user:email,workflow...
2025-10-08 12:04:36.700 [info] Got 0 sessions for read:user,repo,user:email,workflow...
2025-10-08 12:04:36.700 [info] Getting sessions for user:email...
2025-10-08 12:04:36.700 [info] Got 1 sessions for user:email...
2025-10-08 12:04:46.525 [info] Getting sessions for all scopes...
2025-10-08 12:04:46.525 [info] Got 1 sessions for ...
2025-10-08 12:04:46.526 [info] Getting sessions for read:user,repo,user:email,workflow...
2025-10-08 12:04:46.526 [info] Got 0 sessions for read:user,repo,user:email,workflow...
2025-10-08 12:04:46.526 [info] Getting sessions for user:email...
2025-10-08 12:04:46.526 [info] Got 1 sessions for user:email...
2025-10-08 12:04:54.107 [info] Getting sessions for all scopes...
2025-10-08 12:04:54.108 [info] Got 1 sessions for ...
2025-10-08 12:04:54.108 [info] Getting sessions for read:user,repo,user:email,workflow...
2025-10-08 12:04:54.108 [info] Got 0 sessions for read:user,repo,user:email,workflow...
2025-10-08 12:04:54.109 [info] Getting sessions for user:email...
2025-10-08 12:04:54.109 [info] Got 1 sessions for user:email...
2025-10-08 12:47:36.987 [info] Getting sessions for read:user,repo,user:email,workflow...
2025-10-08 12:47:36.988 [info] Got 0 sessions for read:user,repo,user:email,workflow...
2025-10-08 12:47:36.988 [info] Getting sessions for all scopes...
2025-10-08 12:47:36.988 [info] Got 1 sessions for ...
2025-10-08 12:47:36.988 [info] Getting sessions for read:user...
2025-10-08 12:47:36.988 [info] Got 0 sessions for read:user...
2025-10-08 12:47:36.988 [info] Getting sessions for read:user,repo,user:email,workflow...
2025-10-08 12:47:36.988 [info] Got 0 sessions for read:user,repo,user:email,workflow...
2025-10-08 12:47:36.989 [info] Getting sessions for user:email...
2025-10-08 12:47:36.989 [info] Got 1 sessions for user:email...
2025-10-08 12:47:36.989 [info] Getting sessions for user:email...
2025-10-08 12:47:36.989 [info] Got 1 sessions for user:email...
2025-10-08 12:47:38.030 [info] Getting sessions for all scopes...
2025-10-08 12:47:38.030 [info] Got 1 sessions for ...
2025-10-08 12:47:38.030 [info] Getting sessions for all scopes...
2025-10-08 12:47:38.030 [info] Got 1 sessions for ...
2025-10-08 12:47:38.032 [info] Getting sessions for read:user,repo,user:email,workflow...
2025-10-08 12:47:38.032 [info] Got 0 sessions for read:user,repo,user:email,workflow...
2025-10-08 12:47:38.032 [info] Getting sessions for user:email...
2025-10-08 12:47:38.032 [info] Got 1 sessions for user:email...
2025-10-08 12:47:38.032 [info] Getting sessions for read:user,repo,user:email,workflow...
2025-10-08 12:47:38.032 [info] Got 0 sessions for read:user,repo,user:email,workflow...
2025-10-08 12:47:38.033 [info] Getting sessions for all scopes...
2025-10-08 12:47:38.033 [info] Got 1 sessions for ...
2025-10-08 12:47:38.033 [info] Getting sessions for read:user,repo,user:email,workflow...
2025-10-08 12:47:38.033 [info] Got 0 sessions for read:user,repo,user:email,workflow...
2025-10-08 12:47:38.034 [info] Getting sessions for user:email...
2025-10-08 12:47:38.034 [info] Got 1 sessions for user:email...
2025-10-08 12:47:38.035 [info] Getting sessions for all scopes...
2025-10-08 12:47:38.035 [info] Got 1 sessions for ...
2025-10-08 12:47:38.035 [info] Getting sessions for all scopes...
2025-10-08 12:47:38.035 [info] Got 1 sessions for ...
2025-10-08 12:47:38.036 [info] Getting sessions for read:user,repo,user:email,workflow...
2025-10-08 12:47:38.036 [info] Got 0 sessions for read:user,repo,user:email,workflow...
2025-10-08 12:47:38.036 [info] Getting sessions for user:email...
2025-10-08 12:47:38.036 [info] Got 1 sessions for user:email...
2025-10-08 12:47:38.036 [info] Getting sessions for read:user,repo,user:email,workflow...
2025-10-08 12:47:38.036 [info] Got 0 sessions for read:user,repo,user:email,workflow...
2025-10-08 12:47:38.039 [info] Getting sessions for all scopes...
2025-10-08 12:47:38.039 [info] Got 1 sessions for ...
2025-10-08 12:47:38.039 [info] Getting sessions for read:user,repo,user:email,workflow...
2025-10-08 12:47:38.039 [info] Got 0 sessions for read:user,repo,user:email,workflow...
2025-10-08 12:47:38.040 [info] Getting sessions for user:email...
2025-10-08 12:47:38.040 [info] Got 1 sessions for user:email...
2025-10-08 12:47:51.996 [info] Getting sessions for all scopes...
2025-10-08 12:47:51.996 [info] Got 1 sessions for ...
2025-10-08 12:47:52.022 [info] Getting sessions for read:user,repo,user:email,workflow...
2025-10-08 12:47:52.022 [info] Got 0 sessions for read:user,repo,user:email,workflow...
2025-10-08 12:47:52.044 [info] Getting sessions for user:email...
2025-10-08 12:47:52.044 [info] Got 1 sessions for user:email...
2025-10-08 12:48:01.221 [info] Getting sessions for all scopes...
2025-10-08 12:48:01.221 [info] Got 1 sessions for ...
2025-10-08 12:48:01.247 [info] Getting sessions for read:user,repo,user:email,workflow...
2025-10-08 12:48:01.247 [info] Got 0 sessions for read:user,repo,user:email,workflow...
2025-10-08 12:48:01.269 [info] Getting sessions for user:email...
2025-10-08 12:48:01.269 [info] Got 1 sessions for user:email...
