2025-10-08 19:22:57.741 [info] Reading sessions from keychain...
2025-10-08 19:22:57.741 [info] Getting sessions for all scopes...
2025-10-08 19:22:57.741 [info] Got stored sessions!
2025-10-08 19:22:57.741 [info] Got 1 verified sessions.
2025-10-08 19:22:57.741 [info] Got 1 sessions for ...
2025-10-08 19:22:57.741 [info] Getting sessions for all scopes...
2025-10-08 19:22:57.741 [info] Got 1 sessions for ...
2025-10-08 19:22:57.741 [info] Getting sessions for all scopes...
2025-10-08 19:22:57.741 [info] Got 1 sessions for ...
2025-10-08 19:22:57.741 [info] Getting sessions for all scopes...
2025-10-08 19:22:57.741 [info] Got 1 sessions for ...
2025-10-08 19:22:57.741 [info] Getting sessions for all scopes...
2025-10-08 19:22:57.741 [info] Got 1 sessions for ...
2025-10-08 19:22:57.741 [info] Getting sessions for all scopes...
2025-10-08 19:22:57.741 [info] Got 1 sessions for ...
2025-10-08 19:22:57.741 [info] Getting sessions for all scopes...
2025-10-08 19:22:57.741 [info] Got 1 sessions for ...
2025-10-08 19:22:57.741 [info] Getting sessions for all scopes...
2025-10-08 19:22:57.741 [info] Got 1 sessions for ...
2025-10-08 19:22:57.741 [info] Getting sessions for all scopes...
2025-10-08 19:22:57.741 [info] Got 1 sessions for ...
2025-10-08 19:22:57.741 [info] Getting sessions for all scopes...
2025-10-08 19:22:57.741 [info] Got 1 sessions for ...
2025-10-08 19:22:57.741 [info] Getting sessions for all scopes...
2025-10-08 19:22:57.741 [info] Got 1 sessions for ...
2025-10-08 19:22:57.741 [info] Getting sessions for all scopes...
2025-10-08 19:22:57.741 [info] Got 1 sessions for ...
2025-10-08 19:22:57.741 [info] Getting sessions for all scopes...
2025-10-08 19:22:57.741 [info] Got 1 sessions for ...
2025-10-08 19:22:57.741 [info] Getting sessions for all scopes...
2025-10-08 19:22:57.741 [info] Got 1 sessions for ...
2025-10-08 19:22:59.285 [info] Getting sessions for all scopes...
2025-10-08 19:22:59.285 [info] Got 1 sessions for ...
2025-10-08 19:22:59.285 [info] Getting sessions for all scopes...
2025-10-08 19:22:59.285 [info] Got 1 sessions for ...
2025-10-08 19:22:59.286 [info] Getting sessions for all scopes...
2025-10-08 19:22:59.286 [info] Got 1 sessions for ...
2025-10-08 19:22:59.286 [info] Getting sessions for all scopes...
2025-10-08 19:22:59.286 [info] Got 1 sessions for ...
2025-10-08 19:22:59.286 [info] Getting sessions for all scopes...
2025-10-08 19:22:59.286 [info] Got 1 sessions for ...
2025-10-08 19:22:59.286 [info] Getting sessions for all scopes...
2025-10-08 19:22:59.286 [info] Got 1 sessions for ...
2025-10-08 19:22:59.433 [info] Getting sessions for all scopes...
2025-10-08 19:22:59.433 [info] Got 1 sessions for ...
2025-10-08 19:22:59.445 [info] Getting sessions for read:user,repo,user:email,workflow...
2025-10-08 19:22:59.445 [info] Got 0 sessions for read:user,repo,user:email,workflow...
2025-10-08 19:22:59.481 [info] Getting sessions for read:user,repo,user:email,workflow...
2025-10-08 19:22:59.481 [info] Got 0 sessions for read:user,repo,user:email,workflow...
2025-10-08 19:22:59.821 [info] Getting sessions for all scopes...
2025-10-08 19:23:00.095 [info] Got 1 sessions for ...
2025-10-08 19:23:00.101 [info] Getting sessions for user:email...
2025-10-08 19:23:00.101 [info] Got 1 sessions for user:email...
2025-10-08 19:23:00.123 [info] Getting sessions for read:user,repo,user:email,workflow...
2025-10-08 19:23:00.123 [info] Got 0 sessions for read:user,repo,user:email,workflow...
2025-10-08 19:23:00.124 [info] Getting sessions for all scopes...
2025-10-08 19:23:00.124 [info] Got 1 sessions for ...
2025-10-08 19:23:00.131 [info] Getting sessions for all scopes...
2025-10-08 19:23:00.131 [info] Got 1 sessions for ...
2025-10-08 19:23:00.131 [info] Getting sessions for read:user,repo,user:email,workflow...
2025-10-08 19:23:00.131 [info] Got 0 sessions for read:user,repo,user:email,workflow...
2025-10-08 19:23:00.163 [info] fetching: Electron fetch failed with status: 429 
2025-10-08 19:23:00.171 [info] Getting sessions for read:user...
2025-10-08 19:23:00.171 [info] Got 0 sessions for read:user...
2025-10-08 19:23:00.186 [info] Getting sessions for all scopes...
2025-10-08 19:23:00.186 [info] Got 1 sessions for ...
2025-10-08 19:23:00.186 [info] Getting sessions for user:email...
2025-10-08 19:23:00.186 [info] Got 1 sessions for user:email...
2025-10-08 19:23:00.189 [info] Getting sessions for read:user,repo,user:email,workflow...
2025-10-08 19:23:00.189 [info] Got 0 sessions for read:user,repo,user:email,workflow...
2025-10-08 19:23:00.190 [info] Getting sessions for user:email...
2025-10-08 19:23:00.190 [info] Got 1 sessions for user:email...
2025-10-08 19:23:00.424 [info] Getting sessions for all scopes...
2025-10-08 19:23:00.424 [info] Got 1 sessions for ...
2025-10-08 19:23:00.424 [info] Getting sessions for all scopes...
2025-10-08 19:23:00.424 [info] Got 1 sessions for ...
2025-10-08 19:23:00.454 [info] Getting sessions for read:user,repo,user:email,workflow...
2025-10-08 19:23:00.454 [info] Got 0 sessions for read:user,repo,user:email,workflow...
2025-10-08 19:23:00.455 [info] Getting sessions for user:email...
2025-10-08 19:23:00.455 [info] Got 1 sessions for user:email...
2025-10-08 19:23:00.970 [info] Getting sessions for all scopes...
2025-10-08 19:23:00.970 [info] Got 1 sessions for ...
2025-10-08 19:23:00.971 [info] Getting sessions for read:user,repo,user:email,workflow...
2025-10-08 19:23:00.971 [info] Got 0 sessions for read:user,repo,user:email,workflow...
2025-10-08 19:23:00.972 [info] Getting sessions for user:email...
2025-10-08 19:23:00.972 [info] Got 1 sessions for user:email...
2025-10-08 19:23:00.996 [info] Getting sessions for all scopes...
2025-10-08 19:23:00.996 [info] Got 1 sessions for ...
2025-10-08 19:23:00.997 [info] Getting sessions for read:user,repo,user:email,workflow...
2025-10-08 19:23:00.997 [info] Got 0 sessions for read:user,repo,user:email,workflow...
2025-10-08 19:23:00.997 [info] Getting sessions for read:user,repo,user:email,workflow...
2025-10-08 19:23:00.997 [info] Got 0 sessions for read:user,repo,user:email,workflow...
2025-10-08 19:23:00.998 [info] Getting sessions for all scopes...
2025-10-08 19:23:00.998 [info] Got 1 sessions for ...
2025-10-08 19:23:00.998 [info] Getting sessions for read:user,repo,user:email,workflow...
2025-10-08 19:23:00.998 [info] Got 0 sessions for read:user,repo,user:email,workflow...
2025-10-08 19:23:00.998 [info] Getting sessions for user:email...
2025-10-08 19:23:00.998 [info] Got 1 sessions for user:email...
2025-10-08 19:23:01.008 [info] fetching: Node fetch failed with status: 429 Too Many Requests
2025-10-08 19:23:02.831 [info] Getting sessions for all scopes...
2025-10-08 19:23:02.831 [info] Got 1 sessions for ...
2025-10-08 19:23:02.831 [info] Getting sessions for all scopes...
2025-10-08 19:23:02.831 [info] Got 1 sessions for ...
2025-10-08 19:23:02.861 [info] Getting sessions for read:user,repo,user:email,workflow...
2025-10-08 19:23:02.861 [info] Got 0 sessions for read:user,repo,user:email,workflow...
2025-10-08 19:23:02.872 [info] Getting sessions for user:email...
2025-10-08 19:23:02.872 [info] Got 1 sessions for user:email...
2025-10-08 19:23:02.872 [info] Getting sessions for read:user,repo,user:email,workflow...
2025-10-08 19:23:02.872 [info] Got 0 sessions for read:user,repo,user:email,workflow...
2025-10-08 19:23:02.875 [info] Getting sessions for all scopes...
2025-10-08 19:23:02.875 [info] Got 1 sessions for ...
2025-10-08 19:23:02.876 [info] Getting sessions for read:user,repo,user:email,workflow...
2025-10-08 19:23:02.876 [info] Got 0 sessions for read:user,repo,user:email,workflow...
2025-10-08 19:23:02.885 [info] Getting sessions for user:email...
2025-10-08 19:23:02.885 [info] Got 1 sessions for user:email...
2025-10-08 19:23:02.942 [info] fetching: Node http/s failed with status: 429 Too Many Requests
2025-10-08 19:23:03.018 [info] Getting sessions for all scopes...
2025-10-08 19:23:03.018 [info] Got 1 sessions for ...
2025-10-08 19:23:03.018 [info] Getting sessions for all scopes...
2025-10-08 19:23:03.019 [info] Got 1 sessions for ...
2025-10-08 19:23:03.023 [info] Getting sessions for read:user,repo,user:email,workflow...
2025-10-08 19:23:03.023 [info] Got 0 sessions for read:user,repo,user:email,workflow...
2025-10-08 19:23:03.024 [info] Getting sessions for user:email...
2025-10-08 19:23:03.024 [info] Got 1 sessions for user:email...
2025-10-08 19:23:03.024 [info] Getting sessions for read:user,repo,user:email,workflow...
2025-10-08 19:23:03.024 [info] Got 0 sessions for read:user,repo,user:email,workflow...
2025-10-08 19:23:03.026 [info] Getting sessions for all scopes...
2025-10-08 19:23:03.026 [info] Got 1 sessions for ...
2025-10-08 19:23:03.027 [info] Getting sessions for all scopes...
2025-10-08 19:23:03.027 [info] Got 1 sessions for ...
2025-10-08 19:23:03.027 [info] Getting sessions for all scopes...
2025-10-08 19:23:03.027 [info] Got 1 sessions for ...
2025-10-08 19:23:03.032 [info] Getting sessions for read:user,repo,user:email,workflow...
2025-10-08 19:23:03.032 [info] Got 0 sessions for read:user,repo,user:email,workflow...
2025-10-08 19:23:03.033 [info] Getting sessions for user:email...
2025-10-08 19:23:03.033 [info] Got 1 sessions for user:email...
2025-10-08 19:23:03.759 [info] Getting sessions for all scopes...
2025-10-08 19:23:03.759 [info] Got 1 sessions for ...
2025-10-08 19:23:03.762 [info] Getting sessions for read:user,repo,user:email,workflow...
2025-10-08 19:23:03.762 [info] Got 0 sessions for read:user,repo,user:email,workflow...
2025-10-08 19:23:03.762 [info] Getting sessions for user:email...
2025-10-08 19:23:03.762 [info] Got 1 sessions for user:email...
2025-10-08 19:23:03.763 [info] Getting sessions for all scopes...
2025-10-08 19:23:03.763 [info] Got 1 sessions for ...
2025-10-08 19:23:03.764 [info] Getting sessions for read:user,repo,user:email,workflow...
2025-10-08 19:23:03.764 [info] Got 0 sessions for read:user,repo,user:email,workflow...
2025-10-08 19:23:03.764 [info] Getting sessions for user:email...
2025-10-08 19:23:03.764 [info] Got 1 sessions for user:email...
2025-10-08 19:23:05.749 [info] Getting sessions for all scopes...
2025-10-08 19:23:05.749 [info] Got 1 sessions for ...
2025-10-08 19:23:08.763 [info] Getting sessions for all scopes...
2025-10-08 19:23:08.763 [info] Got 1 sessions for ...
2025-10-08 19:23:08.764 [info] Getting sessions for read:user,repo,user:email,workflow...
2025-10-08 19:23:08.764 [info] Got 0 sessions for read:user,repo,user:email,workflow...
2025-10-08 19:23:08.765 [info] Getting sessions for user:email...
2025-10-08 19:23:08.765 [info] Got 1 sessions for user:email...
2025-10-08 19:23:09.666 [info] Getting sessions for all scopes...
2025-10-08 19:23:09.666 [info] Got 1 sessions for ...
2025-10-08 19:23:09.667 [info] Getting sessions for read:user,repo,user:email,workflow...
2025-10-08 19:23:09.667 [info] Got 0 sessions for read:user,repo,user:email,workflow...
2025-10-08 19:23:09.668 [info] Getting sessions for user:email...
2025-10-08 19:23:09.668 [info] Got 1 sessions for user:email...
2025-10-08 19:23:10.552 [info] Getting sessions for all scopes...
2025-10-08 19:23:10.552 [info] Got 1 sessions for ...
2025-10-08 19:23:10.553 [info] Getting sessions for read:user,repo,user:email,workflow...
2025-10-08 19:23:10.553 [info] Got 0 sessions for read:user,repo,user:email,workflow...
2025-10-08 19:23:10.553 [info] Getting sessions for user:email...
2025-10-08 19:23:10.553 [info] Got 1 sessions for user:email...
2025-10-08 19:49:49.397 [info] Getting sessions for read:user,repo,user:email,workflow...
2025-10-08 19:49:49.397 [info] Got 0 sessions for read:user,repo,user:email,workflow...
2025-10-08 19:49:53.995 [info] Getting sessions for read:user,repo,user:email,workflow...
2025-10-08 19:49:53.995 [info] Got 0 sessions for read:user,repo,user:email,workflow...
2025-10-08 19:49:53.998 [info] Getting sessions for read:user...
2025-10-08 19:49:53.998 [info] Got 0 sessions for read:user...
2025-10-08 19:49:53.999 [info] Getting sessions for user:email...
2025-10-08 19:49:53.999 [info] Got 1 sessions for user:email...
