2025-10-08 08:30:06.987 [info] [aebc6443-996d-45c2-90f0-388ff96faa56] Native Broker is only available on Windows
2025-10-08 08:30:06.991 [info] [getSessions] [all] starting
2025-10-08 08:30:06.991 [info] [getSessions] [all] returned 0 session(s)
2025-10-08 08:30:06.991 [info] [getSessions] [all] starting
2025-10-08 08:30:06.991 [info] [getSessions] [all] returned 0 session(s)
2025-10-08 08:30:06.991 [info] [getSessions] [all] starting
2025-10-08 08:30:06.991 [info] [getSessions] [all] returned 0 session(s)
2025-10-08 08:30:06.991 [info] [getSessions] [all] starting
2025-10-08 08:30:06.991 [info] [getSessions] [all] returned 0 session(s)
2025-10-08 08:30:06.991 [info] [getSessions] [499b84ac-1321-427f-aa17-267ca6975798/.default offline_access] starting
2025-10-08 08:30:06.991 [info] [aebc6443-996d-45c2-90f0-388ff96faa56] Native Broker is only available on Windows
2025-10-08 08:30:06.994 [info] [getSessions] [499b84ac-1321-427f-aa17-267ca6975798/.default offline_access] returned 0 session(s)
2025-10-08 08:30:08.029 [info] [getSessions] [499b84ac-1321-427f-aa17-267ca6975798/.default offline_access] starting
2025-10-08 08:30:08.029 [info] [getSessions] [499b84ac-1321-427f-aa17-267ca6975798/.default offline_access] returned 0 session(s)
2025-10-08 08:30:08.799 [info] [getSessions] [all] starting
2025-10-08 08:30:08.799 [info] [getSessions] [all] returned 0 session(s)
2025-10-08 08:30:15.730 [info] [aebc6443-996d-45c2-90f0-388ff96faa56] Native Broker is only available on Windows
2025-10-08 08:30:15.755 [info] [getSessions] [all] starting
2025-10-08 08:30:15.755 [info] [getSessions] [all] returned 0 session(s)
2025-10-08 08:30:15.755 [info] [getSessions] [all] starting
2025-10-08 08:30:15.755 [info] [getSessions] [all] returned 0 session(s)
2025-10-08 08:30:15.755 [info] [getSessions] [all] starting
2025-10-08 08:30:15.755 [info] [getSessions] [all] returned 0 session(s)
2025-10-08 08:30:15.762 [info] [getSessions] [499b84ac-1321-427f-aa17-267ca6975798/.default offline_access] starting
2025-10-08 08:30:15.762 [info] [aebc6443-996d-45c2-90f0-388ff96faa56] Native Broker is only available on Windows
2025-10-08 08:30:15.764 [info] [getSessions] [499b84ac-1321-427f-aa17-267ca6975798/.default offline_access] returned 0 session(s)
2025-10-08 08:30:17.183 [info] [getSessions] [499b84ac-1321-427f-aa17-267ca6975798/.default offline_access] starting
2025-10-08 08:30:17.183 [info] [getSessions] [499b84ac-1321-427f-aa17-267ca6975798/.default offline_access] returned 0 session(s)
2025-10-08 08:30:17.194 [info] [getSessions] [all] starting
2025-10-08 08:30:17.194 [info] [getSessions] [all] returned 0 session(s)
2025-10-08 08:30:17.194 [info] [getSessions] [all] starting
2025-10-08 08:30:17.194 [info] [getSessions] [all] returned 0 session(s)
2025-10-08 08:30:17.195 [info] [getSessions] [all] starting
2025-10-08 08:30:17.195 [info] [getSessions] [all] returned 0 session(s)
2025-10-08 08:30:18.338 [info] [getSessions] [all] starting
2025-10-08 08:30:18.338 [info] [getSessions] [all] returned 0 session(s)
