2025-10-06 16:38:54.442 [info] Reading sessions from keychain...
2025-10-06 16:38:54.442 [info] Getting sessions for all scopes...
2025-10-06 16:38:54.471 [info] Got 0 sessions for ...
2025-10-06 16:38:54.472 [info] Getting sessions for all scopes...
2025-10-06 16:38:54.472 [info] Got 0 sessions for ...
2025-10-06 16:38:54.472 [info] Getting sessions for all scopes...
2025-10-06 16:38:54.472 [info] Got 0 sessions for ...
2025-10-06 16:38:54.472 [info] Getting sessions for all scopes...
2025-10-06 16:38:54.472 [info] Got 0 sessions for ...
2025-10-06 16:38:54.472 [info] Getting sessions for all scopes...
2025-10-06 16:38:54.472 [info] Got 0 sessions for ...
2025-10-06 16:38:54.472 [info] Getting sessions for all scopes...
2025-10-06 16:38:54.472 [info] Got 0 sessions for ...
2025-10-06 16:38:54.472 [info] Getting sessions for all scopes...
2025-10-06 16:38:54.472 [info] Got 0 sessions for ...
2025-10-06 16:38:54.482 [info] Getting sessions for all scopes...
2025-10-06 16:38:54.482 [info] Got 0 sessions for ...
2025-10-06 16:38:54.482 [info] Getting sessions for all scopes...
2025-10-06 16:38:54.482 [info] Got 0 sessions for ...
2025-10-06 16:38:54.482 [info] Getting sessions for all scopes...
2025-10-06 16:38:54.482 [info] Got 0 sessions for ...
2025-10-06 16:38:54.482 [info] Getting sessions for all scopes...
2025-10-06 16:38:54.482 [info] Got 0 sessions for ...
2025-10-06 16:38:54.482 [info] Getting sessions for all scopes...
2025-10-06 16:38:54.482 [info] Got 0 sessions for ...
2025-10-06 16:38:54.482 [info] Getting sessions for all scopes...
2025-10-06 16:38:54.482 [info] Got 0 sessions for ...
2025-10-06 16:38:54.583 [info] Getting sessions for all scopes...
2025-10-06 16:38:54.583 [info] Got 0 sessions for ...
2025-10-06 16:38:54.799 [info] Getting sessions for read:user,repo,user:email,workflow...
2025-10-06 16:38:54.799 [info] Got 0 sessions for read:user,repo,user:email,workflow...
2025-10-06 16:38:54.804 [info] Getting sessions for all scopes...
2025-10-06 16:38:54.804 [info] Got 0 sessions for ...
2025-10-06 16:38:56.240 [info] Getting sessions for all scopes...
2025-10-06 16:38:56.240 [info] Got 0 sessions for ...
2025-10-06 16:38:56.240 [info] Getting sessions for all scopes...
2025-10-06 16:38:56.240 [info] Got 0 sessions for ...
2025-10-06 16:38:56.244 [info] Getting sessions for all scopes...
2025-10-06 16:38:56.244 [info] Got 0 sessions for ...
2025-10-06 16:40:36.419 [info] Getting sessions for read:user,repo,user:email,workflow...
2025-10-06 16:40:36.419 [info] Got 0 sessions for read:user,repo,user:email,workflow...
