2025-10-08 13:04:27.625 [info] [main] Log level: Info
2025-10-08 13:04:27.625 [info] [main] Validating found git in: "git"
2025-10-08 13:04:27.625 [info] [main] Using git "2.51.0" from "git"
2025-10-08 13:04:27.625 [info] [Model][doInitialScan] Initial repository scan started
2025-10-08 13:04:27.625 [info] > git rev-parse --show-toplevel [2ms]
2025-10-08 13:04:27.625 [info] [Model][doInitialScan] Initial repository scan completed - repositories (0), closed repositories (0), parent repositories (1), unsafe repositories (0)
2025-10-08 13:06:33.581 [info] [main] Log level: Info
2025-10-08 13:06:33.581 [info] [main] Validating found git in: "git"
2025-10-08 13:06:33.581 [info] [main] Using git "2.51.0" from "git"
2025-10-08 13:06:33.581 [info] [Model][doInitialScan] Initial repository scan started
2025-10-08 13:06:33.581 [info] > git rev-parse --show-toplevel [11ms]
2025-10-08 13:06:33.588 [info] > git rev-parse --git-dir --git-common-dir --show-superproject-working-tree [4ms]
2025-10-08 13:06:33.596 [info] [Model][openRepository] Opened repository (path): /home/blueflowers/dotfiles
2025-10-08 13:06:33.596 [info] [Model][openRepository] Opened repository (real path): /home/blueflowers/dotfiles
2025-10-08 13:06:33.596 [info] [Model][openRepository] Opened repository (kind): repository
2025-10-08 13:06:33.613 [info] > git rev-parse --show-toplevel [7ms]
2025-10-08 13:06:33.613 [info] > git config --get commit.template [10ms]
2025-10-08 13:06:33.644 [info] > git rev-parse --show-toplevel [27ms]
2025-10-08 13:06:33.646 [info] [Model][doInitialScan] Initial repository scan completed - repositories (1), closed repositories (0), parent repositories (0), unsafe repositories (0)
2025-10-08 13:06:33.654 [info] > git for-each-ref --format=%(refname)%00%(upstream:short)%00%(objectname)%00%(upstream:track)%00%(upstream:remotename)%00%(upstream:remoteref) refs/heads/main refs/remotes/main [17ms]
2025-10-08 13:06:34.912 [info] > git check-ignore -v -z --stdin [60ms]
2025-10-08 13:06:35.021 [info] > git status -z -uall [103ms]
2025-10-08 13:06:35.021 [info] > git show --textconv :.config/fastfetch/config.jsonc [93ms]
2025-10-08 13:06:35.028 [info] > git for-each-ref --sort -committerdate --format %(refname)%00%(objectname)%00%(*objectname) [105ms]
2025-10-08 13:06:35.055 [info] > git ls-files --stage -- .config/fastfetch/config.jsonc [123ms]
2025-10-08 13:06:35.298 [info] > git for-each-ref --format=%(refname)%00%(upstream:short)%00%(objectname)%00%(upstream:track)%00%(upstream:remotename)%00%(upstream:remoteref) refs/heads/main refs/remotes/main [244ms]
2025-10-08 13:06:35.382 [info] > git config --get --local branch.main.vscode-merge-base [79ms]
2025-10-08 13:06:35.382 [warning] [Git][config] git config failed: Failed to execute git
2025-10-08 13:06:35.388 [info] > git config --get commit.template [91ms]
2025-10-08 13:06:35.388 [info] > git cat-file -s dfbe1c8d60749507c73779fd734529d20a942b17 [329ms]
2025-10-08 13:06:35.397 [info] > git reflog main --grep-reflog=branch: Created from *. [9ms]
2025-10-08 13:06:35.409 [info] > git check-ignore -v -z --stdin [16ms]
2025-10-08 13:06:35.410 [info] > git symbolic-ref --short refs/remotes/origin/HEAD [8ms]
2025-10-08 13:06:35.410 [info] fatal: ref refs/remotes/origin/HEAD is not a symbolic ref
2025-10-08 13:06:35.410 [warning] [Repository][getDefaultBranch] Failed to get default branch details: Failed to execute git.
2025-10-08 13:06:35.417 [info] > git for-each-ref --format=%(refname)%00%(upstream:short)%00%(objectname)%00%(upstream:track)%00%(upstream:remotename)%00%(upstream:remoteref) refs/heads/main refs/remotes/main [8ms]
2025-10-08 13:06:35.418 [info] > git merge-base refs/heads/main refs/remotes/origin/main [3ms]
2025-10-08 13:06:35.435 [info] > git diff --name-status -z --diff-filter=ADMR 048a0cad37ff388cd1fcd0e90a4140bcbc6812fc...refs/remotes/origin/main [11ms]
2025-10-08 13:06:35.442 [info] > git for-each-ref --sort -committerdate --format %(refname)%00%(objectname)%00%(*objectname) [8ms]
2025-10-08 13:06:35.449 [info] > git blame --root --incremental 29863c4ae1e2cc756655fdd4fdd489371acb724b -- .config/fastfetch/config.jsonc [7ms]
2025-10-08 13:06:35.530 [info] > git status -z -uall [101ms]
2025-10-08 13:06:35.855 [info] > git config --get commit.template [6ms]
2025-10-08 13:06:35.878 [info] > git for-each-ref --format=%(refname)%00%(upstream:short)%00%(objectname)%00%(upstream:track)%00%(upstream:remotename)%00%(upstream:remoteref) refs/heads/main refs/remotes/main [13ms]
2025-10-08 13:06:35.906 [info] > git for-each-ref --sort -committerdate --format %(refname)%00%(objectname)%00%(*objectname) [2ms]
2025-10-08 13:06:35.933 [info] > git status -z -uall [34ms]
2025-10-08 13:06:35.951 [info] > git check-ignore -v -z --stdin [5ms]
2025-10-08 13:06:49.428 [info] > git config --get commit.template [8ms]
2025-10-08 13:06:49.429 [info] > git for-each-ref --format=%(refname)%00%(upstream:short)%00%(objectname)%00%(upstream:track)%00%(upstream:remotename)%00%(upstream:remoteref) refs/heads/main refs/remotes/main [1ms]
2025-10-08 13:06:49.443 [info] > git for-each-ref --sort -committerdate --format %(refname)%00%(objectname)%00%(*objectname) [1ms]
2025-10-08 13:06:49.472 [info] > git status -z -uall [36ms]
2025-10-08 13:06:54.493 [info] > git config --get commit.template [5ms]
2025-10-08 13:06:54.494 [info] > git for-each-ref --format=%(refname)%00%(upstream:short)%00%(objectname)%00%(upstream:track)%00%(upstream:remotename)%00%(upstream:remoteref) refs/heads/main refs/remotes/main [1ms]
2025-10-08 13:06:54.505 [info] > git for-each-ref --sort -committerdate --format %(refname)%00%(objectname)%00%(*objectname) [1ms]
2025-10-08 13:06:54.531 [info] > git status -z -uall [32ms]
2025-10-08 13:06:55.584 [info] > git show --textconv :.config/matugen/templates/matugen.lua [5ms]
2025-10-08 13:06:55.590 [info] > git ls-files --stage -- .config/matugen/templates/matugen.lua [6ms]
2025-10-08 13:06:55.595 [info] > git hash-object -t tree /dev/null [5ms]
2025-10-08 13:06:55.595 [warning] [GitFileSystemProvider][readFile] File not found - git:/home/blueflowers/dotfiles/.config/matugen/templates/matugen.lua.git?%7B%22path%22%3A%22%2Fhome%2Fblueflowers%2Fdotfiles%2F.config%2Fmatugen%2Ftemplates%2Fmatugen.lua%22%2C%22ref%22%3A%22%22%7D
2025-10-08 13:06:55.598 [info] > git hash-object -t tree /dev/null [3ms]
2025-10-08 13:06:55.598 [warning] [GitFileSystemProvider][stat] File not found - git:/home/blueflowers/dotfiles/.config/matugen/templates/matugen.lua.git?%7B%22path%22%3A%22%2Fhome%2Fblueflowers%2Fdotfiles%2F.config%2Fmatugen%2Ftemplates%2Fmatugen.lua%22%2C%22ref%22%3A%22%22%7D
2025-10-08 13:06:55.869 [info] > git check-ignore -v -z --stdin [1ms]
2025-10-08 13:07:18.046 [info] > git config --get commit.template [7ms]
2025-10-08 13:07:18.048 [info] > git for-each-ref --format=%(refname)%00%(upstream:short)%00%(objectname)%00%(upstream:track)%00%(upstream:remotename)%00%(upstream:remoteref) refs/heads/main refs/remotes/main [1ms]
2025-10-08 13:07:18.065 [info] > git for-each-ref --sort -committerdate --format %(refname)%00%(objectname)%00%(*objectname) [1ms]
2025-10-08 13:07:18.093 [info] > git status -z -uall [38ms]
2025-10-08 13:07:23.114 [info] > git config --get commit.template [5ms]
2025-10-08 13:07:23.114 [info] > git for-each-ref --format=%(refname)%00%(upstream:short)%00%(objectname)%00%(upstream:track)%00%(upstream:remotename)%00%(upstream:remoteref) refs/heads/main refs/remotes/main [1ms]
2025-10-08 13:07:23.124 [info] > git for-each-ref --sort -committerdate --format %(refname)%00%(objectname)%00%(*objectname) [1ms]
2025-10-08 13:07:23.153 [info] > git status -z -uall [33ms]
2025-10-08 13:08:11.021 [info] > git config --get commit.template [9ms]
2025-10-08 13:08:11.022 [info] > git for-each-ref --format=%(refname)%00%(upstream:short)%00%(objectname)%00%(upstream:track)%00%(upstream:remotename)%00%(upstream:remoteref) refs/heads/main refs/remotes/main [1ms]
2025-10-08 13:08:11.040 [info] > git for-each-ref --sort -committerdate --format %(refname)%00%(objectname)%00%(*objectname) [2ms]
2025-10-08 13:08:11.069 [info] > git status -z -uall [37ms]
2025-10-08 13:08:16.093 [info] > git config --get commit.template [6ms]
2025-10-08 13:08:16.094 [info] > git for-each-ref --format=%(refname)%00%(upstream:short)%00%(objectname)%00%(upstream:track)%00%(upstream:remotename)%00%(upstream:remoteref) refs/heads/main refs/remotes/main [1ms]
2025-10-08 13:08:16.109 [info] > git for-each-ref --sort -committerdate --format %(refname)%00%(objectname)%00%(*objectname) [1ms]
2025-10-08 13:08:16.134 [info] > git status -z -uall [33ms]
2025-10-08 13:08:21.154 [info] > git config --get commit.template [6ms]
2025-10-08 13:08:21.154 [info] > git for-each-ref --format=%(refname)%00%(upstream:short)%00%(objectname)%00%(upstream:track)%00%(upstream:remotename)%00%(upstream:remoteref) refs/heads/main refs/remotes/main [1ms]
2025-10-08 13:08:21.166 [info] > git for-each-ref --sort -committerdate --format %(refname)%00%(objectname)%00%(*objectname) [1ms]
2025-10-08 13:08:21.193 [info] > git status -z -uall [34ms]
2025-10-08 13:08:26.212 [info] > git config --get commit.template [6ms]
2025-10-08 13:08:26.212 [info] > git for-each-ref --format=%(refname)%00%(upstream:short)%00%(objectname)%00%(upstream:track)%00%(upstream:remotename)%00%(upstream:remoteref) refs/heads/main refs/remotes/main [1ms]
2025-10-08 13:08:26.223 [info] > git for-each-ref --sort -committerdate --format %(refname)%00%(objectname)%00%(*objectname) [1ms]
2025-10-08 13:08:26.250 [info] > git status -z -uall [33ms]
2025-10-08 13:08:31.269 [info] > git config --get commit.template [5ms]
2025-10-08 13:08:31.270 [info] > git for-each-ref --format=%(refname)%00%(upstream:short)%00%(objectname)%00%(upstream:track)%00%(upstream:remotename)%00%(upstream:remoteref) refs/heads/main refs/remotes/main [1ms]
2025-10-08 13:08:31.282 [info] > git for-each-ref --sort -committerdate --format %(refname)%00%(objectname)%00%(*objectname) [1ms]
2025-10-08 13:08:31.308 [info] > git status -z -uall [33ms]
2025-10-08 13:08:36.330 [info] > git config --get commit.template [5ms]
2025-10-08 13:08:36.331 [info] > git for-each-ref --format=%(refname)%00%(upstream:short)%00%(objectname)%00%(upstream:track)%00%(upstream:remotename)%00%(upstream:remoteref) refs/heads/main refs/remotes/main [1ms]
2025-10-08 13:08:36.342 [info] > git for-each-ref --sort -committerdate --format %(refname)%00%(objectname)%00%(*objectname) [1ms]
2025-10-08 13:08:36.372 [info] > git status -z -uall [36ms]
2025-10-08 13:08:41.393 [info] > git config --get commit.template [5ms]
2025-10-08 13:08:41.393 [info] > git for-each-ref --format=%(refname)%00%(upstream:short)%00%(objectname)%00%(upstream:track)%00%(upstream:remotename)%00%(upstream:remoteref) refs/heads/main refs/remotes/main [1ms]
2025-10-08 13:08:41.404 [info] > git for-each-ref --sort -committerdate --format %(refname)%00%(objectname)%00%(*objectname) [1ms]
2025-10-08 13:08:41.431 [info] > git status -z -uall [33ms]
2025-10-08 13:08:42.355 [info] > git check-ignore -v -z --stdin [1ms]
2025-10-08 13:08:48.150 [info] > git config --get commit.template [9ms]
2025-10-08 13:08:48.151 [info] > git for-each-ref --format=%(refname)%00%(upstream:short)%00%(objectname)%00%(upstream:track)%00%(upstream:remotename)%00%(upstream:remoteref) refs/heads/main refs/remotes/main [2ms]
2025-10-08 13:08:48.168 [info] > git for-each-ref --sort -committerdate --format %(refname)%00%(objectname)%00%(*objectname) [2ms]
2025-10-08 13:08:48.199 [info] > git status -z -uall [39ms]
2025-10-08 13:09:04.626 [info] > git config --get commit.template [7ms]
2025-10-08 13:09:04.680 [info] > git for-each-ref --format=%(refname)%00%(upstream:short)%00%(objectname)%00%(upstream:track)%00%(upstream:remotename)%00%(upstream:remoteref) refs/heads/main refs/remotes/main [55ms]
2025-10-08 13:09:04.699 [info] > git for-each-ref --sort -committerdate --format %(refname)%00%(objectname)%00%(*objectname) [2ms]
2025-10-08 13:09:04.737 [info] > git status -z -uall [47ms]
2025-10-08 13:09:34.869 [info] > git config --get commit.template [2ms]
2025-10-08 13:09:34.877 [info] > git for-each-ref --format=%(refname)%00%(upstream:short)%00%(objectname)%00%(upstream:track)%00%(upstream:remotename)%00%(upstream:remoteref) refs/heads/main refs/remotes/main [1ms]
2025-10-08 13:09:34.892 [info] > git for-each-ref --sort -committerdate --format %(refname)%00%(objectname)%00%(*objectname) [2ms]
2025-10-08 13:09:34.918 [info] > git status -z -uall [34ms]
2025-10-08 13:09:39.939 [info] > git config --get commit.template [6ms]
2025-10-08 13:09:39.940 [info] > git for-each-ref --format=%(refname)%00%(upstream:short)%00%(objectname)%00%(upstream:track)%00%(upstream:remotename)%00%(upstream:remoteref) refs/heads/main refs/remotes/main [1ms]
2025-10-08 13:09:39.951 [info] > git for-each-ref --sort -committerdate --format %(refname)%00%(objectname)%00%(*objectname) [1ms]
2025-10-08 13:09:39.981 [info] > git status -z -uall [36ms]
2025-10-08 13:09:45.004 [info] > git config --get commit.template [6ms]
2025-10-08 13:09:45.005 [info] > git for-each-ref --format=%(refname)%00%(upstream:short)%00%(objectname)%00%(upstream:track)%00%(upstream:remotename)%00%(upstream:remoteref) refs/heads/main refs/remotes/main [2ms]
2025-10-08 13:09:45.017 [info] > git for-each-ref --sort -committerdate --format %(refname)%00%(objectname)%00%(*objectname) [1ms]
2025-10-08 13:09:45.045 [info] > git status -z -uall [35ms]
2025-10-08 13:09:50.064 [info] > git config --get commit.template [5ms]
2025-10-08 13:09:50.065 [info] > git for-each-ref --format=%(refname)%00%(upstream:short)%00%(objectname)%00%(upstream:track)%00%(upstream:remotename)%00%(upstream:remoteref) refs/heads/main refs/remotes/main [1ms]
2025-10-08 13:09:50.075 [info] > git for-each-ref --sort -committerdate --format %(refname)%00%(objectname)%00%(*objectname) [0ms]
2025-10-08 13:09:50.102 [info] > git status -z -uall [32ms]
2025-10-08 13:10:34.820 [info] > git config --get commit.template [6ms]
2025-10-08 13:10:34.820 [info] > git for-each-ref --format=%(refname)%00%(upstream:short)%00%(objectname)%00%(upstream:track)%00%(upstream:remotename)%00%(upstream:remoteref) refs/heads/main refs/remotes/main [2ms]
2025-10-08 13:10:34.833 [info] > git for-each-ref --sort -committerdate --format %(refname)%00%(objectname)%00%(*objectname) [1ms]
2025-10-08 13:10:34.860 [info] > git status -z -uall [34ms]
2025-10-08 13:10:54.061 [info] > git config --get commit.template [6ms]
2025-10-08 13:10:54.062 [info] > git for-each-ref --format=%(refname)%00%(upstream:short)%00%(objectname)%00%(upstream:track)%00%(upstream:remotename)%00%(upstream:remoteref) refs/heads/main refs/remotes/main [1ms]
2025-10-08 13:10:54.073 [info] > git for-each-ref --sort -committerdate --format %(refname)%00%(objectname)%00%(*objectname) [1ms]
2025-10-08 13:10:54.101 [info] > git status -z -uall [34ms]
2025-10-08 13:10:59.122 [info] > git config --get commit.template [5ms]
2025-10-08 13:10:59.123 [info] > git for-each-ref --format=%(refname)%00%(upstream:short)%00%(objectname)%00%(upstream:track)%00%(upstream:remotename)%00%(upstream:remoteref) refs/heads/main refs/remotes/main [1ms]
2025-10-08 13:10:59.134 [info] > git for-each-ref --sort -committerdate --format %(refname)%00%(objectname)%00%(*objectname) [1ms]
2025-10-08 13:10:59.162 [info] > git status -z -uall [34ms]
