2025-10-08 09:36:50.639 [info] [aebc6443-996d-45c2-90f0-388ff96faa56] Native Broker is only available on Windows
2025-10-08 09:36:50.650 [info] [getSessions] [all] starting
2025-10-08 09:36:50.650 [info] [getSessions] [all] returned 0 session(s)
2025-10-08 09:36:50.650 [info] [getSessions] [all] starting
2025-10-08 09:36:50.650 [info] [getSessions] [all] returned 0 session(s)
2025-10-08 09:36:50.650 [info] [getSessions] [all] starting
2025-10-08 09:36:50.650 [info] [getSessions] [all] returned 0 session(s)
2025-10-08 09:36:50.650 [info] [getSessions] [all] starting
2025-10-08 09:36:50.650 [info] [getSessions] [all] returned 0 session(s)
2025-10-08 09:36:50.656 [info] [getSessions] [499b84ac-1321-427f-aa17-267ca6975798/.default offline_access] starting
2025-10-08 09:36:50.656 [info] [aebc6443-996d-45c2-90f0-388ff96faa56] Native Broker is only available on Windows
2025-10-08 09:36:50.665 [info] [getSessions] [499b84ac-1321-427f-aa17-267ca6975798/.default offline_access] returned 0 session(s)
2025-10-08 09:36:51.273 [info] [getSessions] [499b84ac-1321-427f-aa17-267ca6975798/.default offline_access] starting
2025-10-08 09:36:51.273 [info] [getSessions] [499b84ac-1321-427f-aa17-267ca6975798/.default offline_access] returned 0 session(s)
2025-10-08 09:36:52.716 [info] [getSessions] [all] starting
2025-10-08 09:36:52.716 [info] [getSessions] [all] returned 0 session(s)
2025-10-08 10:30:44.514 [info] [getSessions] [499b84ac-1321-427f-aa17-267ca6975798/.default offline_access] starting
2025-10-08 10:30:44.514 [info] [getSessions] [499b84ac-1321-427f-aa17-267ca6975798/.default offline_access] returned 0 session(s)
2025-10-08 10:52:39.707 [info] [getSessions] [499b84ac-1321-427f-aa17-267ca6975798/.default offline_access] starting
2025-10-08 10:52:39.707 [info] [getSessions] [499b84ac-1321-427f-aa17-267ca6975798/.default offline_access] returned 0 session(s)
2025-10-08 11:14:27.488 [info] [getSessions] [499b84ac-1321-427f-aa17-267ca6975798/.default offline_access] starting
2025-10-08 11:14:27.488 [info] [getSessions] [499b84ac-1321-427f-aa17-267ca6975798/.default offline_access] returned 0 session(s)
2025-10-08 11:36:32.402 [info] [getSessions] [499b84ac-1321-427f-aa17-267ca6975798/.default offline_access] starting
2025-10-08 11:36:32.402 [info] [getSessions] [499b84ac-1321-427f-aa17-267ca6975798/.default offline_access] returned 0 session(s)
2025-10-08 11:57:34.205 [info] [getSessions] [499b84ac-1321-427f-aa17-267ca6975798/.default offline_access] starting
2025-10-08 11:57:34.206 [info] [getSessions] [499b84ac-1321-427f-aa17-267ca6975798/.default offline_access] returned 0 session(s)
2025-10-08 12:47:38.030 [info] [getSessions] [499b84ac-1321-427f-aa17-267ca6975798/.default offline_access] starting
2025-10-08 12:47:38.030 [info] [getSessions] [499b84ac-1321-427f-aa17-267ca6975798/.default offline_access] returned 0 session(s)
