2025-10-07 23:17:24.230 [info] Reading sessions from keychain...
2025-10-07 23:17:24.230 [info] Getting sessions for all scopes...
2025-10-07 23:17:24.230 [info] Got stored sessions!
2025-10-07 23:17:24.230 [info] Got 1 verified sessions.
2025-10-07 23:17:24.230 [info] Got 1 sessions for ...
2025-10-07 23:17:24.230 [info] Getting sessions for all scopes...
2025-10-07 23:17:24.230 [info] Got 1 sessions for ...
2025-10-07 23:17:24.230 [info] Getting sessions for all scopes...
2025-10-07 23:17:24.230 [info] Got 1 sessions for ...
2025-10-07 23:17:24.230 [info] Getting sessions for all scopes...
2025-10-07 23:17:24.230 [info] Got 1 sessions for ...
2025-10-07 23:17:24.230 [info] Getting sessions for all scopes...
2025-10-07 23:17:24.230 [info] Got 1 sessions for ...
2025-10-07 23:17:24.230 [info] Getting sessions for all scopes...
2025-10-07 23:17:24.230 [info] Got 1 sessions for ...
2025-10-07 23:17:24.230 [info] Getting sessions for all scopes...
2025-10-07 23:17:24.230 [info] Got 1 sessions for ...
2025-10-07 23:17:24.230 [info] Getting sessions for all scopes...
2025-10-07 23:17:24.230 [info] Got 1 sessions for ...
2025-10-07 23:17:24.230 [info] Getting sessions for all scopes...
2025-10-07 23:17:24.230 [info] Got 1 sessions for ...
2025-10-07 23:17:24.230 [info] Getting sessions for all scopes...
2025-10-07 23:17:24.230 [info] Got 1 sessions for ...
2025-10-07 23:17:24.230 [info] Getting sessions for all scopes...
2025-10-07 23:17:24.230 [info] Got 1 sessions for ...
2025-10-07 23:17:24.230 [info] Getting sessions for all scopes...
2025-10-07 23:17:24.230 [info] Got 1 sessions for ...
2025-10-07 23:17:24.230 [info] Getting sessions for all scopes...
2025-10-07 23:17:24.230 [info] Got 1 sessions for ...
2025-10-07 23:17:24.230 [info] Getting sessions for all scopes...
2025-10-07 23:17:24.230 [info] Got 1 sessions for ...
2025-10-07 23:17:24.233 [info] Getting sessions for all scopes...
2025-10-07 23:17:24.233 [info] Got 1 sessions for ...
2025-10-07 23:17:24.414 [info] Getting sessions for all scopes...
2025-10-07 23:17:24.414 [info] Got 1 sessions for ...
2025-10-07 23:17:26.201 [info] Getting sessions for all scopes...
2025-10-07 23:17:26.201 [info] Got 1 sessions for ...
2025-10-07 23:17:26.201 [info] Getting sessions for all scopes...
2025-10-07 23:17:26.201 [info] Got 1 sessions for ...
2025-10-07 23:17:26.202 [info] Getting sessions for all scopes...
2025-10-07 23:17:26.202 [info] Got 1 sessions for ...
2025-10-07 23:17:26.265 [info] Getting sessions for all scopes...
2025-10-07 23:17:26.265 [info] Got 1 sessions for ...
2025-10-07 23:17:26.265 [info] Getting sessions for all scopes...
2025-10-07 23:17:26.265 [info] Got 1 sessions for ...
2025-10-07 23:17:26.473 [info] Getting sessions for read:user,repo,user:email,workflow...
2025-10-07 23:17:26.473 [info] Got 0 sessions for read:user,repo,user:email,workflow...
2025-10-07 23:17:26.721 [info] Getting sessions for all scopes...
2025-10-07 23:17:26.721 [info] Got 1 sessions for ...
2025-10-07 23:17:26.736 [info] Getting sessions for all scopes...
2025-10-07 23:17:26.736 [info] Got 1 sessions for ...
2025-10-07 23:17:26.736 [info] Getting sessions for read:user,repo,user:email,workflow...
2025-10-07 23:17:26.736 [info] Got 0 sessions for read:user,repo,user:email,workflow...
2025-10-07 23:17:26.736 [info] Getting sessions for user:email...
2025-10-07 23:17:26.736 [info] Got 1 sessions for user:email...
2025-10-07 23:17:26.736 [info] Getting sessions for read:user,repo,user:email,workflow...
2025-10-07 23:17:26.736 [info] Got 0 sessions for read:user,repo,user:email,workflow...
2025-10-07 23:17:26.765 [info] Getting sessions for all scopes...
2025-10-07 23:17:26.765 [info] Got 1 sessions for ...
2025-10-07 23:17:26.767 [info] Getting sessions for read:user...
2025-10-07 23:17:26.767 [info] Got 0 sessions for read:user...
2025-10-07 23:17:26.768 [info] Getting sessions for user:email...
2025-10-07 23:17:26.768 [info] Got 1 sessions for user:email...
2025-10-07 23:17:26.774 [info] Getting sessions for all scopes...
2025-10-07 23:17:26.774 [info] Got 1 sessions for ...
2025-10-07 23:17:26.888 [info] Getting sessions for read:user,repo,user:email,workflow...
2025-10-07 23:17:26.888 [info] Got 0 sessions for read:user,repo,user:email,workflow...
2025-10-07 23:17:26.889 [info] Getting sessions for read:user,repo,user:email,workflow...
2025-10-07 23:17:26.889 [info] Got 0 sessions for read:user,repo,user:email,workflow...
2025-10-07 23:17:26.889 [info] Getting sessions for user:email...
2025-10-07 23:17:26.889 [info] Got 1 sessions for user:email...
2025-10-07 23:17:26.890 [info] Getting sessions for all scopes...
2025-10-07 23:17:26.890 [info] Got 1 sessions for ...
2025-10-07 23:17:26.891 [info] Getting sessions for read:user,repo,user:email,workflow...
2025-10-07 23:17:26.891 [info] Got 0 sessions for read:user,repo,user:email,workflow...
2025-10-07 23:17:26.891 [info] Getting sessions for user:email...
2025-10-07 23:17:26.891 [info] Got 1 sessions for user:email...
2025-10-07 23:17:26.938 [info] Getting sessions for all scopes...
2025-10-07 23:17:26.938 [info] Got 1 sessions for ...
2025-10-07 23:17:26.938 [info] Getting sessions for read:user,repo,user:email,workflow...
2025-10-07 23:17:26.938 [info] Got 0 sessions for read:user,repo,user:email,workflow...
2025-10-07 23:17:26.939 [info] Getting sessions for user:email...
2025-10-07 23:17:26.939 [info] Got 1 sessions for user:email...
2025-10-07 23:17:26.970 [info] fetching: Electron fetch failed with status: 429 
2025-10-07 23:17:27.349 [info] Getting sessions for all scopes...
2025-10-07 23:17:27.349 [info] Got 1 sessions for ...
2025-10-07 23:17:27.349 [info] Getting sessions for all scopes...
2025-10-07 23:17:27.349 [info] Got 1 sessions for ...
2025-10-07 23:17:27.350 [info] Getting sessions for read:user,repo,user:email,workflow...
2025-10-07 23:17:27.350 [info] Got 0 sessions for read:user,repo,user:email,workflow...
2025-10-07 23:17:27.350 [info] Getting sessions for user:email...
2025-10-07 23:17:27.350 [info] Got 1 sessions for user:email...
2025-10-07 23:17:27.350 [info] Getting sessions for read:user,repo,user:email,workflow...
2025-10-07 23:17:27.350 [info] Got 0 sessions for read:user,repo,user:email,workflow...
2025-10-07 23:17:27.351 [info] Getting sessions for all scopes...
2025-10-07 23:17:27.351 [info] Got 1 sessions for ...
2025-10-07 23:17:27.351 [info] Getting sessions for read:user,repo,user:email,workflow...
2025-10-07 23:17:27.351 [info] Got 0 sessions for read:user,repo,user:email,workflow...
2025-10-07 23:17:27.352 [info] Getting sessions for user:email...
2025-10-07 23:17:27.352 [info] Got 1 sessions for user:email...
2025-10-07 23:17:27.705 [info] fetching: Node fetch failed with status: 429 Too Many Requests
2025-10-07 23:17:27.843 [info] Getting sessions for all scopes...
2025-10-07 23:17:27.843 [info] Got 1 sessions for ...
2025-10-07 23:17:27.843 [info] Getting sessions for all scopes...
2025-10-07 23:17:27.843 [info] Got 1 sessions for ...
2025-10-07 23:17:27.849 [info] Getting sessions for read:user,repo,user:email,workflow...
2025-10-07 23:17:27.849 [info] Got 0 sessions for read:user,repo,user:email,workflow...
2025-10-07 23:17:27.850 [info] Getting sessions for user:email...
2025-10-07 23:17:27.850 [info] Got 1 sessions for user:email...
2025-10-07 23:17:27.850 [info] Getting sessions for read:user,repo,user:email,workflow...
2025-10-07 23:17:27.850 [info] Got 0 sessions for read:user,repo,user:email,workflow...
2025-10-07 23:17:27.851 [info] Getting sessions for all scopes...
2025-10-07 23:17:27.851 [info] Got 1 sessions for ...
2025-10-07 23:17:27.852 [info] Getting sessions for read:user,repo,user:email,workflow...
2025-10-07 23:17:27.852 [info] Got 0 sessions for read:user,repo,user:email,workflow...
2025-10-07 23:17:27.852 [info] Getting sessions for user:email...
2025-10-07 23:17:27.852 [info] Got 1 sessions for user:email...
2025-10-07 23:17:27.892 [info] Getting sessions for all scopes...
2025-10-07 23:17:27.892 [info] Got 1 sessions for ...
2025-10-07 23:17:27.892 [info] Getting sessions for all scopes...
2025-10-07 23:17:27.892 [info] Got 1 sessions for ...
2025-10-07 23:17:27.895 [info] Getting sessions for read:user,repo,user:email,workflow...
2025-10-07 23:17:27.895 [info] Got 0 sessions for read:user,repo,user:email,workflow...
2025-10-07 23:17:27.896 [info] Getting sessions for user:email...
2025-10-07 23:17:27.896 [info] Got 1 sessions for user:email...
2025-10-07 23:17:27.896 [info] Getting sessions for read:user,repo,user:email,workflow...
2025-10-07 23:17:27.896 [info] Got 0 sessions for read:user,repo,user:email,workflow...
2025-10-07 23:17:27.899 [info] Getting sessions for all scopes...
2025-10-07 23:17:27.899 [info] Got 1 sessions for ...
2025-10-07 23:17:27.899 [info] Getting sessions for all scopes...
2025-10-07 23:17:27.899 [info] Got 1 sessions for ...
2025-10-07 23:17:27.899 [info] Getting sessions for all scopes...
2025-10-07 23:17:27.899 [info] Got 1 sessions for ...
2025-10-07 23:17:27.900 [info] Getting sessions for read:user,repo,user:email,workflow...
2025-10-07 23:17:27.900 [info] Got 0 sessions for read:user,repo,user:email,workflow...
2025-10-07 23:17:27.901 [info] Getting sessions for user:email...
2025-10-07 23:17:27.901 [info] Got 1 sessions for user:email...
2025-10-07 23:17:28.354 [info] fetching: Node http/s failed with status: 429 Too Many Requests
2025-10-07 23:17:28.934 [info] Getting sessions for all scopes...
2025-10-07 23:17:28.934 [info] Got 1 sessions for ...
2025-10-07 23:17:28.934 [info] Getting sessions for read:user,repo,user:email,workflow...
2025-10-07 23:17:28.934 [info] Got 0 sessions for read:user,repo,user:email,workflow...
2025-10-07 23:17:28.935 [info] Getting sessions for user:email...
2025-10-07 23:17:28.935 [info] Got 1 sessions for user:email...
2025-10-07 23:17:28.935 [info] Getting sessions for all scopes...
2025-10-07 23:17:28.936 [info] Got 1 sessions for ...
2025-10-07 23:17:28.936 [info] Getting sessions for read:user,repo,user:email,workflow...
2025-10-07 23:17:28.936 [info] Got 0 sessions for read:user,repo,user:email,workflow...
2025-10-07 23:17:28.936 [info] Getting sessions for user:email...
2025-10-07 23:17:28.936 [info] Got 1 sessions for user:email...
2025-10-07 23:17:29.468 [info] Getting sessions for all scopes...
2025-10-07 23:17:29.468 [info] Got 1 sessions for ...
2025-10-07 23:42:04.209 [info] Getting sessions for all scopes...
2025-10-07 23:42:04.209 [info] Got 1 sessions for ...
2025-10-07 23:42:04.210 [info] Getting sessions for read:user,repo,user:email,workflow...
2025-10-07 23:42:04.210 [info] Got 0 sessions for read:user,repo,user:email,workflow...
2025-10-07 23:42:04.211 [info] Getting sessions for user:email...
2025-10-07 23:42:04.211 [info] Got 1 sessions for user:email...
2025-10-07 23:42:04.822 [info] Getting sessions for all scopes...
2025-10-07 23:42:04.822 [info] Got 1 sessions for ...
2025-10-07 23:42:04.822 [info] Getting sessions for all scopes...
2025-10-07 23:42:04.822 [info] Got 1 sessions for ...
2025-10-07 23:42:04.829 [info] Getting sessions for read:user,repo,user:email,workflow...
2025-10-07 23:42:04.829 [info] Got 0 sessions for read:user,repo,user:email,workflow...
2025-10-07 23:42:04.830 [info] Getting sessions for user:email...
2025-10-07 23:42:04.830 [info] Got 1 sessions for user:email...
2025-10-07 23:42:04.830 [info] Getting sessions for read:user,repo,user:email,workflow...
2025-10-07 23:42:04.830 [info] Got 0 sessions for read:user,repo,user:email,workflow...
2025-10-07 23:42:04.831 [info] Getting sessions for all scopes...
2025-10-07 23:42:04.831 [info] Got 1 sessions for ...
2025-10-07 23:42:04.831 [info] Getting sessions for read:user,repo,user:email,workflow...
2025-10-07 23:42:04.831 [info] Got 0 sessions for read:user,repo,user:email,workflow...
2025-10-07 23:42:04.832 [info] Getting sessions for user:email...
2025-10-07 23:42:04.832 [info] Got 1 sessions for user:email...
2025-10-07 23:42:04.834 [info] Getting sessions for all scopes...
2025-10-07 23:42:04.834 [info] Got 1 sessions for ...
2025-10-07 23:42:04.834 [info] Getting sessions for all scopes...
2025-10-07 23:42:04.834 [info] Got 1 sessions for ...
2025-10-07 23:42:04.834 [info] Getting sessions for read:user,repo,user:email,workflow...
2025-10-07 23:42:04.834 [info] Got 0 sessions for read:user,repo,user:email,workflow...
2025-10-07 23:42:04.835 [info] Getting sessions for user:email...
2025-10-07 23:42:04.835 [info] Got 1 sessions for user:email...
2025-10-07 23:42:04.835 [info] Getting sessions for read:user,repo,user:email,workflow...
2025-10-07 23:42:04.835 [info] Got 0 sessions for read:user,repo,user:email,workflow...
2025-10-07 23:42:04.838 [info] Getting sessions for all scopes...
2025-10-07 23:42:04.838 [info] Got 1 sessions for ...
2025-10-07 23:42:04.839 [info] Getting sessions for read:user,repo,user:email,workflow...
2025-10-07 23:42:04.839 [info] Got 0 sessions for read:user,repo,user:email,workflow...
2025-10-07 23:42:04.840 [info] Getting sessions for user:email...
2025-10-07 23:42:04.840 [info] Got 1 sessions for user:email...
2025-10-07 23:46:26.803 [info] Getting sessions for read:user,repo,user:email,workflow...
2025-10-07 23:46:26.803 [info] Got 0 sessions for read:user,repo,user:email,workflow...
2025-10-07 23:46:26.803 [info] Getting sessions for read:user...
2025-10-07 23:46:26.803 [info] Got 0 sessions for read:user...
2025-10-07 23:46:26.804 [info] Getting sessions for user:email...
2025-10-07 23:46:26.804 [info] Got 1 sessions for user:email...
2025-10-08 00:07:23.879 [info] Getting sessions for all scopes...
2025-10-08 00:07:23.879 [info] Got 1 sessions for ...
2025-10-08 00:07:23.880 [info] Getting sessions for read:user,repo,user:email,workflow...
2025-10-08 00:07:23.880 [info] Got 0 sessions for read:user,repo,user:email,workflow...
2025-10-08 00:07:23.881 [info] Getting sessions for user:email...
2025-10-08 00:07:23.881 [info] Got 1 sessions for user:email...
2025-10-08 00:07:24.422 [info] Getting sessions for all scopes...
2025-10-08 00:07:24.422 [info] Got 1 sessions for ...
2025-10-08 00:07:24.422 [info] Getting sessions for all scopes...
2025-10-08 00:07:24.422 [info] Got 1 sessions for ...
2025-10-08 00:07:24.425 [info] Getting sessions for read:user,repo,user:email,workflow...
2025-10-08 00:07:24.425 [info] Got 0 sessions for read:user,repo,user:email,workflow...
2025-10-08 00:07:24.426 [info] Getting sessions for user:email...
2025-10-08 00:07:24.426 [info] Got 1 sessions for user:email...
2025-10-08 00:07:24.426 [info] Getting sessions for read:user,repo,user:email,workflow...
2025-10-08 00:07:24.426 [info] Got 0 sessions for read:user,repo,user:email,workflow...
2025-10-08 00:07:24.427 [info] Getting sessions for all scopes...
2025-10-08 00:07:24.427 [info] Got 1 sessions for ...
2025-10-08 00:07:24.427 [info] Getting sessions for read:user,repo,user:email,workflow...
2025-10-08 00:07:24.427 [info] Got 0 sessions for read:user,repo,user:email,workflow...
2025-10-08 00:07:24.428 [info] Getting sessions for user:email...
2025-10-08 00:07:24.428 [info] Got 1 sessions for user:email...
2025-10-08 00:07:24.429 [info] Getting sessions for all scopes...
2025-10-08 00:07:24.429 [info] Got 1 sessions for ...
2025-10-08 00:07:24.429 [info] Getting sessions for all scopes...
2025-10-08 00:07:24.429 [info] Got 1 sessions for ...
2025-10-08 00:07:24.429 [info] Getting sessions for read:user,repo,user:email,workflow...
2025-10-08 00:07:24.429 [info] Got 0 sessions for read:user,repo,user:email,workflow...
2025-10-08 00:07:24.430 [info] Getting sessions for user:email...
2025-10-08 00:07:24.430 [info] Got 1 sessions for user:email...
2025-10-08 00:07:24.430 [info] Getting sessions for read:user,repo,user:email,workflow...
2025-10-08 00:07:24.430 [info] Got 0 sessions for read:user,repo,user:email,workflow...
2025-10-08 00:07:24.432 [info] Getting sessions for all scopes...
2025-10-08 00:07:24.432 [info] Got 1 sessions for ...
2025-10-08 00:07:24.432 [info] Getting sessions for read:user,repo,user:email,workflow...
2025-10-08 00:07:24.432 [info] Got 0 sessions for read:user,repo,user:email,workflow...
2025-10-08 00:07:24.433 [info] Getting sessions for user:email...
2025-10-08 00:07:24.433 [info] Got 1 sessions for user:email...
2025-10-08 00:18:21.949 [info] Getting sessions for read:user,repo,user:email,workflow...
2025-10-08 00:18:21.949 [info] Got 0 sessions for read:user,repo,user:email,workflow...
2025-10-08 00:18:21.953 [info] Getting sessions for read:user...
2025-10-08 00:18:21.953 [info] Got 0 sessions for read:user...
2025-10-08 00:18:21.954 [info] Getting sessions for user:email...
2025-10-08 00:18:21.954 [info] Got 1 sessions for user:email...
