2025-10-05 06:15:05 Loading main app package /usr/lib/obsidian/obsidian.asar
2025-10-05 06:15:06 Checking for update using Github
2025-10-05 06:15:06 Loading main app package /usr/lib/obsidian/obsidian.asar
2025-10-05 06:15:06 Checking for update using Github
2025-10-05 06:15:06 Loading main app package /usr/lib/obsidian/obsidian.asar
2025-10-05 06:15:06 Success.
2025-10-05 06:15:06 Latest version is 1.9.14
2025-10-05 06:15:06 App is up to date.
2025-10-05 06:15:06 Checking for update using Github
2025-10-05 06:15:06 Loading main app package /usr/lib/obsidian/obsidian.asar
2025-10-05 06:15:06 Checking for update using Github
2025-10-06 06:18:09 Loading main app package /usr/lib/obsidian/obsidian.asar
2025-10-06 06:18:09 Checking for update using Github
2025-10-06 06:18:10 Success.
2025-10-06 06:18:10 Latest version is 1.9.14
2025-10-06 06:18:10 App is up to date.
2025-10-06 08:27:38 Loading main app package /usr/lib/obsidian/obsidian.asar
2025-10-06 08:27:38 Checking for update using Github
2025-10-06 08:27:38 Success.
2025-10-06 08:27:38 Latest version is 1.9.14
2025-10-06 08:27:38 App is up to date.
2025-10-06 08:33:32 Loading main app package /usr/lib/obsidian/obsidian.asar
2025-10-06 08:33:32 Checking for update using Github
2025-10-06 08:33:33 Success.
2025-10-06 08:33:33 Latest version is 1.9.14
2025-10-06 08:33:33 App is up to date.
2025-10-06 08:43:13 Loading main app package /usr/lib/obsidian/obsidian.asar
2025-10-06 08:43:14 Checking for update using Github
2025-10-06 08:43:14 Success.
2025-10-06 08:43:14 Latest version is 1.9.14
2025-10-06 08:43:14 App is up to date.
2025-10-06 08:47:35 Loading main app package /usr/lib/obsidian/obsidian.asar
2025-10-06 08:47:35 Checking for update using Github
2025-10-06 08:47:35 Success.
2025-10-06 08:47:35 Latest version is 1.9.14
2025-10-06 08:47:35 App is up to date.
2025-10-06 14:44:29 Loading main app package /usr/lib/obsidian/obsidian.asar
2025-10-06 14:44:30 Checking for update using Github
2025-10-06 14:44:30 Success.
2025-10-06 14:44:30 Latest version is 1.9.14
2025-10-06 14:44:30 App is up to date.
2025-10-06 15:38:49 Loading main app package /usr/lib/obsidian/obsidian.asar
2025-10-06 15:38:49 Checking for update using Github
2025-10-06 15:38:49 Success.
2025-10-06 15:38:49 Latest version is 1.9.14
2025-10-06 15:38:49 App is up to date.
2025-10-06 16:00:12 Loading main app package /usr/lib/obsidian/obsidian.asar
2025-10-06 16:00:12 Checking for update using Github
2025-10-06 16:00:13 Success.
2025-10-06 16:00:13 Latest version is 1.9.14
2025-10-06 16:00:13 App is up to date.
2025-10-06 23:32:47 Loading main app package /usr/lib/obsidian/obsidian.asar
2025-10-06 23:32:48 Checking for update using Github
2025-10-06 23:32:48 Success.
2025-10-06 23:32:48 Latest version is 1.9.14
2025-10-06 23:32:48 App is up to date.
2025-10-06 23:56:51 Loading main app package /usr/lib/obsidian/obsidian.asar
2025-10-06 23:56:51 Checking for update using Github
2025-10-06 23:56:51 Success.
2025-10-06 23:56:51 Latest version is 1.9.14
2025-10-06 23:56:51 App is up to date.
2025-10-07 02:28:45 Loading main app package /usr/lib/obsidian/obsidian.asar
2025-10-07 02:28:45 Checking for update using Github
2025-10-07 02:28:45 Success.
2025-10-07 02:28:45 Latest version is 1.9.14
2025-10-07 02:28:45 App is up to date.
2025-10-07 03:28:45 Checking for update using Github
2025-10-07 03:28:45 Success.
2025-10-07 03:28:45 Latest version is 1.9.14
2025-10-07 03:28:45 App is up to date.
2025-10-07 03:54:23 Loading main app package /usr/lib/obsidian/obsidian.asar
2025-10-07 03:54:23 Checking for update using Github
2025-10-07 04:31:13 Loading main app package /usr/lib/obsidian/obsidian.asar
2025-10-07 04:31:13 Checking for update using Github
2025-10-07 04:31:13 Success.
2025-10-07 04:31:13 Latest version is 1.9.14
2025-10-07 04:31:13 App is up to date.
2025-10-07 07:17:18 Loading main app package /usr/lib/obsidian/obsidian.asar
2025-10-07 07:17:18 Checking for update using Github
2025-10-07 07:17:19 Success.
2025-10-07 07:17:19 Latest version is 1.9.14
2025-10-07 07:17:19 App is up to date.
2025-10-08 01:37:12 Loading main app package /usr/lib/obsidian/obsidian.asar
2025-10-08 01:37:13 Checking for update using Github
2025-10-08 01:37:13 Loading main app package /usr/lib/obsidian/obsidian.asar
2025-10-08 01:37:13 Checking for update using Github
2025-10-08 01:37:13 Success.
2025-10-08 01:37:13 Latest version is 1.9.14
2025-10-08 01:37:13 App is up to date.
2025-10-08 01:50:10 Loading main app package /usr/lib/obsidian/obsidian.asar
2025-10-08 01:50:10 Checking for update using Github
2025-10-08 01:50:10 Success.
2025-10-08 01:50:10 Latest version is 1.9.14
2025-10-08 01:50:10 App is up to date.
2025-10-08 11:39:15 Loading main app package /usr/lib/obsidian/obsidian.asar
2025-10-08 11:39:15 Checking for update using Github
2025-10-08 11:39:16 Success.
2025-10-08 11:39:16 Latest version is 1.9.14
2025-10-08 11:39:16 App is up to date.
2025-10-08 12:12:29 Loading main app package /usr/lib/obsidian/obsidian.asar
2025-10-08 12:12:29 Checking for update using Github
2025-10-08 12:12:29 Success.
2025-10-08 12:12:29 Latest version is 1.9.14
2025-10-08 12:12:29 App is up to date.
