2025-10-06 15:12:34.606 [info] Reading sessions from keychain...
2025-10-06 15:12:34.606 [info] Getting sessions for all scopes...
2025-10-06 15:12:34.606 [info] Got 0 sessions for ...
2025-10-06 15:12:34.606 [info] Getting sessions for all scopes...
2025-10-06 15:12:34.606 [info] Got 0 sessions for ...
2025-10-06 15:12:34.606 [info] Getting sessions for all scopes...
2025-10-06 15:12:34.606 [info] Got 0 sessions for ...
2025-10-06 15:12:34.606 [info] Getting sessions for all scopes...
2025-10-06 15:12:34.606 [info] Got 0 sessions for ...
2025-10-06 15:12:34.606 [info] Getting sessions for all scopes...
2025-10-06 15:12:34.606 [info] Got 0 sessions for ...
2025-10-06 15:12:34.606 [info] Getting sessions for all scopes...
2025-10-06 15:12:34.606 [info] Got 0 sessions for ...
2025-10-06 15:12:34.606 [info] Getting sessions for all scopes...
2025-10-06 15:12:34.606 [info] Got 0 sessions for ...
2025-10-06 15:12:34.608 [info] Getting sessions for all scopes...
2025-10-06 15:12:34.608 [info] Got 0 sessions for ...
2025-10-06 15:12:34.608 [info] Getting sessions for all scopes...
2025-10-06 15:12:34.608 [info] Got 0 sessions for ...
2025-10-06 15:12:34.608 [info] Getting sessions for all scopes...
2025-10-06 15:12:34.608 [info] Got 0 sessions for ...
2025-10-06 15:12:34.608 [info] Getting sessions for all scopes...
2025-10-06 15:12:34.608 [info] Got 0 sessions for ...
2025-10-06 15:12:34.608 [info] Getting sessions for all scopes...
2025-10-06 15:12:34.608 [info] Got 0 sessions for ...
2025-10-06 15:12:34.609 [info] Getting sessions for all scopes...
2025-10-06 15:12:34.609 [info] Got 0 sessions for ...
2025-10-06 15:12:34.674 [info] Getting sessions for all scopes...
2025-10-06 15:12:34.674 [info] Got 0 sessions for ...
2025-10-06 15:12:34.914 [info] Getting sessions for all scopes...
2025-10-06 15:12:34.914 [info] Got 0 sessions for ...
2025-10-06 15:12:36.501 [info] Getting sessions for all scopes...
2025-10-06 15:12:36.501 [info] Got 0 sessions for ...
2025-10-06 15:12:36.502 [info] Getting sessions for all scopes...
2025-10-06 15:12:36.502 [info] Got 0 sessions for ...
2025-10-06 15:12:36.504 [info] Getting sessions for all scopes...
2025-10-06 15:12:36.504 [info] Got 0 sessions for ...
2025-10-06 15:55:54.138 [info] Reading sessions from keychain...
2025-10-06 15:55:54.138 [info] Getting sessions for all scopes...
2025-10-06 15:55:54.138 [info] Got 0 sessions for ...
2025-10-06 15:55:54.138 [info] Getting sessions for all scopes...
2025-10-06 15:55:54.138 [info] Got 0 sessions for ...
2025-10-06 15:55:54.138 [info] Getting sessions for all scopes...
2025-10-06 15:55:54.138 [info] Got 0 sessions for ...
2025-10-06 15:55:54.138 [info] Getting sessions for all scopes...
2025-10-06 15:55:54.138 [info] Got 0 sessions for ...
2025-10-06 15:55:54.138 [info] Getting sessions for all scopes...
2025-10-06 15:55:54.138 [info] Got 0 sessions for ...
2025-10-06 15:55:54.138 [info] Getting sessions for all scopes...
2025-10-06 15:55:54.138 [info] Got 0 sessions for ...
2025-10-06 15:55:54.138 [info] Getting sessions for all scopes...
2025-10-06 15:55:54.138 [info] Got 0 sessions for ...
2025-10-06 15:55:54.138 [info] Getting sessions for all scopes...
2025-10-06 15:55:54.138 [info] Got 0 sessions for ...
2025-10-06 15:55:54.138 [info] Getting sessions for all scopes...
2025-10-06 15:55:54.138 [info] Got 0 sessions for ...
2025-10-06 15:55:54.138 [info] Getting sessions for all scopes...
2025-10-06 15:55:54.138 [info] Got 0 sessions for ...
2025-10-06 15:55:54.138 [info] Getting sessions for all scopes...
2025-10-06 15:55:54.138 [info] Got 0 sessions for ...
2025-10-06 15:55:54.138 [info] Getting sessions for all scopes...
2025-10-06 15:55:54.138 [info] Got 0 sessions for ...
2025-10-06 15:55:54.138 [info] Getting sessions for all scopes...
2025-10-06 15:55:54.138 [info] Got 0 sessions for ...
2025-10-06 15:55:54.138 [info] Getting sessions for all scopes...
2025-10-06 15:55:54.138 [info] Got 0 sessions for ...
2025-10-06 15:55:54.251 [info] Getting sessions for all scopes...
2025-10-06 15:55:54.251 [info] Got 0 sessions for ...
2025-10-06 15:55:54.422 [info] Getting sessions for read:user,repo,user:email,workflow...
2025-10-06 15:55:54.422 [info] Got 0 sessions for read:user,repo,user:email,workflow...
2025-10-06 15:55:56.138 [info] Getting sessions for all scopes...
2025-10-06 15:55:56.138 [info] Got 0 sessions for ...
2025-10-06 15:55:56.138 [info] Getting sessions for all scopes...
2025-10-06 15:55:56.138 [info] Got 0 sessions for ...
2025-10-06 15:55:56.143 [info] Getting sessions for all scopes...
2025-10-06 15:55:56.143 [info] Got 0 sessions for ...
