2025-10-08 09:36:48.632 [info] [main] Log level: Info
2025-10-08 09:36:48.632 [info] [main] Validating found git in: "git"
2025-10-08 09:36:48.632 [info] [main] Using git "2.51.0" from "git"
2025-10-08 09:36:48.632 [info] [Model][doInitialScan] Initial repository scan started
2025-10-08 09:36:48.632 [info] > git rev-parse --show-toplevel [4ms]
2025-10-08 09:36:48.632 [info] > git rev-parse --git-dir --git-common-dir --show-superproject-working-tree [3ms]
2025-10-08 09:36:48.632 [info] [Model][openRepository] Opened repository (path): /home/blueflowers/Matuprland
2025-10-08 09:36:48.632 [info] [Model][openRepository] Opened repository (real path): /home/blueflowers/Matuprland
2025-10-08 09:36:48.632 [info] [Model][openRepository] Opened repository (kind): repository
2025-10-08 09:36:48.644 [info] > git rev-parse --show-toplevel [5ms]
2025-10-08 09:36:48.644 [info] > git config --get commit.template [8ms]
2025-10-08 09:36:48.656 [info] > git for-each-ref --format=%(refname)%00%(upstream:short)%00%(objectname)%00%(upstream:track)%00%(upstream:remotename)%00%(upstream:remoteref) refs/heads/main refs/remotes/main [6ms]
2025-10-08 09:36:48.663 [warning] [Git][revParse] Unable to read file: ENOENT: no such file or directory, open '/home/blueflowers/Matuprland/.git/refs/remotes/origin/main'
2025-10-08 09:36:48.663 [info] > git rev-parse --show-toplevel [8ms]
2025-10-08 09:36:48.667 [info] > git rev-parse refs/remotes/origin/main [4ms]
2025-10-08 09:36:48.675 [info] > git rev-parse --show-toplevel [8ms]
2025-10-08 09:36:48.680 [info] > git for-each-ref --sort -committerdate --format %(refname)%00%(objectname)%00%(*objectname) [6ms]
2025-10-08 09:36:48.681 [info] > git rev-parse --show-toplevel [2ms]
2025-10-08 09:36:48.686 [info] > git rev-parse --show-toplevel [1ms]
2025-10-08 09:36:48.690 [info] > git rev-parse --show-toplevel [1ms]
2025-10-08 09:36:48.694 [info] > git rev-parse --show-toplevel [1ms]
2025-10-08 09:36:48.698 [info] > git rev-parse --show-toplevel [1ms]
2025-10-08 09:36:48.703 [info] > git rev-parse --show-toplevel [2ms]
2025-10-08 09:36:48.730 [info] > git status -z -uall [59ms]
2025-10-08 09:36:48.730 [info] > git rev-parse --show-toplevel [12ms]
2025-10-08 09:36:48.752 [info] > git rev-parse --show-toplevel [17ms]
2025-10-08 09:36:48.756 [info] > git for-each-ref --format=%(refname)%00%(upstream:short)%00%(objectname)%00%(upstream:track)%00%(upstream:remotename)%00%(upstream:remoteref) refs/heads/main refs/remotes/main [4ms]
2025-10-08 09:36:48.762 [info] > git rev-parse --show-toplevel [6ms]
2025-10-08 09:36:48.766 [info] > git config --get --local branch.main.vscode-merge-base [6ms]
2025-10-08 09:36:48.804 [info] > git rev-parse --show-toplevel [38ms]
2025-10-08 09:36:48.810 [info] > git for-each-ref --format=%(refname)%00%(upstream:short)%00%(objectname)%00%(upstream:track)%00%(upstream:remotename)%00%(upstream:remoteref) refs/heads/origin/main refs/remotes/origin/main [40ms]
2025-10-08 09:36:50.102 [info] > git merge-base refs/heads/main refs/remotes/origin/main [1288ms]
2025-10-08 09:36:50.108 [info] > git rev-parse --show-toplevel [1299ms]
2025-10-08 09:36:50.138 [info] > git check-ignore -v -z --stdin [25ms]
2025-10-08 09:36:50.139 [info] > git diff --name-status -z --diff-filter=ADMR 0377d0666460445b96a88e60fa23bc3bccbc34bb...refs/remotes/origin/main [31ms]
2025-10-08 09:36:50.197 [info] > git rev-parse --show-toplevel [60ms]
2025-10-08 09:36:50.198 [info] > git config --get commit.template [64ms]
2025-10-08 09:36:50.335 [info] > git rev-parse --show-toplevel [117ms]
2025-10-08 09:36:50.342 [info] > git for-each-ref --format=%(refname)%00%(upstream:short)%00%(objectname)%00%(upstream:track)%00%(upstream:remotename)%00%(upstream:remoteref) refs/heads/main refs/remotes/main [9ms]
2025-10-08 09:36:50.564 [warning] [Git][revParse] Unable to read file: ENOENT: no such file or directory, open '/home/blueflowers/Matuprland/.git/refs/remotes/origin/main'
2025-10-08 09:36:50.565 [info] > git rev-parse --show-toplevel [224ms]
2025-10-08 09:36:50.573 [info] > git rev-parse refs/remotes/origin/main [9ms]
2025-10-08 09:36:50.603 [info] > git status -z -uall [23ms]
2025-10-08 09:36:50.603 [info] > git for-each-ref --sort -committerdate --format %(refname)%00%(objectname)%00%(*objectname) [16ms]
2025-10-08 09:36:50.606 [info] > git rev-parse --show-toplevel [33ms]
2025-10-08 09:36:50.615 [info] > git rev-parse --show-toplevel [1ms]
2025-10-08 09:36:50.623 [info] > git rev-parse --show-toplevel [1ms]
2025-10-08 09:36:50.633 [info] > git rev-parse --show-toplevel [1ms]
2025-10-08 09:36:50.644 [info] > git rev-parse --show-toplevel [3ms]
2025-10-08 09:36:50.659 [info] > git rev-parse --show-toplevel [1ms]
2025-10-08 09:36:50.780 [info] > git rev-parse --show-toplevel [112ms]
2025-10-08 09:36:50.797 [info] > git rev-parse --show-toplevel [3ms]
2025-10-08 09:36:50.817 [info] > git rev-parse --show-toplevel [1ms]
2025-10-08 09:36:50.818 [info] [Model][doInitialScan] Initial repository scan completed - repositories (1), closed repositories (0), parent repositories (0), unsafe repositories (0)
2025-10-08 09:36:50.837 [info] > git show --textconv :hypr/hyprlock.conf [12ms]
2025-10-08 09:36:50.837 [info] > git ls-files --stage -- hypr/hyprlock.conf [7ms]
2025-10-08 09:36:50.844 [info] > git config --get commit.template [7ms]
2025-10-08 09:36:50.849 [info] > git cat-file -s 3a341cbae334a326e6d5884f3683c1496568729d [6ms]
2025-10-08 09:36:50.850 [info] > git for-each-ref --format=%(refname)%00%(upstream:short)%00%(objectname)%00%(upstream:track)%00%(upstream:remotename)%00%(upstream:remoteref) refs/heads/main refs/remotes/main [1ms]
2025-10-08 09:36:50.856 [warning] [Git][revParse] Unable to read file: ENOENT: no such file or directory, open '/home/blueflowers/Matuprland/.git/refs/remotes/origin/main'
2025-10-08 09:36:50.857 [info] > git rev-parse refs/remotes/origin/main [1ms]
2025-10-08 09:36:50.877 [info] > git for-each-ref --sort -committerdate --format %(refname)%00%(objectname)%00%(*objectname) [7ms]
2025-10-08 09:36:50.886 [info] > git status -z -uall [22ms]
2025-10-08 09:36:50.889 [info] > git blame --root --incremental 0377d0666460445b96a88e60fa23bc3bccbc34bb -- hypr/hyprlock.conf [3ms]
2025-10-08 10:05:56.121 [info] > git rev-parse --show-toplevel [3ms]
2025-10-08 10:07:45.673 [info] > git show --textconv :hypr/hyprlock.conf [6ms]
2025-10-08 10:07:45.674 [info] > git ls-files --stage -- hypr/hyprlock.conf [1ms]
2025-10-08 10:07:45.680 [info] > git cat-file -s 3a341cbae334a326e6d5884f3683c1496568729d [1ms]
2025-10-08 10:20:40.725 [info] > git show --textconv :waybar/themes/minimal/style.css [7ms]
2025-10-08 10:20:40.780 [info] > git ls-files --stage -- waybar/themes/minimal/style.css [55ms]
2025-10-08 10:20:40.788 [info] > git cat-file -s af33923ea8a12f947f62f368d188bee5c3d972dd [1ms]
2025-10-08 10:20:40.988 [info] > git blame --root --incremental 0377d0666460445b96a88e60fa23bc3bccbc34bb -- waybar/themes/minimal/style.css [183ms]
2025-10-08 10:20:41.158 [info] > git check-ignore -v -z --stdin [1ms]
2025-10-08 10:21:09.185 [info] > git show --textconv :hypr/hyprlock.conf [9ms]
2025-10-08 10:21:09.186 [info] > git ls-files --stage -- hypr/hyprlock.conf [1ms]
2025-10-08 10:21:09.195 [info] > git cat-file -s 3a341cbae334a326e6d5884f3683c1496568729d [1ms]
2025-10-08 10:21:40.075 [info] > git check-ignore -v -z --stdin [1ms]
2025-10-08 10:21:40.697 [info] > git check-ignore -v -z --stdin [1ms]
2025-10-08 10:21:43.426 [info] > git ls-files --stage -- matugen/templates/matugen-hyprland.conf [1ms]
2025-10-08 10:21:43.457 [info] > git cat-file -s 6d87a58d92875511b44f3a91517a9e5f6fefbc15 [26ms]
2025-10-08 10:21:43.457 [info] > git show --textconv :matugen/templates/matugen-hyprland.conf [38ms]
2025-10-08 10:21:43.800 [info] > git show --textconv :matugen/templates/matugen-hyprlock.conf [6ms]
2025-10-08 10:21:43.800 [info] > git ls-files --stage -- matugen/templates/matugen-hyprlock.conf [1ms]
2025-10-08 10:21:43.806 [info] > git cat-file -s b0f257a1320fef03f007486b0bb5394d3f746b72 [1ms]
2025-10-08 10:21:44.453 [info] > git show --textconv :matugen/templates/matugen-hyprland.conf [6ms]
2025-10-08 10:21:44.454 [info] > git ls-files --stage -- matugen/templates/matugen-hyprland.conf [1ms]
2025-10-08 10:21:44.460 [info] > git cat-file -s 6d87a58d92875511b44f3a91517a9e5f6fefbc15 [1ms]
2025-10-08 10:21:44.931 [info] > git show --textconv :matugen/templates/matugen-hyprlock.conf [7ms]
2025-10-08 10:21:44.931 [info] > git ls-files --stage -- matugen/templates/matugen-hyprlock.conf [0ms]
2025-10-08 10:21:44.938 [info] > git cat-file -s b0f257a1320fef03f007486b0bb5394d3f746b72 [1ms]
2025-10-08 10:21:46.192 [info] > git show --textconv :matugen/templates/matugen-hyprland.conf [6ms]
2025-10-08 10:21:46.193 [info] > git ls-files --stage -- matugen/templates/matugen-hyprland.conf [0ms]
2025-10-08 10:21:46.198 [info] > git cat-file -s 6d87a58d92875511b44f3a91517a9e5f6fefbc15 [1ms]
2025-10-08 10:21:46.734 [info] > git show --textconv :matugen/templates/matugen-hyprlock.conf [6ms]
2025-10-08 10:21:46.735 [info] > git ls-files --stage -- matugen/templates/matugen-hyprlock.conf [1ms]
2025-10-08 10:21:46.741 [info] > git cat-file -s b0f257a1320fef03f007486b0bb5394d3f746b72 [1ms]
2025-10-08 10:21:47.180 [info] > git show --textconv :matugen/templates/matugen-hyprland.conf [6ms]
2025-10-08 10:21:47.181 [info] > git ls-files --stage -- matugen/templates/matugen-hyprland.conf [1ms]
2025-10-08 10:21:47.187 [info] > git cat-file -s 6d87a58d92875511b44f3a91517a9e5f6fefbc15 [1ms]
2025-10-08 10:21:48.024 [info] > git show --textconv :matugen/templates/matugen-hyprlock.conf [6ms]
2025-10-08 10:21:48.025 [info] > git ls-files --stage -- matugen/templates/matugen-hyprlock.conf [1ms]
2025-10-08 10:21:48.031 [info] > git cat-file -s b0f257a1320fef03f007486b0bb5394d3f746b72 [1ms]
2025-10-08 10:21:48.515 [info] > git show --textconv :matugen/templates/matugen-hyprland.conf [7ms]
2025-10-08 10:21:48.516 [info] > git ls-files --stage -- matugen/templates/matugen-hyprland.conf [2ms]
2025-10-08 10:21:48.522 [info] > git cat-file -s 6d87a58d92875511b44f3a91517a9e5f6fefbc15 [1ms]
2025-10-08 10:21:48.801 [info] > git show --textconv :matugen/templates/matugen-hyprlock.conf [6ms]
2025-10-08 10:21:48.802 [info] > git ls-files --stage -- matugen/templates/matugen-hyprlock.conf [1ms]
2025-10-08 10:21:48.808 [info] > git cat-file -s b0f257a1320fef03f007486b0bb5394d3f746b72 [1ms]
2025-10-08 10:21:49.098 [info] > git show --textconv :matugen/templates/matugen-hyprland.conf [6ms]
2025-10-08 10:21:49.099 [info] > git ls-files --stage -- matugen/templates/matugen-hyprland.conf [1ms]
2025-10-08 10:21:49.106 [info] > git cat-file -s 6d87a58d92875511b44f3a91517a9e5f6fefbc15 [1ms]
2025-10-08 10:21:49.393 [info] > git show --textconv :matugen/templates/matugen-hyprlock.conf [6ms]
2025-10-08 10:21:49.394 [info] > git ls-files --stage -- matugen/templates/matugen-hyprlock.conf [1ms]
2025-10-08 10:21:49.400 [info] > git cat-file -s b0f257a1320fef03f007486b0bb5394d3f746b72 [1ms]
2025-10-08 10:21:49.706 [info] > git show --textconv :matugen/templates/matugen-hyprland.conf [7ms]
2025-10-08 10:21:49.707 [info] > git ls-files --stage -- matugen/templates/matugen-hyprland.conf [2ms]
2025-10-08 10:21:49.713 [info] > git cat-file -s 6d87a58d92875511b44f3a91517a9e5f6fefbc15 [1ms]
2025-10-08 10:22:50.478 [info] > git show --textconv :hypr/hyprlock.conf [6ms]
2025-10-08 10:22:50.478 [info] > git ls-files --stage -- hypr/hyprlock.conf [1ms]
2025-10-08 10:22:50.484 [info] > git cat-file -s 3a341cbae334a326e6d5884f3683c1496568729d [1ms]
2025-10-08 10:23:43.344 [info] > git check-ignore -v -z --stdin [1ms]
2025-10-08 10:23:44.403 [info] > git show --textconv :hypr/hyprlock/status.sh [6ms]
2025-10-08 10:23:44.404 [info] > git ls-files --stage -- hypr/hyprlock/status.sh [1ms]
2025-10-08 10:23:44.409 [info] > git cat-file -s dd80633739bd96272c3d0ae40f7bd5527196b8c3 [1ms]
2025-10-08 10:23:48.996 [info] > git show --textconv :hypr/hyprlock/check-capslock.sh [6ms]
2025-10-08 10:23:48.997 [info] > git ls-files --stage -- hypr/hyprlock/check-capslock.sh [1ms]
2025-10-08 10:23:49.003 [info] > git cat-file -s ca56178a2b890d321828539d415464cb005419bf [1ms]
2025-10-08 10:25:01.291 [info] > git check-ignore -v -z --stdin [1ms]
2025-10-08 10:25:04.161 [info] > git show --textconv :wlogout/layout [5ms]
2025-10-08 10:25:04.162 [info] > git ls-files --stage -- wlogout/layout [1ms]
2025-10-08 10:25:04.168 [info] > git cat-file -s eb70621eb433f41ff7ced7cb10ebb6f3ab0c55c7 [1ms]
2025-10-08 10:25:16.531 [info] > git show --textconv :wlogout/matugen-wlogout.css [7ms]
2025-10-08 10:25:16.531 [info] > git ls-files --stage -- wlogout/matugen-wlogout.css [1ms]
2025-10-08 10:25:16.538 [info] > git cat-file -s eb2e99cd1f5029a745b96cf41bc7886bc2fdefab [1ms]
2025-10-08 10:25:21.915 [info] > git check-ignore -v -z --stdin [1ms]
2025-10-08 10:25:37.747 [info] > git show --textconv :wlogout/layout [7ms]
2025-10-08 10:25:37.747 [info] > git ls-files --stage -- wlogout/layout [1ms]
2025-10-08 10:25:37.753 [info] > git cat-file -s eb70621eb433f41ff7ced7cb10ebb6f3ab0c55c7 [0ms]
2025-10-08 10:25:58.828 [info] > git show --textconv :hypr/hyprlock.conf [7ms]
2025-10-08 10:25:58.829 [info] > git ls-files --stage -- hypr/hyprlock.conf [1ms]
2025-10-08 10:25:58.835 [info] > git cat-file -s 3a341cbae334a326e6d5884f3683c1496568729d [1ms]
2025-10-08 10:26:34.396 [info] > git for-each-ref --format=%(refname)%00%(upstream:short)%00%(objectname)%00%(upstream:track)%00%(upstream:remotename)%00%(upstream:remoteref) refs/heads/main refs/remotes/main [2ms]
2025-10-08 10:26:34.397 [info] > git config --get commit.template [8ms]
2025-10-08 10:26:34.402 [warning] [Git][revParse] Unable to read file: ENOENT: no such file or directory, open '/home/blueflowers/Matuprland/.git/refs/remotes/origin/main'
2025-10-08 10:26:34.403 [info] > git rev-parse refs/remotes/origin/main [1ms]
2025-10-08 10:26:34.415 [info] > git for-each-ref --sort -committerdate --format %(refname)%00%(objectname)%00%(*objectname) [2ms]
2025-10-08 10:26:34.435 [info] > git status -z -uall [28ms]
2025-10-08 10:28:55.899 [info] > git show --textconv :hypr/hypridle.conf [6ms]
2025-10-08 10:28:55.900 [info] > git ls-files --stage -- hypr/hypridle.conf [1ms]
2025-10-08 10:28:55.906 [info] > git cat-file -s e2543f2f398447ccd54a96ff3117c7a8e6557711 [1ms]
2025-10-08 10:28:58.545 [info] > git show --textconv :hypr/hyprlock.conf [6ms]
2025-10-08 10:28:58.546 [info] > git ls-files --stage -- hypr/hyprlock.conf [1ms]
2025-10-08 10:28:58.552 [info] > git cat-file -s 3a341cbae334a326e6d5884f3683c1496568729d [1ms]
2025-10-08 10:29:01.048 [info] > git check-ignore -v -z --stdin [1ms]
2025-10-08 10:29:02.491 [info] > git check-ignore -v -z --stdin [1ms]
2025-10-08 10:29:03.952 [info] > git show --textconv :hypr/hyprland.conf [6ms]
2025-10-08 10:29:03.953 [info] > git ls-files --stage -- hypr/hyprland.conf [1ms]
2025-10-08 10:29:03.959 [info] > git cat-file -s ff9ba37447f63d669259094a23406722222f512a [1ms]
2025-10-08 10:29:10.113 [info] > git show --textconv :hypr/hyprlock.conf [9ms]
2025-10-08 10:29:10.113 [info] > git ls-files --stage -- hypr/hyprlock.conf [1ms]
2025-10-08 10:29:10.122 [info] > git cat-file -s 3a341cbae334a326e6d5884f3683c1496568729d [1ms]
2025-10-08 10:29:24.525 [info] > git show --textconv :hypr/hyprlock/status.sh [7ms]
2025-10-08 10:29:24.525 [info] > git ls-files --stage -- hypr/hyprlock/status.sh [1ms]
2025-10-08 10:29:24.531 [info] > git cat-file -s dd80633739bd96272c3d0ae40f7bd5527196b8c3 [1ms]
2025-10-08 10:29:29.731 [info] > git show --textconv :hypr/hyprlock/check-capslock.sh [6ms]
2025-10-08 10:29:29.732 [info] > git ls-files --stage -- hypr/hyprlock/check-capslock.sh [1ms]
2025-10-08 10:29:29.738 [info] > git cat-file -s ca56178a2b890d321828539d415464cb005419bf [2ms]
2025-10-08 10:29:33.668 [info] > git check-ignore -v -z --stdin [1ms]
2025-10-08 10:29:34.930 [info] > git show --textconv :hypr/hyprlock.conf [6ms]
2025-10-08 10:29:34.931 [info] > git ls-files --stage -- hypr/hyprlock.conf [1ms]
2025-10-08 10:29:34.937 [info] > git cat-file -s 3a341cbae334a326e6d5884f3683c1496568729d [1ms]
2025-10-08 10:31:04.055 [info] > git config --get commit.template [6ms]
2025-10-08 10:31:04.056 [info] > git for-each-ref --format=%(refname)%00%(upstream:short)%00%(objectname)%00%(upstream:track)%00%(upstream:remotename)%00%(upstream:remoteref) refs/heads/main refs/remotes/main [1ms]
2025-10-08 10:31:04.062 [warning] [Git][revParse] Unable to read file: ENOENT: no such file or directory, open '/home/blueflowers/Matuprland/.git/refs/remotes/origin/main'
2025-10-08 10:31:04.063 [info] > git rev-parse refs/remotes/origin/main [0ms]
2025-10-08 10:31:04.075 [info] > git for-each-ref --sort -committerdate --format %(refname)%00%(objectname)%00%(*objectname) [1ms]
2025-10-08 10:31:04.084 [info] > git status -z -uall [16ms]
2025-10-08 10:34:41.048 [info] > git show --textconv :wlogout/layout [6ms]
2025-10-08 10:34:41.048 [info] > git ls-files --stage -- wlogout/layout [1ms]
2025-10-08 10:34:41.054 [info] > git cat-file -s eb70621eb433f41ff7ced7cb10ebb6f3ab0c55c7 [1ms]
2025-10-08 10:34:47.504 [info] > git show --textconv :wlogout/matugen-wlogout.css [7ms]
2025-10-08 10:34:47.505 [info] > git ls-files --stage -- wlogout/matugen-wlogout.css [1ms]
2025-10-08 10:34:47.511 [info] > git cat-file -s eb2e99cd1f5029a745b96cf41bc7886bc2fdefab [1ms]
2025-10-08 10:35:22.287 [info] > git blame --root --incremental 0377d0666460445b96a88e60fa23bc3bccbc34bb -- wlogout/matugen-wlogout.css [3ms]
2025-10-08 10:38:46.446 [info] > git show --textconv :matugen/config.toml [7ms]
2025-10-08 10:38:46.447 [info] > git ls-files --stage -- matugen/config.toml [2ms]
2025-10-08 10:38:46.454 [info] > git cat-file -s 045fd4f19ff36de5d8d91bded863bdef911ebb2e [2ms]
2025-10-08 10:38:46.479 [info] > git blame --root --incremental 0377d0666460445b96a88e60fa23bc3bccbc34bb -- matugen/config.toml [3ms]
2025-10-08 10:39:32.145 [info] > git show --textconv :wlogout/matugen-wlogout.css [7ms]
2025-10-08 10:39:32.145 [info] > git ls-files --stage -- wlogout/matugen-wlogout.css [1ms]
2025-10-08 10:39:32.152 [info] > git cat-file -s eb2e99cd1f5029a745b96cf41bc7886bc2fdefab [1ms]
2025-10-08 10:39:49.311 [info] > git show --textconv :matugen/templates/matugen-waybar.css [7ms]
2025-10-08 10:39:49.312 [info] > git ls-files --stage -- matugen/templates/matugen-waybar.css [1ms]
2025-10-08 10:39:49.318 [info] > git cat-file -s f35d3a783c9635405c3fdaee05ed59bf4b5cd3da [1ms]
2025-10-08 10:39:53.867 [info] > git show --textconv :wlogout/matugen-wlogout.css [7ms]
2025-10-08 10:39:53.867 [info] > git ls-files --stage -- wlogout/matugen-wlogout.css [1ms]
2025-10-08 10:39:53.874 [info] > git cat-file -s eb2e99cd1f5029a745b96cf41bc7886bc2fdefab [1ms]
2025-10-08 10:40:03.470 [info] > git check-ignore -v -z --stdin [1ms]
2025-10-08 10:40:03.753 [info] > git show --textconv :waybar/matugen/matugen-waybar.css [7ms]
2025-10-08 10:40:03.754 [info] > git ls-files --stage -- waybar/matugen/matugen-waybar.css [1ms]
2025-10-08 10:40:03.761 [info] > git cat-file -s 14ab54da505722cb6587732ac679ac04ece5ce34 [1ms]
2025-10-08 10:40:11.268 [info] > git blame --root --incremental 0377d0666460445b96a88e60fa23bc3bccbc34bb -- waybar/matugen/matugen-waybar.css [3ms]
2025-10-08 10:40:17.490 [info] > git show --textconv :wlogout/matugen-wlogout.css [7ms]
2025-10-08 10:40:17.491 [info] > git ls-files --stage -- wlogout/matugen-wlogout.css [1ms]
2025-10-08 10:40:17.497 [info] > git cat-file -s eb2e99cd1f5029a745b96cf41bc7886bc2fdefab [1ms]
2025-10-08 10:40:38.668 [info] > git show --textconv :waybar/matugen/matugen-waybar.css [7ms]
2025-10-08 10:40:38.668 [info] > git ls-files --stage -- waybar/matugen/matugen-waybar.css [1ms]
2025-10-08 10:40:38.676 [info] > git cat-file -s 14ab54da505722cb6587732ac679ac04ece5ce34 [2ms]
2025-10-08 10:41:12.944 [info] > git show --textconv :matugen/templates/matugen-waybar.css [7ms]
2025-10-08 10:41:12.944 [info] > git ls-files --stage -- matugen/templates/matugen-waybar.css [1ms]
2025-10-08 10:41:12.950 [info] > git cat-file -s f35d3a783c9635405c3fdaee05ed59bf4b5cd3da [1ms]
2025-10-08 10:41:15.856 [info] > git blame --root --incremental 0377d0666460445b96a88e60fa23bc3bccbc34bb -- matugen/templates/matugen-waybar.css [2ms]
2025-10-08 10:42:15.150 [info] > git show --textconv :wlogout/matugen-wlogout.css [6ms]
2025-10-08 10:42:15.151 [info] > git ls-files --stage -- wlogout/matugen-wlogout.css [1ms]
2025-10-08 10:42:15.157 [info] > git cat-file -s eb2e99cd1f5029a745b96cf41bc7886bc2fdefab [1ms]
2025-10-08 10:46:42.647 [info] > git show --textconv :wlogout/layout [7ms]
2025-10-08 10:46:42.647 [info] > git ls-files --stage -- wlogout/layout [1ms]
2025-10-08 10:46:42.654 [info] > git cat-file -s eb70621eb433f41ff7ced7cb10ebb6f3ab0c55c7 [1ms]
2025-10-08 10:46:48.184 [info] > git show --textconv :wlogout/matugen-wlogout.css [6ms]
2025-10-08 10:46:48.185 [info] > git ls-files --stage -- wlogout/matugen-wlogout.css [1ms]
2025-10-08 10:46:48.191 [info] > git cat-file -s eb2e99cd1f5029a745b96cf41bc7886bc2fdefab [1ms]
2025-10-08 10:46:51.947 [info] > git show --textconv :wlogout/layout [6ms]
2025-10-08 10:46:51.949 [info] > git ls-files --stage -- wlogout/layout [2ms]
2025-10-08 10:46:51.955 [info] > git cat-file -s eb70621eb433f41ff7ced7cb10ebb6f3ab0c55c7 [1ms]
2025-10-08 10:47:34.926 [info] > git blame --root --incremental 0377d0666460445b96a88e60fa23bc3bccbc34bb -- wlogout/layout [2ms]
2025-10-08 10:50:21.532 [info] > git show --textconv :wlogout/matugen-wlogout.css [8ms]
2025-10-08 10:50:21.532 [info] > git ls-files --stage -- wlogout/matugen-wlogout.css [1ms]
2025-10-08 10:50:21.538 [info] > git cat-file -s eb2e99cd1f5029a745b96cf41bc7886bc2fdefab [0ms]
2025-10-08 10:51:53.990 [info] > git show --textconv :wlogout/layout [7ms]
2025-10-08 10:51:53.991 [info] > git ls-files --stage -- wlogout/layout [1ms]
2025-10-08 10:51:53.997 [info] > git cat-file -s eb70621eb433f41ff7ced7cb10ebb6f3ab0c55c7 [1ms]
2025-10-08 10:51:54.576 [info] > git show --textconv :wlogout/matugen-wlogout.css [7ms]
2025-10-08 10:51:54.577 [info] > git ls-files --stage -- wlogout/matugen-wlogout.css [2ms]
2025-10-08 10:51:54.583 [info] > git cat-file -s eb2e99cd1f5029a745b96cf41bc7886bc2fdefab [1ms]
2025-10-08 10:51:57.146 [info] > git show --textconv :waybar/matugen/matugen-waybar.css [6ms]
2025-10-08 10:51:57.147 [info] > git ls-files --stage -- waybar/matugen/matugen-waybar.css [1ms]
2025-10-08 10:51:57.154 [info] > git cat-file -s 14ab54da505722cb6587732ac679ac04ece5ce34 [1ms]
2025-10-08 10:52:23.211 [info] > git show --textconv :waybar/config.jsonc [6ms]
2025-10-08 10:52:23.212 [info] > git ls-files --stage -- waybar/config.jsonc [1ms]
2025-10-08 10:52:23.218 [info] > git cat-file -s 176abee502efc30dc90ecc9709c229664b2f92e2 [1ms]
2025-10-08 10:52:27.024 [info] > git show --textconv :wlogout/matugen-wlogout.css [7ms]
2025-10-08 10:52:27.024 [info] > git ls-files --stage -- wlogout/matugen-wlogout.css [1ms]
2025-10-08 10:52:27.031 [info] > git cat-file -s eb2e99cd1f5029a745b96cf41bc7886bc2fdefab [1ms]
2025-10-08 10:57:05.918 [info] > git show --textconv :waybar/matugen/matugen-waybar.css [6ms]
2025-10-08 10:57:05.919 [info] > git ls-files --stage -- waybar/matugen/matugen-waybar.css [1ms]
2025-10-08 10:57:05.926 [info] > git cat-file -s 14ab54da505722cb6587732ac679ac04ece5ce34 [1ms]
2025-10-08 10:58:16.417 [info] > git show --textconv :wlogout/matugen-wlogout.css [8ms]
2025-10-08 10:58:16.418 [info] > git ls-files --stage -- wlogout/matugen-wlogout.css [1ms]
2025-10-08 10:58:16.424 [info] > git cat-file -s eb2e99cd1f5029a745b96cf41bc7886bc2fdefab [1ms]
2025-10-08 11:00:08.222 [info] > git show --textconv :waybar/matugen/matugen-waybar.css [7ms]
2025-10-08 11:00:08.222 [info] > git ls-files --stage -- waybar/matugen/matugen-waybar.css [1ms]
2025-10-08 11:00:08.228 [info] > git cat-file -s 14ab54da505722cb6587732ac679ac04ece5ce34 [1ms]
2025-10-08 11:00:50.029 [info] > git show --textconv :waybar/style.css [8ms]
2025-10-08 11:00:50.030 [info] > git ls-files --stage -- waybar/style.css [2ms]
2025-10-08 11:00:50.036 [info] > git cat-file -s c2ef911e70a833a6038e14dea42dc6bfa9de0c30 [1ms]
2025-10-08 11:00:54.866 [info] > git show --textconv :matugen/templates/matugen-gtk.css [7ms]
2025-10-08 11:00:54.866 [info] > git ls-files --stage -- matugen/templates/matugen-gtk.css [1ms]
2025-10-08 11:00:54.873 [info] > git cat-file -s 0b2f68f09c0c629e73670b72484c35425b7604b4 [1ms]
2025-10-08 11:00:55.787 [info] > git show --textconv :matugen/templates/matugen-kitty.conf [6ms]
2025-10-08 11:00:55.788 [info] > git ls-files --stage -- matugen/templates/matugen-kitty.conf [1ms]
2025-10-08 11:00:55.794 [info] > git cat-file -s 66753c1933f1c92ca89c876e478ecbd6bdb343ac [1ms]
2025-10-08 11:00:56.066 [info] > git show --textconv :matugen/templates/matugen-hyprlock.conf [7ms]
2025-10-08 11:00:56.066 [info] > git ls-files --stage -- matugen/templates/matugen-hyprlock.conf [1ms]
2025-10-08 11:00:56.073 [info] > git cat-file -s b0f257a1320fef03f007486b0bb5394d3f746b72 [2ms]
2025-10-08 11:00:56.426 [info] > git show --textconv :matugen/templates/matugen-nvchad-colors [6ms]
2025-10-08 11:00:56.427 [info] > git ls-files --stage -- matugen/templates/matugen-nvchad-colors [1ms]
2025-10-08 11:00:56.433 [info] > git cat-file -s bbc83fb7e7a8694a239ab4d80a879fdbcfd6d1c7 [1ms]
2025-10-08 11:00:56.737 [info] > git show --textconv :matugen/templates/matugen-nvchad.lua [7ms]
2025-10-08 11:00:56.738 [info] > git ls-files --stage -- matugen/templates/matugen-nvchad.lua [1ms]
2025-10-08 11:00:56.744 [info] > git cat-file -s 9ddb17f5b2adec3ddc689e19728429eee61d8c71 [1ms]
2025-10-08 11:00:57.300 [info] > git show --textconv :matugen/templates/matugen-rofi.rasi [7ms]
2025-10-08 11:00:57.301 [info] > git ls-files --stage -- matugen/templates/matugen-rofi.rasi [2ms]
2025-10-08 11:00:57.307 [info] > git cat-file -s ccc10550317256f108ab3c57de21528f13adefd2 [1ms]
2025-10-08 11:00:57.572 [info] > git show --textconv :matugen/templates/matugen-nvchad.lua [6ms]
2025-10-08 11:00:57.572 [info] > git ls-files --stage -- matugen/templates/matugen-nvchad.lua [1ms]
2025-10-08 11:00:57.579 [info] > git cat-file -s 9ddb17f5b2adec3ddc689e19728429eee61d8c71 [1ms]
2025-10-08 11:00:58.235 [info] > git show --textconv :matugen/templates/matugen-waybar.css [6ms]
2025-10-08 11:00:58.236 [info] > git ls-files --stage -- matugen/templates/matugen-waybar.css [1ms]
2025-10-08 11:00:58.242 [info] > git cat-file -s f35d3a783c9635405c3fdaee05ed59bf4b5cd3da [1ms]
2025-10-08 11:02:20.586 [info] > git show --textconv :wlogout/matugen-wlogout.css [6ms]
2025-10-08 11:02:20.586 [info] > git ls-files --stage -- wlogout/matugen-wlogout.css [1ms]
2025-10-08 11:02:20.593 [info] > git cat-file -s eb2e99cd1f5029a745b96cf41bc7886bc2fdefab [1ms]
2025-10-08 11:05:40.584 [info] > git show --textconv :waybar/matugen/matugen-waybar.css [6ms]
2025-10-08 11:05:40.585 [info] > git ls-files --stage -- waybar/matugen/matugen-waybar.css [1ms]
2025-10-08 11:05:40.591 [info] > git cat-file -s 14ab54da505722cb6587732ac679ac04ece5ce34 [1ms]
2025-10-08 11:09:07.078 [info] > git check-ignore -v -z --stdin [1ms]
2025-10-08 11:09:07.866 [info] > git check-ignore -v -z --stdin [1ms]
2025-10-08 11:09:09.019 [info] > git check-ignore -v -z --stdin [1ms]
2025-10-08 11:09:09.944 [info] > git show --textconv :swaync/config.json [6ms]
2025-10-08 11:09:09.945 [info] > git ls-files --stage -- swaync/config.json [1ms]
2025-10-08 11:09:09.952 [info] > git cat-file -s 80d879923e1267747086e539f0b15e90917d3fe3 [1ms]
2025-10-08 11:09:10.379 [info] > git show --textconv :swaync/style.css [7ms]
2025-10-08 11:09:10.379 [info] > git ls-files --stage -- swaync/style.css [1ms]
2025-10-08 11:09:10.386 [info] > git cat-file -s d6fc5eb103e9585675142e7e4708a35aa59efaf2 [1ms]
2025-10-08 11:09:14.046 [info] > git show --textconv :swaync/config.json [7ms]
2025-10-08 11:09:14.046 [info] > git ls-files --stage -- swaync/config.json [1ms]
2025-10-08 11:09:14.052 [info] > git cat-file -s 80d879923e1267747086e539f0b15e90917d3fe3 [1ms]
2025-10-08 11:09:14.993 [info] > git show --textconv :swaync/style.css [6ms]
2025-10-08 11:09:14.993 [info] > git ls-files --stage -- swaync/style.css [1ms]
2025-10-08 11:09:15.000 [info] > git cat-file -s d6fc5eb103e9585675142e7e4708a35aa59efaf2 [1ms]
2025-10-08 11:09:32.311 [info] > git show --textconv :swaync/config.json [7ms]
2025-10-08 11:09:32.312 [info] > git ls-files --stage -- swaync/config.json [1ms]
2025-10-08 11:09:32.319 [info] > git cat-file -s 80d879923e1267747086e539f0b15e90917d3fe3 [1ms]
2025-10-08 11:10:09.247 [info] > git blame --root --incremental 0377d0666460445b96a88e60fa23bc3bccbc34bb -- swaync/config.json [3ms]
2025-10-08 11:10:20.125 [info] > git show --textconv :swaync/style.css [6ms]
2025-10-08 11:10:20.126 [info] > git ls-files --stage -- swaync/style.css [1ms]
2025-10-08 11:10:20.132 [info] > git cat-file -s d6fc5eb103e9585675142e7e4708a35aa59efaf2 [1ms]
2025-10-08 11:10:20.446 [info] > git blame --root --incremental 0377d0666460445b96a88e60fa23bc3bccbc34bb -- swaync/style.css [2ms]
2025-10-08 11:10:23.153 [info] > git check-ignore -v -z --stdin [1ms]
2025-10-08 11:10:24.516 [info] > git check-ignore -v -z --stdin [1ms]
2025-10-08 11:10:34.357 [info] > git check-ignore -v -z --stdin [1ms]
2025-10-08 11:10:42.148 [info] > git show --textconv :swaync/matugen/matugen-swaync.css [7ms]
2025-10-08 11:10:42.148 [info] > git ls-files --stage -- swaync/matugen/matugen-swaync.css [1ms]
2025-10-08 11:10:42.155 [info] > git cat-file -s bb0c975f8c813346d86bfff928838969ea6a8a42 [1ms]
2025-10-08 11:10:44.243 [info] > git show --textconv :swaync/themes/matugen-nc/control-center.css [7ms]
2025-10-08 11:10:44.244 [info] > git ls-files --stage -- swaync/themes/matugen-nc/control-center.css [1ms]
2025-10-08 11:10:44.250 [info] > git cat-file -s bd8db4da565bf8403f14db2a17963286ff7ddaa5 [1ms]
2025-10-08 11:10:44.614 [info] > git show --textconv :swaync/themes/matugen-nc/notifications.css [7ms]
2025-10-08 11:10:44.615 [info] > git ls-files --stage -- swaync/themes/matugen-nc/notifications.css [1ms]
2025-10-08 11:10:44.621 [info] > git cat-file -s 588e77eeecf00628f8dec575398da146c306008e [1ms]
2025-10-08 11:10:45.945 [info] > git show --textconv :swaync/themes/matugen-nc/control-center.css [7ms]
2025-10-08 11:10:45.946 [info] > git ls-files --stage -- swaync/themes/matugen-nc/control-center.css [1ms]
2025-10-08 11:10:45.952 [info] > git cat-file -s bd8db4da565bf8403f14db2a17963286ff7ddaa5 [1ms]
2025-10-08 11:11:04.043 [info] > git check-ignore -v -z --stdin [2ms]
2025-10-08 11:12:54.710 [info] > git show --textconv :swaync/config.json [7ms]
2025-10-08 11:12:54.711 [info] > git ls-files --stage -- swaync/config.json [2ms]
2025-10-08 11:12:54.717 [info] > git cat-file -s 80d879923e1267747086e539f0b15e90917d3fe3 [1ms]
2025-10-08 11:12:57.808 [info] > git show --textconv :swaync/themes/matugen-nc/notifications.css [7ms]
2025-10-08 11:12:57.809 [info] > git ls-files --stage -- swaync/themes/matugen-nc/notifications.css [1ms]
2025-10-08 11:12:57.817 [info] > git cat-file -s 588e77eeecf00628f8dec575398da146c306008e [1ms]
2025-10-08 11:13:05.728 [info] > git blame --root --incremental 0377d0666460445b96a88e60fa23bc3bccbc34bb -- swaync/themes/matugen-nc/notifications.css [2ms]
2025-10-08 11:13:14.301 [info] > git show --textconv :swaync/style.css [6ms]
2025-10-08 11:13:14.302 [info] > git ls-files --stage -- swaync/style.css [1ms]
2025-10-08 11:13:14.308 [info] > git cat-file -s d6fc5eb103e9585675142e7e4708a35aa59efaf2 [1ms]
2025-10-08 11:15:02.933 [info] > git show --textconv :swaync/matugen/matugen-swaync.css [6ms]
2025-10-08 11:15:02.934 [info] > git ls-files --stage -- swaync/matugen/matugen-swaync.css [1ms]
2025-10-08 11:15:02.939 [info] > git cat-file -s bb0c975f8c813346d86bfff928838969ea6a8a42 [1ms]
2025-10-08 11:15:12.390 [info] > git show --textconv :swaync/themes/matugen-nc/notifications.css [7ms]
2025-10-08 11:15:12.391 [info] > git ls-files --stage -- swaync/themes/matugen-nc/notifications.css [2ms]
2025-10-08 11:15:12.396 [info] > git cat-file -s 588e77eeecf00628f8dec575398da146c306008e [1ms]
2025-10-08 11:15:12.785 [info] > git show --textconv :swaync/themes/matugen-nc/control-center.css [6ms]
2025-10-08 11:15:12.786 [info] > git ls-files --stage -- swaync/themes/matugen-nc/control-center.css [1ms]
2025-10-08 11:15:12.792 [info] > git cat-file -s bd8db4da565bf8403f14db2a17963286ff7ddaa5 [1ms]
2025-10-08 11:16:30.283 [info] > git blame --root --incremental 0377d0666460445b96a88e60fa23bc3bccbc34bb -- swaync/themes/matugen-nc/control-center.css [2ms]
2025-10-08 11:20:38.205 [info] > git show --textconv :swaync/style.css [7ms]
2025-10-08 11:20:38.206 [info] > git ls-files --stage -- swaync/style.css [1ms]
2025-10-08 11:20:38.212 [info] > git cat-file -s d6fc5eb103e9585675142e7e4708a35aa59efaf2 [0ms]
2025-10-08 11:20:40.614 [info] > git show --textconv :swaync/matugen/matugen-swaync.css [7ms]
2025-10-08 11:20:40.615 [info] > git ls-files --stage -- swaync/matugen/matugen-swaync.css [1ms]
2025-10-08 11:20:40.626 [info] > git cat-file -s bb0c975f8c813346d86bfff928838969ea6a8a42 [2ms]
2025-10-08 11:20:49.625 [info] > git show --textconv :swaync/themes/matugen-nc/notifications.css [6ms]
2025-10-08 11:20:49.626 [info] > git ls-files --stage -- swaync/themes/matugen-nc/notifications.css [1ms]
2025-10-08 11:20:49.632 [info] > git cat-file -s 588e77eeecf00628f8dec575398da146c306008e [1ms]
2025-10-08 11:20:50.507 [info] > git show --textconv :swaync/themes/matugen-nc/control-center.css [7ms]
2025-10-08 11:20:50.507 [info] > git ls-files --stage -- swaync/themes/matugen-nc/control-center.css [1ms]
2025-10-08 11:20:50.514 [info] > git cat-file -s bd8db4da565bf8403f14db2a17963286ff7ddaa5 [1ms]
2025-10-08 11:20:51.912 [info] > git show --textconv :swaync/themes/matugen-nc/notifications.css [7ms]
2025-10-08 11:20:51.913 [info] > git ls-files --stage -- swaync/themes/matugen-nc/notifications.css [1ms]
2025-10-08 11:20:51.921 [info] > git cat-file -s 588e77eeecf00628f8dec575398da146c306008e [2ms]
2025-10-08 11:21:51.762 [info] > git show --textconv :swaync/themes/matugen-nc/control-center.css [8ms]
2025-10-08 11:21:51.762 [info] > git ls-files --stage -- swaync/themes/matugen-nc/control-center.css [1ms]
2025-10-08 11:21:51.769 [info] > git cat-file -s bd8db4da565bf8403f14db2a17963286ff7ddaa5 [1ms]
2025-10-08 11:21:57.095 [info] > git show --textconv :swaync/themes/matugen-nc/notifications.css [7ms]
2025-10-08 11:21:57.096 [info] > git ls-files --stage -- swaync/themes/matugen-nc/notifications.css [1ms]
2025-10-08 11:21:57.103 [info] > git cat-file -s 588e77eeecf00628f8dec575398da146c306008e [1ms]
2025-10-08 11:22:16.489 [info] > git show --textconv :swaync/themes/matugen-nc/control-center.css [7ms]
2025-10-08 11:22:16.490 [info] > git ls-files --stage -- swaync/themes/matugen-nc/control-center.css [1ms]
2025-10-08 11:22:16.496 [info] > git cat-file -s bd8db4da565bf8403f14db2a17963286ff7ddaa5 [1ms]
2025-10-08 11:25:43.769 [info] > git show -s --decorate=full --shortstat --format=%H%n%aN%n%aE%n%at%n%ct%n%P%n%D%n%B -z 2d468453fc7d464ec6364dc35c1fd55a756e75a4 -- [18ms]
2025-10-08 11:26:19.197 [info] > git show --textconv :swaync/themes/matugen-nc/notifications.css [8ms]
2025-10-08 11:26:19.197 [info] > git ls-files --stage -- swaync/themes/matugen-nc/notifications.css [1ms]
2025-10-08 11:26:19.204 [info] > git cat-file -s 588e77eeecf00628f8dec575398da146c306008e [1ms]
2025-10-08 11:27:28.622 [info] > git show --textconv :swaync/themes/matugen-nc/control-center.css [7ms]
2025-10-08 11:27:28.623 [info] > git ls-files --stage -- swaync/themes/matugen-nc/control-center.css [1ms]
2025-10-08 11:27:28.629 [info] > git cat-file -s bd8db4da565bf8403f14db2a17963286ff7ddaa5 [0ms]
2025-10-08 11:28:59.094 [info] > git show --textconv :swaync/themes/matugen-nc/notifications.css [7ms]
2025-10-08 11:28:59.095 [info] > git ls-files --stage -- swaync/themes/matugen-nc/notifications.css [1ms]
2025-10-08 11:28:59.103 [info] > git cat-file -s 588e77eeecf00628f8dec575398da146c306008e [1ms]
2025-10-08 11:29:19.177 [info] > git show --textconv :swaync/themes/matugen-nc/control-center.css [6ms]
2025-10-08 11:29:19.178 [info] > git ls-files --stage -- swaync/themes/matugen-nc/control-center.css [1ms]
2025-10-08 11:29:19.185 [info] > git cat-file -s bd8db4da565bf8403f14db2a17963286ff7ddaa5 [1ms]
2025-10-08 11:30:56.880 [info] > git show --textconv :swaync/themes/matugen-nc/notifications.css [6ms]
2025-10-08 11:30:56.881 [info] > git ls-files --stage -- swaync/themes/matugen-nc/notifications.css [1ms]
2025-10-08 11:30:56.887 [info] > git cat-file -s 588e77eeecf00628f8dec575398da146c306008e [1ms]
2025-10-08 11:31:09.314 [info] > git show --textconv :swaync/themes/matugen-nc/control-center.css [7ms]
2025-10-08 11:31:09.314 [info] > git ls-files --stage -- swaync/themes/matugen-nc/control-center.css [1ms]
2025-10-08 11:31:09.321 [info] > git cat-file -s bd8db4da565bf8403f14db2a17963286ff7ddaa5 [2ms]
2025-10-08 11:41:52.290 [info] > git show --textconv :hypr/hyprlock.conf [6ms]
2025-10-08 11:41:52.291 [info] > git ls-files --stage -- hypr/hyprlock.conf [1ms]
2025-10-08 11:41:52.297 [info] > git cat-file -s 3a341cbae334a326e6d5884f3683c1496568729d [1ms]
2025-10-08 11:47:29.854 [info] > git config --get commit.template [7ms]
2025-10-08 11:47:29.855 [info] > git for-each-ref --format=%(refname)%00%(upstream:short)%00%(objectname)%00%(upstream:track)%00%(upstream:remotename)%00%(upstream:remoteref) refs/heads/main refs/remotes/main [1ms]
2025-10-08 11:47:29.860 [warning] [Git][revParse] Unable to read file: ENOENT: no such file or directory, open '/home/blueflowers/Matuprland/.git/refs/remotes/origin/main'
2025-10-08 11:47:29.860 [info] > git rev-parse refs/remotes/origin/main [0ms]
2025-10-08 11:47:29.873 [info] > git for-each-ref --sort -committerdate --format %(refname)%00%(objectname)%00%(*objectname) [1ms]
2025-10-08 11:47:29.881 [info] > git status -z -uall [15ms]
2025-10-08 11:49:18.849 [info] > git config --get commit.template [8ms]
2025-10-08 11:49:18.923 [info] > git for-each-ref --format=%(refname)%00%(upstream:short)%00%(objectname)%00%(upstream:track)%00%(upstream:remotename)%00%(upstream:remoteref) refs/heads/main refs/remotes/main [75ms]
2025-10-08 11:49:18.930 [warning] [Git][revParse] Unable to read file: ENOENT: no such file or directory, open '/home/blueflowers/Matuprland/.git/refs/remotes/origin/main'
2025-10-08 11:49:18.931 [info] > git rev-parse refs/remotes/origin/main [1ms]
2025-10-08 11:49:18.945 [info] > git for-each-ref --sort -committerdate --format %(refname)%00%(objectname)%00%(*objectname) [2ms]
2025-10-08 11:49:18.953 [info] > git status -z -uall [16ms]
2025-10-08 11:49:28.201 [info] > git show --textconv :hypr/hyprland.conf [7ms]
2025-10-08 11:49:28.201 [info] > git ls-files --stage -- hypr/hyprland.conf [0ms]
2025-10-08 11:49:28.208 [info] > git cat-file -s ff9ba37447f63d669259094a23406722222f512a [1ms]
2025-10-08 11:49:28.643 [info] > git show --textconv :hypr/hyprlock.conf [7ms]
2025-10-08 11:49:28.644 [info] > git ls-files --stage -- hypr/hyprlock.conf [2ms]
2025-10-08 11:49:28.651 [info] > git cat-file -s 3a341cbae334a326e6d5884f3683c1496568729d [1ms]
2025-10-08 11:49:38.643 [info] > git config --get commit.template [8ms]
2025-10-08 11:49:38.643 [info] > git for-each-ref --format=%(refname)%00%(upstream:short)%00%(objectname)%00%(upstream:track)%00%(upstream:remotename)%00%(upstream:remoteref) refs/heads/main refs/remotes/main [1ms]
2025-10-08 11:49:38.649 [warning] [Git][revParse] Unable to read file: ENOENT: no such file or directory, open '/home/blueflowers/Matuprland/.git/refs/remotes/origin/main'
2025-10-08 11:49:38.650 [info] > git rev-parse refs/remotes/origin/main [1ms]
2025-10-08 11:49:38.663 [info] > git for-each-ref --sort -committerdate --format %(refname)%00%(objectname)%00%(*objectname) [1ms]
2025-10-08 11:49:38.670 [info] > git status -z -uall [15ms]
2025-10-08 11:52:08.431 [info] > git show --textconv :matugen/templates/matugen-hyprlock.conf [7ms]
2025-10-08 11:52:08.431 [info] > git ls-files --stage -- matugen/templates/matugen-hyprlock.conf [0ms]
2025-10-08 11:52:08.438 [info] > git cat-file -s b0f257a1320fef03f007486b0bb5394d3f746b72 [1ms]
2025-10-08 11:52:12.179 [info] > git show --textconv :hypr/hyprlock.conf [6ms]
2025-10-08 11:52:12.179 [info] > git ls-files --stage -- hypr/hyprlock.conf [1ms]
2025-10-08 11:52:12.187 [info] > git cat-file -s 3a341cbae334a326e6d5884f3683c1496568729d [2ms]
2025-10-08 12:46:32.633 [info] > git check-ignore -v -z --stdin [1ms]
2025-10-08 12:46:33.104 [info] > git show --textconv :fastfetch/material.jsonc [7ms]
2025-10-08 12:46:33.105 [info] > git ls-files --stage -- fastfetch/material.jsonc [1ms]
2025-10-08 12:46:33.113 [info] > git cat-file -s c95d4b27cd6e59722e87fece1620f9b8fa666589 [2ms]
2025-10-08 12:46:35.484 [info] > git blame --root --incremental 0377d0666460445b96a88e60fa23bc3bccbc34bb -- fastfetch/material.jsonc [1ms]
2025-10-08 12:46:38.148 [info] > git check-ignore -v -z --stdin [1ms]
2025-10-08 12:46:40.605 [info] > git show --textconv :fastfetch/material.jsonc [7ms]
2025-10-08 12:46:40.606 [info] > git ls-files --stage -- fastfetch/material.jsonc [1ms]
2025-10-08 12:46:40.612 [info] > git cat-file -s c95d4b27cd6e59722e87fece1620f9b8fa666589 [1ms]
