2025-10-08 13:04:29.617 [info] [aebc6443-996d-45c2-90f0-388ff96faa56] Native Broker is only available on Windows
2025-10-08 13:04:29.621 [info] [getSessions] [all] starting
2025-10-08 13:04:29.621 [info] [getSessions] [all] returned 0 session(s)
2025-10-08 13:04:29.621 [info] [getSessions] [all] starting
2025-10-08 13:04:29.621 [info] [getSessions] [all] returned 0 session(s)
2025-10-08 13:04:29.621 [info] [getSessions] [all] starting
2025-10-08 13:04:29.621 [info] [getSessions] [all] returned 0 session(s)
2025-10-08 13:04:29.621 [info] [getSessions] [all] starting
2025-10-08 13:04:29.621 [info] [getSessions] [all] returned 0 session(s)
2025-10-08 13:04:29.623 [info] [getSessions] [499b84ac-1321-427f-aa17-267ca6975798/.default offline_access] starting
2025-10-08 13:04:29.623 [info] [aebc6443-996d-45c2-90f0-388ff96faa56] Native Broker is only available on Windows
2025-10-08 13:04:29.624 [info] [getSessions] [499b84ac-1321-427f-aa17-267ca6975798/.default offline_access] returned 0 session(s)
2025-10-08 13:04:30.245 [info] [getSessions] [499b84ac-1321-427f-aa17-267ca6975798/.default offline_access] starting
2025-10-08 13:04:30.245 [info] [getSessions] [499b84ac-1321-427f-aa17-267ca6975798/.default offline_access] returned 0 session(s)
2025-10-08 13:04:31.902 [info] [getSessions] [all] starting
2025-10-08 13:04:31.902 [info] [getSessions] [all] returned 0 session(s)
2025-10-08 13:06:33.580 [info] [aebc6443-996d-45c2-90f0-388ff96faa56] Native Broker is only available on Windows
2025-10-08 13:06:33.648 [info] [getSessions] [all] starting
2025-10-08 13:06:33.648 [info] [getSessions] [all] returned 0 session(s)
2025-10-08 13:06:33.648 [info] [getSessions] [all] starting
2025-10-08 13:06:33.648 [info] [getSessions] [all] returned 0 session(s)
2025-10-08 13:06:33.648 [info] [getSessions] [all] starting
2025-10-08 13:06:33.648 [info] [getSessions] [all] returned 0 session(s)
2025-10-08 13:06:34.820 [info] [getSessions] [499b84ac-1321-427f-aa17-267ca6975798/.default offline_access] starting
2025-10-08 13:06:34.820 [info] [aebc6443-996d-45c2-90f0-388ff96faa56] Native Broker is only available on Windows
2025-10-08 13:06:34.913 [info] [getSessions] [499b84ac-1321-427f-aa17-267ca6975798/.default offline_access] returned 0 session(s)
2025-10-08 13:06:34.913 [info] [getSessions] [all] starting
2025-10-08 13:06:34.913 [info] [getSessions] [all] returned 0 session(s)
2025-10-08 13:06:34.913 [info] [getSessions] [all] starting
2025-10-08 13:06:34.913 [info] [getSessions] [all] returned 0 session(s)
2025-10-08 13:06:34.913 [info] [getSessions] [all] starting
2025-10-08 13:06:34.913 [info] [getSessions] [all] returned 0 session(s)
2025-10-08 13:06:35.995 [info] [getSessions] [499b84ac-1321-427f-aa17-267ca6975798/.default offline_access] starting
2025-10-08 13:06:35.995 [info] [getSessions] [499b84ac-1321-427f-aa17-267ca6975798/.default offline_access] returned 0 session(s)
2025-10-08 13:06:37.554 [info] [getSessions] [all] starting
2025-10-08 13:06:37.554 [info] [getSessions] [all] returned 0 session(s)
