2025-10-06 16:05:04.399 [info] Reading sessions from keychain...
2025-10-06 16:05:04.399 [info] Getting sessions for all scopes...
2025-10-06 16:05:04.459 [info] Got 0 sessions for ...
2025-10-06 16:05:04.459 [info] Getting sessions for all scopes...
2025-10-06 16:05:04.459 [info] Got 0 sessions for ...
2025-10-06 16:05:04.459 [info] Getting sessions for all scopes...
2025-10-06 16:05:04.459 [info] Got 0 sessions for ...
2025-10-06 16:05:04.459 [info] Getting sessions for all scopes...
2025-10-06 16:05:04.459 [info] Got 0 sessions for ...
2025-10-06 16:05:04.459 [info] Getting sessions for all scopes...
2025-10-06 16:05:04.459 [info] Got 0 sessions for ...
2025-10-06 16:05:04.459 [info] Getting sessions for all scopes...
2025-10-06 16:05:04.459 [info] Got 0 sessions for ...
2025-10-06 16:05:04.459 [info] Getting sessions for all scopes...
2025-10-06 16:05:04.459 [info] Got 0 sessions for ...
2025-10-06 16:05:04.492 [info] Getting sessions for all scopes...
2025-10-06 16:05:04.492 [info] Got 0 sessions for ...
2025-10-06 16:05:04.492 [info] Getting sessions for all scopes...
2025-10-06 16:05:04.492 [info] Got 0 sessions for ...
2025-10-06 16:05:04.492 [info] Getting sessions for all scopes...
2025-10-06 16:05:04.492 [info] Got 0 sessions for ...
2025-10-06 16:05:04.492 [info] Getting sessions for all scopes...
2025-10-06 16:05:04.492 [info] Got 0 sessions for ...
2025-10-06 16:05:04.492 [info] Getting sessions for all scopes...
2025-10-06 16:05:04.492 [info] Got 0 sessions for ...
2025-10-06 16:05:04.493 [info] Getting sessions for all scopes...
2025-10-06 16:05:04.493 [info] Got 0 sessions for ...
2025-10-06 16:05:04.551 [info] Getting sessions for all scopes...
2025-10-06 16:05:04.551 [info] Got 0 sessions for ...
2025-10-06 16:05:04.784 [info] Getting sessions for read:user,repo,user:email,workflow...
2025-10-06 16:05:04.785 [info] Got 0 sessions for read:user,repo,user:email,workflow...
2025-10-06 16:05:04.815 [info] Getting sessions for all scopes...
2025-10-06 16:05:04.815 [info] Got 0 sessions for ...
2025-10-06 16:05:06.445 [info] Getting sessions for all scopes...
2025-10-06 16:05:06.445 [info] Got 0 sessions for ...
2025-10-06 16:05:06.445 [info] Getting sessions for all scopes...
2025-10-06 16:05:06.445 [info] Got 0 sessions for ...
2025-10-06 16:05:06.449 [info] Getting sessions for all scopes...
2025-10-06 16:05:06.449 [info] Got 0 sessions for ...
