2025-10-08 08:28:49.855 [info] Reading sessions from keychain...
2025-10-08 08:28:49.855 [info] Getting sessions for all scopes...
2025-10-08 08:28:49.855 [info] Got stored sessions!
2025-10-08 08:28:49.855 [info] Got 1 verified sessions.
2025-10-08 08:28:49.855 [info] Got 1 sessions for ...
2025-10-08 08:28:49.855 [info] Getting sessions for all scopes...
2025-10-08 08:28:49.855 [info] Got 1 sessions for ...
2025-10-08 08:28:49.855 [info] Getting sessions for all scopes...
2025-10-08 08:28:49.855 [info] Got 1 sessions for ...
2025-10-08 08:28:49.855 [info] Getting sessions for all scopes...
2025-10-08 08:28:49.855 [info] Got 1 sessions for ...
2025-10-08 08:28:49.855 [info] Getting sessions for all scopes...
2025-10-08 08:28:49.855 [info] Got 1 sessions for ...
2025-10-08 08:28:49.855 [info] Getting sessions for all scopes...
2025-10-08 08:28:49.855 [info] Got 1 sessions for ...
2025-10-08 08:28:49.855 [info] Getting sessions for all scopes...
2025-10-08 08:28:49.855 [info] Got 1 sessions for ...
2025-10-08 08:28:49.855 [info] Getting sessions for all scopes...
2025-10-08 08:28:49.855 [info] Got 1 sessions for ...
2025-10-08 08:28:49.855 [info] Getting sessions for all scopes...
2025-10-08 08:28:49.855 [info] Got 1 sessions for ...
2025-10-08 08:28:49.855 [info] Getting sessions for all scopes...
2025-10-08 08:28:49.855 [info] Got 1 sessions for ...
2025-10-08 08:28:49.855 [info] Getting sessions for all scopes...
2025-10-08 08:28:49.855 [info] Got 1 sessions for ...
2025-10-08 08:28:49.855 [info] Getting sessions for all scopes...
2025-10-08 08:28:49.855 [info] Got 1 sessions for ...
2025-10-08 08:28:49.855 [info] Getting sessions for all scopes...
2025-10-08 08:28:49.855 [info] Got 1 sessions for ...
2025-10-08 08:28:49.893 [info] Getting sessions for all scopes...
2025-10-08 08:28:49.893 [info] Got 1 sessions for ...
2025-10-08 08:28:50.104 [info] Getting sessions for all scopes...
2025-10-08 08:28:50.104 [info] Got 1 sessions for ...
2025-10-08 08:28:51.910 [info] Getting sessions for all scopes...
2025-10-08 08:28:51.910 [info] Got 1 sessions for ...
2025-10-08 08:28:51.910 [info] Getting sessions for all scopes...
2025-10-08 08:28:51.910 [info] Got 1 sessions for ...
2025-10-08 08:28:51.911 [info] Getting sessions for all scopes...
2025-10-08 08:28:51.911 [info] Got 1 sessions for ...
2025-10-08 08:28:51.963 [info] Getting sessions for all scopes...
2025-10-08 08:28:51.963 [info] Got 1 sessions for ...
2025-10-08 08:28:51.963 [info] Getting sessions for all scopes...
2025-10-08 08:28:51.963 [info] Got 1 sessions for ...
2025-10-08 08:28:52.452 [info] Getting sessions for read:user,repo,user:email,workflow...
2025-10-08 08:28:52.452 [info] Got 0 sessions for read:user,repo,user:email,workflow...
2025-10-08 08:28:52.467 [info] Getting sessions for all scopes...
2025-10-08 08:28:52.467 [info] Got 1 sessions for ...
2025-10-08 08:28:52.475 [info] Getting sessions for all scopes...
2025-10-08 08:28:52.475 [info] Got 1 sessions for ...
2025-10-08 08:28:52.476 [info] Getting sessions for read:user,repo,user:email,workflow...
2025-10-08 08:28:52.476 [info] Got 0 sessions for read:user,repo,user:email,workflow...
2025-10-08 08:28:52.478 [info] Getting sessions for user:email...
2025-10-08 08:28:52.478 [info] Got 1 sessions for user:email...
2025-10-08 08:28:52.478 [info] Getting sessions for read:user,repo,user:email,workflow...
2025-10-08 08:28:52.478 [info] Got 0 sessions for read:user,repo,user:email,workflow...
2025-10-08 08:28:52.496 [info] Getting sessions for read:user...
2025-10-08 08:28:52.496 [info] Got 0 sessions for read:user...
2025-10-08 08:28:52.498 [info] Getting sessions for all scopes...
2025-10-08 08:28:52.498 [info] Got 1 sessions for ...
2025-10-08 08:28:52.500 [info] Getting sessions for user:email...
2025-10-08 08:28:52.500 [info] Got 1 sessions for user:email...
2025-10-08 08:28:52.588 [info] fetching: Electron fetch failed with status: 429 
2025-10-08 08:28:52.600 [info] Getting sessions for read:user,repo,user:email,workflow...
2025-10-08 08:28:52.600 [info] Got 0 sessions for read:user,repo,user:email,workflow...
2025-10-08 08:28:52.600 [info] Getting sessions for all scopes...
2025-10-08 08:28:52.600 [info] Got 1 sessions for ...
2025-10-08 08:28:52.600 [info] Getting sessions for read:user,repo,user:email,workflow...
2025-10-08 08:28:52.600 [info] Got 0 sessions for read:user,repo,user:email,workflow...
2025-10-08 08:28:52.601 [info] Getting sessions for user:email...
2025-10-08 08:28:52.601 [info] Got 1 sessions for user:email...
2025-10-08 08:28:52.602 [info] Getting sessions for all scopes...
2025-10-08 08:28:52.602 [info] Got 1 sessions for ...
2025-10-08 08:28:52.602 [info] Getting sessions for read:user,repo,user:email,workflow...
2025-10-08 08:28:52.602 [info] Got 0 sessions for read:user,repo,user:email,workflow...
2025-10-08 08:28:52.603 [info] Getting sessions for user:email...
2025-10-08 08:28:52.603 [info] Got 1 sessions for user:email...
2025-10-08 08:28:52.734 [info] Getting sessions for all scopes...
2025-10-08 08:28:52.734 [info] Got 1 sessions for ...
2025-10-08 08:28:52.735 [info] Getting sessions for read:user,repo,user:email,workflow...
2025-10-08 08:28:52.735 [info] Got 0 sessions for read:user,repo,user:email,workflow...
2025-10-08 08:28:52.747 [info] Getting sessions for user:email...
2025-10-08 08:28:52.747 [info] Got 1 sessions for user:email...
2025-10-08 08:28:53.122 [info] Getting sessions for all scopes...
2025-10-08 08:28:53.122 [info] Got 1 sessions for ...
2025-10-08 08:28:53.122 [info] Getting sessions for all scopes...
2025-10-08 08:28:53.122 [info] Got 1 sessions for ...
2025-10-08 08:28:53.134 [info] Getting sessions for read:user,repo,user:email,workflow...
2025-10-08 08:28:53.134 [info] Got 0 sessions for read:user,repo,user:email,workflow...
2025-10-08 08:28:53.135 [info] Getting sessions for user:email...
2025-10-08 08:28:53.135 [info] Got 1 sessions for user:email...
2025-10-08 08:28:53.135 [info] Getting sessions for read:user,repo,user:email,workflow...
2025-10-08 08:28:53.135 [info] Got 0 sessions for read:user,repo,user:email,workflow...
2025-10-08 08:28:53.137 [info] Getting sessions for all scopes...
2025-10-08 08:28:53.137 [info] Got 1 sessions for ...
2025-10-08 08:28:53.137 [info] Getting sessions for read:user,repo,user:email,workflow...
2025-10-08 08:28:53.137 [info] Got 0 sessions for read:user,repo,user:email,workflow...
2025-10-08 08:28:53.138 [info] Getting sessions for user:email...
2025-10-08 08:28:53.138 [info] Got 1 sessions for user:email...
2025-10-08 08:28:53.192 [info] Getting sessions for all scopes...
2025-10-08 08:28:53.192 [info] Got 1 sessions for ...
2025-10-08 08:28:53.192 [info] Getting sessions for all scopes...
2025-10-08 08:28:53.192 [info] Got 1 sessions for ...
2025-10-08 08:28:53.195 [info] Getting sessions for read:user,repo,user:email,workflow...
2025-10-08 08:28:53.195 [info] Got 0 sessions for read:user,repo,user:email,workflow...
2025-10-08 08:28:53.195 [info] Getting sessions for user:email...
2025-10-08 08:28:53.195 [info] Got 1 sessions for user:email...
2025-10-08 08:28:53.195 [info] Getting sessions for read:user,repo,user:email,workflow...
2025-10-08 08:28:53.195 [info] Got 0 sessions for read:user,repo,user:email,workflow...
2025-10-08 08:28:53.197 [info] Getting sessions for all scopes...
2025-10-08 08:28:53.197 [info] Got 1 sessions for ...
2025-10-08 08:28:53.201 [info] Getting sessions for all scopes...
2025-10-08 08:28:53.201 [info] Got 1 sessions for ...
2025-10-08 08:28:53.201 [info] Getting sessions for all scopes...
2025-10-08 08:28:53.201 [info] Got 1 sessions for ...
2025-10-08 08:28:53.203 [info] Getting sessions for read:user,repo,user:email,workflow...
2025-10-08 08:28:53.203 [info] Got 0 sessions for read:user,repo,user:email,workflow...
2025-10-08 08:28:53.203 [info] Getting sessions for user:email...
2025-10-08 08:28:53.203 [info] Got 1 sessions for user:email...
2025-10-08 08:28:53.326 [info] fetching: Node fetch failed with status: 429 Too Many Requests
2025-10-08 08:28:54.039 [info] Getting sessions for all scopes...
2025-10-08 08:28:54.039 [info] Got 1 sessions for ...
2025-10-08 08:28:54.040 [info] Getting sessions for read:user,repo,user:email,workflow...
2025-10-08 08:28:54.040 [info] Got 0 sessions for read:user,repo,user:email,workflow...
2025-10-08 08:28:54.040 [info] Getting sessions for user:email...
2025-10-08 08:28:54.040 [info] Got 1 sessions for user:email...
2025-10-08 08:28:54.041 [info] Getting sessions for all scopes...
2025-10-08 08:28:54.041 [info] Got 1 sessions for ...
2025-10-08 08:28:54.042 [info] Getting sessions for read:user,repo,user:email,workflow...
2025-10-08 08:28:54.042 [info] Got 0 sessions for read:user,repo,user:email,workflow...
2025-10-08 08:28:54.042 [info] Getting sessions for user:email...
2025-10-08 08:28:54.042 [info] Got 1 sessions for user:email...
2025-10-08 08:28:54.708 [info] Getting sessions for all scopes...
2025-10-08 08:28:54.708 [info] Got 1 sessions for ...
2025-10-08 08:28:55.031 [info] fetching: Node http/s failed with status: 429 Too Many Requests
2025-10-08 08:59:51.310 [info] Getting sessions for read:user,repo,user:email,workflow...
2025-10-08 08:59:51.310 [info] Got 0 sessions for read:user,repo,user:email,workflow...
2025-10-08 08:59:51.310 [info] Getting sessions for all scopes...
2025-10-08 08:59:51.310 [info] Got 1 sessions for ...
2025-10-08 08:59:51.311 [info] Getting sessions for read:user...
2025-10-08 08:59:51.311 [info] Got 0 sessions for read:user...
2025-10-08 08:59:51.311 [info] Getting sessions for read:user,repo,user:email,workflow...
2025-10-08 08:59:51.311 [info] Got 0 sessions for read:user,repo,user:email,workflow...
2025-10-08 08:59:51.311 [info] Getting sessions for user:email...
2025-10-08 08:59:51.311 [info] Got 1 sessions for user:email...
2025-10-08 08:59:51.311 [info] Getting sessions for user:email...
2025-10-08 08:59:51.311 [info] Got 1 sessions for user:email...
2025-10-08 08:59:51.866 [info] Getting sessions for all scopes...
2025-10-08 08:59:51.866 [info] Got 1 sessions for ...
2025-10-08 08:59:51.866 [info] Getting sessions for all scopes...
2025-10-08 08:59:51.866 [info] Got 1 sessions for ...
2025-10-08 08:59:51.873 [info] Getting sessions for read:user,repo,user:email,workflow...
2025-10-08 08:59:51.873 [info] Got 0 sessions for read:user,repo,user:email,workflow...
2025-10-08 08:59:51.873 [info] Getting sessions for user:email...
2025-10-08 08:59:51.873 [info] Got 1 sessions for user:email...
2025-10-08 08:59:51.874 [info] Getting sessions for read:user,repo,user:email,workflow...
2025-10-08 08:59:51.874 [info] Got 0 sessions for read:user,repo,user:email,workflow...
2025-10-08 08:59:51.874 [info] Getting sessions for all scopes...
2025-10-08 08:59:51.874 [info] Got 1 sessions for ...
2025-10-08 08:59:51.875 [info] Getting sessions for read:user,repo,user:email,workflow...
2025-10-08 08:59:51.875 [info] Got 0 sessions for read:user,repo,user:email,workflow...
2025-10-08 08:59:51.922 [info] Getting sessions for user:email...
2025-10-08 08:59:51.922 [info] Got 1 sessions for user:email...
2025-10-08 08:59:51.924 [info] Getting sessions for all scopes...
2025-10-08 08:59:51.924 [info] Got 1 sessions for ...
2025-10-08 08:59:51.924 [info] Getting sessions for all scopes...
2025-10-08 08:59:51.924 [info] Got 1 sessions for ...
2025-10-08 08:59:51.925 [info] Getting sessions for read:user,repo,user:email,workflow...
2025-10-08 08:59:51.925 [info] Got 0 sessions for read:user,repo,user:email,workflow...
2025-10-08 08:59:51.925 [info] Getting sessions for user:email...
2025-10-08 08:59:51.925 [info] Got 1 sessions for user:email...
2025-10-08 08:59:51.925 [info] Getting sessions for read:user,repo,user:email,workflow...
2025-10-08 08:59:51.925 [info] Got 0 sessions for read:user,repo,user:email,workflow...
2025-10-08 08:59:51.927 [info] Getting sessions for all scopes...
2025-10-08 08:59:51.927 [info] Got 1 sessions for ...
2025-10-08 08:59:51.928 [info] Getting sessions for read:user,repo,user:email,workflow...
2025-10-08 08:59:51.928 [info] Got 0 sessions for read:user,repo,user:email,workflow...
2025-10-08 08:59:51.928 [info] Getting sessions for user:email...
2025-10-08 08:59:51.928 [info] Got 1 sessions for user:email...
2025-10-08 09:03:15.358 [info] Getting sessions for all scopes...
2025-10-08 09:03:15.358 [info] Got 1 sessions for ...
2025-10-08 09:03:15.359 [info] Getting sessions for read:user,repo,user:email,workflow...
2025-10-08 09:03:15.359 [info] Got 0 sessions for read:user,repo,user:email,workflow...
2025-10-08 09:03:15.360 [info] Getting sessions for user:email...
2025-10-08 09:03:15.360 [info] Got 1 sessions for user:email...
2025-10-08 09:22:34.030 [info] Getting sessions for all scopes...
2025-10-08 09:22:34.030 [info] Got 1 sessions for ...
2025-10-08 09:22:34.030 [info] Getting sessions for read:user,repo,user:email,workflow...
2025-10-08 09:22:34.030 [info] Got 0 sessions for read:user,repo,user:email,workflow...
2025-10-08 09:22:34.031 [info] Getting sessions for user:email...
2025-10-08 09:22:34.031 [info] Got 1 sessions for user:email...
2025-10-08 09:22:35.013 [info] Getting sessions for all scopes...
2025-10-08 09:22:35.013 [info] Got 1 sessions for ...
2025-10-08 09:22:35.014 [info] Getting sessions for all scopes...
2025-10-08 09:22:35.014 [info] Got 1 sessions for ...
2025-10-08 09:22:35.016 [info] Getting sessions for read:user,repo,user:email,workflow...
2025-10-08 09:22:35.016 [info] Got 0 sessions for read:user,repo,user:email,workflow...
2025-10-08 09:22:35.016 [info] Getting sessions for user:email...
2025-10-08 09:22:35.016 [info] Got 1 sessions for user:email...
2025-10-08 09:22:35.016 [info] Getting sessions for read:user,repo,user:email,workflow...
2025-10-08 09:22:35.016 [info] Got 0 sessions for read:user,repo,user:email,workflow...
2025-10-08 09:22:35.017 [info] Getting sessions for all scopes...
2025-10-08 09:22:35.017 [info] Got 1 sessions for ...
2025-10-08 09:22:35.017 [info] Getting sessions for read:user,repo,user:email,workflow...
2025-10-08 09:22:35.017 [info] Got 0 sessions for read:user,repo,user:email,workflow...
2025-10-08 09:22:35.018 [info] Getting sessions for user:email...
2025-10-08 09:22:35.018 [info] Got 1 sessions for user:email...
2025-10-08 09:22:35.020 [info] Getting sessions for all scopes...
2025-10-08 09:22:35.020 [info] Got 1 sessions for ...
2025-10-08 09:22:35.020 [info] Getting sessions for all scopes...
2025-10-08 09:22:35.020 [info] Got 1 sessions for ...
2025-10-08 09:22:35.020 [info] Getting sessions for read:user,repo,user:email,workflow...
2025-10-08 09:22:35.020 [info] Got 0 sessions for read:user,repo,user:email,workflow...
2025-10-08 09:22:35.021 [info] Getting sessions for user:email...
2025-10-08 09:22:35.021 [info] Got 1 sessions for user:email...
2025-10-08 09:22:35.022 [info] Getting sessions for read:user,repo,user:email,workflow...
2025-10-08 09:22:35.022 [info] Got 0 sessions for read:user,repo,user:email,workflow...
2025-10-08 09:22:35.027 [info] Getting sessions for all scopes...
2025-10-08 09:22:35.027 [info] Got 1 sessions for ...
2025-10-08 09:22:35.028 [info] Getting sessions for read:user,repo,user:email,workflow...
2025-10-08 09:22:35.028 [info] Got 0 sessions for read:user,repo,user:email,workflow...
2025-10-08 09:22:35.028 [info] Getting sessions for user:email...
2025-10-08 09:22:35.028 [info] Got 1 sessions for user:email...
2025-10-08 09:25:09.138 [info] Getting sessions for read:user,repo,user:email,workflow...
2025-10-08 09:25:09.139 [info] Got 0 sessions for read:user,repo,user:email,workflow...
2025-10-08 09:25:09.139 [info] Getting sessions for read:user...
2025-10-08 09:25:09.139 [info] Got 0 sessions for read:user...
2025-10-08 09:25:09.140 [info] Getting sessions for user:email...
2025-10-08 09:25:09.140 [info] Got 1 sessions for user:email...
