2025-10-05 20:10:32.900 [info] [main] Log level: Info
2025-10-05 20:10:32.900 [info] [main] Validating found git in: "git"
2025-10-05 20:10:32.900 [info] [main] Using git "2.51.0" from "git"
2025-10-05 20:10:32.900 [info] [Model][doInitialScan] Initial repository scan started
2025-10-05 20:10:32.900 [info] [Model][doInitialScan] Initial repository scan completed - repositories (0), closed repositories (0), parent repositories (0), unsafe repositories (0)
2025-10-05 20:10:50.451 [info] [main] Log level: Info
2025-10-05 20:10:50.451 [info] [main] Validating found git in: "git"
2025-10-05 20:10:50.451 [info] [main] Using git "2.51.0" from "git"
2025-10-05 20:10:50.451 [info] [Model][doInitialScan] Initial repository scan started
2025-10-05 20:10:50.451 [info] > git rev-parse --show-toplevel [3ms]
2025-10-05 20:10:50.451 [info] fatal: not a git repository (or any of the parent directories): .git
2025-10-05 20:10:50.456 [info] > git rev-parse --show-toplevel [1ms]
2025-10-05 20:10:50.456 [info] fatal: not a git repository (or any of the parent directories): .git
2025-10-05 20:10:50.459 [info] > git rev-parse --show-toplevel [1ms]
2025-10-05 20:10:50.460 [info] fatal: not a git repository (or any of the parent directories): .git
2025-10-05 20:10:50.463 [info] > git rev-parse --show-toplevel [1ms]
2025-10-05 20:10:50.463 [info] fatal: not a git repository (or any of the parent directories): .git
2025-10-05 20:10:50.466 [info] > git rev-parse --show-toplevel [1ms]
2025-10-05 20:10:50.466 [info] fatal: not a git repository (or any of the parent directories): .git
2025-10-05 20:10:50.469 [info] > git rev-parse --show-toplevel [1ms]
2025-10-05 20:10:50.469 [info] fatal: not a git repository (or any of the parent directories): .git
2025-10-05 20:10:50.472 [info] > git rev-parse --show-toplevel [1ms]
2025-10-05 20:10:50.472 [info] fatal: not a git repository (or any of the parent directories): .git
2025-10-05 20:10:50.475 [info] > git rev-parse --show-toplevel [0ms]
2025-10-05 20:10:50.475 [info] fatal: not a git repository (or any of the parent directories): .git
2025-10-05 20:10:50.479 [info] > git rev-parse --show-toplevel [0ms]
2025-10-05 20:10:50.479 [info] fatal: not a git repository (or any of the parent directories): .git
2025-10-05 20:10:50.482 [info] > git rev-parse --show-toplevel [1ms]
2025-10-05 20:10:50.482 [info] fatal: not a git repository (or any of the parent directories): .git
2025-10-05 20:10:50.485 [info] > git rev-parse --show-toplevel [1ms]
2025-10-05 20:10:50.485 [info] fatal: not a git repository (or any of the parent directories): .git
2025-10-05 20:10:50.488 [info] > git rev-parse --show-toplevel [1ms]
2025-10-05 20:10:50.488 [info] fatal: not a git repository (or any of the parent directories): .git
2025-10-05 20:10:50.491 [info] > git rev-parse --show-toplevel [1ms]
2025-10-05 20:10:50.491 [info] fatal: not a git repository (or any of the parent directories): .git
2025-10-05 20:10:50.494 [info] > git rev-parse --show-toplevel [1ms]
2025-10-05 20:10:50.494 [info] fatal: not a git repository (or any of the parent directories): .git
2025-10-05 20:10:50.497 [info] > git rev-parse --show-toplevel [1ms]
2025-10-05 20:10:50.497 [info] fatal: not a git repository (or any of the parent directories): .git
2025-10-05 20:10:50.500 [info] > git rev-parse --show-toplevel [1ms]
2025-10-05 20:10:50.500 [info] fatal: not a git repository (or any of the parent directories): .git
2025-10-05 20:10:50.503 [info] > git rev-parse --show-toplevel [1ms]
2025-10-05 20:10:50.503 [info] fatal: not a git repository (or any of the parent directories): .git
2025-10-05 20:10:50.508 [info] > git rev-parse --show-toplevel [2ms]
2025-10-05 20:10:50.514 [info] > git rev-parse --git-dir --git-common-dir --show-superproject-working-tree [3ms]
2025-10-05 20:10:50.522 [info] [Model][openRepository] Opened repository (path): /home/blueflowers/.config/nvim
2025-10-05 20:10:50.522 [info] [Model][openRepository] Opened repository (real path): /home/blueflowers/.config/nvim
2025-10-05 20:10:50.522 [info] [Model][openRepository] Opened repository (kind): repository
2025-10-05 20:10:50.529 [info] > git rev-parse --show-toplevel [1ms]
2025-10-05 20:10:50.529 [info] fatal: not a git repository (or any of the parent directories): .git
2025-10-05 20:10:50.530 [info] > git config --get commit.template [4ms]
2025-10-05 20:10:50.537 [info] > git rev-parse --show-toplevel [5ms]
2025-10-05 20:10:50.537 [info] fatal: not a git repository (or any of the parent directories): .git
2025-10-05 20:10:50.540 [info] > git rev-parse --show-toplevel [1ms]
2025-10-05 20:10:50.540 [info] fatal: not a git repository (or any of the parent directories): .git
2025-10-05 20:10:50.543 [info] > git for-each-ref --format=%(refname)%00%(upstream:short)%00%(objectname)%00%(upstream:track)%00%(upstream:remotename)%00%(upstream:remoteref) refs/heads/main refs/remotes/main [8ms]
2025-10-05 20:10:50.545 [warning] [Git][revParse] Unable to read file: ENOENT: no such file or directory, open '/home/blueflowers/.config/nvim/.git/refs/remotes/origin/main'
2025-10-05 20:10:50.546 [info] > git rev-parse --show-toplevel [3ms]
2025-10-05 20:10:50.546 [info] fatal: not a git repository (or any of the parent directories): .git
2025-10-05 20:10:50.548 [info] > git rev-parse refs/remotes/origin/main [3ms]
2025-10-05 20:10:50.554 [info] > git rev-parse --show-toplevel [6ms]
2025-10-05 20:10:50.554 [info] fatal: not a git repository (or any of the parent directories): .git
2025-10-05 20:10:50.557 [info] > git for-each-ref --sort -committerdate --format %(refname)%00%(objectname)%00%(*objectname) [3ms]
2025-10-05 20:10:50.557 [info] > git rev-parse --show-toplevel [1ms]
2025-10-05 20:10:50.558 [info] fatal: not a git repository (or any of the parent directories): .git
2025-10-05 20:10:50.561 [info] > git rev-parse --show-toplevel [1ms]
2025-10-05 20:10:50.561 [info] fatal: not a git repository (or any of the parent directories): .git
2025-10-05 20:10:50.565 [info] > git status -z -uall [14ms]
2025-10-05 20:10:50.565 [info] > git rev-parse --show-toplevel [2ms]
2025-10-05 20:10:50.565 [info] fatal: not a git repository (or any of the parent directories): .git
2025-10-05 20:10:50.583 [info] > git for-each-ref --format=%(refname)%00%(upstream:short)%00%(objectname)%00%(upstream:track)%00%(upstream:remotename)%00%(upstream:remoteref) refs/heads/main refs/remotes/main [6ms]
2025-10-05 20:10:50.587 [info] > git config --get --local branch.main.vscode-merge-base [1ms]
2025-10-05 20:10:50.588 [warning] [Git][config] git config failed: Failed to execute git
2025-10-05 20:10:50.590 [info] > git config --get commit.template [7ms]
2025-10-05 20:10:50.590 [info] > git rev-parse --show-toplevel [10ms]
2025-10-05 20:10:50.590 [info] fatal: not a git repository (or any of the parent directories): .git
2025-10-05 20:10:50.595 [info] > git reflog main --grep-reflog=branch: Created from *. [5ms]
2025-10-05 20:10:50.598 [info] > git rev-parse --show-toplevel [6ms]
2025-10-05 20:10:50.598 [info] fatal: not a git repository (or any of the parent directories): .git
2025-10-05 20:10:50.600 [info] > git for-each-ref --format=%(refname)%00%(upstream:short)%00%(objectname)%00%(upstream:track)%00%(upstream:remotename)%00%(upstream:remoteref) refs/heads/main refs/remotes/main [5ms]
2025-10-05 20:10:50.602 [warning] [Git][revParse] Unable to read file: ENOENT: no such file or directory, open '/home/blueflowers/.config/nvim/.git/refs/remotes/origin/main'
2025-10-05 20:10:50.603 [info] > git symbolic-ref --short refs/remotes/origin/HEAD [5ms]
2025-10-05 20:10:50.605 [info] > git rev-parse refs/remotes/origin/main [3ms]
2025-10-05 20:10:50.610 [info] > git rev-parse --show-toplevel [10ms]
2025-10-05 20:10:50.610 [info] fatal: not a git repository (or any of the parent directories): .git
2025-10-05 20:10:50.612 [info] > git for-each-ref --format=%(refname)%00%(upstream:short)%00%(objectname)%00%(upstream:track)%00%(upstream:remotename)%00%(upstream:remoteref) refs/heads/origin/main refs/remotes/origin/main [7ms]
2025-10-05 20:10:50.616 [info] > git status -z -uall [9ms]
2025-10-05 20:10:50.616 [info] > git rev-parse --show-toplevel [4ms]
2025-10-05 20:10:50.616 [info] fatal: not a git repository (or any of the parent directories): .git
2025-10-05 20:10:50.616 [info] > git for-each-ref --sort -committerdate --format %(refname)%00%(objectname)%00%(*objectname) [6ms]
2025-10-05 20:10:50.621 [info] > git config --add --local branch.main.vscode-merge-base origin/main [6ms]
2025-10-05 20:10:50.624 [info] > git rev-parse --show-toplevel [3ms]
2025-10-05 20:10:50.624 [info] fatal: not a git repository (or any of the parent directories): .git
2025-10-05 20:10:50.627 [info] > git config --get commit.template [3ms]
2025-10-05 20:10:50.630 [info] > git rev-parse --show-toplevel [3ms]
2025-10-05 20:10:50.630 [info] fatal: not a git repository (or any of the parent directories): .git
2025-10-05 20:10:50.632 [info] > git for-each-ref --format=%(refname)%00%(upstream:short)%00%(objectname)%00%(upstream:track)%00%(upstream:remotename)%00%(upstream:remoteref) refs/heads/main refs/remotes/main [3ms]
2025-10-05 20:10:50.634 [warning] [Git][revParse] Unable to read file: ENOENT: no such file or directory, open '/home/blueflowers/.config/nvim/.git/refs/remotes/origin/main'
2025-10-05 20:10:50.635 [info] > git rev-parse --show-toplevel [3ms]
2025-10-05 20:10:50.635 [info] fatal: not a git repository (or any of the parent directories): .git
2025-10-05 20:10:50.638 [info] > git rev-parse refs/remotes/origin/main [4ms]
2025-10-05 20:10:50.643 [info] > git rev-parse --show-toplevel [6ms]
2025-10-05 20:10:50.643 [info] fatal: not a git repository (or any of the parent directories): .git
2025-10-05 20:10:50.646 [info] > git status -z -uall [6ms]
2025-10-05 20:10:50.646 [info] > git for-each-ref --sort -committerdate --format %(refname)%00%(objectname)%00%(*objectname) [3ms]
2025-10-05 20:10:50.654 [info] > git merge-base refs/heads/main refs/remotes/origin/main [3ms]
2025-10-05 20:10:50.657 [info] > git rev-parse --show-toplevel [11ms]
2025-10-05 20:10:50.657 [info] fatal: not a git repository (or any of the parent directories): .git
2025-10-05 20:10:50.660 [info] > git merge-base refs/heads/main refs/remotes/origin/main [6ms]
2025-10-05 20:10:50.663 [info] > git rev-parse --show-toplevel [3ms]
2025-10-05 20:10:50.663 [info] fatal: not a git repository (or any of the parent directories): .git
2025-10-05 20:10:50.663 [info] > git diff --name-status -z --diff-filter=ADMR 7c99423205b2bd874c77317121112a71740e8af1...refs/remotes/origin/main [6ms]
2025-10-05 20:10:50.666 [info] > git diff --name-status -z --diff-filter=ADMR 7c99423205b2bd874c77317121112a71740e8af1...refs/remotes/origin/main [4ms]
2025-10-05 20:10:50.667 [info] > git rev-parse --show-toplevel [1ms]
2025-10-05 20:10:50.667 [info] fatal: not a git repository (or any of the parent directories): .git
2025-10-05 20:10:50.669 [info] [Model][doInitialScan] Initial repository scan completed - repositories (1), closed repositories (0), parent repositories (0), unsafe repositories (0)
2025-10-05 20:10:51.042 [info] > git check-ignore -v -z --stdin [2ms]
2025-10-05 20:10:51.802 [info] > git config --get commit.template [3ms]
2025-10-05 20:10:51.803 [info] > git for-each-ref --format=%(refname)%00%(upstream:short)%00%(objectname)%00%(upstream:track)%00%(upstream:remotename)%00%(upstream:remoteref) refs/heads/main refs/remotes/main [1ms]
2025-10-05 20:10:51.805 [warning] [Git][revParse] Unable to read file: ENOENT: no such file or directory, open '/home/blueflowers/.config/nvim/.git/refs/remotes/origin/main'
2025-10-05 20:10:51.806 [info] > git rev-parse refs/remotes/origin/main [1ms]
2025-10-05 20:10:51.812 [info] > git for-each-ref --sort -committerdate --format %(refname)%00%(objectname)%00%(*objectname) [1ms]
2025-10-05 20:10:51.815 [info] > git status -z -uall [7ms]
2025-10-05 20:11:10.041 [info] > git rev-parse --show-toplevel [1ms]
2025-10-05 20:11:10.041 [info] fatal: not a git repository (or any of the parent directories): .git
2025-10-05 20:11:13.210 [info] > git rev-parse --show-toplevel [1ms]
2025-10-05 20:11:13.210 [info] fatal: not a git repository (or any of the parent directories): .git
2025-10-05 20:11:30.718 [info] > git rev-parse --show-toplevel [1ms]
2025-10-05 20:11:30.718 [info] fatal: not a git repository (or any of the parent directories): .git
2025-10-05 20:11:35.856 [info] > git rev-parse --show-toplevel [1ms]
2025-10-05 20:11:35.856 [info] fatal: not a git repository (or any of the parent directories): .git
2025-10-05 20:11:36.445 [info] > git rev-parse --show-toplevel [0ms]
2025-10-05 20:11:36.445 [info] fatal: not a git repository (or any of the parent directories): .git
2025-10-05 20:11:40.859 [info] > git rev-parse --show-toplevel [1ms]
2025-10-05 20:11:40.859 [info] fatal: not a git repository (or any of the parent directories): .git
2025-10-05 20:11:56.422 [info] > git rev-parse --show-toplevel [1ms]
2025-10-05 20:11:56.422 [info] fatal: not a git repository (or any of the parent directories): .git
2025-10-05 20:11:59.008 [info] > git rev-parse --show-toplevel [0ms]
2025-10-05 20:11:59.008 [info] fatal: not a git repository (or any of the parent directories): .git
2025-10-05 20:11:59.927 [info] > git rev-parse --show-toplevel [1ms]
2025-10-05 20:11:59.927 [info] fatal: not a git repository (or any of the parent directories): .git
2025-10-05 20:12:01.690 [info] > git rev-parse --show-toplevel [1ms]
2025-10-05 20:12:01.690 [info] fatal: not a git repository (or any of the parent directories): .git
2025-10-05 20:12:02.209 [info] > git rev-parse --show-toplevel [1ms]
2025-10-05 20:12:02.209 [info] fatal: not a git repository (or any of the parent directories): .git
2025-10-05 20:12:05.760 [info] > git rev-parse --show-toplevel [1ms]
2025-10-05 20:12:05.760 [info] fatal: not a git repository (or any of the parent directories): .git
2025-10-05 20:12:12.356 [info] > git rev-parse --show-toplevel [1ms]
2025-10-05 20:12:12.356 [info] fatal: not a git repository (or any of the parent directories): .git
2025-10-05 20:14:15.972 [info] > git rev-parse --show-toplevel [1ms]
2025-10-05 20:14:15.972 [info] fatal: not a git repository (or any of the parent directories): .git
2025-10-05 20:14:19.206 [info] > git rev-parse --show-toplevel [1ms]
2025-10-05 20:14:19.206 [info] fatal: not a git repository (or any of the parent directories): .git
2025-10-05 20:14:52.677 [info] > git rev-parse --show-toplevel [1ms]
2025-10-05 20:14:52.677 [info] fatal: not a git repository (or any of the parent directories): .git
2025-10-05 20:15:03.668 [info] > git rev-parse --show-toplevel [1ms]
2025-10-05 20:15:03.668 [info] fatal: not a git repository (or any of the parent directories): .git
2025-10-05 20:15:54.847 [info] > git rev-parse --show-toplevel [1ms]
2025-10-05 20:15:54.847 [info] fatal: not a git repository (or any of the parent directories): .git
2025-10-05 20:16:29.976 [info] > git check-ignore -v -z --stdin [2ms]
2025-10-05 20:16:31.650 [info] > git rev-parse --show-toplevel [1ms]
2025-10-05 20:16:31.650 [info] fatal: not a git repository (or any of the parent directories): .git
2025-10-05 20:20:40.441 [info] > git rev-parse --show-toplevel [1ms]
2025-10-05 20:20:40.441 [info] fatal: not a git repository (or any of the parent directories): .git
2025-10-05 20:25:55.860 [info] > git rev-parse --show-toplevel [1ms]
2025-10-05 20:25:55.860 [info] fatal: not a git repository (or any of the parent directories): .git
2025-10-05 20:32:52.116 [info] > git rev-parse --show-toplevel [1ms]
2025-10-05 20:32:52.116 [info] fatal: not a git repository (or any of the parent directories): .git
2025-10-05 20:32:55.855 [info] > git rev-parse --show-toplevel [1ms]
2025-10-05 20:32:55.855 [info] fatal: not a git repository (or any of the parent directories): .git
2025-10-05 20:32:57.401 [info] > git rev-parse --show-toplevel [1ms]
2025-10-05 20:32:57.401 [info] fatal: not a git repository (or any of the parent directories): .git
2025-10-05 20:33:03.240 [info] > git rev-parse --show-toplevel [1ms]
2025-10-05 20:33:03.240 [info] fatal: not a git repository (or any of the parent directories): .git
2025-10-05 20:33:03.827 [info] > git rev-parse --show-toplevel [1ms]
2025-10-05 20:33:03.827 [info] fatal: not a git repository (or any of the parent directories): .git
2025-10-05 20:33:05.984 [info] > git rev-parse --show-toplevel [1ms]
2025-10-05 20:33:05.984 [info] fatal: not a git repository (or any of the parent directories): .git
2025-10-05 20:33:08.293 [info] > git rev-parse --show-toplevel [1ms]
2025-10-05 20:33:08.293 [info] fatal: not a git repository (or any of the parent directories): .git
2025-10-05 20:33:09.080 [info] > git rev-parse --show-toplevel [1ms]
2025-10-05 20:33:09.080 [info] fatal: not a git repository (or any of the parent directories): .git
2025-10-05 20:33:10.238 [info] > git rev-parse --show-toplevel [1ms]
2025-10-05 20:33:10.238 [info] fatal: not a git repository (or any of the parent directories): .git
2025-10-05 20:33:10.824 [info] > git rev-parse --show-toplevel [1ms]
2025-10-05 20:33:10.824 [info] fatal: not a git repository (or any of the parent directories): .git
2025-10-05 20:33:11.259 [info] > git rev-parse --show-toplevel [1ms]
2025-10-05 20:33:11.259 [info] fatal: not a git repository (or any of the parent directories): .git
2025-10-05 20:33:11.618 [info] > git rev-parse --show-toplevel [1ms]
2025-10-05 20:33:11.618 [info] fatal: not a git repository (or any of the parent directories): .git
2025-10-05 20:33:12.636 [info] > git rev-parse --show-toplevel [1ms]
2025-10-05 20:33:12.636 [info] fatal: not a git repository (or any of the parent directories): .git
2025-10-05 20:33:13.402 [info] > git rev-parse --show-toplevel [1ms]
2025-10-05 20:33:13.402 [info] fatal: not a git repository (or any of the parent directories): .git
2025-10-05 20:33:14.681 [info] > git rev-parse --show-toplevel [1ms]
2025-10-05 20:33:14.681 [info] fatal: not a git repository (or any of the parent directories): .git
2025-10-05 20:33:15.673 [info] > git rev-parse --show-toplevel [2ms]
2025-10-05 20:33:15.673 [info] fatal: not a git repository (or any of the parent directories): .git
2025-10-05 20:33:16.046 [info] > git rev-parse --show-toplevel [1ms]
2025-10-05 20:33:16.046 [info] fatal: not a git repository (or any of the parent directories): .git
2025-10-05 20:38:08.462 [info] > git rev-parse --show-toplevel [1ms]
2025-10-05 20:38:08.462 [info] fatal: not a git repository (or any of the parent directories): .git
2025-10-05 20:42:10.844 [info] > git rev-parse --show-toplevel [1ms]
2025-10-05 20:42:10.844 [info] fatal: not a git repository (or any of the parent directories): .git
2025-10-05 20:49:25.432 [info] > git rev-parse --show-toplevel [1ms]
2025-10-05 20:49:25.432 [info] fatal: not a git repository (or any of the parent directories): .git
2025-10-05 20:50:59.823 [info] > git rev-parse --show-toplevel [1ms]
2025-10-05 20:50:59.823 [info] fatal: not a git repository (or any of the parent directories): .git
2025-10-05 20:52:33.967 [info] > git rev-parse --show-toplevel [1ms]
2025-10-05 20:52:33.967 [info] fatal: not a git repository (or any of the parent directories): .git
2025-10-05 20:52:34.539 [info] > git rev-parse --show-toplevel [1ms]
2025-10-05 20:52:34.539 [info] fatal: not a git repository (or any of the parent directories): .git
2025-10-05 20:52:36.773 [info] > git rev-parse --show-toplevel [1ms]
2025-10-05 20:52:36.773 [info] fatal: not a git repository (or any of the parent directories): .git
2025-10-05 20:52:39.427 [info] > git rev-parse --show-toplevel [0ms]
2025-10-05 20:52:39.428 [info] fatal: not a git repository (or any of the parent directories): .git
2025-10-05 20:52:39.961 [info] > git rev-parse --show-toplevel [1ms]
2025-10-05 20:52:39.962 [info] fatal: not a git repository (or any of the parent directories): .git
2025-10-05 20:52:44.572 [info] > git rev-parse --show-toplevel [1ms]
2025-10-05 20:52:44.572 [info] fatal: not a git repository (or any of the parent directories): .git
2025-10-05 20:53:58.966 [info] > git rev-parse --show-toplevel [2ms]
2025-10-05 20:53:58.966 [info] fatal: not a git repository (or any of the parent directories): .git
2025-10-05 20:54:01.975 [info] > git rev-parse --show-toplevel [1ms]
2025-10-05 20:54:01.975 [info] fatal: not a git repository (or any of the parent directories): .git
