2025-10-08 09:36:48.613 [info] Reading sessions from keychain...
2025-10-08 09:36:48.613 [info] Got stored sessions!
2025-10-08 09:36:48.613 [info] Got 1 verified sessions.
2025-10-08 09:36:48.613 [info] Getting sessions for all scopes...
2025-10-08 09:36:48.613 [info] Got 1 sessions for ...
2025-10-08 09:36:48.613 [info] Getting sessions for all scopes...
2025-10-08 09:36:48.613 [info] Got 1 sessions for ...
2025-10-08 09:36:48.613 [info] Getting sessions for all scopes...
2025-10-08 09:36:48.613 [info] Got 1 sessions for ...
2025-10-08 09:36:48.613 [info] Getting sessions for all scopes...
2025-10-08 09:36:48.613 [info] Got 1 sessions for ...
2025-10-08 09:36:48.613 [info] Getting sessions for all scopes...
2025-10-08 09:36:48.613 [info] Got 1 sessions for ...
2025-10-08 09:36:48.613 [info] Getting sessions for all scopes...
2025-10-08 09:36:48.613 [info] Got 1 sessions for ...
2025-10-08 09:36:48.613 [info] Getting sessions for all scopes...
2025-10-08 09:36:48.613 [info] Got 1 sessions for ...
2025-10-08 09:36:48.613 [info] Getting sessions for all scopes...
2025-10-08 09:36:48.613 [info] Got 1 sessions for ...
2025-10-08 09:36:48.613 [info] Getting sessions for all scopes...
2025-10-08 09:36:48.613 [info] Got 1 sessions for ...
2025-10-08 09:36:48.613 [info] Getting sessions for all scopes...
2025-10-08 09:36:48.613 [info] Got 1 sessions for ...
2025-10-08 09:36:48.613 [info] Getting sessions for all scopes...
2025-10-08 09:36:48.613 [info] Got 1 sessions for ...
2025-10-08 09:36:48.613 [info] Getting sessions for all scopes...
2025-10-08 09:36:48.613 [info] Got 1 sessions for ...
2025-10-08 09:36:48.613 [info] Getting sessions for all scopes...
2025-10-08 09:36:48.613 [info] Got 1 sessions for ...
2025-10-08 09:36:48.613 [info] Getting sessions for all scopes...
2025-10-08 09:36:48.613 [info] Got 1 sessions for ...
2025-10-08 09:36:48.613 [info] Getting sessions for all scopes...
2025-10-08 09:36:48.613 [info] Got 1 sessions for ...
2025-10-08 09:36:48.613 [info] Getting sessions for all scopes...
2025-10-08 09:36:48.614 [info] Got 1 sessions for ...
2025-10-08 09:36:48.614 [info] Getting sessions for all scopes...
2025-10-08 09:36:48.614 [info] Got 1 sessions for ...
2025-10-08 09:36:48.614 [info] Getting sessions for all scopes...
2025-10-08 09:36:48.614 [info] Got 1 sessions for ...
2025-10-08 09:36:48.614 [info] Getting sessions for read:user,repo,user:email,workflow...
2025-10-08 09:36:48.614 [info] Got 0 sessions for read:user,repo,user:email,workflow...
2025-10-08 09:36:48.642 [info] Getting sessions for user:email...
2025-10-08 09:36:48.642 [info] Got 1 sessions for user:email...
2025-10-08 09:36:48.642 [info] Getting sessions for read:user,repo,user:email,workflow...
2025-10-08 09:36:48.642 [info] Got 0 sessions for read:user,repo,user:email,workflow...
2025-10-08 09:36:48.698 [info] Getting sessions for all scopes...
2025-10-08 09:36:48.698 [info] Got 1 sessions for ...
2025-10-08 09:36:48.731 [info] Getting sessions for read:user,repo,user:email,workflow...
2025-10-08 09:36:48.731 [info] Got 0 sessions for read:user,repo,user:email,workflow...
2025-10-08 09:36:48.770 [info] Getting sessions for user:email...
2025-10-08 09:36:48.770 [info] Got 1 sessions for user:email...
2025-10-08 09:36:50.123 [info] Getting sessions for all scopes...
2025-10-08 09:36:50.123 [info] Got 1 sessions for ...
2025-10-08 09:36:50.125 [info] Getting sessions for all scopes...
2025-10-08 09:36:50.125 [info] Got 1 sessions for ...
2025-10-08 09:36:50.125 [info] Getting sessions for all scopes...
2025-10-08 09:36:50.125 [info] Got 1 sessions for ...
2025-10-08 09:36:50.171 [info] Getting sessions for all scopes...
2025-10-08 09:36:50.171 [info] Got 1 sessions for ...
2025-10-08 09:36:50.601 [info] Getting sessions for read:user,repo,user:email,workflow...
2025-10-08 09:36:50.601 [info] Got 0 sessions for read:user,repo,user:email,workflow...
2025-10-08 09:36:50.602 [info] Getting sessions for all scopes...
2025-10-08 09:36:50.602 [info] Got 1 sessions for ...
2025-10-08 09:36:50.606 [info] Getting sessions for all scopes...
2025-10-08 09:36:50.606 [info] Got 1 sessions for ...
2025-10-08 09:36:50.614 [info] Getting sessions for read:user,repo,user:email,workflow...
2025-10-08 09:36:50.614 [info] Got 0 sessions for read:user,repo,user:email,workflow...
2025-10-08 09:36:50.614 [info] Getting sessions for all scopes...
2025-10-08 09:36:50.614 [info] Got 1 sessions for ...
2025-10-08 09:36:50.622 [info] Getting sessions for read:user,repo,user:email,workflow...
2025-10-08 09:36:50.622 [info] Got 0 sessions for read:user,repo,user:email,workflow...
2025-10-08 09:36:50.622 [info] Getting sessions for user:email...
2025-10-08 09:36:50.622 [info] Got 1 sessions for user:email...
2025-10-08 09:36:50.626 [info] Getting sessions for read:user...
2025-10-08 09:36:50.626 [info] Got 0 sessions for read:user...
2025-10-08 09:36:50.632 [info] Getting sessions for read:user,repo,user:email,workflow...
2025-10-08 09:36:50.632 [info] Got 0 sessions for read:user,repo,user:email,workflow...
2025-10-08 09:36:50.642 [info] Getting sessions for user:email...
2025-10-08 09:36:50.642 [info] Got 1 sessions for user:email...
2025-10-08 09:36:50.643 [info] Getting sessions for user:email...
2025-10-08 09:36:50.643 [info] Got 1 sessions for user:email...
2025-10-08 09:36:50.782 [info] fetching: Electron fetch failed with status: 429 
2025-10-08 09:36:50.896 [info] Getting sessions for all scopes...
2025-10-08 09:36:50.896 [info] Got 1 sessions for ...
2025-10-08 09:36:50.897 [info] Getting sessions for read:user,repo,user:email,workflow...
2025-10-08 09:36:50.897 [info] Got 0 sessions for read:user,repo,user:email,workflow...
2025-10-08 09:36:50.898 [info] Getting sessions for read:user,repo,user:email,workflow...
2025-10-08 09:36:50.898 [info] Got 0 sessions for read:user,repo,user:email,workflow...
2025-10-08 09:36:50.899 [info] Getting sessions for all scopes...
2025-10-08 09:36:50.899 [info] Got 1 sessions for ...
2025-10-08 09:36:50.899 [info] Getting sessions for read:user,repo,user:email,workflow...
2025-10-08 09:36:50.899 [info] Got 0 sessions for read:user,repo,user:email,workflow...
2025-10-08 09:36:50.900 [info] Getting sessions for user:email...
2025-10-08 09:36:50.900 [info] Got 1 sessions for user:email...
2025-10-08 09:36:51.070 [info] Getting sessions for all scopes...
2025-10-08 09:36:51.070 [info] Got 1 sessions for ...
2025-10-08 09:36:51.070 [info] Getting sessions for all scopes...
2025-10-08 09:36:51.070 [info] Got 1 sessions for ...
2025-10-08 09:36:51.076 [info] Getting sessions for read:user,repo,user:email,workflow...
2025-10-08 09:36:51.076 [info] Got 0 sessions for read:user,repo,user:email,workflow...
2025-10-08 09:36:51.076 [info] Getting sessions for user:email...
2025-10-08 09:36:51.076 [info] Got 1 sessions for user:email...
2025-10-08 09:36:51.077 [info] Getting sessions for read:user,repo,user:email,workflow...
2025-10-08 09:36:51.077 [info] Got 0 sessions for read:user,repo,user:email,workflow...
2025-10-08 09:36:51.078 [info] Getting sessions for all scopes...
2025-10-08 09:36:51.078 [info] Got 1 sessions for ...
2025-10-08 09:36:51.078 [info] Getting sessions for read:user,repo,user:email,workflow...
2025-10-08 09:36:51.079 [info] Got 0 sessions for read:user,repo,user:email,workflow...
2025-10-08 09:36:51.079 [info] Getting sessions for user:email...
2025-10-08 09:36:51.079 [info] Got 1 sessions for user:email...
2025-10-08 09:36:51.127 [info] Getting sessions for all scopes...
2025-10-08 09:36:51.127 [info] Got 1 sessions for ...
2025-10-08 09:36:51.127 [info] Getting sessions for all scopes...
2025-10-08 09:36:51.127 [info] Got 1 sessions for ...
2025-10-08 09:36:51.134 [info] Getting sessions for read:user,repo,user:email,workflow...
2025-10-08 09:36:51.134 [info] Got 0 sessions for read:user,repo,user:email,workflow...
2025-10-08 09:36:51.135 [info] Getting sessions for user:email...
2025-10-08 09:36:51.135 [info] Got 1 sessions for user:email...
2025-10-08 09:36:51.135 [info] Getting sessions for read:user,repo,user:email,workflow...
2025-10-08 09:36:51.135 [info] Got 0 sessions for read:user,repo,user:email,workflow...
2025-10-08 09:36:51.137 [info] Getting sessions for all scopes...
2025-10-08 09:36:51.137 [info] Got 1 sessions for ...
2025-10-08 09:36:51.138 [info] Getting sessions for all scopes...
2025-10-08 09:36:51.138 [info] Got 1 sessions for ...
2025-10-08 09:36:51.138 [info] Getting sessions for all scopes...
2025-10-08 09:36:51.138 [info] Got 1 sessions for ...
2025-10-08 09:36:51.139 [info] Getting sessions for read:user,repo,user:email,workflow...
2025-10-08 09:36:51.139 [info] Got 0 sessions for read:user,repo,user:email,workflow...
2025-10-08 09:36:51.140 [info] Getting sessions for user:email...
2025-10-08 09:36:51.140 [info] Got 1 sessions for user:email...
2025-10-08 09:36:51.480 [info] fetching: Node fetch failed with status: 429 Too Many Requests
2025-10-08 09:36:52.016 [info] Getting sessions for all scopes...
2025-10-08 09:36:52.016 [info] Got 1 sessions for ...
2025-10-08 09:36:52.017 [info] Getting sessions for read:user,repo,user:email,workflow...
2025-10-08 09:36:52.017 [info] Got 0 sessions for read:user,repo,user:email,workflow...
2025-10-08 09:36:52.018 [info] Getting sessions for user:email...
2025-10-08 09:36:52.018 [info] Got 1 sessions for user:email...
2025-10-08 09:36:52.018 [info] Getting sessions for all scopes...
2025-10-08 09:36:52.018 [info] Got 1 sessions for ...
2025-10-08 09:36:52.019 [info] Getting sessions for read:user,repo,user:email,workflow...
2025-10-08 09:36:52.019 [info] Got 0 sessions for read:user,repo,user:email,workflow...
2025-10-08 09:36:52.019 [info] Getting sessions for user:email...
2025-10-08 09:36:52.019 [info] Got 1 sessions for user:email...
2025-10-08 09:36:52.166 [info] fetching: Node http/s failed with status: 429 Too Many Requests
2025-10-08 09:36:52.585 [info] Getting sessions for all scopes...
2025-10-08 09:36:52.585 [info] Got 1 sessions for ...
2025-10-08 10:07:06.517 [info] Getting sessions for read:user,repo,user:email,workflow...
2025-10-08 10:07:06.517 [info] Got 0 sessions for read:user,repo,user:email,workflow...
2025-10-08 10:07:06.517 [info] Getting sessions for all scopes...
2025-10-08 10:07:06.517 [info] Got 1 sessions for ...
2025-10-08 10:07:06.518 [info] Getting sessions for read:user...
2025-10-08 10:07:06.518 [info] Got 0 sessions for read:user...
2025-10-08 10:07:06.518 [info] Getting sessions for read:user,repo,user:email,workflow...
2025-10-08 10:07:06.518 [info] Got 0 sessions for read:user,repo,user:email,workflow...
2025-10-08 10:07:06.518 [info] Getting sessions for user:email...
2025-10-08 10:07:06.518 [info] Got 1 sessions for user:email...
2025-10-08 10:07:06.518 [info] Getting sessions for user:email...
2025-10-08 10:07:06.518 [info] Got 1 sessions for user:email...
2025-10-08 10:07:07.282 [info] Getting sessions for all scopes...
2025-10-08 10:07:07.282 [info] Got 1 sessions for ...
2025-10-08 10:07:07.282 [info] Getting sessions for all scopes...
2025-10-08 10:07:07.282 [info] Got 1 sessions for ...
2025-10-08 10:07:07.283 [info] Getting sessions for read:user,repo,user:email,workflow...
2025-10-08 10:07:07.283 [info] Got 0 sessions for read:user,repo,user:email,workflow...
2025-10-08 10:07:07.283 [info] Getting sessions for user:email...
2025-10-08 10:07:07.283 [info] Got 1 sessions for user:email...
2025-10-08 10:07:07.283 [info] Getting sessions for read:user,repo,user:email,workflow...
2025-10-08 10:07:07.283 [info] Got 0 sessions for read:user,repo,user:email,workflow...
2025-10-08 10:07:07.285 [info] Getting sessions for all scopes...
2025-10-08 10:07:07.285 [info] Got 1 sessions for ...
2025-10-08 10:07:07.285 [info] Getting sessions for read:user,repo,user:email,workflow...
2025-10-08 10:07:07.285 [info] Got 0 sessions for read:user,repo,user:email,workflow...
2025-10-08 10:07:07.286 [info] Getting sessions for user:email...
2025-10-08 10:07:07.286 [info] Got 1 sessions for user:email...
2025-10-08 10:07:07.287 [info] Getting sessions for all scopes...
2025-10-08 10:07:07.287 [info] Got 1 sessions for ...
2025-10-08 10:07:07.287 [info] Getting sessions for all scopes...
2025-10-08 10:07:07.287 [info] Got 1 sessions for ...
2025-10-08 10:07:07.288 [info] Getting sessions for read:user,repo,user:email,workflow...
2025-10-08 10:07:07.288 [info] Got 0 sessions for read:user,repo,user:email,workflow...
2025-10-08 10:07:07.288 [info] Getting sessions for user:email...
2025-10-08 10:07:07.288 [info] Got 1 sessions for user:email...
2025-10-08 10:07:07.288 [info] Getting sessions for read:user,repo,user:email,workflow...
2025-10-08 10:07:07.288 [info] Got 0 sessions for read:user,repo,user:email,workflow...
2025-10-08 10:07:07.291 [info] Getting sessions for all scopes...
2025-10-08 10:07:07.291 [info] Got 1 sessions for ...
2025-10-08 10:07:07.292 [info] Getting sessions for read:user,repo,user:email,workflow...
2025-10-08 10:07:07.292 [info] Got 0 sessions for read:user,repo,user:email,workflow...
2025-10-08 10:07:07.292 [info] Getting sessions for user:email...
2025-10-08 10:07:07.292 [info] Got 1 sessions for user:email...
2025-10-08 11:25:43.771 [info] Getting sessions for read:user,repo,user:email,workflow...
2025-10-08 11:25:43.771 [info] Got 0 sessions for read:user,repo,user:email,workflow...
