2025-10-06 16:38:54.102 [info] Extension host with pid 96983 started
2025-10-06 16:38:54.102 [info] Skipping acquiring lock for /home/blueflowers/.config/Code/User/workspaceStorage/3209eb595097d4ab7bf390136c8c0d52.
2025-10-06 16:38:54.335 [info] ExtensionService#_doActivateExtension vscode.github-authentication, startup: false, activationEvent: 'onAuthenticationRequest:github'
2025-10-06 16:38:54.354 [info] ExtensionService#_doActivateExtension vscode.emmet, startup: false, activationEvent: 'onLanguage'
2025-10-06 16:38:54.463 [info] ExtensionService#_doActivateExtension vscode.git-base, startup: true, activationEvent: '*', root cause: vscode.git
2025-10-06 16:38:54.488 [info] ExtensionService#_doActivateExtension vscode.git, startup: true, activationEvent: '*'
2025-10-06 16:38:54.529 [info] ExtensionService#_doActivateExtension vscode.github, startup: true, activationEvent: '*'
2025-10-06 16:38:54.644 [info] Eager extensions activated
2025-10-06 16:38:54.650 [info] ExtensionService#_doActivateExtension vscode.debug-auto-launch, startup: false, activationEvent: 'onStartupFinished'
2025-10-06 16:38:54.651 [info] ExtensionService#_doActivateExtension vscode.merge-conflict, startup: false, activationEvent: 'onStartupFinished'
2025-10-06 16:38:54.672 [warning] [Decorations] CAPPING events from decorations provider vscode.git 315
2025-10-06 16:38:54.795 [warning] [Decorations] CAPPING events from decorations provider vscode.git 317
2025-10-06 16:38:58.606 [warning] [Decorations] CAPPING events from decorations provider vscode.git 317
2025-10-06 16:39:03.653 [warning] [Decorations] CAPPING events from decorations provider vscode.git 317
2025-10-06 16:39:08.702 [warning] [Decorations] CAPPING events from decorations provider vscode.git 317
2025-10-06 16:39:13.752 [warning] [Decorations] CAPPING events from decorations provider vscode.git 317
2025-10-06 16:39:20.168 [warning] [Decorations] CAPPING events from decorations provider vscode.git 317
2025-10-06 16:39:25.214 [warning] [Decorations] CAPPING events from decorations provider vscode.git 317
2025-10-06 16:39:30.262 [warning] [Decorations] CAPPING events from decorations provider vscode.git 317
2025-10-06 16:39:35.307 [warning] [Decorations] CAPPING events from decorations provider vscode.git 317
2025-10-06 16:39:40.353 [warning] [Decorations] CAPPING events from decorations provider vscode.git 318
2025-10-06 16:39:45.398 [warning] [Decorations] CAPPING events from decorations provider vscode.git 318
2025-10-06 16:39:50.847 [warning] [Decorations] CAPPING events from decorations provider vscode.git 318
2025-10-06 16:39:58.930 [warning] [Decorations] CAPPING events from decorations provider vscode.git 318
2025-10-06 16:40:03.976 [warning] [Decorations] CAPPING events from decorations provider vscode.git 318
2025-10-06 16:40:10.884 [warning] [Decorations] CAPPING events from decorations provider vscode.git 319
2025-10-06 16:40:24.652 [warning] [Decorations] CAPPING events from decorations provider vscode.git 318
2025-10-06 16:40:33.139 [warning] [Decorations] CAPPING events from decorations provider vscode.git 318
2025-10-06 16:40:38.186 [warning] [Decorations] CAPPING events from decorations provider vscode.git 318
2025-10-06 16:40:43.236 [warning] [Decorations] CAPPING events from decorations provider vscode.git 318
2025-10-06 16:40:48.724 [warning] [Decorations] CAPPING events from decorations provider vscode.git 318
2025-10-06 16:40:53.769 [warning] [Decorations] CAPPING events from decorations provider vscode.git 319
2025-10-06 16:40:58.819 [warning] [Decorations] CAPPING events from decorations provider vscode.git 319
2025-10-06 16:41:03.864 [warning] [Decorations] CAPPING events from decorations provider vscode.git 319
2025-10-06 16:41:08.354 [warning] [Decorations] CAPPING events from decorations provider vscode.git 319
