2025-10-08 19:16:02.209 [info] [aebc6443-996d-45c2-90f0-388ff96faa56] Native Broker is only available on Windows
2025-10-08 19:16:02.221 [info] [getSessions] [all] starting
2025-10-08 19:16:02.221 [info] [getSessions] [all] returned 0 session(s)
2025-10-08 19:16:02.221 [info] [getSessions] [all] starting
2025-10-08 19:16:02.221 [info] [getSessions] [all] returned 0 session(s)
2025-10-08 19:16:02.221 [info] [getSessions] [all] starting
2025-10-08 19:16:02.221 [info] [getSessions] [all] returned 0 session(s)
2025-10-08 19:16:02.230 [info] [getSessions] [499b84ac-1321-427f-aa17-267ca6975798/.default offline_access] starting
2025-10-08 19:16:02.230 [info] [aebc6443-996d-45c2-90f0-388ff96faa56] Native Broker is only available on Windows
2025-10-08 19:16:03.594 [info] [getSessions] [499b84ac-1321-427f-aa17-267ca6975798/.default offline_access] returned 0 session(s)
2025-10-08 19:16:03.728 [info] [getSessions] [all] starting
2025-10-08 19:16:03.728 [info] [getSessions] [all] returned 0 session(s)
2025-10-08 19:16:03.728 [info] [getSessions] [all] starting
2025-10-08 19:16:03.728 [info] [getSessions] [all] returned 0 session(s)
2025-10-08 19:16:03.729 [info] [getSessions] [all] starting
2025-10-08 19:16:03.729 [info] [getSessions] [all] returned 0 session(s)
2025-10-08 19:16:04.777 [info] [getSessions] [499b84ac-1321-427f-aa17-267ca6975798/.default offline_access] starting
2025-10-08 19:16:04.777 [info] [getSessions] [499b84ac-1321-427f-aa17-267ca6975798/.default offline_access] returned 0 session(s)
2025-10-08 19:16:06.386 [info] [getSessions] [all] starting
2025-10-08 19:16:06.386 [info] [getSessions] [all] returned 0 session(s)
