2025-10-07 16:29:49.641 [info] [main] Log level: Info
2025-10-07 16:29:49.641 [info] [main] Validating found git in: "git"
2025-10-07 16:29:49.641 [info] [main] Using git "2.51.0" from "git"
2025-10-07 16:29:49.641 [info] [Model][doInitialScan] Initial repository scan started
2025-10-07 16:29:49.641 [info] > git rev-parse --show-toplevel [6ms]
2025-10-07 16:29:49.641 [info] > git rev-parse --git-dir --git-common-dir --show-superproject-working-tree [3ms]
2025-10-07 16:29:49.641 [info] [Model][openRepository] Opened repository (path): /home/blueflowers/dotfiles
2025-10-07 16:29:49.641 [info] [Model][openRepository] Opened repository (real path): /home/blueflowers/dotfiles
2025-10-07 16:29:49.641 [info] [Model][openRepository] Opened repository (kind): repository
2025-10-07 16:29:49.641 [info] > git config --get commit.template [3ms]
2025-10-07 16:29:49.641 [info] > git rev-parse --show-toplevel [2ms]
2025-10-07 16:29:49.641 [info] > git rev-parse --show-toplevel [18ms]
2025-10-07 16:29:49.641 [info] [Model][doInitialScan] Initial repository scan completed - repositories (1), closed repositories (0), parent repositories (0), unsafe repositories (0)
2025-10-07 16:29:49.641 [info] > git for-each-ref --format=%(refname)%00%(upstream:short)%00%(objectname)%00%(upstream:track)%00%(upstream:remotename)%00%(upstream:remoteref) refs/heads/main refs/remotes/main [23ms]
2025-10-07 16:29:51.320 [info] > git check-ignore -v -z --stdin [87ms]
2025-10-07 16:29:51.321 [info] > git status -z -uall [39ms]
2025-10-07 16:29:51.321 [info] > git for-each-ref --sort -committerdate --format %(refname)%00%(objectname)%00%(*objectname) [35ms]
2025-10-07 16:29:51.479 [info] > git for-each-ref --format=%(refname)%00%(upstream:short)%00%(objectname)%00%(upstream:track)%00%(upstream:remotename)%00%(upstream:remoteref) refs/heads/main refs/remotes/main [101ms]
2025-10-07 16:29:51.561 [info] > git config --get --local branch.main.vscode-merge-base [78ms]
2025-10-07 16:29:51.561 [warning] [Git][config] git config failed: Failed to execute git
2025-10-07 16:29:51.566 [info] > git config --get commit.template [88ms]
2025-10-07 16:29:51.751 [info] > git reflog main --grep-reflog=branch: Created from *. [185ms]
2025-10-07 16:29:51.763 [info] > git symbolic-ref --short refs/remotes/origin/HEAD [7ms]
2025-10-07 16:29:51.763 [info] fatal: ref refs/remotes/origin/HEAD is not a symbolic ref
2025-10-07 16:29:51.763 [warning] [Repository][getDefaultBranch] Failed to get default branch details: Failed to execute git.
2025-10-07 16:29:51.772 [info] > git merge-base refs/heads/main refs/remotes/origin/main [4ms]
2025-10-07 16:29:51.778 [info] > git for-each-ref --format=%(refname)%00%(upstream:short)%00%(objectname)%00%(upstream:track)%00%(upstream:remotename)%00%(upstream:remoteref) refs/heads/main refs/remotes/main [16ms]
2025-10-07 16:29:51.780 [info] > git diff --name-status -z --diff-filter=ADMR 048a0cad37ff388cd1fcd0e90a4140bcbc6812fc...refs/remotes/origin/main [2ms]
2025-10-07 16:29:51.795 [info] > git for-each-ref --sort -committerdate --format %(refname)%00%(objectname)%00%(*objectname) [4ms]
2025-10-07 16:29:51.806 [info] > git status -z -uall [19ms]
2025-10-07 16:29:52.417 [info] > git config --get commit.template [2ms]
2025-10-07 16:29:52.443 [info] > git for-each-ref --format=%(refname)%00%(upstream:short)%00%(objectname)%00%(upstream:track)%00%(upstream:remotename)%00%(upstream:remoteref) refs/heads/main refs/remotes/main [8ms]
2025-10-07 16:29:52.473 [info] > git status -z -uall [22ms]
2025-10-07 16:29:52.473 [info] > git for-each-ref --sort -committerdate --format %(refname)%00%(objectname)%00%(*objectname) [16ms]
2025-10-07 16:29:55.151 [info] > git config --get commit.template [6ms]
2025-10-07 16:29:55.152 [info] > git for-each-ref --format=%(refname)%00%(upstream:short)%00%(objectname)%00%(upstream:track)%00%(upstream:remotename)%00%(upstream:remoteref) refs/heads/main refs/remotes/main [1ms]
2025-10-07 16:29:55.165 [info] > git for-each-ref --sort -committerdate --format %(refname)%00%(objectname)%00%(*objectname) [1ms]
2025-10-07 16:29:55.179 [info] > git status -z -uall [21ms]
2025-10-07 16:29:58.504 [info] > git show --textconv :.config/gtk-4.0/settings.ini [7ms]
2025-10-07 16:29:58.505 [info] > git ls-files --stage -- .config/gtk-4.0/settings.ini [1ms]
2025-10-07 16:29:58.512 [info] > git cat-file -s bf919024403cdaaf61d4236325d61c6c033061cf [1ms]
2025-10-07 16:29:59.943 [info] > git blame --root --incremental 29863c4ae1e2cc756655fdd4fdd489371acb724b -- .config/gtk-4.0/settings.ini [6ms]
2025-10-07 16:30:00.200 [info] > git config --get commit.template [8ms]
2025-10-07 16:30:00.201 [info] > git for-each-ref --format=%(refname)%00%(upstream:short)%00%(objectname)%00%(upstream:track)%00%(upstream:remotename)%00%(upstream:remoteref) refs/heads/main refs/remotes/main [2ms]
2025-10-07 16:30:00.214 [info] > git for-each-ref --sort -committerdate --format %(refname)%00%(objectname)%00%(*objectname) [1ms]
2025-10-07 16:30:00.227 [info] > git status -z -uall [20ms]
2025-10-07 16:30:42.202 [info] > git config --get commit.template [7ms]
2025-10-07 16:30:42.203 [info] > git for-each-ref --format=%(refname)%00%(upstream:short)%00%(objectname)%00%(upstream:track)%00%(upstream:remotename)%00%(upstream:remoteref) refs/heads/main refs/remotes/main [1ms]
2025-10-07 16:30:42.218 [info] > git for-each-ref --sort -committerdate --format %(refname)%00%(objectname)%00%(*objectname) [1ms]
2025-10-07 16:30:42.232 [info] > git status -z -uall [21ms]
2025-10-07 16:30:47.253 [info] > git config --get commit.template [6ms]
2025-10-07 16:30:47.254 [info] > git for-each-ref --format=%(refname)%00%(upstream:short)%00%(objectname)%00%(upstream:track)%00%(upstream:remotename)%00%(upstream:remoteref) refs/heads/main refs/remotes/main [1ms]
2025-10-07 16:30:47.267 [info] > git for-each-ref --sort -committerdate --format %(refname)%00%(objectname)%00%(*objectname) [1ms]
2025-10-07 16:30:47.280 [info] > git status -z -uall [20ms]
2025-10-07 16:30:48.911 [info] > git show --textconv :.config/gtk-3.0/settings.ini [7ms]
2025-10-07 16:30:48.911 [info] > git ls-files --stage -- .config/gtk-3.0/settings.ini [1ms]
2025-10-07 16:30:48.918 [info] > git cat-file -s 37a0a20ae10fd348e8a14f3e877ccb0538cc10d9 [1ms]
2025-10-07 16:30:48.935 [info] > git blame --root --incremental 29863c4ae1e2cc756655fdd4fdd489371acb724b -- .config/gtk-3.0/settings.ini [7ms]
2025-10-07 16:30:52.301 [info] > git config --get commit.template [7ms]
2025-10-07 16:30:52.302 [info] > git for-each-ref --format=%(refname)%00%(upstream:short)%00%(objectname)%00%(upstream:track)%00%(upstream:remotename)%00%(upstream:remoteref) refs/heads/main refs/remotes/main [1ms]
2025-10-07 16:30:52.316 [info] > git for-each-ref --sort -committerdate --format %(refname)%00%(objectname)%00%(*objectname) [1ms]
2025-10-07 16:30:52.328 [info] > git status -z -uall [19ms]
2025-10-07 16:30:54.792 [info] > git show --textconv :.config/gtk-4.0/settings.ini [6ms]
2025-10-07 16:30:54.793 [info] > git ls-files --stage -- .config/gtk-4.0/settings.ini [1ms]
2025-10-07 16:30:54.799 [info] > git cat-file -s bf919024403cdaaf61d4236325d61c6c033061cf [0ms]
2025-10-07 16:30:56.371 [info] > git show --textconv :.config/gtk-3.0/settings.ini [7ms]
2025-10-07 16:30:56.372 [info] > git ls-files --stage -- .config/gtk-3.0/settings.ini [1ms]
2025-10-07 16:30:56.379 [info] > git cat-file -s 37a0a20ae10fd348e8a14f3e877ccb0538cc10d9 [1ms]
2025-10-07 16:30:57.351 [info] > git config --get commit.template [7ms]
2025-10-07 16:30:57.351 [info] > git for-each-ref --format=%(refname)%00%(upstream:short)%00%(objectname)%00%(upstream:track)%00%(upstream:remotename)%00%(upstream:remoteref) refs/heads/main refs/remotes/main [1ms]
2025-10-07 16:30:57.364 [info] > git for-each-ref --sort -committerdate --format %(refname)%00%(objectname)%00%(*objectname) [1ms]
2025-10-07 16:30:57.379 [info] > git status -z -uall [21ms]
2025-10-07 16:31:00.090 [info] > git show --textconv :.config/gtk-3.0/settings.ini [9ms]
2025-10-07 16:31:00.091 [info] > git ls-files --stage -- .config/gtk-3.0/settings.ini [2ms]
2025-10-07 16:31:00.098 [info] > git cat-file -s 37a0a20ae10fd348e8a14f3e877ccb0538cc10d9 [1ms]
2025-10-07 16:31:01.311 [info] > git show --textconv :.config/gtk-4.0/settings.ini [7ms]
2025-10-07 16:31:01.312 [info] > git ls-files --stage -- .config/gtk-4.0/settings.ini [1ms]
2025-10-07 16:31:01.319 [info] > git cat-file -s bf919024403cdaaf61d4236325d61c6c033061cf [1ms]
2025-10-07 16:31:02.398 [info] > git config --get commit.template [6ms]
2025-10-07 16:31:02.399 [info] > git for-each-ref --format=%(refname)%00%(upstream:short)%00%(objectname)%00%(upstream:track)%00%(upstream:remotename)%00%(upstream:remoteref) refs/heads/main refs/remotes/main [1ms]
2025-10-07 16:31:02.412 [info] > git for-each-ref --sort -committerdate --format %(refname)%00%(objectname)%00%(*objectname) [1ms]
2025-10-07 16:31:02.426 [info] > git status -z -uall [21ms]
2025-10-07 16:31:05.618 [info] > git check-ignore -v -z --stdin [1ms]
2025-10-07 16:31:07.444 [info] > git config --get commit.template [5ms]
2025-10-07 16:31:07.445 [info] > git for-each-ref --format=%(refname)%00%(upstream:short)%00%(objectname)%00%(upstream:track)%00%(upstream:remotename)%00%(upstream:remoteref) refs/heads/main refs/remotes/main [1ms]
2025-10-07 16:31:07.457 [info] > git for-each-ref --sort -committerdate --format %(refname)%00%(objectname)%00%(*objectname) [1ms]
2025-10-07 16:31:07.471 [info] > git status -z -uall [20ms]
2025-10-07 16:31:12.490 [info] > git config --get commit.template [6ms]
2025-10-07 16:31:12.491 [info] > git for-each-ref --format=%(refname)%00%(upstream:short)%00%(objectname)%00%(upstream:track)%00%(upstream:remotename)%00%(upstream:remoteref) refs/heads/main refs/remotes/main [2ms]
2025-10-07 16:31:12.504 [info] > git for-each-ref --sort -committerdate --format %(refname)%00%(objectname)%00%(*objectname) [1ms]
2025-10-07 16:31:12.515 [info] > git status -z -uall [19ms]
2025-10-07 16:31:17.534 [info] > git config --get commit.template [5ms]
2025-10-07 16:31:17.534 [info] > git for-each-ref --format=%(refname)%00%(upstream:short)%00%(objectname)%00%(upstream:track)%00%(upstream:remotename)%00%(upstream:remoteref) refs/heads/main refs/remotes/main [1ms]
2025-10-07 16:31:17.546 [info] > git for-each-ref --sort -committerdate --format %(refname)%00%(objectname)%00%(*objectname) [1ms]
2025-10-07 16:31:17.559 [info] > git status -z -uall [19ms]
2025-10-07 16:31:28.457 [info] > git config --get commit.template [7ms]
2025-10-07 16:31:28.458 [info] > git for-each-ref --format=%(refname)%00%(upstream:short)%00%(objectname)%00%(upstream:track)%00%(upstream:remotename)%00%(upstream:remoteref) refs/heads/main refs/remotes/main [1ms]
2025-10-07 16:31:28.471 [info] > git for-each-ref --sort -committerdate --format %(refname)%00%(objectname)%00%(*objectname) [1ms]
2025-10-07 16:31:28.484 [info] > git status -z -uall [20ms]
2025-10-07 16:31:31.311 [info] > git show --textconv :.config/gtk-3.0/settings.ini [6ms]
2025-10-07 16:31:31.312 [info] > git ls-files --stage -- .config/gtk-3.0/settings.ini [1ms]
2025-10-07 16:31:31.318 [info] > git cat-file -s 37a0a20ae10fd348e8a14f3e877ccb0538cc10d9 [1ms]
2025-10-07 16:31:33.401 [info] > git show --textconv :.config/gtk-3.0/settings.ini [6ms]
2025-10-07 16:31:33.402 [info] > git ls-files --stage -- .config/gtk-3.0/settings.ini [1ms]
2025-10-07 16:31:33.408 [info] > git cat-file -s 37a0a20ae10fd348e8a14f3e877ccb0538cc10d9 [1ms]
2025-10-07 16:31:33.503 [info] > git config --get commit.template [7ms]
2025-10-07 16:31:33.504 [info] > git for-each-ref --format=%(refname)%00%(upstream:short)%00%(objectname)%00%(upstream:track)%00%(upstream:remotename)%00%(upstream:remoteref) refs/heads/main refs/remotes/main [2ms]
2025-10-07 16:31:33.516 [info] > git for-each-ref --sort -committerdate --format %(refname)%00%(objectname)%00%(*objectname) [1ms]
2025-10-07 16:31:33.531 [info] > git status -z -uall [21ms]
2025-10-07 16:31:36.056 [info] > git show --textconv :.config/gtk-3.0/settings.ini [8ms]
2025-10-07 16:31:36.056 [info] > git ls-files --stage -- .config/gtk-3.0/settings.ini [1ms]
2025-10-07 16:31:36.063 [info] > git cat-file -s 37a0a20ae10fd348e8a14f3e877ccb0538cc10d9 [1ms]
2025-10-07 16:31:57.790 [info] > git config --get commit.template [8ms]
2025-10-07 16:31:57.790 [info] > git for-each-ref --format=%(refname)%00%(upstream:short)%00%(objectname)%00%(upstream:track)%00%(upstream:remotename)%00%(upstream:remoteref) refs/heads/main refs/remotes/main [1ms]
2025-10-07 16:31:57.809 [info] > git for-each-ref --sort -committerdate --format %(refname)%00%(objectname)%00%(*objectname) [1ms]
2025-10-07 16:31:57.822 [info] > git status -z -uall [23ms]
2025-10-07 16:32:00.708 [info] > git show --textconv :.config/gtk-3.0/settings.ini [8ms]
2025-10-07 16:32:00.709 [info] > git ls-files --stage -- .config/gtk-3.0/settings.ini [2ms]
2025-10-07 16:32:00.715 [info] > git cat-file -s 37a0a20ae10fd348e8a14f3e877ccb0538cc10d9 [1ms]
2025-10-07 16:32:01.969 [info] > git show --textconv :.config/gtk-4.0/settings.ini [7ms]
2025-10-07 16:32:01.970 [info] > git ls-files --stage -- .config/gtk-4.0/settings.ini [1ms]
2025-10-07 16:32:01.977 [info] > git cat-file -s bf919024403cdaaf61d4236325d61c6c033061cf [1ms]
2025-10-07 16:32:02.847 [info] > git config --get commit.template [7ms]
2025-10-07 16:32:02.848 [info] > git for-each-ref --format=%(refname)%00%(upstream:short)%00%(objectname)%00%(upstream:track)%00%(upstream:remotename)%00%(upstream:remoteref) refs/heads/main refs/remotes/main [1ms]
2025-10-07 16:32:02.861 [info] > git for-each-ref --sort -committerdate --format %(refname)%00%(objectname)%00%(*objectname) [1ms]
2025-10-07 16:32:02.875 [info] > git status -z -uall [21ms]
2025-10-07 16:32:04.503 [info] > git show --textconv :.config/gtk-3.0/settings.ini [7ms]
2025-10-07 16:32:04.503 [info] > git ls-files --stage -- .config/gtk-3.0/settings.ini [1ms]
2025-10-07 16:32:04.510 [info] > git cat-file -s 37a0a20ae10fd348e8a14f3e877ccb0538cc10d9 [1ms]
2025-10-07 16:32:05.601 [info] > git show --textconv :.config/gtk-3.0/settings.ini [7ms]
2025-10-07 16:32:05.602 [info] > git ls-files --stage -- .config/gtk-3.0/settings.ini [1ms]
2025-10-07 16:32:05.608 [info] > git cat-file -s 37a0a20ae10fd348e8a14f3e877ccb0538cc10d9 [1ms]
2025-10-07 16:32:07.897 [info] > git config --get commit.template [8ms]
2025-10-07 16:32:07.898 [info] > git for-each-ref --format=%(refname)%00%(upstream:short)%00%(objectname)%00%(upstream:track)%00%(upstream:remotename)%00%(upstream:remoteref) refs/heads/main refs/remotes/main [1ms]
2025-10-07 16:32:07.911 [info] > git for-each-ref --sort -committerdate --format %(refname)%00%(objectname)%00%(*objectname) [2ms]
2025-10-07 16:32:08.079 [info] > git status -z -uall [176ms]
2025-10-07 16:32:13.295 [info] > git config --get commit.template [2ms]
2025-10-07 16:32:13.303 [info] > git for-each-ref --format=%(refname)%00%(upstream:short)%00%(objectname)%00%(upstream:track)%00%(upstream:remotename)%00%(upstream:remoteref) refs/heads/main refs/remotes/main [1ms]
2025-10-07 16:32:13.317 [info] > git for-each-ref --sort -committerdate --format %(refname)%00%(objectname)%00%(*objectname) [1ms]
2025-10-07 16:32:13.355 [info] > git status -z -uall [45ms]
2025-10-07 16:32:13.522 [info] > git show --textconv :.config/gtk-3.0/settings.ini [6ms]
2025-10-07 16:32:13.522 [info] > git ls-files --stage -- .config/gtk-3.0/settings.ini [1ms]
2025-10-07 16:32:13.529 [info] > git cat-file -s 37a0a20ae10fd348e8a14f3e877ccb0538cc10d9 [2ms]
2025-10-07 16:32:14.151 [info] > git show --textconv :.config/gtk-4.0/settings.ini [6ms]
2025-10-07 16:32:14.152 [info] > git ls-files --stage -- .config/gtk-4.0/settings.ini [1ms]
2025-10-07 16:32:14.158 [info] > git cat-file -s bf919024403cdaaf61d4236325d61c6c033061cf [1ms]
2025-10-07 16:32:23.788 [info] > git config --get commit.template [10ms]
2025-10-07 16:32:23.789 [info] > git for-each-ref --format=%(refname)%00%(upstream:short)%00%(objectname)%00%(upstream:track)%00%(upstream:remotename)%00%(upstream:remoteref) refs/heads/main refs/remotes/main [2ms]
2025-10-07 16:32:23.807 [info] > git for-each-ref --sort -committerdate --format %(refname)%00%(objectname)%00%(*objectname) [2ms]
2025-10-07 16:32:23.818 [info] > git status -z -uall [21ms]
2025-10-07 16:32:28.835 [info] > git config --get commit.template [1ms]
2025-10-07 16:32:28.842 [info] > git for-each-ref --format=%(refname)%00%(upstream:short)%00%(objectname)%00%(upstream:track)%00%(upstream:remotename)%00%(upstream:remoteref) refs/heads/main refs/remotes/main [1ms]
2025-10-07 16:32:28.855 [info] > git for-each-ref --sort -committerdate --format %(refname)%00%(objectname)%00%(*objectname) [1ms]
2025-10-07 16:32:28.867 [info] > git status -z -uall [19ms]
2025-10-07 16:32:28.897 [info] > git check-ignore -v -z --stdin [1ms]
2025-10-07 16:32:33.888 [info] > git config --get commit.template [6ms]
2025-10-07 16:32:33.889 [info] > git for-each-ref --format=%(refname)%00%(upstream:short)%00%(objectname)%00%(upstream:track)%00%(upstream:remotename)%00%(upstream:remoteref) refs/heads/main refs/remotes/main [1ms]
2025-10-07 16:32:33.901 [info] > git for-each-ref --sort -committerdate --format %(refname)%00%(objectname)%00%(*objectname) [1ms]
2025-10-07 16:32:33.914 [info] > git status -z -uall [20ms]
2025-10-07 16:32:55.377 [info] > git config --get commit.template [8ms]
2025-10-07 16:32:55.503 [info] > git for-each-ref --format=%(refname)%00%(upstream:short)%00%(objectname)%00%(upstream:track)%00%(upstream:remotename)%00%(upstream:remoteref) refs/heads/main refs/remotes/main [126ms]
2025-10-07 16:32:55.520 [info] > git for-each-ref --sort -committerdate --format %(refname)%00%(objectname)%00%(*objectname) [1ms]
2025-10-07 16:32:55.533 [info] > git status -z -uall [22ms]
2025-10-07 16:32:58.168 [info] > git show --textconv :.config/gtk-4.0/settings.ini [6ms]
2025-10-07 16:32:58.168 [info] > git ls-files --stage -- .config/gtk-4.0/settings.ini [1ms]
2025-10-07 16:32:58.175 [info] > git cat-file -s bf919024403cdaaf61d4236325d61c6c033061cf [1ms]
2025-10-07 16:33:00.555 [info] > git for-each-ref --format=%(refname)%00%(upstream:short)%00%(objectname)%00%(upstream:track)%00%(upstream:remotename)%00%(upstream:remoteref) refs/heads/main refs/remotes/main [1ms]
2025-10-07 16:33:00.555 [info] > git config --get commit.template [7ms]
2025-10-07 16:33:00.567 [info] > git for-each-ref --sort -committerdate --format %(refname)%00%(objectname)%00%(*objectname) [1ms]
2025-10-07 16:33:00.580 [info] > git status -z -uall [19ms]
2025-10-07 16:33:00.838 [info] > git check-ignore -v -z --stdin [1ms]
2025-10-07 16:33:02.605 [info] > git check-ignore -v -z --stdin [1ms]
2025-10-07 16:33:05.564 [info] > git show --textconv :.config/gtk-4.0/settings.ini [7ms]
2025-10-07 16:33:05.565 [info] > git ls-files --stage -- .config/gtk-4.0/settings.ini [1ms]
2025-10-07 16:33:05.572 [info] > git cat-file -s bf919024403cdaaf61d4236325d61c6c033061cf [1ms]
2025-10-07 16:33:05.601 [info] > git config --get commit.template [6ms]
2025-10-07 16:33:05.601 [info] > git for-each-ref --format=%(refname)%00%(upstream:short)%00%(objectname)%00%(upstream:track)%00%(upstream:remotename)%00%(upstream:remoteref) refs/heads/main refs/remotes/main [1ms]
2025-10-07 16:33:05.614 [info] > git for-each-ref --sort -committerdate --format %(refname)%00%(objectname)%00%(*objectname) [1ms]
2025-10-07 16:33:05.628 [info] > git status -z -uall [21ms]
2025-10-07 16:33:07.591 [info] > git show --textconv :.config/gtk-3.0/settings.ini [7ms]
2025-10-07 16:33:07.592 [info] > git ls-files --stage -- .config/gtk-3.0/settings.ini [1ms]
2025-10-07 16:33:07.600 [info] > git cat-file -s 37a0a20ae10fd348e8a14f3e877ccb0538cc10d9 [1ms]
2025-10-07 16:33:10.647 [info] > git config --get commit.template [6ms]
2025-10-07 16:33:10.648 [info] > git for-each-ref --format=%(refname)%00%(upstream:short)%00%(objectname)%00%(upstream:track)%00%(upstream:remotename)%00%(upstream:remoteref) refs/heads/main refs/remotes/main [1ms]
2025-10-07 16:33:10.661 [info] > git for-each-ref --sort -committerdate --format %(refname)%00%(objectname)%00%(*objectname) [1ms]
2025-10-07 16:33:10.673 [info] > git status -z -uall [19ms]
2025-10-07 16:33:13.062 [info] > git check-ignore -v -z --stdin [1ms]
2025-10-07 16:33:15.693 [info] > git config --get commit.template [6ms]
2025-10-07 16:33:15.694 [info] > git for-each-ref --format=%(refname)%00%(upstream:short)%00%(objectname)%00%(upstream:track)%00%(upstream:remotename)%00%(upstream:remoteref) refs/heads/main refs/remotes/main [2ms]
2025-10-07 16:33:15.706 [info] > git for-each-ref --sort -committerdate --format %(refname)%00%(objectname)%00%(*objectname) [2ms]
2025-10-07 16:33:15.718 [info] > git status -z -uall [19ms]
2025-10-07 16:34:52.527 [info] > git config --get commit.template [8ms]
2025-10-07 16:34:52.527 [info] > git for-each-ref --format=%(refname)%00%(upstream:short)%00%(objectname)%00%(upstream:track)%00%(upstream:remotename)%00%(upstream:remoteref) refs/heads/main refs/remotes/main [1ms]
2025-10-07 16:34:52.544 [info] > git for-each-ref --sort -committerdate --format %(refname)%00%(objectname)%00%(*objectname) [1ms]
2025-10-07 16:34:52.555 [info] > git status -z -uall [21ms]
2025-10-07 16:36:01.750 [info] > git config --get commit.template [1ms]
2025-10-07 16:36:01.764 [info] > git for-each-ref --format=%(refname)%00%(upstream:short)%00%(objectname)%00%(upstream:track)%00%(upstream:remotename)%00%(upstream:remoteref) refs/heads/main refs/remotes/main [1ms]
2025-10-07 16:36:01.793 [info] > git for-each-ref --sort -committerdate --format %(refname)%00%(objectname)%00%(*objectname) [2ms]
2025-10-07 16:36:01.805 [info] > git status -z -uall [27ms]
2025-10-07 16:36:55.001 [info] > git config --get commit.template [1ms]
2025-10-07 16:36:55.010 [info] > git for-each-ref --format=%(refname)%00%(upstream:short)%00%(objectname)%00%(upstream:track)%00%(upstream:remotename)%00%(upstream:remoteref) refs/heads/main refs/remotes/main [2ms]
2025-10-07 16:36:55.028 [info] > git for-each-ref --sort -committerdate --format %(refname)%00%(objectname)%00%(*objectname) [1ms]
2025-10-07 16:36:55.041 [info] > git status -z -uall [24ms]
2025-10-07 16:36:55.509 [info] > git check-ignore -v -z --stdin [2ms]
2025-10-07 16:37:20.196 [info] > git config --get commit.template [8ms]
2025-10-07 16:37:20.197 [info] > git for-each-ref --format=%(refname)%00%(upstream:short)%00%(objectname)%00%(upstream:track)%00%(upstream:remotename)%00%(upstream:remoteref) refs/heads/main refs/remotes/main [1ms]
2025-10-07 16:37:20.212 [info] > git for-each-ref --sort -committerdate --format %(refname)%00%(objectname)%00%(*objectname) [1ms]
2025-10-07 16:37:20.224 [info] > git status -z -uall [21ms]
2025-10-07 16:37:44.600 [info] > git config --get commit.template [8ms]
2025-10-07 16:37:44.601 [info] > git for-each-ref --format=%(refname)%00%(upstream:short)%00%(objectname)%00%(upstream:track)%00%(upstream:remotename)%00%(upstream:remoteref) refs/heads/main refs/remotes/main [1ms]
2025-10-07 16:37:44.616 [info] > git for-each-ref --sort -committerdate --format %(refname)%00%(objectname)%00%(*objectname) [1ms]
2025-10-07 16:37:44.629 [info] > git status -z -uall [21ms]
2025-10-07 16:37:46.775 [info] > git show --textconv :.config/gtk-3.0/settings.ini [8ms]
2025-10-07 16:37:46.775 [info] > git ls-files --stage -- .config/gtk-3.0/settings.ini [1ms]
2025-10-07 16:37:46.783 [info] > git cat-file -s 37a0a20ae10fd348e8a14f3e877ccb0538cc10d9 [1ms]
2025-10-07 16:37:49.648 [info] > git config --get commit.template [5ms]
2025-10-07 16:37:49.649 [info] > git for-each-ref --format=%(refname)%00%(upstream:short)%00%(objectname)%00%(upstream:track)%00%(upstream:remotename)%00%(upstream:remoteref) refs/heads/main refs/remotes/main [1ms]
2025-10-07 16:37:49.661 [info] > git for-each-ref --sort -committerdate --format %(refname)%00%(objectname)%00%(*objectname) [2ms]
2025-10-07 16:37:49.673 [info] > git status -z -uall [19ms]
2025-10-07 16:37:50.473 [info] > git show --textconv :.config/gtk-4.0/settings.ini [6ms]
2025-10-07 16:37:50.474 [info] > git ls-files --stage -- .config/gtk-4.0/settings.ini [1ms]
2025-10-07 16:37:50.480 [info] > git cat-file -s bf919024403cdaaf61d4236325d61c6c033061cf [1ms]
2025-10-07 16:37:54.692 [info] > git config --get commit.template [5ms]
2025-10-07 16:37:54.693 [info] > git for-each-ref --format=%(refname)%00%(upstream:short)%00%(objectname)%00%(upstream:track)%00%(upstream:remotename)%00%(upstream:remoteref) refs/heads/main refs/remotes/main [2ms]
2025-10-07 16:37:54.706 [info] > git for-each-ref --sort -committerdate --format %(refname)%00%(objectname)%00%(*objectname) [2ms]
2025-10-07 16:37:54.719 [info] > git status -z -uall [21ms]
