2025-10-06 16:05:04.288 [info] Extension host with pid 66532 started
2025-10-06 16:05:04.288 [info] Skipping acquiring lock for /home/blueflowers/.config/Code/User/workspaceStorage/3209eb595097d4ab7bf390136c8c0d52.
2025-10-06 16:05:04.331 [info] ExtensionService#_doActivateExtension vscode.github-authentication, startup: false, activationEvent: 'onAuthenticationRequest:github'
2025-10-06 16:05:04.351 [info] ExtensionService#_doActivateExtension vscode.emmet, startup: false, activationEvent: 'onLanguage'
2025-10-06 16:05:04.444 [info] ExtensionService#_doActivateExtension vscode.git-base, startup: true, activationEvent: '*', root cause: vscode.git
2025-10-06 16:05:04.494 [info] ExtensionService#_doActivateExtension vscode.git, startup: true, activationEvent: '*'
2025-10-06 16:05:04.531 [info] ExtensionService#_doActivateExtension vscode.github, startup: true, activationEvent: '*'
2025-10-06 16:05:04.643 [info] Eager extensions activated
2025-10-06 16:05:04.654 [info] ExtensionService#_doActivateExtension vscode.debug-auto-launch, startup: false, activationEvent: 'onStartupFinished'
2025-10-06 16:05:04.656 [info] ExtensionService#_doActivateExtension vscode.merge-conflict, startup: false, activationEvent: 'onStartupFinished'
2025-10-06 16:05:04.690 [warning] [Decorations] CAPPING events from decorations provider vscode.git 263
2025-10-06 16:05:04.778 [warning] [Decorations] CAPPING events from decorations provider vscode.git 264
2025-10-06 16:05:08.460 [warning] [Decorations] CAPPING events from decorations provider vscode.git 265
2025-10-06 16:05:13.501 [warning] [Decorations] CAPPING events from decorations provider vscode.git 265
2025-10-06 16:05:19.507 [warning] [Decorations] CAPPING events from decorations provider vscode.git 265
2025-10-06 16:06:15.359 [warning] [Decorations] CAPPING events from decorations provider vscode.git 265
2025-10-06 16:10:39.017 [warning] [Decorations] CAPPING events from decorations provider vscode.git 266
2025-10-06 16:12:18.805 [warning] [Decorations] CAPPING events from decorations provider vscode.git 266
2025-10-06 16:12:36.506 [warning] [Decorations] CAPPING events from decorations provider vscode.git 266
2025-10-06 16:12:41.544 [warning] [Decorations] CAPPING events from decorations provider vscode.git 266
2025-10-06 16:13:09.681 [warning] [Decorations] CAPPING events from decorations provider vscode.git 266
2025-10-06 16:13:22.749 [warning] [Decorations] CAPPING events from decorations provider vscode.git 266
2025-10-06 16:15:03.601 [warning] [Decorations] CAPPING events from decorations provider vscode.git 266
2025-10-06 16:15:17.505 [warning] [Decorations] CAPPING events from decorations provider vscode.git 266
2025-10-06 16:15:24.028 [warning] [Decorations] CAPPING events from decorations provider vscode.git 266
2025-10-06 16:15:29.063 [warning] [Decorations] CAPPING events from decorations provider vscode.git 266
2025-10-06 16:21:55.680 [warning] [Decorations] CAPPING events from decorations provider vscode.git 285
2025-10-06 16:27:35.446 [warning] [Decorations] CAPPING events from decorations provider vscode.git 286
2025-10-06 16:27:49.433 [warning] [Decorations] CAPPING events from decorations provider vscode.git 301
2025-10-06 16:29:01.838 [warning] [Decorations] CAPPING events from decorations provider vscode.git 301
2025-10-06 16:29:54.557 [warning] [Decorations] CAPPING events from decorations provider vscode.git 301
2025-10-06 16:29:56.919 [info] Extension host terminating: renderer closed the MessagePort
2025-10-06 16:29:56.930 [info] Extension host with pid 66532 exiting with code 0
