2025-10-08 12:46:29.715 [info] Reading sessions from keychain...
2025-10-08 12:46:29.715 [info] Getting sessions for all scopes...
2025-10-08 12:46:29.715 [info] Got stored sessions!
2025-10-08 12:46:29.715 [info] Got 1 verified sessions.
2025-10-08 12:46:29.715 [info] Got 1 sessions for ...
2025-10-08 12:46:29.715 [info] Getting sessions for all scopes...
2025-10-08 12:46:29.715 [info] Got 1 sessions for ...
2025-10-08 12:46:29.715 [info] Getting sessions for all scopes...
2025-10-08 12:46:29.715 [info] Got 1 sessions for ...
2025-10-08 12:46:29.715 [info] Getting sessions for all scopes...
2025-10-08 12:46:29.715 [info] Got 1 sessions for ...
2025-10-08 12:46:29.777 [info] Getting sessions for all scopes...
2025-10-08 12:46:29.777 [info] Got 1 sessions for ...
2025-10-08 12:46:29.777 [info] Getting sessions for all scopes...
2025-10-08 12:46:29.777 [info] Got 1 sessions for ...
2025-10-08 12:46:29.777 [info] Getting sessions for all scopes...
2025-10-08 12:46:29.777 [info] Got 1 sessions for ...
2025-10-08 12:46:29.778 [info] Getting sessions for all scopes...
2025-10-08 12:46:29.778 [info] Got 1 sessions for ...
2025-10-08 12:46:29.778 [info] Getting sessions for all scopes...
2025-10-08 12:46:29.778 [info] Got 1 sessions for ...
2025-10-08 12:46:29.806 [info] Getting sessions for all scopes...
2025-10-08 12:46:29.806 [info] Got 1 sessions for ...
2025-10-08 12:46:29.808 [info] Getting sessions for all scopes...
2025-10-08 12:46:29.808 [info] Got 1 sessions for ...
2025-10-08 12:46:29.808 [info] Getting sessions for all scopes...
2025-10-08 12:46:29.808 [info] Got 1 sessions for ...
2025-10-08 12:46:29.808 [info] Getting sessions for all scopes...
2025-10-08 12:46:29.808 [info] Got 1 sessions for ...
2025-10-08 12:46:29.808 [info] Getting sessions for all scopes...
2025-10-08 12:46:29.808 [info] Got 1 sessions for ...
2025-10-08 12:46:29.808 [info] Getting sessions for all scopes...
2025-10-08 12:46:29.808 [info] Got 1 sessions for ...
2025-10-08 12:46:29.866 [info] Getting sessions for all scopes...
2025-10-08 12:46:29.866 [info] Got 1 sessions for ...
