2025-10-06 16:05:04.646 [info] [main] Log level: Info
2025-10-06 16:05:04.646 [info] [main] Validating found git in: "git"
2025-10-06 16:05:04.646 [info] [main] Using git "2.51.0" from "git"
2025-10-06 16:05:04.646 [info] [Model][doInitialScan] Initial repository scan started
2025-10-06 16:05:04.646 [info] > git rev-parse --show-toplevel [10ms]
2025-10-06 16:05:04.646 [info] > git rev-parse --git-dir --git-common-dir --show-superproject-working-tree [2ms]
2025-10-06 16:05:04.646 [info] [Model][openRepository] Opened repository (path): /home/blueflowers/dotfiles
2025-10-06 16:05:04.646 [info] [Model][openRepository] Opened repository (real path): /home/blueflowers/dotfiles
2025-10-06 16:05:04.646 [info] [Model][openRepository] Opened repository (kind): repository
2025-10-06 16:05:04.646 [info] > git rev-parse --show-toplevel [4ms]
2025-10-06 16:05:04.646 [info] > git config --get commit.template [7ms]
2025-10-06 16:05:04.646 [info] > git for-each-ref --format=%(refname)%00%(upstream:short)%00%(objectname)%00%(upstream:track)%00%(upstream:remotename)%00%(upstream:remoteref) refs/heads/main refs/remotes/main [18ms]
2025-10-06 16:05:04.646 [info] > git rev-parse --show-toplevel [21ms]
2025-10-06 16:05:04.646 [info] [Model][doInitialScan] Initial repository scan completed - repositories (1), closed repositories (0), parent repositories (0), unsafe repositories (0)
2025-10-06 16:05:04.670 [info] > git for-each-ref --sort -committerdate --format %(refname)%00%(objectname)%00%(*objectname) [16ms]
2025-10-06 16:05:04.683 [info] > git status -z -uall [33ms]
2025-10-06 16:05:04.732 [info] > git for-each-ref --format=%(refname)%00%(upstream:short)%00%(objectname)%00%(upstream:track)%00%(upstream:remotename)%00%(upstream:remoteref) refs/heads/main refs/remotes/main [31ms]
2025-10-06 16:05:04.737 [info] > git config --get --local branch.main.vscode-merge-base [2ms]
2025-10-06 16:05:04.738 [warning] [Git][config] git config failed: Failed to execute git
2025-10-06 16:05:04.741 [info] > git config --get commit.template [11ms]
2025-10-06 16:05:04.743 [info] > git reflog main --grep-reflog=branch: Created from *. [3ms]
2025-10-06 16:05:04.746 [info] > git for-each-ref --format=%(refname)%00%(upstream:short)%00%(objectname)%00%(upstream:track)%00%(upstream:remotename)%00%(upstream:remoteref) refs/heads/main refs/remotes/main [3ms]
2025-10-06 16:05:04.752 [info] > git symbolic-ref --short refs/remotes/origin/HEAD [6ms]
2025-10-06 16:05:04.752 [info] fatal: ref refs/remotes/origin/HEAD is not a symbolic ref
2025-10-06 16:05:04.752 [warning] [Repository][getDefaultBranch] Failed to get default branch details: Failed to execute git.
2025-10-06 16:05:04.756 [info] > git merge-base refs/heads/main refs/remotes/origin/main [1ms]
2025-10-06 16:05:04.759 [info] > git for-each-ref --sort -committerdate --format %(refname)%00%(objectname)%00%(*objectname) [7ms]
2025-10-06 16:05:04.761 [info] > git diff --name-status -z --diff-filter=ADMR 048a0cad37ff388cd1fcd0e90a4140bcbc6812fc...refs/remotes/origin/main [2ms]
2025-10-06 16:05:04.774 [info] > git status -z -uall [25ms]
2025-10-06 16:05:05.117 [info] > git check-ignore -v -z --stdin [6ms]
2025-10-06 16:05:05.129 [info] > git show --textconv :.config/hypr/UserConfigs/UserKeybinds.conf [4ms]
2025-10-06 16:05:05.130 [info] > git ls-files --stage -- .config/hypr/UserConfigs/UserKeybinds.conf [1ms]
2025-10-06 16:05:05.133 [info] > git cat-file -s 54708da297ad4b1e21b71550403bebabf00c1a4a [1ms]
2025-10-06 16:05:05.154 [info] > git blame --root --incremental 048a0cad37ff388cd1fcd0e90a4140bcbc6812fc -- .config/hypr/UserConfigs/UserKeybinds.conf [6ms]
2025-10-06 16:05:08.429 [info] > git config --get commit.template [3ms]
2025-10-06 16:05:08.430 [info] > git for-each-ref --format=%(refname)%00%(upstream:short)%00%(objectname)%00%(upstream:track)%00%(upstream:remotename)%00%(upstream:remoteref) refs/heads/main refs/remotes/main [1ms]
2025-10-06 16:05:08.436 [info] > git for-each-ref --sort -committerdate --format %(refname)%00%(objectname)%00%(*objectname) [1ms]
2025-10-06 16:05:08.458 [info] > git status -z -uall [26ms]
2025-10-06 16:05:13.470 [info] > git config --get commit.template [3ms]
2025-10-06 16:05:13.470 [info] > git for-each-ref --format=%(refname)%00%(upstream:short)%00%(objectname)%00%(upstream:track)%00%(upstream:remotename)%00%(upstream:remoteref) refs/heads/main refs/remotes/main [1ms]
2025-10-06 16:05:13.476 [info] > git for-each-ref --sort -committerdate --format %(refname)%00%(objectname)%00%(*objectname) [1ms]
2025-10-06 16:05:13.498 [info] > git status -z -uall [25ms]
2025-10-06 16:05:19.473 [info] > git config --get commit.template [3ms]
2025-10-06 16:05:19.474 [info] > git for-each-ref --format=%(refname)%00%(upstream:short)%00%(objectname)%00%(upstream:track)%00%(upstream:remotename)%00%(upstream:remoteref) refs/heads/main refs/remotes/main [1ms]
2025-10-06 16:05:19.482 [info] > git for-each-ref --sort -committerdate --format %(refname)%00%(objectname)%00%(*objectname) [1ms]
2025-10-06 16:05:19.504 [info] > git status -z -uall [26ms]
2025-10-06 16:06:15.328 [info] > git config --get commit.template [3ms]
2025-10-06 16:06:15.329 [info] > git for-each-ref --format=%(refname)%00%(upstream:short)%00%(objectname)%00%(upstream:track)%00%(upstream:remotename)%00%(upstream:remoteref) refs/heads/main refs/remotes/main [1ms]
2025-10-06 16:06:15.336 [info] > git for-each-ref --sort -committerdate --format %(refname)%00%(objectname)%00%(*objectname) [1ms]
2025-10-06 16:06:15.357 [info] > git status -z -uall [25ms]
2025-10-06 16:10:38.985 [info] > git config --get commit.template [3ms]
2025-10-06 16:10:38.986 [info] > git for-each-ref --format=%(refname)%00%(upstream:short)%00%(objectname)%00%(upstream:track)%00%(upstream:remotename)%00%(upstream:remoteref) refs/heads/main refs/remotes/main [1ms]
2025-10-06 16:10:38.993 [info] > git for-each-ref --sort -committerdate --format %(refname)%00%(objectname)%00%(*objectname) [1ms]
2025-10-06 16:10:39.013 [info] > git status -z -uall [24ms]
2025-10-06 16:12:18.774 [info] > git config --get commit.template [3ms]
2025-10-06 16:12:18.774 [info] > git for-each-ref --format=%(refname)%00%(upstream:short)%00%(objectname)%00%(upstream:track)%00%(upstream:remotename)%00%(upstream:remoteref) refs/heads/main refs/remotes/main [1ms]
2025-10-06 16:12:18.781 [info] > git for-each-ref --sort -committerdate --format %(refname)%00%(objectname)%00%(*objectname) [1ms]
2025-10-06 16:12:18.803 [info] > git status -z -uall [26ms]
2025-10-06 16:12:36.473 [info] > git config --get commit.template [4ms]
2025-10-06 16:12:36.474 [info] > git for-each-ref --format=%(refname)%00%(upstream:short)%00%(objectname)%00%(upstream:track)%00%(upstream:remotename)%00%(upstream:remoteref) refs/heads/main refs/remotes/main [2ms]
2025-10-06 16:12:36.482 [info] > git for-each-ref --sort -committerdate --format %(refname)%00%(objectname)%00%(*objectname) [1ms]
2025-10-06 16:12:36.504 [info] > git status -z -uall [26ms]
2025-10-06 16:12:37.285 [info] > git check-ignore -v -z --stdin [1ms]
2025-10-06 16:12:40.522 [info] > git check-ignore -v -z --stdin [1ms]
2025-10-06 16:12:41.514 [info] > git config --get commit.template [3ms]
2025-10-06 16:12:41.515 [info] > git for-each-ref --format=%(refname)%00%(upstream:short)%00%(objectname)%00%(upstream:track)%00%(upstream:remotename)%00%(upstream:remoteref) refs/heads/main refs/remotes/main [1ms]
2025-10-06 16:12:41.522 [info] > git for-each-ref --sort -committerdate --format %(refname)%00%(objectname)%00%(*objectname) [1ms]
2025-10-06 16:12:41.542 [info] > git status -z -uall [24ms]
2025-10-06 16:12:43.319 [info] > git check-ignore -v -z --stdin [1ms]
2025-10-06 16:13:09.647 [info] > git config --get commit.template [3ms]
2025-10-06 16:13:09.648 [info] > git for-each-ref --format=%(refname)%00%(upstream:short)%00%(objectname)%00%(upstream:track)%00%(upstream:remotename)%00%(upstream:remoteref) refs/heads/main refs/remotes/main [1ms]
2025-10-06 16:13:09.655 [info] > git for-each-ref --sort -committerdate --format %(refname)%00%(objectname)%00%(*objectname) [1ms]
2025-10-06 16:13:09.679 [info] > git status -z -uall [27ms]
2025-10-06 16:13:22.718 [info] > git config --get commit.template [3ms]
2025-10-06 16:13:22.719 [info] > git for-each-ref --format=%(refname)%00%(upstream:short)%00%(objectname)%00%(upstream:track)%00%(upstream:remotename)%00%(upstream:remoteref) refs/heads/main refs/remotes/main [1ms]
2025-10-06 16:13:22.726 [info] > git for-each-ref --sort -committerdate --format %(refname)%00%(objectname)%00%(*objectname) [1ms]
2025-10-06 16:13:22.747 [info] > git status -z -uall [25ms]
2025-10-06 16:15:03.570 [info] > git config --get commit.template [4ms]
2025-10-06 16:15:03.571 [info] > git for-each-ref --format=%(refname)%00%(upstream:short)%00%(objectname)%00%(upstream:track)%00%(upstream:remotename)%00%(upstream:remoteref) refs/heads/main refs/remotes/main [1ms]
2025-10-06 16:15:03.578 [info] > git for-each-ref --sort -committerdate --format %(refname)%00%(objectname)%00%(*objectname) [1ms]
2025-10-06 16:15:03.599 [info] > git status -z -uall [25ms]
2025-10-06 16:15:17.471 [info] > git config --get commit.template [3ms]
2025-10-06 16:15:17.472 [info] > git for-each-ref --format=%(refname)%00%(upstream:short)%00%(objectname)%00%(upstream:track)%00%(upstream:remotename)%00%(upstream:remoteref) refs/heads/main refs/remotes/main [1ms]
2025-10-06 16:15:17.479 [info] > git for-each-ref --sort -committerdate --format %(refname)%00%(objectname)%00%(*objectname) [1ms]
2025-10-06 16:15:17.502 [info] > git status -z -uall [27ms]
2025-10-06 16:15:23.995 [info] > git config --get commit.template [3ms]
2025-10-06 16:15:23.996 [info] > git for-each-ref --format=%(refname)%00%(upstream:short)%00%(objectname)%00%(upstream:track)%00%(upstream:remotename)%00%(upstream:remoteref) refs/heads/main refs/remotes/main [1ms]
2025-10-06 16:15:24.004 [info] > git for-each-ref --sort -committerdate --format %(refname)%00%(objectname)%00%(*objectname) [2ms]
2025-10-06 16:15:24.026 [info] > git status -z -uall [27ms]
2025-10-06 16:15:29.034 [info] > git config --get commit.template [3ms]
2025-10-06 16:15:29.035 [info] > git for-each-ref --format=%(refname)%00%(upstream:short)%00%(objectname)%00%(upstream:track)%00%(upstream:remotename)%00%(upstream:remoteref) refs/heads/main refs/remotes/main [1ms]
2025-10-06 16:15:29.042 [info] > git for-each-ref --sort -committerdate --format %(refname)%00%(objectname)%00%(*objectname) [1ms]
2025-10-06 16:15:29.061 [info] > git status -z -uall [23ms]
2025-10-06 16:18:54.148 [info] > git check-ignore -v -z --stdin [1ms]
2025-10-06 16:19:38.381 [info] > git check-ignore -v -z --stdin [2ms]
2025-10-06 16:21:55.639 [info] > git config --get commit.template [5ms]
2025-10-06 16:21:55.643 [info] > git ls-files --stage -- .config/hypr/UserConfigs/UserKeybinds.conf [5ms]
2025-10-06 16:21:55.647 [info] > git for-each-ref --format=%(refname)%00%(upstream:short)%00%(objectname)%00%(upstream:track)%00%(upstream:remotename)%00%(upstream:remoteref) refs/heads/main refs/remotes/main [4ms]
2025-10-06 16:21:55.654 [info] > git cat-file -s 54708da297ad4b1e21b71550403bebabf00c1a4a [8ms]
2025-10-06 16:21:55.655 [info] > git for-each-ref --sort -committerdate --format %(refname)%00%(objectname)%00%(*objectname) [2ms]
2025-10-06 16:21:55.666 [info] > git show --textconv :.config/hypr/UserConfigs/UserKeybinds.conf [2ms]
2025-10-06 16:21:55.678 [info] > git status -z -uall [27ms]
2025-10-06 16:27:35.412 [info] > git config --get commit.template [4ms]
2025-10-06 16:27:35.415 [info] > git for-each-ref --format=%(refname)%00%(upstream:short)%00%(objectname)%00%(upstream:track)%00%(upstream:remotename)%00%(upstream:remoteref) refs/heads/main refs/remotes/main [4ms]
2025-10-06 16:27:35.422 [info] > git ls-files --stage -- .config/hypr/UserConfigs/UserKeybinds.conf [7ms]
2025-10-06 16:27:35.424 [info] > git for-each-ref --sort -committerdate --format %(refname)%00%(objectname)%00%(*objectname) [3ms]
2025-10-06 16:27:35.425 [info] > git cat-file -s 54708da297ad4b1e21b71550403bebabf00c1a4a [1ms]
2025-10-06 16:27:35.441 [info] > git show --textconv :.config/hypr/UserConfigs/UserKeybinds.conf [2ms]
2025-10-06 16:27:35.444 [info] > git status -z -uall [26ms]
2025-10-06 16:27:49.403 [info] > git config --get commit.template [4ms]
2025-10-06 16:27:49.403 [info] > git for-each-ref --format=%(refname)%00%(upstream:short)%00%(objectname)%00%(upstream:track)%00%(upstream:remotename)%00%(upstream:remoteref) refs/heads/main refs/remotes/main [1ms]
2025-10-06 16:27:49.411 [info] > git for-each-ref --sort -committerdate --format %(refname)%00%(objectname)%00%(*objectname) [1ms]
2025-10-06 16:27:49.431 [info] > git status -z -uall [24ms]
2025-10-06 16:29:01.806 [info] > git config --get commit.template [4ms]
2025-10-06 16:29:01.806 [info] > git for-each-ref --format=%(refname)%00%(upstream:short)%00%(objectname)%00%(upstream:track)%00%(upstream:remotename)%00%(upstream:remoteref) refs/heads/main refs/remotes/main [1ms]
2025-10-06 16:29:01.813 [info] > git for-each-ref --sort -committerdate --format %(refname)%00%(objectname)%00%(*objectname) [1ms]
2025-10-06 16:29:01.836 [info] > git status -z -uall [26ms]
2025-10-06 16:29:54.519 [info] > git config --get commit.template [5ms]
2025-10-06 16:29:54.522 [info] > git ls-files --stage -- .config/hypr/UserConfigs/UserKeybinds.conf [4ms]
2025-10-06 16:29:54.525 [info] > git for-each-ref --format=%(refname)%00%(upstream:short)%00%(objectname)%00%(upstream:track)%00%(upstream:remotename)%00%(upstream:remoteref) refs/heads/main refs/remotes/main [3ms]
2025-10-06 16:29:54.531 [info] > git cat-file -s 54708da297ad4b1e21b71550403bebabf00c1a4a [7ms]
2025-10-06 16:29:54.532 [info] > git for-each-ref --sort -committerdate --format %(refname)%00%(objectname)%00%(*objectname) [1ms]
2025-10-06 16:29:54.541 [info] > git show --textconv :.config/hypr/UserConfigs/UserKeybinds.conf [2ms]
2025-10-06 16:29:54.555 [info] > git status -z -uall [27ms]
