2025-10-08 13:04:27.487 [info] Reading sessions from keychain...
2025-10-08 13:04:27.487 [info] Getting sessions for all scopes...
2025-10-08 13:04:27.515 [info] Got stored sessions!
2025-10-08 13:04:27.515 [info] Got 1 verified sessions.
2025-10-08 13:04:27.515 [info] Got 1 sessions for ...
2025-10-08 13:04:27.515 [info] Getting sessions for all scopes...
2025-10-08 13:04:27.515 [info] Got 1 sessions for ...
2025-10-08 13:04:27.515 [info] Getting sessions for all scopes...
2025-10-08 13:04:27.515 [info] Got 1 sessions for ...
2025-10-08 13:04:27.516 [info] Getting sessions for all scopes...
2025-10-08 13:04:27.516 [info] Got 1 sessions for ...
2025-10-08 13:04:27.516 [info] Getting sessions for all scopes...
2025-10-08 13:04:27.516 [info] Got 1 sessions for ...
2025-10-08 13:04:27.516 [info] Getting sessions for all scopes...
2025-10-08 13:04:27.516 [info] Got 1 sessions for ...
2025-10-08 13:04:27.516 [info] Getting sessions for all scopes...
2025-10-08 13:04:27.516 [info] Got 1 sessions for ...
2025-10-08 13:04:27.563 [info] Getting sessions for all scopes...
2025-10-08 13:04:27.563 [info] Got 1 sessions for ...
2025-10-08 13:04:27.563 [info] Getting sessions for all scopes...
2025-10-08 13:04:27.563 [info] Got 1 sessions for ...
2025-10-08 13:04:27.563 [info] Getting sessions for all scopes...
2025-10-08 13:04:27.563 [info] Got 1 sessions for ...
2025-10-08 13:04:27.563 [info] Getting sessions for all scopes...
2025-10-08 13:04:27.563 [info] Got 1 sessions for ...
2025-10-08 13:04:27.563 [info] Getting sessions for all scopes...
2025-10-08 13:04:27.563 [info] Got 1 sessions for ...
2025-10-08 13:04:27.564 [info] Getting sessions for all scopes...
2025-10-08 13:04:27.564 [info] Got 1 sessions for ...
2025-10-08 13:04:27.588 [info] Getting sessions for all scopes...
2025-10-08 13:04:27.588 [info] Got 1 sessions for ...
2025-10-08 13:04:29.211 [info] Getting sessions for all scopes...
2025-10-08 13:04:29.211 [info] Got 1 sessions for ...
2025-10-08 13:04:29.263 [info] Getting sessions for all scopes...
2025-10-08 13:04:29.263 [info] Got 1 sessions for ...
2025-10-08 13:04:29.263 [info] Getting sessions for all scopes...
2025-10-08 13:04:29.263 [info] Got 1 sessions for ...
2025-10-08 13:04:29.606 [info] Getting sessions for read:user,repo,user:email,workflow...
2025-10-08 13:04:29.606 [info] Got 0 sessions for read:user,repo,user:email,workflow...
2025-10-08 13:04:29.612 [info] Getting sessions for all scopes...
2025-10-08 13:04:29.612 [info] Got 1 sessions for ...
2025-10-08 13:04:29.612 [info] Getting sessions for all scopes...
2025-10-08 13:04:29.612 [info] Got 1 sessions for ...
2025-10-08 13:04:29.612 [info] Getting sessions for all scopes...
2025-10-08 13:04:29.612 [info] Got 1 sessions for ...
2025-10-08 13:04:29.613 [info] Getting sessions for all scopes...
2025-10-08 13:04:29.613 [info] Got 1 sessions for ...
2025-10-08 13:04:29.614 [info] Getting sessions for all scopes...
2025-10-08 13:04:29.614 [info] Got 1 sessions for ...
2025-10-08 13:04:29.615 [info] Getting sessions for read:user,repo,user:email,workflow...
2025-10-08 13:04:29.615 [info] Got 0 sessions for read:user,repo,user:email,workflow...
2025-10-08 13:04:29.616 [info] Getting sessions for user:email...
2025-10-08 13:04:29.616 [info] Got 1 sessions for user:email...
2025-10-08 13:04:29.616 [info] Getting sessions for read:user,repo,user:email,workflow...
2025-10-08 13:04:29.616 [info] Got 0 sessions for read:user,repo,user:email,workflow...
2025-10-08 13:04:29.618 [info] Getting sessions for read:user...
2025-10-08 13:04:29.618 [info] Got 0 sessions for read:user...
2025-10-08 13:04:29.620 [info] Getting sessions for user:email...
2025-10-08 13:04:29.620 [info] Got 1 sessions for user:email...
2025-10-08 13:04:29.620 [info] Getting sessions for all scopes...
2025-10-08 13:04:29.620 [info] Got 1 sessions for ...
2025-10-08 13:04:29.702 [info] Getting sessions for all scopes...
2025-10-08 13:04:29.702 [info] Got 1 sessions for ...
2025-10-08 13:04:29.703 [info] Getting sessions for read:user,repo,user:email,workflow...
2025-10-08 13:04:29.703 [info] Got 0 sessions for read:user,repo,user:email,workflow...
2025-10-08 13:04:29.704 [info] Getting sessions for user:email...
2025-10-08 13:04:29.704 [info] Got 1 sessions for user:email...
2025-10-08 13:04:29.705 [info] Getting sessions for all scopes...
2025-10-08 13:04:29.705 [info] Got 1 sessions for ...
2025-10-08 13:04:29.706 [info] Getting sessions for read:user,repo,user:email,workflow...
2025-10-08 13:04:29.706 [info] Got 0 sessions for read:user,repo,user:email,workflow...
2025-10-08 13:04:29.706 [info] Getting sessions for user:email...
2025-10-08 13:04:29.706 [info] Got 1 sessions for user:email...
2025-10-08 13:04:29.853 [info] Getting sessions for all scopes...
2025-10-08 13:04:29.853 [info] Got 1 sessions for ...
2025-10-08 13:04:29.857 [info] Getting sessions for read:user,repo,user:email,workflow...
2025-10-08 13:04:29.857 [info] Got 0 sessions for read:user,repo,user:email,workflow...
2025-10-08 13:04:29.857 [info] Getting sessions for user:email...
2025-10-08 13:04:29.857 [info] Got 1 sessions for user:email...
2025-10-08 13:04:29.925 [info] fetching: Electron fetch failed with status: 429 
2025-10-08 13:04:30.233 [info] Getting sessions for all scopes...
2025-10-08 13:04:30.233 [info] Got 1 sessions for ...
2025-10-08 13:04:30.234 [info] Getting sessions for read:user,repo,user:email,workflow...
2025-10-08 13:04:30.234 [info] Got 0 sessions for read:user,repo,user:email,workflow...
2025-10-08 13:04:30.235 [info] Getting sessions for user:email...
2025-10-08 13:04:30.235 [info] Got 1 sessions for user:email...
2025-10-08 13:04:30.245 [info] Getting sessions for all scopes...
2025-10-08 13:04:30.245 [info] Got 1 sessions for ...
2025-10-08 13:04:30.245 [info] Getting sessions for all scopes...
2025-10-08 13:04:30.245 [info] Got 1 sessions for ...
2025-10-08 13:04:30.251 [info] Getting sessions for read:user,repo,user:email,workflow...
2025-10-08 13:04:30.251 [info] Got 0 sessions for read:user,repo,user:email,workflow...
2025-10-08 13:04:30.252 [info] Getting sessions for user:email...
2025-10-08 13:04:30.252 [info] Got 1 sessions for user:email...
2025-10-08 13:04:30.252 [info] Getting sessions for read:user,repo,user:email,workflow...
2025-10-08 13:04:30.252 [info] Got 0 sessions for read:user,repo,user:email,workflow...
2025-10-08 13:04:30.253 [info] Getting sessions for all scopes...
2025-10-08 13:04:30.253 [info] Got 1 sessions for ...
2025-10-08 13:04:30.253 [info] Getting sessions for read:user,repo,user:email,workflow...
2025-10-08 13:04:30.253 [info] Got 0 sessions for read:user,repo,user:email,workflow...
2025-10-08 13:04:30.254 [info] Getting sessions for user:email...
2025-10-08 13:04:30.254 [info] Got 1 sessions for user:email...
2025-10-08 13:04:30.291 [info] Getting sessions for all scopes...
2025-10-08 13:04:30.291 [info] Got 1 sessions for ...
2025-10-08 13:04:30.292 [info] Getting sessions for all scopes...
2025-10-08 13:04:30.292 [info] Got 1 sessions for ...
2025-10-08 13:04:30.294 [info] Getting sessions for read:user,repo,user:email,workflow...
2025-10-08 13:04:30.294 [info] Got 0 sessions for read:user,repo,user:email,workflow...
2025-10-08 13:04:30.294 [info] Getting sessions for user:email...
2025-10-08 13:04:30.294 [info] Got 1 sessions for user:email...
2025-10-08 13:04:30.295 [info] Getting sessions for read:user,repo,user:email,workflow...
2025-10-08 13:04:30.295 [info] Got 0 sessions for read:user,repo,user:email,workflow...
2025-10-08 13:04:30.297 [info] Getting sessions for all scopes...
2025-10-08 13:04:30.297 [info] Got 1 sessions for ...
2025-10-08 13:04:30.297 [info] Getting sessions for all scopes...
2025-10-08 13:04:30.297 [info] Got 1 sessions for ...
2025-10-08 13:04:30.297 [info] Getting sessions for all scopes...
2025-10-08 13:04:30.297 [info] Got 1 sessions for ...
2025-10-08 13:04:30.299 [info] Getting sessions for read:user,repo,user:email,workflow...
2025-10-08 13:04:30.299 [info] Got 0 sessions for read:user,repo,user:email,workflow...
2025-10-08 13:04:30.299 [info] Getting sessions for user:email...
2025-10-08 13:04:30.299 [info] Got 1 sessions for user:email...
2025-10-08 13:04:30.664 [info] fetching: Node fetch failed with status: 429 Too Many Requests
2025-10-08 13:04:31.356 [info] Getting sessions for all scopes...
2025-10-08 13:04:31.356 [info] Got 1 sessions for ...
2025-10-08 13:04:31.357 [info] Getting sessions for read:user,repo,user:email,workflow...
2025-10-08 13:04:31.357 [info] Got 0 sessions for read:user,repo,user:email,workflow...
2025-10-08 13:04:31.357 [info] Getting sessions for user:email...
2025-10-08 13:04:31.357 [info] Got 1 sessions for user:email...
2025-10-08 13:04:31.358 [info] Getting sessions for all scopes...
2025-10-08 13:04:31.358 [info] Got 1 sessions for ...
2025-10-08 13:04:31.359 [info] Getting sessions for read:user,repo,user:email,workflow...
2025-10-08 13:04:31.359 [info] Got 0 sessions for read:user,repo,user:email,workflow...
2025-10-08 13:04:31.360 [info] Getting sessions for user:email...
2025-10-08 13:04:31.360 [info] Got 1 sessions for user:email...
2025-10-08 13:04:31.382 [info] fetching: Node http/s failed with status: 429 Too Many Requests
2025-10-08 13:04:31.902 [info] Getting sessions for all scopes...
2025-10-08 13:04:31.902 [info] Got 1 sessions for ...
2025-10-08 13:06:33.501 [info] Reading sessions from keychain...
2025-10-08 13:06:33.501 [info] Got stored sessions!
2025-10-08 13:06:33.501 [info] Got 1 verified sessions.
2025-10-08 13:06:33.501 [info] Getting sessions for all scopes...
2025-10-08 13:06:33.501 [info] Got 1 sessions for ...
2025-10-08 13:06:33.501 [info] Getting sessions for all scopes...
2025-10-08 13:06:33.501 [info] Got 1 sessions for ...
2025-10-08 13:06:33.501 [info] Getting sessions for all scopes...
2025-10-08 13:06:33.501 [info] Got 1 sessions for ...
2025-10-08 13:06:33.501 [info] Getting sessions for all scopes...
2025-10-08 13:06:33.501 [info] Got 1 sessions for ...
2025-10-08 13:06:33.501 [info] Getting sessions for all scopes...
2025-10-08 13:06:33.501 [info] Got 1 sessions for ...
2025-10-08 13:06:33.501 [info] Getting sessions for all scopes...
2025-10-08 13:06:33.501 [info] Got 1 sessions for ...
2025-10-08 13:06:33.501 [info] Getting sessions for all scopes...
2025-10-08 13:06:33.501 [info] Got 1 sessions for ...
2025-10-08 13:06:33.501 [info] Getting sessions for all scopes...
2025-10-08 13:06:33.501 [info] Got 1 sessions for ...
2025-10-08 13:06:33.501 [info] Getting sessions for all scopes...
2025-10-08 13:06:33.501 [info] Got 1 sessions for ...
2025-10-08 13:06:33.501 [info] Getting sessions for all scopes...
2025-10-08 13:06:33.501 [info] Got 1 sessions for ...
2025-10-08 13:06:33.501 [info] Getting sessions for all scopes...
2025-10-08 13:06:33.501 [info] Got 1 sessions for ...
2025-10-08 13:06:33.501 [info] Getting sessions for all scopes...
2025-10-08 13:06:33.501 [info] Got 1 sessions for ...
2025-10-08 13:06:33.501 [info] Getting sessions for all scopes...
2025-10-08 13:06:33.501 [info] Got 1 sessions for ...
2025-10-08 13:06:33.501 [info] Getting sessions for all scopes...
2025-10-08 13:06:33.501 [info] Got 1 sessions for ...
2025-10-08 13:06:33.501 [info] Getting sessions for all scopes...
2025-10-08 13:06:33.501 [info] Got 1 sessions for ...
2025-10-08 13:06:33.501 [info] Getting sessions for all scopes...
2025-10-08 13:06:33.501 [info] Got 1 sessions for ...
2025-10-08 13:06:33.501 [info] Getting sessions for all scopes...
2025-10-08 13:06:33.501 [info] Got 1 sessions for ...
2025-10-08 13:06:33.501 [info] Getting sessions for all scopes...
2025-10-08 13:06:33.501 [info] Got 1 sessions for ...
2025-10-08 13:06:33.559 [info] Getting sessions for read:user,repo,user:email,workflow...
2025-10-08 13:06:33.559 [info] Got 0 sessions for read:user,repo,user:email,workflow...
2025-10-08 13:06:33.584 [info] Getting sessions for user:email...
2025-10-08 13:06:33.584 [info] Got 1 sessions for user:email...
2025-10-08 13:06:33.585 [info] Getting sessions for read:user,repo,user:email,workflow...
2025-10-08 13:06:33.585 [info] Got 0 sessions for read:user,repo,user:email,workflow...
2025-10-08 13:06:34.876 [info] Getting sessions for all scopes...
2025-10-08 13:06:34.876 [info] Got 1 sessions for ...
2025-10-08 13:06:34.877 [info] Getting sessions for all scopes...
2025-10-08 13:06:34.877 [info] Got 1 sessions for ...
2025-10-08 13:06:34.877 [info] Getting sessions for all scopes...
2025-10-08 13:06:34.877 [info] Got 1 sessions for ...
2025-10-08 13:06:34.912 [info] Getting sessions for all scopes...
2025-10-08 13:06:34.913 [info] Got 1 sessions for ...
2025-10-08 13:06:35.393 [info] Getting sessions for read:user,repo,user:email,workflow...
2025-10-08 13:06:35.394 [info] Got 0 sessions for read:user,repo,user:email,workflow...
2025-10-08 13:06:35.395 [info] Getting sessions for all scopes...
2025-10-08 13:06:35.395 [info] Got 1 sessions for ...
2025-10-08 13:06:35.404 [info] Getting sessions for all scopes...
2025-10-08 13:06:35.404 [info] Got 1 sessions for ...
2025-10-08 13:06:35.404 [info] Getting sessions for read:user,repo,user:email,workflow...
2025-10-08 13:06:35.404 [info] Got 0 sessions for read:user,repo,user:email,workflow...
2025-10-08 13:06:35.436 [info] Getting sessions for user:email...
2025-10-08 13:06:35.436 [info] Got 1 sessions for user:email...
2025-10-08 13:06:35.445 [info] Getting sessions for read:user...
2025-10-08 13:06:35.445 [info] Got 0 sessions for read:user...
2025-10-08 13:06:35.445 [info] Getting sessions for all scopes...
2025-10-08 13:06:35.445 [info] Got 1 sessions for ...
2025-10-08 13:06:35.445 [info] Getting sessions for user:email...
2025-10-08 13:06:35.445 [info] Got 1 sessions for user:email...
2025-10-08 13:06:35.447 [info] Getting sessions for read:user,repo,user:email,workflow...
2025-10-08 13:06:35.447 [info] Got 0 sessions for read:user,repo,user:email,workflow...
2025-10-08 13:06:35.449 [info] Getting sessions for user:email...
2025-10-08 13:06:35.449 [info] Got 1 sessions for user:email...
2025-10-08 13:06:35.541 [info] Getting sessions for read:user,repo,user:email,workflow...
2025-10-08 13:06:35.541 [info] Got 0 sessions for read:user,repo,user:email,workflow...
2025-10-08 13:06:35.598 [info] fetching: Electron fetch failed with status: 429 
2025-10-08 13:06:35.907 [info] Getting sessions for all scopes...
2025-10-08 13:06:35.907 [info] Got 1 sessions for ...
2025-10-08 13:06:35.908 [info] Getting sessions for read:user,repo,user:email,workflow...
2025-10-08 13:06:35.908 [info] Got 0 sessions for read:user,repo,user:email,workflow...
2025-10-08 13:06:35.908 [info] Getting sessions for user:email...
2025-10-08 13:06:35.908 [info] Got 1 sessions for user:email...
2025-10-08 13:06:35.951 [info] Getting sessions for all scopes...
2025-10-08 13:06:35.951 [info] Got 1 sessions for ...
2025-10-08 13:06:35.953 [info] Getting sessions for read:user,repo,user:email,workflow...
2025-10-08 13:06:35.953 [info] Got 0 sessions for read:user,repo,user:email,workflow...
2025-10-08 13:06:35.953 [info] Getting sessions for read:user,repo,user:email,workflow...
2025-10-08 13:06:35.953 [info] Got 0 sessions for read:user,repo,user:email,workflow...
2025-10-08 13:06:35.954 [info] Getting sessions for all scopes...
2025-10-08 13:06:35.954 [info] Got 1 sessions for ...
2025-10-08 13:06:35.954 [info] Getting sessions for read:user,repo,user:email,workflow...
2025-10-08 13:06:35.954 [info] Got 0 sessions for read:user,repo,user:email,workflow...
2025-10-08 13:06:35.955 [info] Getting sessions for user:email...
2025-10-08 13:06:35.955 [info] Got 1 sessions for user:email...
2025-10-08 13:06:35.995 [info] Getting sessions for all scopes...
2025-10-08 13:06:35.995 [info] Got 1 sessions for ...
2025-10-08 13:06:35.995 [info] Getting sessions for all scopes...
2025-10-08 13:06:35.995 [info] Got 1 sessions for ...
2025-10-08 13:06:36.001 [info] Getting sessions for read:user,repo,user:email,workflow...
2025-10-08 13:06:36.002 [info] Got 0 sessions for read:user,repo,user:email,workflow...
2025-10-08 13:06:36.005 [info] Getting sessions for user:email...
2025-10-08 13:06:36.005 [info] Got 1 sessions for user:email...
2025-10-08 13:06:36.005 [info] Getting sessions for read:user,repo,user:email,workflow...
2025-10-08 13:06:36.005 [info] Got 0 sessions for read:user,repo,user:email,workflow...
2025-10-08 13:06:36.007 [info] Getting sessions for all scopes...
2025-10-08 13:06:36.007 [info] Got 1 sessions for ...
2025-10-08 13:06:36.008 [info] Getting sessions for read:user,repo,user:email,workflow...
2025-10-08 13:06:36.008 [info] Got 0 sessions for read:user,repo,user:email,workflow...
2025-10-08 13:06:36.009 [info] Getting sessions for user:email...
2025-10-08 13:06:36.009 [info] Got 1 sessions for user:email...
2025-10-08 13:06:36.125 [info] Getting sessions for all scopes...
2025-10-08 13:06:36.125 [info] Got 1 sessions for ...
2025-10-08 13:06:36.125 [info] Getting sessions for all scopes...
2025-10-08 13:06:36.125 [info] Got 1 sessions for ...
2025-10-08 13:06:36.127 [info] Getting sessions for read:user,repo,user:email,workflow...
2025-10-08 13:06:36.127 [info] Got 0 sessions for read:user,repo,user:email,workflow...
2025-10-08 13:06:36.127 [info] Getting sessions for user:email...
2025-10-08 13:06:36.127 [info] Got 1 sessions for user:email...
2025-10-08 13:06:36.127 [info] Getting sessions for read:user,repo,user:email,workflow...
2025-10-08 13:06:36.127 [info] Got 0 sessions for read:user,repo,user:email,workflow...
2025-10-08 13:06:36.130 [info] Getting sessions for all scopes...
2025-10-08 13:06:36.130 [info] Got 1 sessions for ...
2025-10-08 13:06:36.131 [info] Getting sessions for all scopes...
2025-10-08 13:06:36.131 [info] Got 1 sessions for ...
2025-10-08 13:06:36.131 [info] Getting sessions for all scopes...
2025-10-08 13:06:36.131 [info] Got 1 sessions for ...
2025-10-08 13:06:36.136 [info] Getting sessions for read:user,repo,user:email,workflow...
2025-10-08 13:06:36.136 [info] Got 0 sessions for read:user,repo,user:email,workflow...
2025-10-08 13:06:36.136 [info] Getting sessions for user:email...
2025-10-08 13:06:36.136 [info] Got 1 sessions for user:email...
2025-10-08 13:06:36.355 [info] fetching: Node fetch failed with status: 429 Too Many Requests
2025-10-08 13:06:37.005 [info] Getting sessions for all scopes...
2025-10-08 13:06:37.005 [info] Got 1 sessions for ...
2025-10-08 13:06:37.006 [info] Getting sessions for read:user,repo,user:email,workflow...
2025-10-08 13:06:37.006 [info] Got 0 sessions for read:user,repo,user:email,workflow...
2025-10-08 13:06:37.006 [info] Getting sessions for user:email...
2025-10-08 13:06:37.006 [info] Got 1 sessions for user:email...
2025-10-08 13:06:37.007 [info] Getting sessions for all scopes...
2025-10-08 13:06:37.007 [info] Got 1 sessions for ...
2025-10-08 13:06:37.009 [info] Getting sessions for read:user,repo,user:email,workflow...
2025-10-08 13:06:37.009 [info] Got 0 sessions for read:user,repo,user:email,workflow...
2025-10-08 13:06:37.009 [info] Getting sessions for user:email...
2025-10-08 13:06:37.009 [info] Got 1 sessions for user:email...
2025-10-08 13:06:37.061 [info] fetching: Node http/s failed with status: 429 Too Many Requests
2025-10-08 13:06:37.554 [info] Getting sessions for all scopes...
2025-10-08 13:06:37.554 [info] Got 1 sessions for ...
