2025-10-05 20:10:32.278 [info] Started local extension host with pid 7668.
2025-10-05 20:10:32.711 [info] Settings Sync: Account status changed from uninitialized to unavailable
2025-10-05 20:10:34.864 [info] [perf] Render performance baseline is 18ms
2025-10-05 20:10:47.353 [info] ChatSessionStore: Migrating 0 chat sessions from storage service to file system
2025-10-05 20:10:47.467 [info] Started local extension host with pid 8484.
2025-10-05 20:10:47.981 [info] Settings Sync: Account status changed from uninitialized to unavailable
2025-10-05 20:10:50.020 [info] [perf] Render performance baseline is 18ms
2025-10-05 20:11:04.622 [error] Error: The editor could not be opened because the file was not found.
    at IDe.gc (vscode-file://vscode-app/opt/visual-studio-code/resources/app/out/vs/workbench/workbench.desktop.main.js:2625:81151)
    at async IDe.setInput (vscode-file://vscode-app/opt/visual-studio-code/resources/app/out/vs/workbench/workbench.desktop.main.js:2625:80309)
    at async PGe.S (vscode-file://vscode-app/opt/visual-studio-code/resources/app/out/vs/workbench/workbench.desktop.main.js:610:58577)
    at async PGe.L (vscode-file://vscode-app/opt/visual-studio-code/resources/app/out/vs/workbench/workbench.desktop.main.js:610:57132)
    at async PGe.openEditor (vscode-file://vscode-app/opt/visual-studio-code/resources/app/out/vs/workbench/workbench.desktop.main.js:610:56214)
    at async vscode-file://vscode-app/opt/visual-studio-code/resources/app/out/vs/workbench/workbench.desktop.main.js:722:23355
    at async qae.value (vscode-file://vscode-app/opt/visual-studio-code/resources/app/out/vs/workbench/workbench.desktop.main.js:1524:33804)
2025-10-05 20:32:50.389 [error] Error: The editor could not be opened because the file was not found.
    at IDe.gc (vscode-file://vscode-app/opt/visual-studio-code/resources/app/out/vs/workbench/workbench.desktop.main.js:2625:81151)
    at async IDe.setInput (vscode-file://vscode-app/opt/visual-studio-code/resources/app/out/vs/workbench/workbench.desktop.main.js:2625:80309)
    at async PGe.S (vscode-file://vscode-app/opt/visual-studio-code/resources/app/out/vs/workbench/workbench.desktop.main.js:610:58577)
    at async PGe.L (vscode-file://vscode-app/opt/visual-studio-code/resources/app/out/vs/workbench/workbench.desktop.main.js:610:57132)
    at async PGe.openEditor (vscode-file://vscode-app/opt/visual-studio-code/resources/app/out/vs/workbench/workbench.desktop.main.js:610:56214)
    at async vscode-file://vscode-app/opt/visual-studio-code/resources/app/out/vs/workbench/workbench.desktop.main.js:722:23355
    at async qae.value (vscode-file://vscode-app/opt/visual-studio-code/resources/app/out/vs/workbench/workbench.desktop.main.js:1524:33804)
