2025-10-08 08:30:05.017 [info] Reading sessions from keychain...
2025-10-08 08:30:05.017 [info] Got stored sessions!
2025-10-08 08:30:05.017 [info] Got 1 verified sessions.
2025-10-08 08:30:05.017 [info] Getting sessions for all scopes...
2025-10-08 08:30:05.017 [info] Got 1 sessions for ...
2025-10-08 08:30:05.017 [info] Getting sessions for all scopes...
2025-10-08 08:30:05.017 [info] Got 1 sessions for ...
2025-10-08 08:30:05.017 [info] Getting sessions for all scopes...
2025-10-08 08:30:05.017 [info] Got 1 sessions for ...
2025-10-08 08:30:05.017 [info] Getting sessions for all scopes...
2025-10-08 08:30:05.017 [info] Got 1 sessions for ...
2025-10-08 08:30:05.017 [info] Getting sessions for all scopes...
2025-10-08 08:30:05.017 [info] Got 1 sessions for ...
2025-10-08 08:30:05.017 [info] Getting sessions for all scopes...
2025-10-08 08:30:05.017 [info] Got 1 sessions for ...
2025-10-08 08:30:05.017 [info] Getting sessions for all scopes...
2025-10-08 08:30:05.017 [info] Got 1 sessions for ...
2025-10-08 08:30:05.017 [info] Getting sessions for all scopes...
2025-10-08 08:30:05.017 [info] Got 1 sessions for ...
2025-10-08 08:30:05.017 [info] Getting sessions for all scopes...
2025-10-08 08:30:05.017 [info] Got 1 sessions for ...
2025-10-08 08:30:05.017 [info] Getting sessions for all scopes...
2025-10-08 08:30:05.017 [info] Got 1 sessions for ...
2025-10-08 08:30:05.017 [info] Getting sessions for all scopes...
2025-10-08 08:30:05.017 [info] Got 1 sessions for ...
2025-10-08 08:30:05.017 [info] Getting sessions for all scopes...
2025-10-08 08:30:05.017 [info] Got 1 sessions for ...
2025-10-08 08:30:05.017 [info] Getting sessions for all scopes...
2025-10-08 08:30:05.017 [info] Got 1 sessions for ...
2025-10-08 08:30:05.017 [info] Getting sessions for all scopes...
2025-10-08 08:30:05.017 [info] Got 1 sessions for ...
2025-10-08 08:30:05.017 [info] Getting sessions for all scopes...
2025-10-08 08:30:05.017 [info] Got 1 sessions for ...
2025-10-08 08:30:05.017 [info] Getting sessions for all scopes...
2025-10-08 08:30:05.017 [info] Got 1 sessions for ...
2025-10-08 08:30:06.625 [info] Getting sessions for all scopes...
2025-10-08 08:30:06.625 [info] Got 1 sessions for ...
2025-10-08 08:30:06.625 [info] Getting sessions for all scopes...
2025-10-08 08:30:06.625 [info] Got 1 sessions for ...
2025-10-08 08:30:06.792 [info] Getting sessions for all scopes...
2025-10-08 08:30:06.792 [info] Got 1 sessions for ...
2025-10-08 08:30:06.792 [info] Getting sessions for all scopes...
2025-10-08 08:30:06.792 [info] Got 1 sessions for ...
2025-10-08 08:30:06.792 [info] Getting sessions for all scopes...
2025-10-08 08:30:06.792 [info] Got 1 sessions for ...
2025-10-08 08:30:06.966 [info] Getting sessions for read:user,repo,user:email,workflow...
2025-10-08 08:30:06.966 [info] Got 0 sessions for read:user,repo,user:email,workflow...
2025-10-08 08:30:06.970 [info] fetching: Electron fetch failed with status: 429 
2025-10-08 08:30:06.971 [info] Getting sessions for all scopes...
2025-10-08 08:30:06.971 [info] Got 1 sessions for ...
2025-10-08 08:30:06.985 [info] Getting sessions for all scopes...
2025-10-08 08:30:06.985 [info] Got 1 sessions for ...
2025-10-08 08:30:06.985 [info] Getting sessions for read:user,repo,user:email,workflow...
2025-10-08 08:30:06.985 [info] Got 0 sessions for read:user,repo,user:email,workflow...
2025-10-08 08:30:06.987 [info] Getting sessions for user:email...
2025-10-08 08:30:06.987 [info] Got 1 sessions for user:email...
2025-10-08 08:30:06.987 [info] Getting sessions for read:user,repo,user:email,workflow...
2025-10-08 08:30:06.987 [info] Got 0 sessions for read:user,repo,user:email,workflow...
2025-10-08 08:30:06.988 [info] Getting sessions for read:user...
2025-10-08 08:30:06.988 [info] Got 0 sessions for read:user...
2025-10-08 08:30:06.990 [info] Getting sessions for all scopes...
2025-10-08 08:30:06.990 [info] Got 1 sessions for ...
2025-10-08 08:30:06.992 [info] Getting sessions for user:email...
2025-10-08 08:30:06.992 [info] Got 1 sessions for user:email...
2025-10-08 08:30:06.996 [info] Getting sessions for all scopes...
2025-10-08 08:30:06.996 [info] Got 1 sessions for ...
2025-10-08 08:30:07.086 [info] Getting sessions for read:user,repo,user:email,workflow...
2025-10-08 08:30:07.086 [info] Got 0 sessions for read:user,repo,user:email,workflow...
2025-10-08 08:30:07.087 [info] Getting sessions for user:email...
2025-10-08 08:30:07.087 [info] Got 1 sessions for user:email...
2025-10-08 08:30:07.091 [info] Getting sessions for all scopes...
2025-10-08 08:30:07.091 [info] Got 1 sessions for ...
2025-10-08 08:30:07.091 [info] Getting sessions for read:user,repo,user:email,workflow...
2025-10-08 08:30:07.091 [info] Got 0 sessions for read:user,repo,user:email,workflow...
2025-10-08 08:30:07.092 [info] Getting sessions for user:email...
2025-10-08 08:30:07.092 [info] Got 1 sessions for user:email...
2025-10-08 08:30:07.189 [info] Getting sessions for all scopes...
2025-10-08 08:30:07.189 [info] Got 1 sessions for ...
2025-10-08 08:30:07.190 [info] Getting sessions for read:user,repo,user:email,workflow...
2025-10-08 08:30:07.190 [info] Got 0 sessions for read:user,repo,user:email,workflow...
2025-10-08 08:30:07.194 [info] Getting sessions for user:email...
2025-10-08 08:30:07.194 [info] Got 1 sessions for user:email...
2025-10-08 08:30:07.511 [info] Getting sessions for all scopes...
2025-10-08 08:30:07.511 [info] Got 1 sessions for ...
2025-10-08 08:30:07.511 [info] Getting sessions for read:user,repo,user:email,workflow...
2025-10-08 08:30:07.511 [info] Got 0 sessions for read:user,repo,user:email,workflow...
2025-10-08 08:30:07.512 [info] Getting sessions for user:email...
2025-10-08 08:30:07.512 [info] Got 1 sessions for user:email...
2025-10-08 08:30:07.738 [info] fetching: Node fetch failed with status: 429 Too Many Requests
2025-10-08 08:30:08.029 [info] Getting sessions for all scopes...
2025-10-08 08:30:08.029 [info] Got 1 sessions for ...
2025-10-08 08:30:08.029 [info] Getting sessions for all scopes...
2025-10-08 08:30:08.029 [info] Got 1 sessions for ...
2025-10-08 08:30:08.036 [info] Getting sessions for read:user,repo,user:email,workflow...
2025-10-08 08:30:08.036 [info] Got 0 sessions for read:user,repo,user:email,workflow...
2025-10-08 08:30:08.036 [info] Getting sessions for user:email...
2025-10-08 08:30:08.036 [info] Got 1 sessions for user:email...
2025-10-08 08:30:08.036 [info] Getting sessions for read:user,repo,user:email,workflow...
2025-10-08 08:30:08.036 [info] Got 0 sessions for read:user,repo,user:email,workflow...
2025-10-08 08:30:08.037 [info] Getting sessions for all scopes...
2025-10-08 08:30:08.037 [info] Got 1 sessions for ...
2025-10-08 08:30:08.038 [info] Getting sessions for read:user,repo,user:email,workflow...
2025-10-08 08:30:08.038 [info] Got 0 sessions for read:user,repo,user:email,workflow...
2025-10-08 08:30:08.039 [info] Getting sessions for user:email...
2025-10-08 08:30:08.039 [info] Got 1 sessions for user:email...
2025-10-08 08:30:08.087 [info] Getting sessions for all scopes...
2025-10-08 08:30:08.087 [info] Got 1 sessions for ...
2025-10-08 08:30:08.087 [info] Getting sessions for all scopes...
2025-10-08 08:30:08.087 [info] Got 1 sessions for ...
2025-10-08 08:30:08.094 [info] Getting sessions for read:user,repo,user:email,workflow...
2025-10-08 08:30:08.094 [info] Got 0 sessions for read:user,repo,user:email,workflow...
2025-10-08 08:30:08.097 [info] Getting sessions for user:email...
2025-10-08 08:30:08.097 [info] Got 1 sessions for user:email...
2025-10-08 08:30:08.097 [info] Getting sessions for read:user,repo,user:email,workflow...
2025-10-08 08:30:08.097 [info] Got 0 sessions for read:user,repo,user:email,workflow...
2025-10-08 08:30:08.099 [info] Getting sessions for all scopes...
2025-10-08 08:30:08.099 [info] Got 1 sessions for ...
2025-10-08 08:30:08.099 [info] Getting sessions for all scopes...
2025-10-08 08:30:08.099 [info] Got 1 sessions for ...
2025-10-08 08:30:08.099 [info] Getting sessions for all scopes...
2025-10-08 08:30:08.099 [info] Got 1 sessions for ...
2025-10-08 08:30:08.100 [info] Getting sessions for read:user,repo,user:email,workflow...
2025-10-08 08:30:08.100 [info] Got 0 sessions for read:user,repo,user:email,workflow...
2025-10-08 08:30:08.100 [info] Getting sessions for user:email...
2025-10-08 08:30:08.100 [info] Got 1 sessions for user:email...
2025-10-08 08:30:08.255 [info] Getting sessions for all scopes...
2025-10-08 08:30:08.255 [info] Got 1 sessions for ...
2025-10-08 08:30:08.255 [info] Getting sessions for read:user,repo,user:email,workflow...
2025-10-08 08:30:08.255 [info] Got 0 sessions for read:user,repo,user:email,workflow...
2025-10-08 08:30:08.256 [info] Getting sessions for user:email...
2025-10-08 08:30:08.256 [info] Got 1 sessions for user:email...
2025-10-08 08:30:08.256 [info] Getting sessions for all scopes...
2025-10-08 08:30:08.256 [info] Got 1 sessions for ...
2025-10-08 08:30:08.257 [info] Getting sessions for read:user,repo,user:email,workflow...
2025-10-08 08:30:08.257 [info] Got 0 sessions for read:user,repo,user:email,workflow...
2025-10-08 08:30:08.257 [info] Getting sessions for user:email...
2025-10-08 08:30:08.257 [info] Got 1 sessions for user:email...
2025-10-08 08:30:08.458 [info] fetching: Node http/s failed with status: 429 Too Many Requests
2025-10-08 08:30:08.799 [info] Getting sessions for all scopes...
2025-10-08 08:30:08.799 [info] Got 1 sessions for ...
2025-10-08 08:30:15.703 [info] Reading sessions from keychain...
2025-10-08 08:30:15.704 [info] Got stored sessions!
2025-10-08 08:30:15.704 [info] Got 1 verified sessions.
2025-10-08 08:30:15.704 [info] Getting sessions for all scopes...
2025-10-08 08:30:15.704 [info] Got 1 sessions for ...
2025-10-08 08:30:15.704 [info] Getting sessions for all scopes...
2025-10-08 08:30:15.704 [info] Got 1 sessions for ...
2025-10-08 08:30:15.704 [info] Getting sessions for all scopes...
2025-10-08 08:30:15.704 [info] Got 1 sessions for ...
2025-10-08 08:30:15.704 [info] Getting sessions for all scopes...
2025-10-08 08:30:15.704 [info] Got 1 sessions for ...
2025-10-08 08:30:15.704 [info] Getting sessions for all scopes...
2025-10-08 08:30:15.704 [info] Got 1 sessions for ...
2025-10-08 08:30:15.704 [info] Getting sessions for all scopes...
2025-10-08 08:30:15.704 [info] Got 1 sessions for ...
2025-10-08 08:30:15.704 [info] Getting sessions for all scopes...
2025-10-08 08:30:15.704 [info] Got 1 sessions for ...
2025-10-08 08:30:15.704 [info] Getting sessions for all scopes...
2025-10-08 08:30:15.704 [info] Got 1 sessions for ...
2025-10-08 08:30:15.704 [info] Getting sessions for all scopes...
2025-10-08 08:30:15.704 [info] Got 1 sessions for ...
2025-10-08 08:30:15.704 [info] Getting sessions for all scopes...
2025-10-08 08:30:15.704 [info] Got 1 sessions for ...
2025-10-08 08:30:15.704 [info] Getting sessions for all scopes...
2025-10-08 08:30:15.704 [info] Got 1 sessions for ...
2025-10-08 08:30:15.704 [info] Getting sessions for all scopes...
2025-10-08 08:30:15.704 [info] Got 1 sessions for ...
2025-10-08 08:30:15.704 [info] Getting sessions for all scopes...
2025-10-08 08:30:15.704 [info] Got 1 sessions for ...
2025-10-08 08:30:15.704 [info] Getting sessions for all scopes...
2025-10-08 08:30:15.704 [info] Got 1 sessions for ...
2025-10-08 08:30:15.704 [info] Getting sessions for all scopes...
2025-10-08 08:30:15.704 [info] Got 1 sessions for ...
2025-10-08 08:30:15.704 [info] Getting sessions for all scopes...
2025-10-08 08:30:15.704 [info] Got 1 sessions for ...
2025-10-08 08:30:15.704 [info] Getting sessions for all scopes...
2025-10-08 08:30:15.704 [info] Got 1 sessions for ...
2025-10-08 08:30:15.704 [info] Getting sessions for all scopes...
2025-10-08 08:30:15.704 [info] Got 1 sessions for ...
2025-10-08 08:30:15.717 [info] Getting sessions for read:user,repo,user:email,workflow...
2025-10-08 08:30:15.717 [info] Got 0 sessions for read:user,repo,user:email,workflow...
2025-10-08 08:30:15.732 [info] Getting sessions for user:email...
2025-10-08 08:30:15.732 [info] Got 1 sessions for user:email...
2025-10-08 08:30:15.732 [info] Getting sessions for read:user,repo,user:email,workflow...
2025-10-08 08:30:15.732 [info] Got 0 sessions for read:user,repo,user:email,workflow...
2025-10-08 08:30:15.765 [info] Getting sessions for all scopes...
2025-10-08 08:30:15.765 [info] Got 1 sessions for ...
2025-10-08 08:30:15.769 [info] Getting sessions for read:user,repo,user:email,workflow...
2025-10-08 08:30:15.769 [info] Got 0 sessions for read:user,repo,user:email,workflow...
2025-10-08 08:30:15.773 [info] Getting sessions for user:email...
2025-10-08 08:30:15.773 [info] Got 1 sessions for user:email...
2025-10-08 08:30:15.799 [info] Getting sessions for all scopes...
2025-10-08 08:30:15.799 [info] Got 1 sessions for ...
2025-10-08 08:30:15.811 [info] Getting sessions for read:user,repo,user:email,workflow...
2025-10-08 08:30:15.811 [info] Got 0 sessions for read:user,repo,user:email,workflow...
2025-10-08 08:30:15.820 [info] Getting sessions for user:email...
2025-10-08 08:30:15.820 [info] Got 1 sessions for user:email...
2025-10-08 08:30:17.029 [info] Getting sessions for all scopes...
2025-10-08 08:30:17.029 [info] Got 1 sessions for ...
2025-10-08 08:30:17.183 [info] Getting sessions for all scopes...
2025-10-08 08:30:17.183 [info] Got 1 sessions for ...
2025-10-08 08:30:17.193 [info] Getting sessions for read:user,repo,user:email,workflow...
2025-10-08 08:30:17.193 [info] Got 0 sessions for read:user,repo,user:email,workflow...
2025-10-08 08:30:17.194 [info] Getting sessions for all scopes...
2025-10-08 08:30:17.194 [info] Got 1 sessions for ...
2025-10-08 08:30:17.194 [info] Getting sessions for all scopes...
2025-10-08 08:30:17.194 [info] Got 1 sessions for ...
2025-10-08 08:30:17.195 [info] Getting sessions for all scopes...
2025-10-08 08:30:17.195 [info] Got 1 sessions for ...
2025-10-08 08:30:17.370 [info] fetching: Electron fetch failed with status: 429 
2025-10-08 08:30:17.393 [info] Getting sessions for all scopes...
2025-10-08 08:30:17.393 [info] Got 1 sessions for ...
2025-10-08 08:30:17.432 [info] Getting sessions for all scopes...
2025-10-08 08:30:17.432 [info] Got 1 sessions for ...
2025-10-08 08:30:17.435 [info] Getting sessions for read:user,repo,user:email,workflow...
2025-10-08 08:30:17.435 [info] Got 0 sessions for read:user,repo,user:email,workflow...
2025-10-08 08:30:17.436 [info] Getting sessions for user:email...
2025-10-08 08:30:17.436 [info] Got 1 sessions for user:email...
2025-10-08 08:30:17.436 [info] Getting sessions for read:user,repo,user:email,workflow...
2025-10-08 08:30:17.436 [info] Got 0 sessions for read:user,repo,user:email,workflow...
2025-10-08 08:30:17.495 [info] Getting sessions for read:user...
2025-10-08 08:30:17.495 [info] Got 0 sessions for read:user...
2025-10-08 08:30:17.501 [info] Getting sessions for all scopes...
2025-10-08 08:30:17.501 [info] Got 1 sessions for ...
2025-10-08 08:30:17.525 [info] Getting sessions for user:email...
2025-10-08 08:30:17.525 [info] Got 1 sessions for user:email...
2025-10-08 08:30:17.533 [info] Getting sessions for read:user,repo,user:email,workflow...
2025-10-08 08:30:17.533 [info] Got 0 sessions for read:user,repo,user:email,workflow...
2025-10-08 08:30:17.540 [info] Getting sessions for read:user,repo,user:email,workflow...
2025-10-08 08:30:17.540 [info] Got 0 sessions for read:user,repo,user:email,workflow...
2025-10-08 08:30:17.543 [info] Getting sessions for user:email...
2025-10-08 08:30:17.543 [info] Got 1 sessions for user:email...
2025-10-08 08:30:17.665 [info] Getting sessions for all scopes...
2025-10-08 08:30:17.665 [info] Got 1 sessions for ...
2025-10-08 08:30:17.665 [info] Getting sessions for all scopes...
2025-10-08 08:30:17.665 [info] Got 1 sessions for ...
2025-10-08 08:30:17.667 [info] Getting sessions for read:user,repo,user:email,workflow...
2025-10-08 08:30:17.667 [info] Got 0 sessions for read:user,repo,user:email,workflow...
2025-10-08 08:30:17.667 [info] Getting sessions for user:email...
2025-10-08 08:30:17.667 [info] Got 1 sessions for user:email...
2025-10-08 08:30:17.667 [info] Getting sessions for read:user,repo,user:email,workflow...
2025-10-08 08:30:17.667 [info] Got 0 sessions for read:user,repo,user:email,workflow...
2025-10-08 08:30:17.675 [info] Getting sessions for all scopes...
2025-10-08 08:30:17.675 [info] Got 1 sessions for ...
2025-10-08 08:30:17.676 [info] Getting sessions for all scopes...
2025-10-08 08:30:17.676 [info] Got 1 sessions for ...
2025-10-08 08:30:17.681 [info] Getting sessions for all scopes...
2025-10-08 08:30:17.681 [info] Got 1 sessions for ...
2025-10-08 08:30:17.693 [info] Getting sessions for read:user,repo,user:email,workflow...
2025-10-08 08:30:17.693 [info] Got 0 sessions for read:user,repo,user:email,workflow...
2025-10-08 08:30:17.695 [info] Getting sessions for user:email...
2025-10-08 08:30:17.695 [info] Got 1 sessions for user:email...
2025-10-08 08:30:17.738 [info] Getting sessions for all scopes...
2025-10-08 08:30:17.738 [info] Got 1 sessions for ...
2025-10-08 08:30:17.768 [info] Getting sessions for read:user,repo,user:email,workflow...
2025-10-08 08:30:17.768 [info] Got 0 sessions for read:user,repo,user:email,workflow...
2025-10-08 08:30:17.768 [info] Getting sessions for user:email...
2025-10-08 08:30:17.768 [info] Got 1 sessions for user:email...
2025-10-08 08:30:17.834 [info] Getting sessions for all scopes...
2025-10-08 08:30:17.834 [info] Got 1 sessions for ...
2025-10-08 08:30:17.837 [info] Getting sessions for read:user,repo,user:email,workflow...
2025-10-08 08:30:17.838 [info] Got 0 sessions for read:user,repo,user:email,workflow...
2025-10-08 08:30:17.838 [info] Getting sessions for all scopes...
2025-10-08 08:30:17.838 [info] Got 1 sessions for ...
2025-10-08 08:30:17.838 [info] Getting sessions for user:email...
2025-10-08 08:30:17.838 [info] Got 1 sessions for user:email...
2025-10-08 08:30:17.839 [info] Getting sessions for read:user,repo,user:email,workflow...
2025-10-08 08:30:17.839 [info] Got 0 sessions for read:user,repo,user:email,workflow...
2025-10-08 08:30:17.839 [info] Getting sessions for all scopes...
2025-10-08 08:30:17.839 [info] Got 1 sessions for ...
2025-10-08 08:30:17.840 [info] Getting sessions for read:user,repo,user:email,workflow...
2025-10-08 08:30:17.840 [info] Got 0 sessions for read:user,repo,user:email,workflow...
2025-10-08 08:30:17.840 [info] Getting sessions for user:email...
2025-10-08 08:30:17.840 [info] Got 1 sessions for user:email...
2025-10-08 08:30:17.841 [info] Getting sessions for all scopes...
2025-10-08 08:30:17.841 [info] Got 1 sessions for ...
2025-10-08 08:30:17.842 [info] Getting sessions for read:user,repo,user:email,workflow...
2025-10-08 08:30:17.842 [info] Got 0 sessions for read:user,repo,user:email,workflow...
2025-10-08 08:30:17.842 [info] Getting sessions for user:email...
2025-10-08 08:30:17.842 [info] Got 1 sessions for user:email...
2025-10-08 08:30:17.843 [info] Getting sessions for all scopes...
2025-10-08 08:30:17.843 [info] Got 1 sessions for ...
2025-10-08 08:30:17.844 [info] Getting sessions for read:user,repo,user:email,workflow...
2025-10-08 08:30:17.844 [info] Got 0 sessions for read:user,repo,user:email,workflow...
2025-10-08 08:30:17.844 [info] Getting sessions for user:email...
2025-10-08 08:30:17.844 [info] Got 1 sessions for user:email...
2025-10-08 08:30:18.246 [info] fetching: Node fetch failed with status: 429 Too Many Requests
2025-10-08 08:30:18.337 [info] Getting sessions for all scopes...
2025-10-08 08:30:18.337 [info] Got 1 sessions for ...
2025-10-08 08:30:19.103 [info] fetching: Node http/s failed with status: 429 Too Many Requests
