2025-10-07 16:29:49.288 [info] Reading sessions from keychain...
2025-10-07 16:29:49.288 [info] Getting sessions for all scopes...
2025-10-07 16:29:49.288 [info] Got stored sessions!
2025-10-07 16:29:49.288 [info] Got 1 verified sessions.
2025-10-07 16:29:49.288 [info] Got 1 sessions for ...
2025-10-07 16:29:49.288 [info] Getting sessions for all scopes...
2025-10-07 16:29:49.288 [info] Got 1 sessions for ...
2025-10-07 16:29:49.288 [info] Getting sessions for all scopes...
2025-10-07 16:29:49.288 [info] Got 1 sessions for ...
2025-10-07 16:29:49.288 [info] Getting sessions for all scopes...
2025-10-07 16:29:49.288 [info] Got 1 sessions for ...
2025-10-07 16:29:49.288 [info] Getting sessions for all scopes...
2025-10-07 16:29:49.288 [info] Got 1 sessions for ...
2025-10-07 16:29:49.288 [info] Getting sessions for all scopes...
2025-10-07 16:29:49.288 [info] Got 1 sessions for ...
2025-10-07 16:29:49.288 [info] Getting sessions for all scopes...
2025-10-07 16:29:49.288 [info] Got 1 sessions for ...
2025-10-07 16:29:49.297 [info] Getting sessions for all scopes...
2025-10-07 16:29:49.297 [info] Got 1 sessions for ...
2025-10-07 16:29:49.297 [info] Getting sessions for all scopes...
2025-10-07 16:29:49.297 [info] Got 1 sessions for ...
2025-10-07 16:29:49.297 [info] Getting sessions for all scopes...
2025-10-07 16:29:49.297 [info] Got 1 sessions for ...
2025-10-07 16:29:49.297 [info] Getting sessions for all scopes...
2025-10-07 16:29:49.297 [info] Got 1 sessions for ...
2025-10-07 16:29:49.297 [info] Getting sessions for all scopes...
2025-10-07 16:29:49.297 [info] Got 1 sessions for ...
2025-10-07 16:29:49.298 [info] Getting sessions for all scopes...
2025-10-07 16:29:49.298 [info] Got 1 sessions for ...
2025-10-07 16:29:49.360 [info] Getting sessions for all scopes...
2025-10-07 16:29:49.360 [info] Got 1 sessions for ...
2025-10-07 16:29:49.580 [info] Getting sessions for all scopes...
2025-10-07 16:29:49.580 [info] Got 1 sessions for ...
2025-10-07 16:29:51.277 [info] Getting sessions for all scopes...
2025-10-07 16:29:51.277 [info] Got 1 sessions for ...
2025-10-07 16:29:51.277 [info] Getting sessions for all scopes...
2025-10-07 16:29:51.277 [info] Got 1 sessions for ...
2025-10-07 16:29:51.277 [info] Getting sessions for all scopes...
2025-10-07 16:29:51.277 [info] Got 1 sessions for ...
2025-10-07 16:29:51.321 [info] Getting sessions for all scopes...
2025-10-07 16:29:51.321 [info] Got 1 sessions for ...
2025-10-07 16:29:51.322 [info] Getting sessions for all scopes...
2025-10-07 16:29:51.322 [info] Got 1 sessions for ...
2025-10-07 16:29:51.757 [info] Getting sessions for read:user,repo,user:email,workflow...
2025-10-07 16:29:51.757 [info] Got 0 sessions for read:user,repo,user:email,workflow...
2025-10-07 16:29:51.771 [info] Getting sessions for all scopes...
2025-10-07 16:29:51.771 [info] Got 1 sessions for ...
2025-10-07 16:29:51.779 [info] Getting sessions for all scopes...
2025-10-07 16:29:51.779 [info] Got 1 sessions for ...
2025-10-07 16:29:51.780 [info] Getting sessions for read:user,repo,user:email,workflow...
2025-10-07 16:29:51.780 [info] Got 0 sessions for read:user,repo,user:email,workflow...
2025-10-07 16:29:51.793 [info] Getting sessions for user:email...
2025-10-07 16:29:51.793 [info] Got 1 sessions for user:email...
2025-10-07 16:29:51.795 [info] Getting sessions for read:user,repo,user:email,workflow...
2025-10-07 16:29:51.795 [info] Got 0 sessions for read:user,repo,user:email,workflow...
2025-10-07 16:29:51.796 [info] Getting sessions for read:user...
2025-10-07 16:29:51.796 [info] Got 0 sessions for read:user...
2025-10-07 16:29:51.798 [info] Getting sessions for all scopes...
2025-10-07 16:29:51.798 [info] Got 1 sessions for ...
2025-10-07 16:29:51.801 [info] Getting sessions for user:email...
2025-10-07 16:29:51.801 [info] Got 1 sessions for user:email...
2025-10-07 16:29:51.961 [info] Getting sessions for read:user,repo,user:email,workflow...
2025-10-07 16:29:51.961 [info] Got 0 sessions for read:user,repo,user:email,workflow...
2025-10-07 16:29:51.961 [info] Getting sessions for all scopes...
2025-10-07 16:29:51.961 [info] Got 1 sessions for ...
2025-10-07 16:29:51.963 [info] Getting sessions for read:user,repo,user:email,workflow...
2025-10-07 16:29:51.963 [info] Got 0 sessions for read:user,repo,user:email,workflow...
2025-10-07 16:29:51.966 [info] Getting sessions for user:email...
2025-10-07 16:29:51.966 [info] Got 1 sessions for user:email...
2025-10-07 16:29:51.967 [info] Getting sessions for all scopes...
2025-10-07 16:29:51.967 [info] Got 1 sessions for ...
2025-10-07 16:29:51.968 [info] Getting sessions for read:user,repo,user:email,workflow...
2025-10-07 16:29:51.968 [info] Got 0 sessions for read:user,repo,user:email,workflow...
2025-10-07 16:29:51.972 [info] Getting sessions for user:email...
2025-10-07 16:29:51.972 [info] Got 1 sessions for user:email...
2025-10-07 16:29:52.002 [info] fetching: Electron fetch failed with status: 429 
2025-10-07 16:29:52.075 [info] Getting sessions for all scopes...
2025-10-07 16:29:52.075 [info] Got 1 sessions for ...
2025-10-07 16:29:52.082 [info] Getting sessions for read:user,repo,user:email,workflow...
2025-10-07 16:29:52.082 [info] Got 0 sessions for read:user,repo,user:email,workflow...
2025-10-07 16:29:52.083 [info] Getting sessions for user:email...
2025-10-07 16:29:52.083 [info] Got 1 sessions for user:email...
2025-10-07 16:29:52.489 [info] Getting sessions for all scopes...
2025-10-07 16:29:52.489 [info] Got 1 sessions for ...
2025-10-07 16:29:52.489 [info] Getting sessions for all scopes...
2025-10-07 16:29:52.489 [info] Got 1 sessions for ...
2025-10-07 16:29:52.490 [info] Getting sessions for read:user,repo,user:email,workflow...
2025-10-07 16:29:52.490 [info] Got 0 sessions for read:user,repo,user:email,workflow...
2025-10-07 16:29:52.493 [info] Getting sessions for user:email...
2025-10-07 16:29:52.493 [info] Got 1 sessions for user:email...
2025-10-07 16:29:52.493 [info] Getting sessions for read:user,repo,user:email,workflow...
2025-10-07 16:29:52.493 [info] Got 0 sessions for read:user,repo,user:email,workflow...
2025-10-07 16:29:52.494 [info] Getting sessions for all scopes...
2025-10-07 16:29:52.494 [info] Got 1 sessions for ...
2025-10-07 16:29:52.495 [info] Getting sessions for read:user,repo,user:email,workflow...
2025-10-07 16:29:52.495 [info] Got 0 sessions for read:user,repo,user:email,workflow...
2025-10-07 16:29:52.496 [info] Getting sessions for user:email...
2025-10-07 16:29:52.496 [info] Got 1 sessions for user:email...
2025-10-07 16:29:52.518 [info] Getting sessions for all scopes...
2025-10-07 16:29:52.518 [info] Got 1 sessions for ...
2025-10-07 16:29:52.518 [info] Getting sessions for all scopes...
2025-10-07 16:29:52.518 [info] Got 1 sessions for ...
2025-10-07 16:29:52.525 [info] Getting sessions for read:user,repo,user:email,workflow...
2025-10-07 16:29:52.525 [info] Got 0 sessions for read:user,repo,user:email,workflow...
2025-10-07 16:29:52.525 [info] Getting sessions for user:email...
2025-10-07 16:29:52.525 [info] Got 1 sessions for user:email...
2025-10-07 16:29:52.525 [info] Getting sessions for read:user,repo,user:email,workflow...
2025-10-07 16:29:52.525 [info] Got 0 sessions for read:user,repo,user:email,workflow...
2025-10-07 16:29:52.527 [info] Getting sessions for all scopes...
2025-10-07 16:29:52.527 [info] Got 1 sessions for ...
2025-10-07 16:29:52.527 [info] Getting sessions for read:user,repo,user:email,workflow...
2025-10-07 16:29:52.527 [info] Got 0 sessions for read:user,repo,user:email,workflow...
2025-10-07 16:29:52.528 [info] Getting sessions for user:email...
2025-10-07 16:29:52.528 [info] Got 1 sessions for user:email...
2025-10-07 16:29:52.568 [info] Getting sessions for all scopes...
2025-10-07 16:29:52.568 [info] Got 1 sessions for ...
2025-10-07 16:29:52.568 [info] Getting sessions for all scopes...
2025-10-07 16:29:52.568 [info] Got 1 sessions for ...
2025-10-07 16:29:52.571 [info] Getting sessions for read:user,repo,user:email,workflow...
2025-10-07 16:29:52.571 [info] Got 0 sessions for read:user,repo,user:email,workflow...
2025-10-07 16:29:52.572 [info] Getting sessions for user:email...
2025-10-07 16:29:52.572 [info] Got 1 sessions for user:email...
2025-10-07 16:29:52.572 [info] Getting sessions for read:user,repo,user:email,workflow...
2025-10-07 16:29:52.572 [info] Got 0 sessions for read:user,repo,user:email,workflow...
2025-10-07 16:29:52.614 [info] Getting sessions for all scopes...
2025-10-07 16:29:52.614 [info] Got 1 sessions for ...
2025-10-07 16:29:52.618 [info] Getting sessions for all scopes...
2025-10-07 16:29:52.618 [info] Got 1 sessions for ...
2025-10-07 16:29:52.618 [info] Getting sessions for all scopes...
2025-10-07 16:29:52.618 [info] Got 1 sessions for ...
2025-10-07 16:29:52.620 [info] Getting sessions for read:user,repo,user:email,workflow...
2025-10-07 16:29:52.620 [info] Got 0 sessions for read:user,repo,user:email,workflow...
2025-10-07 16:29:52.621 [info] Getting sessions for user:email...
2025-10-07 16:29:52.621 [info] Got 1 sessions for user:email...
2025-10-07 16:29:52.710 [info] fetching: Node fetch failed with status: 429 Too Many Requests
2025-10-07 16:29:53.381 [info] fetching: Node http/s failed with status: 429 Too Many Requests
2025-10-07 16:29:53.455 [info] Getting sessions for all scopes...
2025-10-07 16:29:53.455 [info] Got 1 sessions for ...
2025-10-07 16:29:53.457 [info] Getting sessions for read:user,repo,user:email,workflow...
2025-10-07 16:29:53.457 [info] Got 0 sessions for read:user,repo,user:email,workflow...
2025-10-07 16:29:53.457 [info] Getting sessions for user:email...
2025-10-07 16:29:53.457 [info] Got 1 sessions for user:email...
2025-10-07 16:29:53.458 [info] Getting sessions for all scopes...
2025-10-07 16:29:53.458 [info] Got 1 sessions for ...
2025-10-07 16:29:53.459 [info] Getting sessions for read:user,repo,user:email,workflow...
2025-10-07 16:29:53.459 [info] Got 0 sessions for read:user,repo,user:email,workflow...
2025-10-07 16:29:53.459 [info] Getting sessions for user:email...
2025-10-07 16:29:53.459 [info] Got 1 sessions for user:email...
2025-10-07 16:29:54.010 [info] Getting sessions for all scopes...
2025-10-07 16:29:54.010 [info] Got 1 sessions for ...
