2025-10-08 09:36:48.657 [info] [aebc6443-996d-45c2-90f0-388ff96faa56] Native Broker is only available on Windows
2025-10-08 09:36:48.682 [info] [getSessions] [all] starting
2025-10-08 09:36:48.682 [info] [getSessions] [all] returned 0 session(s)
2025-10-08 09:36:48.682 [info] [getSessions] [all] starting
2025-10-08 09:36:48.682 [info] [getSessions] [all] returned 0 session(s)
2025-10-08 09:36:48.682 [info] [getSessions] [all] starting
2025-10-08 09:36:48.682 [info] [getSessions] [all] returned 0 session(s)
2025-10-08 09:36:48.685 [info] [getSessions] [499b84ac-1321-427f-aa17-267ca6975798/.default offline_access] starting
2025-10-08 09:36:48.685 [info] [aebc6443-996d-45c2-90f0-388ff96faa56] Native Broker is only available on Windows
2025-10-08 09:36:48.694 [info] [getSessions] [499b84ac-1321-427f-aa17-267ca6975798/.default offline_access] returned 0 session(s)
2025-10-08 09:36:50.124 [info] [getSessions] [all] starting
2025-10-08 09:36:50.124 [info] [getSessions] [all] returned 0 session(s)
2025-10-08 09:36:50.125 [info] [getSessions] [all] starting
2025-10-08 09:36:50.125 [info] [getSessions] [all] returned 0 session(s)
2025-10-08 09:36:50.126 [info] [getSessions] [all] starting
2025-10-08 09:36:50.126 [info] [getSessions] [all] returned 0 session(s)
2025-10-08 09:36:51.070 [info] [getSessions] [499b84ac-1321-427f-aa17-267ca6975798/.default offline_access] starting
2025-10-08 09:36:51.070 [info] [getSessions] [499b84ac-1321-427f-aa17-267ca6975798/.default offline_access] returned 0 session(s)
2025-10-08 09:36:52.585 [info] [getSessions] [all] starting
2025-10-08 09:36:52.585 [info] [getSessions] [all] returned 0 session(s)
2025-10-08 10:07:07.282 [info] [getSessions] [499b84ac-1321-427f-aa17-267ca6975798/.default offline_access] starting
2025-10-08 10:07:07.282 [info] [getSessions] [499b84ac-1321-427f-aa17-267ca6975798/.default offline_access] returned 0 session(s)
